e:\qmacvisual(cv3)\qplugins\detectidentify\selectshape\x64\release\qrc_sub_res.obj
e:\qmacvisual(cv3)\qplugins\detectidentify\selectshape\x64\release\imageitem.obj
e:\qmacvisual(cv3)\qplugins\detectidentify\selectshape\x64\release\selectshape.obj
e:\qmacvisual(cv3)\qplugins\detectidentify\selectshape\x64\release\qgraphicsscenes.obj
e:\qmacvisual(cv3)\qplugins\detectidentify\selectshape\x64\release\toolnterface.obj
e:\qmacvisual(cv3)\qplugins\detectidentify\selectshape\x64\release\mytitlebar.obj
e:\qmacvisual(cv3)\qplugins\detectidentify\selectshape\x64\release\qgraphicsviews.obj
e:\qmacvisual(cv3)\qplugins\detectidentify\selectshape\x64\release\frmselectshape.obj
e:\qmacvisual(cv3)\qplugins\detectidentify\selectshape\x64\release\baseitem.obj
e:\qmacvisual(cv3)\qplugins\detectidentify\selectshape\x64\release\controlitem.obj
e:\qmacvisual(cv3)\qplugins\detectidentify\selectshape\x64\release\moc_frmselectshape.obj
e:\qmacvisual(cv3)\qplugins\detectidentify\selectshape\x64\release\moc_qgraphicsscenes.obj
e:\qmacvisual(cv3)\qplugins\detectidentify\selectshape\x64\release\moc_selectshape.obj
e:\qmacvisual(cv3)\qplugins\detectidentify\selectshape\x64\release\moc_imageitem.obj
e:\qmacvisual(cv3)\qplugins\detectidentify\selectshape\x64\release\moc_qtoolbase.obj
e:\qmacvisual(cv3)\qplugins\detectidentify\selectshape\x64\release\moc_toolnterface.obj
e:\qmacvisual(cv3)\qplugins\detectidentify\selectshape\x64\release\moc_controlitem.obj
e:\qmacvisual(cv3)\qplugins\detectidentify\selectshape\x64\release\moc_mytitlebar.obj
e:\qmacvisual(cv3)\qplugins\detectidentify\selectshape\x64\release\moc_baseitem.obj
e:\qmacvisual(cv3)\qplugins\detectidentify\selectshape\x64\release\moc_qgraphicsviews.obj
e:\qmacvisual(cv3)\qsoftexe\release\plugins\selectshape.dll
e:\qmacvisual(cv3)\qplugins\detectidentify\selectshape\x64\release\moc\moc_toolnterface.cpp
e:\qmacvisual(cv3)\qplugins\detectidentify\selectshape\x64\release\moc\moc_baseitem.cpp
e:\qmacvisual(cv3)\qplugins\detectidentify\selectshape\x64\release\moc\moc_controlitem.cpp
e:\qmacvisual(cv3)\qplugins\detectidentify\selectshape\x64\release\moc\moc_imageitem.cpp
e:\qmacvisual(cv3)\qplugins\detectidentify\selectshape\x64\release\moc\moc_qgraphicsscenes.cpp
e:\qmacvisual(cv3)\qplugins\detectidentify\selectshape\x64\release\moc\moc_qgraphicsviews.cpp
e:\qmacvisual(cv3)\qplugins\detectidentify\selectshape\x64\release\moc\moc_frmselectshape.cpp
e:\qmacvisual(cv3)\qplugins\detectidentify\selectshape\x64\release\moc\moc_mytitlebar.cpp
e:\qmacvisual(cv3)\qplugins\detectidentify\selectshape\x64\release\moc\moc_qtoolbase.cpp
e:\qmacvisual(cv3)\qplugins\detectidentify\selectshape\x64\release\moc\moc_selectshape.cpp
e:\qmacvisual(cv3)\qplugins\detectidentify\selectshape\x64\release\rcc\qrc_sub_res.cpp
e:\qmacvisual(cv3)\qplugins\detectidentify\selectshape\x64\release\uic\ui_frmselectshape.h
e:\qmacvisual(cv3)\qsoftexe\release\plugins\selectshape.lib
e:\qmacvisual(cv3)\qsoftexe\release\plugins\selectshape.exp
e:\qmacvisual(cv3)\qplugins\detectidentify\selectshape\x64\release\selectshape.tlog\cl.command.1.tlog
e:\qmacvisual(cv3)\qplugins\detectidentify\selectshape\x64\release\selectshape.tlog\cl.read.1.tlog
e:\qmacvisual(cv3)\qplugins\detectidentify\selectshape\x64\release\selectshape.tlog\cl.write.1.tlog
e:\qmacvisual(cv3)\qplugins\detectidentify\selectshape\x64\release\selectshape.tlog\link.command.1.tlog
e:\qmacvisual(cv3)\qplugins\detectidentify\selectshape\x64\release\selectshape.tlog\link.read.1.tlog
e:\qmacvisual(cv3)\qplugins\detectidentify\selectshape\x64\release\selectshape.tlog\link.write.1.tlog
e:\qmacvisual(cv3)\qplugins\detectidentify\selectshape\x64\release\selectshape.tlog\moc.read.1u.tlog
e:\qmacvisual(cv3)\qplugins\detectidentify\selectshape\x64\release\selectshape.tlog\moc.write.1u.tlog
e:\qmacvisual(cv3)\qplugins\detectidentify\selectshape\x64\release\selectshape.tlog\rcc.read.1u.tlog
e:\qmacvisual(cv3)\qplugins\detectidentify\selectshape\x64\release\selectshape.tlog\rcc.write.1u.tlog
e:\qmacvisual(cv3)\qplugins\detectidentify\selectshape\x64\release\selectshape.tlog\selectshape.write.1u.tlog
e:\qmacvisual(cv3)\qplugins\detectidentify\selectshape\x64\release\selectshape.tlog\uic.read.1u.tlog
e:\qmacvisual(cv3)\qplugins\detectidentify\selectshape\x64\release\selectshape.tlog\uic.write.1u.tlog
