   Qt/MSBuild: 3.4.0.1
   Qt: 5.14.2
  Toolnterface.cpp
  BaseItem.cpp
  ControlItem.cpp
  frmSelectShape.cpp
  ImageItem.cpp
  mytitlebar.cpp
  QGraphicsScenes.cpp
  QGraphicsViews.cpp
  SelectShape.cpp
  qrc_sub_res.cpp
  moc_Toolnterface.cpp
  moc_BaseItem.cpp
  moc_ControlItem.cpp
  moc_ImageItem.cpp
  moc_QGraphicsScenes.cpp
  moc_QGraphicsViews.cpp
  moc_frmSelectShape.cpp
  moc_mytitlebar.cpp
  moc_QToolBase.cpp
  moc_SelectShape.cpp
    正在创建库 ../../../QSoftExe/Release/Plugins/SelectShape.lib 和对象 ../../../QSoftExe/Release/Plugins/SelectShape.exp
  SelectShape.vcxproj -> G:\QMacVisual(CV3)(25000)\QMacVisual(CV3)2022.9.21(25000)\QMacVisual(CV3)\QSoftExe\Release\Plugins\SelectShape.dll
