e:\qmacvisual(cv3)\qplugins\detectidentify\brightness\x64\debug\uic\ui_frmbrightness.h
e:\qmacvisual(cv3)\qplugins\detectidentify\brightness\x64\debug\rcc\qrc_sub_res.cpp
e:\qmacvisual(cv3)\qplugins\detectidentify\brightness\x64\debug\moc\moc_toolnterface.cpp
e:\qmacvisual(cv3)\qplugins\detectidentify\brightness\x64\debug\moc\moc_qtoolbase.cpp
e:\qmacvisual(cv3)\qplugins\detectidentify\brightness\x64\debug\moc\moc_mytitlebar.cpp
e:\qmacvisual(cv3)\qplugins\detectidentify\brightness\x64\debug\moc\moc_frmbrightness.cpp
e:\qmacvisual(cv3)\qplugins\detectidentify\brightness\x64\debug\moc\moc_qgraphicsviews.cpp
e:\qmacvisual(cv3)\qplugins\detectidentify\brightness\x64\debug\moc\moc_qgraphicsscenes.cpp
e:\qmacvisual(cv3)\qplugins\detectidentify\brightness\x64\debug\moc\moc_imageitem.cpp
e:\qmacvisual(cv3)\qplugins\detectidentify\brightness\x64\debug\moc\moc_controlitem.cpp
e:\qmacvisual(cv3)\qplugins\detectidentify\brightness\x64\debug\moc\moc_baseitem.cpp
e:\qmacvisual(cv3)\qplugins\detectidentify\brightness\x64\debug\moc\moc_brightness.cpp
e:\qmacvisual(cv3)\qsoftexe\debug\plugins\brightness.lib
e:\qmacvisual(cv3)\qsoftexe\debug\plugins\brightness.exp
e:\qmacvisual(cv3)\qplugins\detectidentify\brightness\x64\debug\vc142.pdb
e:\qmacvisual(cv3)\qplugins\detectidentify\brightness\x64\debug\qrc_sub_res.obj
e:\qmacvisual(cv3)\qplugins\detectidentify\brightness\x64\debug\controlitem.obj
e:\qmacvisual(cv3)\qplugins\detectidentify\brightness\x64\debug\baseitem.obj
e:\qmacvisual(cv3)\qplugins\detectidentify\brightness\x64\debug\mytitlebar.obj
e:\qmacvisual(cv3)\qplugins\detectidentify\brightness\x64\debug\imageitem.obj
e:\qmacvisual(cv3)\qplugins\detectidentify\brightness\x64\debug\toolnterface.obj
e:\qmacvisual(cv3)\qplugins\detectidentify\brightness\x64\debug\qgraphicsscenes.obj
e:\qmacvisual(cv3)\qplugins\detectidentify\brightness\x64\debug\brightness.obj
e:\qmacvisual(cv3)\qplugins\detectidentify\brightness\x64\debug\qgraphicsviews.obj
e:\qmacvisual(cv3)\qplugins\detectidentify\brightness\x64\debug\frmbrightness.obj
e:\qmacvisual(cv3)\qplugins\detectidentify\brightness\x64\debug\moc_toolnterface.obj
e:\qmacvisual(cv3)\qplugins\detectidentify\brightness\x64\debug\moc_baseitem.obj
e:\qmacvisual(cv3)\qplugins\detectidentify\brightness\x64\debug\moc_qgraphicsscenes.obj
e:\qmacvisual(cv3)\qplugins\detectidentify\brightness\x64\debug\moc_qtoolbase.obj
e:\qmacvisual(cv3)\qplugins\detectidentify\brightness\x64\debug\moc_qgraphicsviews.obj
e:\qmacvisual(cv3)\qplugins\detectidentify\brightness\x64\debug\moc_imageitem.obj
e:\qmacvisual(cv3)\qplugins\detectidentify\brightness\x64\debug\moc_mytitlebar.obj
e:\qmacvisual(cv3)\qplugins\detectidentify\brightness\x64\debug\moc_brightness.obj
e:\qmacvisual(cv3)\qplugins\detectidentify\brightness\x64\debug\moc_controlitem.obj
e:\qmacvisual(cv3)\qplugins\detectidentify\brightness\x64\debug\moc_frmbrightness.obj
e:\qmacvisual(cv3)\qsoftexe\debug\plugins\brightness.ilk
e:\qmacvisual(cv3)\qsoftexe\debug\plugins\brightness.dll
e:\qmacvisual(cv3)\qsoftexe\debug\plugins\brightness.pdb
e:\qmacvisual(cv3)\qplugins\detectidentify\brightness\x64\debug\brightness.tlog\brightness.write.1u.tlog
e:\qmacvisual(cv3)\qplugins\detectidentify\brightness\x64\debug\brightness.tlog\cl.command.1.tlog
e:\qmacvisual(cv3)\qplugins\detectidentify\brightness\x64\debug\brightness.tlog\cl.read.1.tlog
e:\qmacvisual(cv3)\qplugins\detectidentify\brightness\x64\debug\brightness.tlog\cl.write.1.tlog
e:\qmacvisual(cv3)\qplugins\detectidentify\brightness\x64\debug\brightness.tlog\link.command.1.tlog
e:\qmacvisual(cv3)\qplugins\detectidentify\brightness\x64\debug\brightness.tlog\link.read.1.tlog
e:\qmacvisual(cv3)\qplugins\detectidentify\brightness\x64\debug\brightness.tlog\link.write.1.tlog
e:\qmacvisual(cv3)\qplugins\detectidentify\brightness\x64\debug\brightness.tlog\moc.read.1u.tlog
e:\qmacvisual(cv3)\qplugins\detectidentify\brightness\x64\debug\brightness.tlog\moc.write.1u.tlog
e:\qmacvisual(cv3)\qplugins\detectidentify\brightness\x64\debug\brightness.tlog\rcc.read.1u.tlog
e:\qmacvisual(cv3)\qplugins\detectidentify\brightness\x64\debug\brightness.tlog\rcc.write.1u.tlog
e:\qmacvisual(cv3)\qplugins\detectidentify\brightness\x64\debug\brightness.tlog\uic.read.1u.tlog
e:\qmacvisual(cv3)\qplugins\detectidentify\brightness\x64\debug\brightness.tlog\uic.write.1u.tlog
