e:\qmacvisual(cv3)\qmainpro\qmacvisual\x64\release\qrc_res.obj
e:\qmacvisual(cv3)\qmainpro\qmacvisual\x64\release\frmcamerasetup.obj
e:\qmacvisual(cv3)\qmainpro\qmacvisual\x64\release\frmlog.obj
e:\qmacvisual(cv3)\qmainpro\qmacvisual\x64\release\globalvariable.obj
e:\qmacvisual(cv3)\qmainpro\qmacvisual\x64\release\qtoolbase.obj
e:\qmacvisual(cv3)\qmainpro\qmacvisual\x64\release\headwidget.obj
e:\qmacvisual(cv3)\qmainpro\qmacvisual\x64\release\frmabout.obj
e:\qmacvisual(cv3)\qmainpro\qmacvisual\x64\release\frmimageview.obj
e:\qmacvisual(cv3)\qmainpro\qmacvisual\x64\release\frmprocesssetup.obj
e:\qmacvisual(cv3)\qmainpro\qmacvisual\x64\release\ipaddress.obj
e:\qmacvisual(cv3)\qmainpro\qmacvisual\x64\release\manualthread.obj
e:\qmacvisual(cv3)\qmainpro\qmacvisual\x64\release\savelog.obj
e:\qmacvisual(cv3)\qmainpro\qmacvisual\x64\release\frmregister.obj
e:\qmacvisual(cv3)\qmainpro\qmacvisual\x64\release\dockwidget.obj
e:\qmacvisual(cv3)\qmainpro\qmacvisual\x64\release\frminstrumentation.obj
e:\qmacvisual(cv3)\qmainpro\qmacvisual\x64\release\frmquit.obj
e:\qmacvisual(cv3)\qmainpro\qmacvisual\x64\release\mytitlebar.obj
e:\qmacvisual(cv3)\qmainpro\qmacvisual\x64\release\sqlite.obj
e:\qmacvisual(cv3)\qmainpro\qmacvisual\x64\release\datavar.obj
e:\qmacvisual(cv3)\qmainpro\qmacvisual\x64\release\clogmodel.obj
e:\qmacvisual(cv3)\qmainpro\qmacvisual\x64\release\frmglobalvariable.obj
e:\qmacvisual(cv3)\qmainpro\qmacvisual\x64\release\frmsystemsetup.obj
e:\qmacvisual(cv3)\qmainpro\qmacvisual\x64\release\qroundprogressbar.obj
e:\qmacvisual(cv3)\qmainpro\qmacvisual\x64\release\qtwidgetssaveload.obj
e:\qmacvisual(cv3)\qmainpro\qmacvisual\x64\release\basemainwindow.obj
e:\qmacvisual(cv3)\qmainpro\qmacvisual\x64\release\frmimagelayout.obj
e:\qmacvisual(cv3)\qmainpro\qmacvisual\x64\release\frmproitemtab.obj
e:\qmacvisual(cv3)\qmainpro\qmacvisual\x64\release\softkey.obj
e:\qmacvisual(cv3)\qmainpro\qmacvisual\x64\release\showcpumemory.obj
e:\qmacvisual(cv3)\qmainpro\qmacvisual\x64\release\mainwindow.obj
e:\qmacvisual(cv3)\qmainpro\qmacvisual\x64\release\autothread.obj
e:\qmacvisual(cv3)\qmainpro\qmacvisual\x64\release\frmlink.obj
e:\qmacvisual(cv3)\qmainpro\qmacvisual\x64\release\cmysplashscreen.obj
e:\qmacvisual(cv3)\qmainpro\qmacvisual\x64\release\frmlogin.obj
e:\qmacvisual(cv3)\qmainpro\qmacvisual\x64\release\frmtoolstree.obj
e:\qmacvisual(cv3)\qmainpro\qmacvisual\x64\release\qgraphicsviews.obj
e:\qmacvisual(cv3)\qmainpro\qmacvisual\x64\release\folderoperation.obj
e:\qmacvisual(cv3)\qmainpro\qmacvisual\x64\release\toolnterface.obj
e:\qmacvisual(cv3)\qmainpro\qmacvisual\x64\release\mainwidget.obj
e:\qmacvisual(cv3)\qmainpro\qmacvisual\x64\release\flowlistwidget.obj
e:\qmacvisual(cv3)\qmainpro\qmacvisual\x64\release\frmpermis.obj
e:\qmacvisual(cv3)\qmainpro\qmacvisual\x64\release\gvariable.obj
e:\qmacvisual(cv3)\qmainpro\qmacvisual\x64\release\qttreewidget.obj
e:\qmacvisual(cv3)\qmainpro\qmacvisual\x64\release\xml.obj
e:\qmacvisual(cv3)\qmainpro\qmacvisual\x64\release\frmvisuallogo.obj
e:\qmacvisual(cv3)\qmainpro\qmacvisual\x64\release\main.obj
e:\qmacvisual(cv3)\qmainpro\qmacvisual\x64\release\moc_autothread.obj
e:\qmacvisual(cv3)\qmainpro\qmacvisual\x64\release\moc_dockwidget.obj
e:\qmacvisual(cv3)\qmainpro\qmacvisual\x64\release\moc_frmtoolstree.obj
e:\qmacvisual(cv3)\qmainpro\qmacvisual\x64\release\moc_frmprocesssetup.obj
e:\qmacvisual(cv3)\qmainpro\qmacvisual\x64\release\moc_frminstrumentation.obj
e:\qmacvisual(cv3)\qmainpro\qmacvisual\x64\release\moc_showcpumemory.obj
e:\qmacvisual(cv3)\qmainpro\qmacvisual\x64\release\moc_globalvariable.obj
e:\qmacvisual(cv3)\qmainpro\qmacvisual\x64\release\moc_frmquit.obj
e:\qmacvisual(cv3)\qmainpro\qmacvisual\x64\release\moc_qttreewidget.obj
e:\qmacvisual(cv3)\qmainpro\qmacvisual\x64\release\moc_basemainwindow.obj
e:\qmacvisual(cv3)\qmainpro\qmacvisual\x64\release\moc_frmabout.obj
e:\qmacvisual(cv3)\qmainpro\qmacvisual\x64\release\moc_frmpermis.obj
e:\qmacvisual(cv3)\qmainpro\qmacvisual\x64\release\moc_frmimagelayout.obj
e:\qmacvisual(cv3)\qmainpro\qmacvisual\x64\release\moc_ipaddress.obj
e:\qmacvisual(cv3)\qmainpro\qmacvisual\x64\release\moc_qgraphicsviews.obj
e:\qmacvisual(cv3)\qmainpro\qmacvisual\x64\release\moc_frmregister.obj
e:\qmacvisual(cv3)\qmainpro\qmacvisual\x64\release\moc_cmysplashscreen.obj
e:\qmacvisual(cv3)\qmainpro\qmacvisual\x64\release\moc_frmimageview.obj
e:\qmacvisual(cv3)\qmainpro\qmacvisual\x64\release\moc_mainwindow.obj
e:\qmacvisual(cv3)\qmainpro\qmacvisual\x64\release\moc_frmcamerasetup.obj
e:\qmacvisual(cv3)\qmainpro\qmacvisual\x64\release\moc_savelog.obj
e:\qmacvisual(cv3)\qmainpro\qmacvisual\x64\release\moc_frmlogin.obj
e:\qmacvisual(cv3)\qmainpro\qmacvisual\x64\release\moc_mainwidget.obj
e:\qmacvisual(cv3)\qmainpro\qmacvisual\x64\release\moc_frmlog.obj
e:\qmacvisual(cv3)\qmainpro\qmacvisual\x64\release\moc_flowlistwidget.obj
e:\qmacvisual(cv3)\qmainpro\qmacvisual\x64\release\moc_mytitlebar.obj
e:\qmacvisual(cv3)\qmainpro\qmacvisual\x64\release\moc_frmglobalvariable.obj
e:\qmacvisual(cv3)\qmainpro\qmacvisual\x64\release\moc_manualthread.obj
e:\qmacvisual(cv3)\qmainpro\qmacvisual\x64\release\moc_qtoolbase.obj
e:\qmacvisual(cv3)\qmainpro\qmacvisual\x64\release\moc_clogmodel.obj
e:\qmacvisual(cv3)\qmainpro\qmacvisual\x64\release\moc_headwidget.obj
e:\qmacvisual(cv3)\qmainpro\qmacvisual\x64\release\moc_frmproitemtab.obj
e:\qmacvisual(cv3)\qmainpro\qmacvisual\x64\release\moc_qroundprogressbar.obj
e:\qmacvisual(cv3)\qmainpro\qmacvisual\x64\release\moc_toolnterface.obj
e:\qmacvisual(cv3)\qmainpro\qmacvisual\x64\release\moc_frmsystemsetup.obj
e:\qmacvisual(cv3)\qmainpro\qmacvisual\x64\release\moc_frmlink.obj
e:\qmacvisual(cv3)\qmainpro\qmacvisual\x64\release\moc_frmvisuallogo.obj
e:\qmacvisual(cv3)\qsoftexe\release\qmacvisual.exe
g:\qmacvisual(cv3)2022.9.21(25000)\qmacvisual(cv3)\qmainpro\qmacvisual\x64\release\moc\moc_flowlistwidget.cpp
e:\qmacvisual(cv3)\qmainpro\qmacvisual\x64\release\uic\ui_frmabout.h
e:\qmacvisual(cv3)\qmainpro\qmacvisual\x64\release\uic\ui_frmcamerasetup.h
e:\qmacvisual(cv3)\qmainpro\qmacvisual\x64\release\uic\ui_frmglobalvariable.h
e:\qmacvisual(cv3)\qmainpro\qmacvisual\x64\release\uic\ui_frmimagelayout.h
e:\qmacvisual(cv3)\qmainpro\qmacvisual\x64\release\uic\ui_frmimageview.h
e:\qmacvisual(cv3)\qmainpro\qmacvisual\x64\release\uic\ui_frminstrumentation.h
e:\qmacvisual(cv3)\qmainpro\qmacvisual\x64\release\uic\ui_frmlink.h
e:\qmacvisual(cv3)\qmainpro\qmacvisual\x64\release\uic\ui_frmlogin.h
e:\qmacvisual(cv3)\qmainpro\qmacvisual\x64\release\uic\ui_frmpermis.h
e:\qmacvisual(cv3)\qmainpro\qmacvisual\x64\release\uic\ui_frmprocesssetup.h
e:\qmacvisual(cv3)\qmainpro\qmacvisual\x64\release\uic\ui_frmproitemtab.h
e:\qmacvisual(cv3)\qmainpro\qmacvisual\x64\release\uic\ui_frmquit.h
e:\qmacvisual(cv3)\qmainpro\qmacvisual\x64\release\uic\ui_frmregister.h
e:\qmacvisual(cv3)\qmainpro\qmacvisual\x64\release\uic\ui_frmsystemsetup.h
e:\qmacvisual(cv3)\qmainpro\qmacvisual\x64\release\uic\ui_frmtoolstree.h
e:\qmacvisual(cv3)\qmainpro\qmacvisual\x64\release\uic\ui_frmlog.h
e:\qmacvisual(cv3)\qmainpro\qmacvisual\x64\release\rcc\qrc_res.cpp
e:\qmacvisual(cv3)\qmainpro\qmacvisual\x64\release\moc\moc_savelog.cpp
e:\qmacvisual(cv3)\qmainpro\qmacvisual\x64\release\moc\moc_toolnterface.cpp
e:\qmacvisual(cv3)\qmainpro\qmacvisual\x64\release\moc\moc_showcpumemory.cpp
e:\qmacvisual(cv3)\qmainpro\qmacvisual\x64\release\moc\moc_frmlog.cpp
e:\qmacvisual(cv3)\qmainpro\qmacvisual\x64\release\moc\moc_clogmodel.cpp
e:\qmacvisual(cv3)\qmainpro\qmacvisual\x64\release\moc\moc_basemainwindow.cpp
e:\qmacvisual(cv3)\qmainpro\qmacvisual\x64\release\moc\moc_cmysplashscreen.cpp
e:\qmacvisual(cv3)\qmainpro\qmacvisual\x64\release\moc\moc_autothread.cpp
e:\qmacvisual(cv3)\qmainpro\qmacvisual\x64\release\moc\moc_frmlogin.cpp
e:\qmacvisual(cv3)\qmainpro\qmacvisual\x64\release\moc\moc_dockwidget.cpp
e:\qmacvisual(cv3)\qmainpro\qmacvisual\x64\release\moc\moc_headwidget.cpp
e:\qmacvisual(cv3)\qmainpro\qmacvisual\x64\release\moc\moc_frmabout.cpp
e:\qmacvisual(cv3)\qmainpro\qmacvisual\x64\release\moc\moc_frmimageview.cpp
e:\qmacvisual(cv3)\qmainpro\qmacvisual\x64\release\moc\moc_flowlistwidget.cpp
e:\qmacvisual(cv3)\qmainpro\qmacvisual\x64\release\moc\moc_globalvariable.cpp
e:\qmacvisual(cv3)\qmainpro\qmacvisual\x64\release\moc\moc_frmtoolstree.cpp
e:\qmacvisual(cv3)\qmainpro\qmacvisual\x64\release\moc\moc_frmproitemtab.cpp
e:\qmacvisual(cv3)\qmainpro\qmacvisual\x64\release\moc\moc_frmpermis.cpp
e:\qmacvisual(cv3)\qmainpro\qmacvisual\x64\release\moc\moc_mainwidget.cpp
e:\qmacvisual(cv3)\qmainpro\qmacvisual\x64\release\moc\moc_mainwindow.cpp
e:\qmacvisual(cv3)\qmainpro\qmacvisual\x64\release\moc\moc_mytitlebar.cpp
e:\qmacvisual(cv3)\qmainpro\qmacvisual\x64\release\moc\moc_frmprocesssetup.cpp
e:\qmacvisual(cv3)\qmainpro\qmacvisual\x64\release\moc\moc_frmsystemsetup.cpp
e:\qmacvisual(cv3)\qmainpro\qmacvisual\x64\release\moc\moc_frmimagelayout.cpp
e:\qmacvisual(cv3)\qmainpro\qmacvisual\x64\release\moc\moc_frmglobalvariable.cpp
e:\qmacvisual(cv3)\qmainpro\qmacvisual\x64\release\moc\moc_frmcamerasetup.cpp
e:\qmacvisual(cv3)\qmainpro\qmacvisual\x64\release\moc\moc_frminstrumentation.cpp
e:\qmacvisual(cv3)\qmainpro\qmacvisual\x64\release\moc\moc_frmquit.cpp
e:\qmacvisual(cv3)\qmainpro\qmacvisual\x64\release\moc\moc_frmlink.cpp
e:\qmacvisual(cv3)\qmainpro\qmacvisual\x64\release\moc\moc_ipaddress.cpp
e:\qmacvisual(cv3)\qmainpro\qmacvisual\x64\release\moc\moc_manualthread.cpp
e:\qmacvisual(cv3)\qmainpro\qmacvisual\x64\release\moc\moc_qgraphicsviews.cpp
e:\qmacvisual(cv3)\qmainpro\qmacvisual\x64\release\moc\moc_qtoolbase.cpp
e:\qmacvisual(cv3)\qmainpro\qmacvisual\x64\release\moc\moc_qttreewidget.cpp
e:\qmacvisual(cv3)\qmainpro\qmacvisual\x64\release\moc\moc_qroundprogressbar.cpp
e:\qmacvisual(cv3)\qmainpro\qmacvisual\x64\release\moc\moc_frmvisuallogo.cpp
e:\qmacvisual(cv3)\qmainpro\qmacvisual\x64\release\moc\moc_frmregister.cpp
g:\qmacvisual(cv3)2022.9.21(25000)\qmacvisual(cv3)\qmainpro\qmacvisual\x64\release\uic\ui_frmabout.h
g:\qmacvisual(cv3)2022.9.21(25000)\qmacvisual(cv3)\qmainpro\qmacvisual\x64\release\uic\ui_frmcamerasetup.h
g:\qmacvisual(cv3)2022.9.21(25000)\qmacvisual(cv3)\qmainpro\qmacvisual\x64\release\uic\ui_frmglobalvariable.h
g:\qmacvisual(cv3)2022.9.21(25000)\qmacvisual(cv3)\qmainpro\qmacvisual\x64\release\uic\ui_frmimagelayout.h
g:\qmacvisual(cv3)2022.9.21(25000)\qmacvisual(cv3)\qmainpro\qmacvisual\x64\release\uic\ui_frmimageview.h
g:\qmacvisual(cv3)2022.9.21(25000)\qmacvisual(cv3)\qmainpro\qmacvisual\x64\release\uic\ui_frminstrumentation.h
g:\qmacvisual(cv3)2022.9.21(25000)\qmacvisual(cv3)\qmainpro\qmacvisual\x64\release\uic\ui_frmlink.h
g:\qmacvisual(cv3)2022.9.21(25000)\qmacvisual(cv3)\qmainpro\qmacvisual\x64\release\uic\ui_frmlogin.h
g:\qmacvisual(cv3)2022.9.21(25000)\qmacvisual(cv3)\qmainpro\qmacvisual\x64\release\uic\ui_frmpermis.h
g:\qmacvisual(cv3)2022.9.21(25000)\qmacvisual(cv3)\qmainpro\qmacvisual\x64\release\uic\ui_frmprocesssetup.h
g:\qmacvisual(cv3)2022.9.21(25000)\qmacvisual(cv3)\qmainpro\qmacvisual\x64\release\uic\ui_frmproitemtab.h
g:\qmacvisual(cv3)2022.9.21(25000)\qmacvisual(cv3)\qmainpro\qmacvisual\x64\release\uic\ui_frmquit.h
g:\qmacvisual(cv3)2022.9.21(25000)\qmacvisual(cv3)\qmainpro\qmacvisual\x64\release\uic\ui_frmregister.h
g:\qmacvisual(cv3)2022.9.21(25000)\qmacvisual(cv3)\qmainpro\qmacvisual\x64\release\uic\ui_frmsystemsetup.h
g:\qmacvisual(cv3)2022.9.21(25000)\qmacvisual(cv3)\qmainpro\qmacvisual\x64\release\uic\ui_frmtoolstree.h
g:\qmacvisual(cv3)2022.9.21(25000)\qmacvisual(cv3)\qmainpro\qmacvisual\x64\release\uic\ui_frmlog.h
g:\qmacvisual(cv3)2022.9.21(25000)\qmacvisual(cv3)\qmainpro\qmacvisual\x64\release\rcc\qrc_res.cpp
g:\qmacvisual(cv3)2022.9.21(25000)\qmacvisual(cv3)\qmainpro\qmacvisual\x64\release\moc\moc_savelog.cpp
g:\qmacvisual(cv3)2022.9.21(25000)\qmacvisual(cv3)\qmainpro\qmacvisual\x64\release\moc\moc_toolnterface.cpp
g:\qmacvisual(cv3)2022.9.21(25000)\qmacvisual(cv3)\qmainpro\qmacvisual\x64\release\moc\moc_showcpumemory.cpp
g:\qmacvisual(cv3)2022.9.21(25000)\qmacvisual(cv3)\qmainpro\qmacvisual\x64\release\moc\moc_frmlog.cpp
g:\qmacvisual(cv3)2022.9.21(25000)\qmacvisual(cv3)\qmainpro\qmacvisual\x64\release\moc\moc_clogmodel.cpp
g:\qmacvisual(cv3)2022.9.21(25000)\qmacvisual(cv3)\qmainpro\qmacvisual\x64\release\moc\moc_basemainwindow.cpp
g:\qmacvisual(cv3)2022.9.21(25000)\qmacvisual(cv3)\qmainpro\qmacvisual\x64\release\moc\moc_cmysplashscreen.cpp
g:\qmacvisual(cv3)2022.9.21(25000)\qmacvisual(cv3)\qmainpro\qmacvisual\x64\release\moc\moc_autothread.cpp
g:\qmacvisual(cv3)2022.9.21(25000)\qmacvisual(cv3)\qmainpro\qmacvisual\x64\release\moc\moc_frmlogin.cpp
g:\qmacvisual(cv3)2022.9.21(25000)\qmacvisual(cv3)\qmainpro\qmacvisual\x64\release\moc\moc_dockwidget.cpp
g:\qmacvisual(cv3)2022.9.21(25000)\qmacvisual(cv3)\qmainpro\qmacvisual\x64\release\moc\moc_headwidget.cpp
g:\qmacvisual(cv3)2022.9.21(25000)\qmacvisual(cv3)\qmainpro\qmacvisual\x64\release\moc\moc_frmabout.cpp
g:\qmacvisual(cv3)2022.9.21(25000)\qmacvisual(cv3)\qmainpro\qmacvisual\x64\release\moc\moc_frmimageview.cpp
g:\qmacvisual(cv3)2022.9.21(25000)\qmacvisual(cv3)\qmainpro\qmacvisual\x64\release\moc\moc_globalvariable.cpp
g:\qmacvisual(cv3)2022.9.21(25000)\qmacvisual(cv3)\qmainpro\qmacvisual\x64\release\moc\moc_frmtoolstree.cpp
g:\qmacvisual(cv3)2022.9.21(25000)\qmacvisual(cv3)\qmainpro\qmacvisual\x64\release\moc\moc_frmproitemtab.cpp
g:\qmacvisual(cv3)2022.9.21(25000)\qmacvisual(cv3)\qmainpro\qmacvisual\x64\release\moc\moc_frmpermis.cpp
g:\qmacvisual(cv3)2022.9.21(25000)\qmacvisual(cv3)\qmainpro\qmacvisual\x64\release\moc\moc_mainwidget.cpp
g:\qmacvisual(cv3)2022.9.21(25000)\qmacvisual(cv3)\qmainpro\qmacvisual\x64\release\moc\moc_mainwindow.cpp
g:\qmacvisual(cv3)2022.9.21(25000)\qmacvisual(cv3)\qmainpro\qmacvisual\x64\release\moc\moc_mytitlebar.cpp
g:\qmacvisual(cv3)2022.9.21(25000)\qmacvisual(cv3)\qmainpro\qmacvisual\x64\release\moc\moc_frmprocesssetup.cpp
g:\qmacvisual(cv3)2022.9.21(25000)\qmacvisual(cv3)\qmainpro\qmacvisual\x64\release\moc\moc_frmsystemsetup.cpp
g:\qmacvisual(cv3)2022.9.21(25000)\qmacvisual(cv3)\qmainpro\qmacvisual\x64\release\moc\moc_frmimagelayout.cpp
g:\qmacvisual(cv3)2022.9.21(25000)\qmacvisual(cv3)\qmainpro\qmacvisual\x64\release\moc\moc_frmglobalvariable.cpp
g:\qmacvisual(cv3)2022.9.21(25000)\qmacvisual(cv3)\qmainpro\qmacvisual\x64\release\moc\moc_frmcamerasetup.cpp
g:\qmacvisual(cv3)2022.9.21(25000)\qmacvisual(cv3)\qmainpro\qmacvisual\x64\release\moc\moc_frminstrumentation.cpp
g:\qmacvisual(cv3)2022.9.21(25000)\qmacvisual(cv3)\qmainpro\qmacvisual\x64\release\moc\moc_frmquit.cpp
g:\qmacvisual(cv3)2022.9.21(25000)\qmacvisual(cv3)\qmainpro\qmacvisual\x64\release\moc\moc_frmlink.cpp
g:\qmacvisual(cv3)2022.9.21(25000)\qmacvisual(cv3)\qmainpro\qmacvisual\x64\release\moc\moc_ipaddress.cpp
g:\qmacvisual(cv3)2022.9.21(25000)\qmacvisual(cv3)\qmainpro\qmacvisual\x64\release\moc\moc_manualthread.cpp
g:\qmacvisual(cv3)2022.9.21(25000)\qmacvisual(cv3)\qmainpro\qmacvisual\x64\release\moc\moc_qgraphicsviews.cpp
g:\qmacvisual(cv3)2022.9.21(25000)\qmacvisual(cv3)\qmainpro\qmacvisual\x64\release\moc\moc_qtoolbase.cpp
g:\qmacvisual(cv3)2022.9.21(25000)\qmacvisual(cv3)\qmainpro\qmacvisual\x64\release\moc\moc_qttreewidget.cpp
g:\qmacvisual(cv3)2022.9.21(25000)\qmacvisual(cv3)\qmainpro\qmacvisual\x64\release\moc\moc_qroundprogressbar.cpp
g:\qmacvisual(cv3)2022.9.21(25000)\qmacvisual(cv3)\qmainpro\qmacvisual\x64\release\moc\moc_frmvisuallogo.cpp
g:\qmacvisual(cv3)2022.9.21(25000)\qmacvisual(cv3)\qmainpro\qmacvisual\x64\release\moc\moc_frmregister.cpp
e:\qmacvisual(cv3)\qmainpro\qmacvisual\x64\release\qmacvisual.res
g:\qmacvisual(cv3)2022.9.21(25000)\qmacvisual(cv3)\qmainpro\qmacvisual\x64\release\autothread.obj
g:\qmacvisual(cv3)2022.9.21(25000)\qmacvisual(cv3)\qmainpro\qmacvisual\x64\release\basemainwindow.obj
g:\qmacvisual(cv3)2022.9.21(25000)\qmacvisual(cv3)\qmainpro\qmacvisual\x64\release\clogmodel.obj
g:\qmacvisual(cv3)2022.9.21(25000)\qmacvisual(cv3)\qmainpro\qmacvisual\x64\release\cmysplashscreen.obj
g:\qmacvisual(cv3)2022.9.21(25000)\qmacvisual(cv3)\qmainpro\qmacvisual\x64\release\datavar.obj
g:\qmacvisual(cv3)2022.9.21(25000)\qmacvisual(cv3)\qmainpro\qmacvisual\x64\release\dockwidget.obj
g:\qmacvisual(cv3)2022.9.21(25000)\qmacvisual(cv3)\qmainpro\qmacvisual\x64\release\flowlistwidget.obj
g:\qmacvisual(cv3)2022.9.21(25000)\qmacvisual(cv3)\qmainpro\qmacvisual\x64\release\folderoperation.obj
g:\qmacvisual(cv3)2022.9.21(25000)\qmacvisual(cv3)\qmainpro\qmacvisual\x64\release\frmabout.obj
g:\qmacvisual(cv3)2022.9.21(25000)\qmacvisual(cv3)\qmainpro\qmacvisual\x64\release\frmcamerasetup.obj
g:\qmacvisual(cv3)2022.9.21(25000)\qmacvisual(cv3)\qmainpro\qmacvisual\x64\release\frmglobalvariable.obj
g:\qmacvisual(cv3)2022.9.21(25000)\qmacvisual(cv3)\qmainpro\qmacvisual\x64\release\frmimagelayout.obj
g:\qmacvisual(cv3)2022.9.21(25000)\qmacvisual(cv3)\qmainpro\qmacvisual\x64\release\frmimageview.obj
g:\qmacvisual(cv3)2022.9.21(25000)\qmacvisual(cv3)\qmainpro\qmacvisual\x64\release\frminstrumentation.obj
g:\qmacvisual(cv3)2022.9.21(25000)\qmacvisual(cv3)\qmainpro\qmacvisual\x64\release\frmlink.obj
g:\qmacvisual(cv3)2022.9.21(25000)\qmacvisual(cv3)\qmainpro\qmacvisual\x64\release\frmlog.obj
g:\qmacvisual(cv3)2022.9.21(25000)\qmacvisual(cv3)\qmainpro\qmacvisual\x64\release\frmlogin.obj
g:\qmacvisual(cv3)2022.9.21(25000)\qmacvisual(cv3)\qmainpro\qmacvisual\x64\release\frmpermis.obj
g:\qmacvisual(cv3)2022.9.21(25000)\qmacvisual(cv3)\qmainpro\qmacvisual\x64\release\frmprocesssetup.obj
g:\qmacvisual(cv3)2022.9.21(25000)\qmacvisual(cv3)\qmainpro\qmacvisual\x64\release\frmproitemtab.obj
g:\qmacvisual(cv3)2022.9.21(25000)\qmacvisual(cv3)\qmainpro\qmacvisual\x64\release\frmquit.obj
g:\qmacvisual(cv3)2022.9.21(25000)\qmacvisual(cv3)\qmainpro\qmacvisual\x64\release\frmregister.obj
g:\qmacvisual(cv3)2022.9.21(25000)\qmacvisual(cv3)\qmainpro\qmacvisual\x64\release\frmsystemsetup.obj
g:\qmacvisual(cv3)2022.9.21(25000)\qmacvisual(cv3)\qmainpro\qmacvisual\x64\release\frmtoolstree.obj
g:\qmacvisual(cv3)2022.9.21(25000)\qmacvisual(cv3)\qmainpro\qmacvisual\x64\release\frmvisuallogo.obj
g:\qmacvisual(cv3)2022.9.21(25000)\qmacvisual(cv3)\qmainpro\qmacvisual\x64\release\globalvariable.obj
g:\qmacvisual(cv3)2022.9.21(25000)\qmacvisual(cv3)\qmainpro\qmacvisual\x64\release\gvariable.obj
g:\qmacvisual(cv3)2022.9.21(25000)\qmacvisual(cv3)\qmainpro\qmacvisual\x64\release\headwidget.obj
g:\qmacvisual(cv3)2022.9.21(25000)\qmacvisual(cv3)\qmainpro\qmacvisual\x64\release\ipaddress.obj
g:\qmacvisual(cv3)2022.9.21(25000)\qmacvisual(cv3)\qmainpro\qmacvisual\x64\release\main.obj
g:\qmacvisual(cv3)2022.9.21(25000)\qmacvisual(cv3)\qmainpro\qmacvisual\x64\release\mainwidget.obj
g:\qmacvisual(cv3)2022.9.21(25000)\qmacvisual(cv3)\qmainpro\qmacvisual\x64\release\mainwindow.obj
g:\qmacvisual(cv3)2022.9.21(25000)\qmacvisual(cv3)\qmainpro\qmacvisual\x64\release\manualthread.obj
g:\qmacvisual(cv3)2022.9.21(25000)\qmacvisual(cv3)\qmainpro\qmacvisual\x64\release\moc_autothread.obj
g:\qmacvisual(cv3)2022.9.21(25000)\qmacvisual(cv3)\qmainpro\qmacvisual\x64\release\moc_basemainwindow.obj
g:\qmacvisual(cv3)2022.9.21(25000)\qmacvisual(cv3)\qmainpro\qmacvisual\x64\release\moc_clogmodel.obj
g:\qmacvisual(cv3)2022.9.21(25000)\qmacvisual(cv3)\qmainpro\qmacvisual\x64\release\moc_cmysplashscreen.obj
g:\qmacvisual(cv3)2022.9.21(25000)\qmacvisual(cv3)\qmainpro\qmacvisual\x64\release\moc_dockwidget.obj
g:\qmacvisual(cv3)2022.9.21(25000)\qmacvisual(cv3)\qmainpro\qmacvisual\x64\release\moc_flowlistwidget.obj
g:\qmacvisual(cv3)2022.9.21(25000)\qmacvisual(cv3)\qmainpro\qmacvisual\x64\release\moc_frmabout.obj
g:\qmacvisual(cv3)2022.9.21(25000)\qmacvisual(cv3)\qmainpro\qmacvisual\x64\release\moc_frmcamerasetup.obj
g:\qmacvisual(cv3)2022.9.21(25000)\qmacvisual(cv3)\qmainpro\qmacvisual\x64\release\moc_frmglobalvariable.obj
g:\qmacvisual(cv3)2022.9.21(25000)\qmacvisual(cv3)\qmainpro\qmacvisual\x64\release\moc_frmimagelayout.obj
g:\qmacvisual(cv3)2022.9.21(25000)\qmacvisual(cv3)\qmainpro\qmacvisual\x64\release\moc_frmimageview.obj
g:\qmacvisual(cv3)2022.9.21(25000)\qmacvisual(cv3)\qmainpro\qmacvisual\x64\release\moc_frminstrumentation.obj
g:\qmacvisual(cv3)2022.9.21(25000)\qmacvisual(cv3)\qmainpro\qmacvisual\x64\release\moc_frmlink.obj
g:\qmacvisual(cv3)2022.9.21(25000)\qmacvisual(cv3)\qmainpro\qmacvisual\x64\release\moc_frmlog.obj
g:\qmacvisual(cv3)2022.9.21(25000)\qmacvisual(cv3)\qmainpro\qmacvisual\x64\release\moc_frmlogin.obj
g:\qmacvisual(cv3)2022.9.21(25000)\qmacvisual(cv3)\qmainpro\qmacvisual\x64\release\moc_frmpermis.obj
g:\qmacvisual(cv3)2022.9.21(25000)\qmacvisual(cv3)\qmainpro\qmacvisual\x64\release\moc_frmprocesssetup.obj
g:\qmacvisual(cv3)2022.9.21(25000)\qmacvisual(cv3)\qmainpro\qmacvisual\x64\release\moc_frmproitemtab.obj
g:\qmacvisual(cv3)2022.9.21(25000)\qmacvisual(cv3)\qmainpro\qmacvisual\x64\release\moc_frmquit.obj
g:\qmacvisual(cv3)2022.9.21(25000)\qmacvisual(cv3)\qmainpro\qmacvisual\x64\release\moc_frmregister.obj
g:\qmacvisual(cv3)2022.9.21(25000)\qmacvisual(cv3)\qmainpro\qmacvisual\x64\release\moc_frmsystemsetup.obj
g:\qmacvisual(cv3)2022.9.21(25000)\qmacvisual(cv3)\qmainpro\qmacvisual\x64\release\moc_frmtoolstree.obj
g:\qmacvisual(cv3)2022.9.21(25000)\qmacvisual(cv3)\qmainpro\qmacvisual\x64\release\moc_frmvisuallogo.obj
g:\qmacvisual(cv3)2022.9.21(25000)\qmacvisual(cv3)\qmainpro\qmacvisual\x64\release\moc_globalvariable.obj
g:\qmacvisual(cv3)2022.9.21(25000)\qmacvisual(cv3)\qmainpro\qmacvisual\x64\release\moc_headwidget.obj
g:\qmacvisual(cv3)2022.9.21(25000)\qmacvisual(cv3)\qmainpro\qmacvisual\x64\release\moc_ipaddress.obj
g:\qmacvisual(cv3)2022.9.21(25000)\qmacvisual(cv3)\qmainpro\qmacvisual\x64\release\moc_mainwidget.obj
g:\qmacvisual(cv3)2022.9.21(25000)\qmacvisual(cv3)\qmainpro\qmacvisual\x64\release\moc_mainwindow.obj
g:\qmacvisual(cv3)2022.9.21(25000)\qmacvisual(cv3)\qmainpro\qmacvisual\x64\release\moc_manualthread.obj
g:\qmacvisual(cv3)2022.9.21(25000)\qmacvisual(cv3)\qmainpro\qmacvisual\x64\release\moc_mytitlebar.obj
g:\qmacvisual(cv3)2022.9.21(25000)\qmacvisual(cv3)\qmainpro\qmacvisual\x64\release\moc_qgraphicsviews.obj
g:\qmacvisual(cv3)2022.9.21(25000)\qmacvisual(cv3)\qmainpro\qmacvisual\x64\release\moc_qroundprogressbar.obj
g:\qmacvisual(cv3)2022.9.21(25000)\qmacvisual(cv3)\qmainpro\qmacvisual\x64\release\moc_qtoolbase.obj
g:\qmacvisual(cv3)2022.9.21(25000)\qmacvisual(cv3)\qmainpro\qmacvisual\x64\release\moc_qttreewidget.obj
g:\qmacvisual(cv3)2022.9.21(25000)\qmacvisual(cv3)\qmainpro\qmacvisual\x64\release\moc_savelog.obj
g:\qmacvisual(cv3)2022.9.21(25000)\qmacvisual(cv3)\qmainpro\qmacvisual\x64\release\moc_showcpumemory.obj
g:\qmacvisual(cv3)2022.9.21(25000)\qmacvisual(cv3)\qmainpro\qmacvisual\x64\release\moc_toolnterface.obj
g:\qmacvisual(cv3)2022.9.21(25000)\qmacvisual(cv3)\qmainpro\qmacvisual\x64\release\mytitlebar.obj
g:\qmacvisual(cv3)2022.9.21(25000)\qmacvisual(cv3)\qmainpro\qmacvisual\x64\release\qgraphicsviews.obj
g:\qmacvisual(cv3)2022.9.21(25000)\qmacvisual(cv3)\qmainpro\qmacvisual\x64\release\qrc_res.obj
g:\qmacvisual(cv3)2022.9.21(25000)\qmacvisual(cv3)\qmainpro\qmacvisual\x64\release\qroundprogressbar.obj
g:\qmacvisual(cv3)2022.9.21(25000)\qmacvisual(cv3)\qmainpro\qmacvisual\x64\release\qtoolbase.obj
g:\qmacvisual(cv3)2022.9.21(25000)\qmacvisual(cv3)\qmainpro\qmacvisual\x64\release\qttreewidget.obj
g:\qmacvisual(cv3)2022.9.21(25000)\qmacvisual(cv3)\qmainpro\qmacvisual\x64\release\qtwidgetssaveload.obj
g:\qmacvisual(cv3)2022.9.21(25000)\qmacvisual(cv3)\qmainpro\qmacvisual\x64\release\savelog.obj
g:\qmacvisual(cv3)2022.9.21(25000)\qmacvisual(cv3)\qmainpro\qmacvisual\x64\release\showcpumemory.obj
g:\qmacvisual(cv3)2022.9.21(25000)\qmacvisual(cv3)\qmainpro\qmacvisual\x64\release\softkey.obj
g:\qmacvisual(cv3)2022.9.21(25000)\qmacvisual(cv3)\qmainpro\qmacvisual\x64\release\sqlite.obj
g:\qmacvisual(cv3)2022.9.21(25000)\qmacvisual(cv3)\qmainpro\qmacvisual\x64\release\toolnterface.obj
g:\qmacvisual(cv3)2022.9.21(25000)\qmacvisual(cv3)\qmainpro\qmacvisual\x64\release\xml.obj
g:\qmacvisual(cv3)2022.9.21(25000)\qmacvisual(cv3)\qmainpro\qmacvisual\x64\release\qmacvisual.res
g:\qmacvisual(cv3)2022.9.21(25000)\qmacvisual(cv3)\qsoftexe\release\qmacvisual.exe
g:\qmacvisual(cv3)2022.9.21(25000)\qmacvisual(cv3)\qmainpro\qmacvisual\x64\release\qmacvisual.tlog\cl.command.1.tlog
g:\qmacvisual(cv3)2022.9.21(25000)\qmacvisual(cv3)\qmainpro\qmacvisual\x64\release\qmacvisual.tlog\cl.read.1.tlog
g:\qmacvisual(cv3)2022.9.21(25000)\qmacvisual(cv3)\qmainpro\qmacvisual\x64\release\qmacvisual.tlog\cl.write.1.tlog
g:\qmacvisual(cv3)2022.9.21(25000)\qmacvisual(cv3)\qmainpro\qmacvisual\x64\release\qmacvisual.tlog\link.command.1.tlog
g:\qmacvisual(cv3)2022.9.21(25000)\qmacvisual(cv3)\qmainpro\qmacvisual\x64\release\qmacvisual.tlog\link.read.1.tlog
g:\qmacvisual(cv3)2022.9.21(25000)\qmacvisual(cv3)\qmainpro\qmacvisual\x64\release\qmacvisual.tlog\link.write.1.tlog
g:\qmacvisual(cv3)2022.9.21(25000)\qmacvisual(cv3)\qmainpro\qmacvisual\x64\release\qmacvisual.tlog\moc.read.1u.tlog
g:\qmacvisual(cv3)2022.9.21(25000)\qmacvisual(cv3)\qmainpro\qmacvisual\x64\release\qmacvisual.tlog\moc.write.1u.tlog
g:\qmacvisual(cv3)2022.9.21(25000)\qmacvisual(cv3)\qmainpro\qmacvisual\x64\release\qmacvisual.tlog\qmacvisual.write.1u.tlog
g:\qmacvisual(cv3)2022.9.21(25000)\qmacvisual(cv3)\qmainpro\qmacvisual\x64\release\qmacvisual.tlog\rc.command.1.tlog
g:\qmacvisual(cv3)2022.9.21(25000)\qmacvisual(cv3)\qmainpro\qmacvisual\x64\release\qmacvisual.tlog\rc.read.1.tlog
g:\qmacvisual(cv3)2022.9.21(25000)\qmacvisual(cv3)\qmainpro\qmacvisual\x64\release\qmacvisual.tlog\rc.write.1.tlog
g:\qmacvisual(cv3)2022.9.21(25000)\qmacvisual(cv3)\qmainpro\qmacvisual\x64\release\qmacvisual.tlog\rcc.read.1u.tlog
g:\qmacvisual(cv3)2022.9.21(25000)\qmacvisual(cv3)\qmainpro\qmacvisual\x64\release\qmacvisual.tlog\rcc.write.1u.tlog
g:\qmacvisual(cv3)2022.9.21(25000)\qmacvisual(cv3)\qmainpro\qmacvisual\x64\release\qmacvisual.tlog\uic.read.1u.tlog
g:\qmacvisual(cv3)2022.9.21(25000)\qmacvisual(cv3)\qmainpro\qmacvisual\x64\release\qmacvisual.tlog\uic.write.1u.tlog
