2022-09-21 06:16:20.898 [INFO]  -  主程序启动完成...
2022-09-21 06:16:37.489 [INFO]  -  用户名: user0登录成功！
2022-09-21 06:16:40.932 [INFO]  -  新建项目完成！
2022-09-21 06:16:42.960 [INFO]  -  新建流程-s创建完成...
2022-09-21 06:22:09.704 [INFO]  -  主程序启动完成...
2022-09-21 06:22:15.651 [INFO]  -  用户名: user0登录成功！
2022-09-21 06:22:18.145 [INFO]  -  新建项目完成！
2022-09-21 06:22:19.805 [INFO]  -  新建流程-V创建完成...
2022-09-21 06:25:10.921 [INFO]  -  主程序启动完成...
2022-09-21 06:25:17.336 [INFO]  -  用户名: user0登录成功！
2022-09-21 06:25:20.094 [INFO]  -  新建项目完成！
2022-09-21 06:25:21.801 [INFO]  -  新建流程-s创建完成...
2022-09-21 06:25:42.212 [INFO]  -  主程序关闭...
2022-09-21 06:25:49.685 [INFO]  -  主程序启动完成...
2022-09-21 06:25:56.677 [INFO]  -  用户名: user0登录成功！
2022-09-21 06:26:17.349 [INFO]  -  新建流程-R创建完成...
2022-09-21 06:26:20.792 [INFO]  -  新建流程-c创建完成...
2022-09-21 06:26:31.597 [INFO]  -  新建流程-R删除完成...
2022-09-21 06:26:41.026 [INFO]  -  主程序关闭...
2022-09-21 06:26:47.907 [INFO]  -  主程序启动完成...
2022-09-21 06:26:56.492 [INFO]  -  用户名: user0登录成功！
2022-09-21 06:28:07.420 [INFO]  -  主程序关闭...
2022-09-21 06:28:14.026 [INFO]  -  主程序启动完成...
2022-09-21 06:28:22.203 [INFO]  -  用户名: user0登录成功！
