2022-09-17 07:00:15.594 [INFO]  -  主程序启动完成...
2022-09-17 07:00:47.591 [INFO]  -  用户名: user0登录成功！
2022-09-17 07:00:51.239 [INFO]  -  新建项目完成！
2022-09-17 07:00:53.076 [INFO]  -  新建流程-S创建完成...
2022-09-17 07:01:49.454 [INFO]  -  项目方案单个流程执行一次...
2022-09-17 07:01:56.611 [INFO]  -  主程序关闭...
2022-09-17 07:02:04.145 [INFO]  -  主程序启动完成...
2022-09-17 07:02:12.913 [INFO]  -  用户名: user0登录成功！
2022-09-17 07:02:51.092 [INFO]  -  项目方案单个流程执行一次...
2022-09-17 07:03:05.806 [INFO]  -  项目方案单个流程执行一次...
2022-09-17 07:03:06.480 [INFO]  -  项目方案单个流程执行一次...
2022-09-17 07:03:06.823 [INFO]  -  项目方案单个流程执行一次...
2022-09-17 07:03:08.216 [INFO]  -  项目方案单个流程执行一次...
2022-09-17 07:03:08.985 [INFO]  -  项目方案单个流程执行一次...
2022-09-17 07:03:09.688 [INFO]  -  项目方案单个流程执行一次...
2022-09-17 07:03:23.931 [INFO]  -  新建流程-S删除完成...
2022-09-17 07:03:25.405 [INFO]  -  新建流程-w创建完成...
2022-09-17 07:05:40.071 [INFO]  -  主程序关闭...
2022-09-17 07:05:47.298 [INFO]  -  主程序启动完成...
QPixmap::scaled: Pixmap is a null pixmap
2022-09-17 07:05:55.766 [INFO]  -  用户名: user0登录成功！
2022-09-17 07:06:32.642 [INFO]  -  主程序关闭...
2022-09-17 07:06:39.373 [INFO]  -  主程序启动完成...
QPixmap::scaled: Pixmap is a null pixmap
2022-09-17 07:06:47.930 [INFO]  -  用户名: user0登录成功！
2022-09-17 07:07:46.899 [INFO]  -  主程序关闭...
2022-09-17 20:43:17.791 [INFO]  -  主程序启动完成...
2022-09-17 20:43:49.905 [INFO]  -  项目方案所有流程执行一次...
2022-09-17 20:43:56.296 [INFO]  -  用户名: user0登录成功！
2022-09-17 20:43:59.158 [INFO]  -  新建流程-w删除完成...
2022-09-17 20:44:00.931 [INFO]  -  新建流程-g创建完成...
2022-09-17 20:44:23.461 [INFO]  -  项目方案单个流程执行一次...
2022-09-17 20:45:40.208 [INFO]  -  主程序关闭...
2022-09-17 20:52:08.689 [INFO]  -  主程序启动完成...
2022-09-17 20:52:16.430 [INFO]  -  用户名: user0登录成功！
2022-09-17 20:52:21.767 [INFO]  -  项目方案单个流程执行一次...
2022-09-17 20:54:58.682 [INFO]  -  主程序启动完成...
2022-09-17 20:55:07.432 [INFO]  -  用户名: user0登录成功！
2022-09-17 20:55:10.312 [INFO]  -  项目方案所有流程执行一次...
2022-09-17 20:57:06.704 [INFO]  -  主程序启动完成...
2022-09-17 20:57:15.724 [INFO]  -  用户名: user0登录成功！
2022-09-17 20:57:23.337 [INFO]  -  项目方案单个流程执行一次...
2022-09-17 20:57:59.698 [INFO]  -  主程序关闭...
2022-09-17 20:58:34.783 [INFO]  -  主程序启动完成...
2022-09-17 20:58:46.443 [INFO]  -  用户名: user0登录成功！
2022-09-17 20:58:58.980 [INFO]  -  主程序关闭...
2022-09-17 20:59:41.384 [INFO]  -  主程序启动完成...
2022-09-17 20:59:48.805 [INFO]  -  主程序关闭...
2022-09-17 21:03:45.657 [INFO]  -  主程序启动完成...
2022-09-17 21:04:32.757 [INFO]  -  主程序关闭...
2022-09-17 21:06:02.312 [INFO]  -  主程序启动完成...
2022-09-17 21:06:08.921 [INFO]  -  项目方案所有流程执行一次...
2022-09-17 21:06:18.763 [INFO]  -  用户名: user0登录成功！
2022-09-17 21:07:34.705 [INFO]  -  主程序关闭...
2022-09-17 21:08:30.514 [INFO]  -  主程序启动完成...
2022-09-17 21:08:43.143 [INFO]  -  用户名: user0登录成功！
2022-09-17 21:08:57.539 [INFO]  -  项目方案所有流程执行一次...
2022-09-17 21:09:51.486 [INFO]  -  主程序关闭...
2022-09-17 21:10:55.836 [INFO]  -  主程序启动完成...
2022-09-17 21:12:00.159 [INFO]  -  项目方案所有流程执行一次...
2022-09-17 21:12:11.599 [INFO]  -  项目方案所有流程开始循环执行...
2022-09-17 21:12:17.284 [INFO]  -  项目方案所有流程停止执行...
2022-09-17 21:12:21.334 [INFO]  -  主程序关闭...
2022-09-17 21:16:23.130 [INFO]  -  主程序启动完成...
2022-09-17 21:16:37.267 [INFO]  -  用户名: user0登录成功！
2022-09-17 21:50:47.257 [INFO]  -  主程序启动完成...
2022-09-17 21:51:00.061 [INFO]  -  用户名: user0登录成功！
2022-09-17 21:57:43.646 [INFO]  -  主程序启动完成...
2022-09-17 21:57:50.520 [INFO]  -  用户名: user0登录成功！
