e:\qmacvisual(cv3)\qplugins\communicatetools\plccommunicate\x64\debug\vc142.pdb
e:\qmacvisual(cv3)\qplugins\communicatetools\plccommunicate\x64\debug\qrc_sub_res.obj
e:\qmacvisual(cv3)\qplugins\communicatetools\plccommunicate\x64\debug\plccommunicate.obj
e:\qmacvisual(cv3)\qplugins\communicatetools\plccommunicate\x64\debug\mytitlebar.obj
e:\qmacvisual(cv3)\qplugins\communicatetools\plccommunicate\x64\debug\plctcpsocket.obj
e:\qmacvisual(cv3)\qplugins\communicatetools\plccommunicate\x64\debug\frmplccommunicate.obj
e:\qmacvisual(cv3)\qplugins\communicatetools\plccommunicate\x64\debug\toolnterface.obj
e:\qmacvisual(cv3)\qplugins\communicatetools\plccommunicate\x64\debug\moc_mytitlebar.obj
e:\qmacvisual(cv3)\qplugins\communicatetools\plccommunicate\x64\debug\moc_plccommunicate.obj
e:\qmacvisual(cv3)\qplugins\communicatetools\plccommunicate\x64\debug\moc_toolnterface.obj
e:\qmacvisual(cv3)\qplugins\communicatetools\plccommunicate\x64\debug\moc_qtoolbase.obj
e:\qmacvisual(cv3)\qplugins\communicatetools\plccommunicate\x64\debug\moc_frmplccommunicate.obj
e:\qmacvisual(cv3)\qsoftexe\debug\plugins\plccommunicate.ilk
e:\qmacvisual(cv3)\qsoftexe\debug\plugins\plccommunicate.dll
e:\qmacvisual(cv3)\qsoftexe\debug\plugins\plccommunicate.pdb
e:\qmacvisual(cv3)\qplugins\communicatetools\plccommunicate\x64\debug\moc\moc_qtoolbase.cpp
e:\qmacvisual(cv3)\qplugins\communicatetools\plccommunicate\x64\debug\moc\moc_toolnterface.cpp
e:\qmacvisual(cv3)\qplugins\communicatetools\plccommunicate\x64\debug\moc\moc_frmplccommunicate.cpp
e:\qmacvisual(cv3)\qplugins\communicatetools\plccommunicate\x64\debug\moc\moc_mytitlebar.cpp
e:\qmacvisual(cv3)\qplugins\communicatetools\plccommunicate\x64\debug\moc\moc_plccommunicate.cpp
e:\qmacvisual(cv3)\qplugins\communicatetools\plccommunicate\x64\debug\uic\ui_frmplccommunicate.h
e:\qmacvisual(cv3)\qplugins\communicatetools\plccommunicate\x64\debug\rcc\qrc_sub_res.cpp
e:\qmacvisual(cv3)\qsoftexe\debug\plugins\plccommunicate.lib
e:\qmacvisual(cv3)\qsoftexe\debug\plugins\plccommunicate.exp
e:\qmacvisual(cv3)\qplugins\communicatetools\plccommunicate\x64\debug\plccommunicate.tlog\cl.command.1.tlog
e:\qmacvisual(cv3)\qplugins\communicatetools\plccommunicate\x64\debug\plccommunicate.tlog\cl.read.1.tlog
e:\qmacvisual(cv3)\qplugins\communicatetools\plccommunicate\x64\debug\plccommunicate.tlog\cl.write.1.tlog
e:\qmacvisual(cv3)\qplugins\communicatetools\plccommunicate\x64\debug\plccommunicate.tlog\link.command.1.tlog
e:\qmacvisual(cv3)\qplugins\communicatetools\plccommunicate\x64\debug\plccommunicate.tlog\link.read.1.tlog
e:\qmacvisual(cv3)\qplugins\communicatetools\plccommunicate\x64\debug\plccommunicate.tlog\link.write.1.tlog
e:\qmacvisual(cv3)\qplugins\communicatetools\plccommunicate\x64\debug\plccommunicate.tlog\moc.read.1u.tlog
e:\qmacvisual(cv3)\qplugins\communicatetools\plccommunicate\x64\debug\plccommunicate.tlog\moc.write.1u.tlog
e:\qmacvisual(cv3)\qplugins\communicatetools\plccommunicate\x64\debug\plccommunicate.tlog\plccommunicate.write.1u.tlog
e:\qmacvisual(cv3)\qplugins\communicatetools\plccommunicate\x64\debug\plccommunicate.tlog\rcc.read.1u.tlog
e:\qmacvisual(cv3)\qplugins\communicatetools\plccommunicate\x64\debug\plccommunicate.tlog\rcc.write.1u.tlog
e:\qmacvisual(cv3)\qplugins\communicatetools\plccommunicate\x64\debug\plccommunicate.tlog\uic.read.1u.tlog
e:\qmacvisual(cv3)\qplugins\communicatetools\plccommunicate\x64\debug\plccommunicate.tlog\uic.write.1u.tlog
