e:\qmacvisual(cv3)\qplugins\geometrymeasure\linelinei\x64\release\qrc_sub_res.obj
e:\qmacvisual(cv3)\qplugins\geometrymeasure\linelinei\x64\release\baseitem.obj
e:\qmacvisual(cv3)\qplugins\geometrymeasure\linelinei\x64\release\frmlinelinei.obj
e:\qmacvisual(cv3)\qplugins\geometrymeasure\linelinei\x64\release\qgraphicsviews.obj
e:\qmacvisual(cv3)\qplugins\geometrymeasure\linelinei\x64\release\toolnterface.obj
e:\qmacvisual(cv3)\qplugins\geometrymeasure\linelinei\x64\release\mytitlebar.obj
e:\qmacvisual(cv3)\qplugins\geometrymeasure\linelinei\x64\release\linelinei.obj
e:\qmacvisual(cv3)\qplugins\geometrymeasure\linelinei\x64\release\controlitem.obj
e:\qmacvisual(cv3)\qplugins\geometrymeasure\linelinei\x64\release\imageitem.obj
e:\qmacvisual(cv3)\qplugins\geometrymeasure\linelinei\x64\release\qgraphicsscenes.obj
e:\qmacvisual(cv3)\qplugins\geometrymeasure\linelinei\x64\release\moc_qtoolbase.obj
e:\qmacvisual(cv3)\qplugins\geometrymeasure\linelinei\x64\release\moc_controlitem.obj
e:\qmacvisual(cv3)\qplugins\geometrymeasure\linelinei\x64\release\moc_mytitlebar.obj
e:\qmacvisual(cv3)\qplugins\geometrymeasure\linelinei\x64\release\moc_frmlinelinei.obj
e:\qmacvisual(cv3)\qplugins\geometrymeasure\linelinei\x64\release\moc_qgraphicsscenes.obj
e:\qmacvisual(cv3)\qplugins\geometrymeasure\linelinei\x64\release\moc_baseitem.obj
e:\qmacvisual(cv3)\qplugins\geometrymeasure\linelinei\x64\release\moc_linelinei.obj
e:\qmacvisual(cv3)\qplugins\geometrymeasure\linelinei\x64\release\moc_qgraphicsviews.obj
e:\qmacvisual(cv3)\qplugins\geometrymeasure\linelinei\x64\release\moc_toolnterface.obj
e:\qmacvisual(cv3)\qplugins\geometrymeasure\linelinei\x64\release\moc_imageitem.obj
e:\qmacvisual(cv3)\qplugins\geometrymeasure\linelinei\x64\release\uic\ui_frmlinelinei.h
e:\qmacvisual(cv3)\qplugins\geometrymeasure\linelinei\x64\release\rcc\qrc_sub_res.cpp
e:\qmacvisual(cv3)\qplugins\geometrymeasure\linelinei\x64\release\moc\moc_toolnterface.cpp
e:\qmacvisual(cv3)\qplugins\geometrymeasure\linelinei\x64\release\moc\moc_qtoolbase.cpp
e:\qmacvisual(cv3)\qplugins\geometrymeasure\linelinei\x64\release\moc\moc_mytitlebar.cpp
e:\qmacvisual(cv3)\qplugins\geometrymeasure\linelinei\x64\release\moc\moc_qgraphicsviews.cpp
e:\qmacvisual(cv3)\qplugins\geometrymeasure\linelinei\x64\release\moc\moc_qgraphicsscenes.cpp
e:\qmacvisual(cv3)\qplugins\geometrymeasure\linelinei\x64\release\moc\moc_baseitem.cpp
e:\qmacvisual(cv3)\qplugins\geometrymeasure\linelinei\x64\release\moc\moc_controlitem.cpp
e:\qmacvisual(cv3)\qplugins\geometrymeasure\linelinei\x64\release\moc\moc_imageitem.cpp
e:\qmacvisual(cv3)\qplugins\geometrymeasure\linelinei\x64\release\moc\moc_frmlinelinei.cpp
e:\qmacvisual(cv3)\qplugins\geometrymeasure\linelinei\x64\release\moc\moc_linelinei.cpp
e:\qmacvisual(cv3)\qsoftexe\release\plugins\linelinei.lib
e:\qmacvisual(cv3)\qsoftexe\release\plugins\linelinei.exp
e:\qmacvisual(cv3)\qsoftexe\release\plugins\linelinei.dll
e:\qmacvisual(cv3)\qplugins\geometrymeasure\linelinei\x64\release\linelinei.tlog\cl.command.1.tlog
e:\qmacvisual(cv3)\qplugins\geometrymeasure\linelinei\x64\release\linelinei.tlog\cl.read.1.tlog
e:\qmacvisual(cv3)\qplugins\geometrymeasure\linelinei\x64\release\linelinei.tlog\cl.write.1.tlog
e:\qmacvisual(cv3)\qplugins\geometrymeasure\linelinei\x64\release\linelinei.tlog\linelinei.write.1u.tlog
e:\qmacvisual(cv3)\qplugins\geometrymeasure\linelinei\x64\release\linelinei.tlog\link.command.1.tlog
e:\qmacvisual(cv3)\qplugins\geometrymeasure\linelinei\x64\release\linelinei.tlog\link.read.1.tlog
e:\qmacvisual(cv3)\qplugins\geometrymeasure\linelinei\x64\release\linelinei.tlog\link.write.1.tlog
e:\qmacvisual(cv3)\qplugins\geometrymeasure\linelinei\x64\release\linelinei.tlog\moc.read.1u.tlog
e:\qmacvisual(cv3)\qplugins\geometrymeasure\linelinei\x64\release\linelinei.tlog\moc.write.1u.tlog
e:\qmacvisual(cv3)\qplugins\geometrymeasure\linelinei\x64\release\linelinei.tlog\rcc.read.1u.tlog
e:\qmacvisual(cv3)\qplugins\geometrymeasure\linelinei\x64\release\linelinei.tlog\rcc.write.1u.tlog
e:\qmacvisual(cv3)\qplugins\geometrymeasure\linelinei\x64\release\linelinei.tlog\uic.read.1u.tlog
e:\qmacvisual(cv3)\qplugins\geometrymeasure\linelinei\x64\release\linelinei.tlog\uic.write.1u.tlog
