e:\qmacvisual(cv3)\qplugins\communicatetools\sockettcpserver\x64\debug\vc142.pdb
e:\qmacvisual(cv3)\qplugins\communicatetools\sockettcpserver\x64\debug\qrc_sub_res.obj
e:\qmacvisual(cv3)\qplugins\communicatetools\sockettcpserver\x64\debug\frmsockettcpserver.obj
e:\qmacvisual(cv3)\qplugins\communicatetools\sockettcpserver\x64\debug\sockettcpserver.obj
e:\qmacvisual(cv3)\qplugins\communicatetools\sockettcpserver\x64\debug\toolnterface.obj
e:\qmacvisual(cv3)\qplugins\communicatetools\sockettcpserver\x64\debug\mytitlebar.obj
e:\qmacvisual(cv3)\qplugins\communicatetools\sockettcpserver\x64\debug\moc_mytitlebar.obj
e:\qmacvisual(cv3)\qplugins\communicatetools\sockettcpserver\x64\debug\moc_frmsockettcpserver.obj
e:\qmacvisual(cv3)\qplugins\communicatetools\sockettcpserver\x64\debug\moc_toolnterface.obj
e:\qmacvisual(cv3)\qplugins\communicatetools\sockettcpserver\x64\debug\moc_sockettcpserver.obj
e:\qmacvisual(cv3)\qplugins\communicatetools\sockettcpserver\x64\debug\moc_qtoolbase.obj
e:\qmacvisual(cv3)\qsoftexe\debug\plugins\sockettcpserver.ilk
e:\qmacvisual(cv3)\qsoftexe\debug\plugins\sockettcpserver.dll
e:\qmacvisual(cv3)\qsoftexe\debug\plugins\sockettcpserver.pdb
e:\qmacvisual(cv3)\qplugins\communicatetools\sockettcpserver\x64\debug\moc\moc_toolnterface.cpp
e:\qmacvisual(cv3)\qplugins\communicatetools\sockettcpserver\x64\debug\moc\moc_frmsockettcpserver.cpp
e:\qmacvisual(cv3)\qplugins\communicatetools\sockettcpserver\x64\debug\moc\moc_mytitlebar.cpp
e:\qmacvisual(cv3)\qplugins\communicatetools\sockettcpserver\x64\debug\moc\moc_qtoolbase.cpp
e:\qmacvisual(cv3)\qplugins\communicatetools\sockettcpserver\x64\debug\moc\moc_sockettcpserver.cpp
e:\qmacvisual(cv3)\qplugins\communicatetools\sockettcpserver\x64\debug\rcc\qrc_sub_res.cpp
e:\qmacvisual(cv3)\qplugins\communicatetools\sockettcpserver\x64\debug\uic\ui_frmsockettcpserver.h
e:\qmacvisual(cv3)\qsoftexe\debug\plugins\sockettcpserver.lib
e:\qmacvisual(cv3)\qsoftexe\debug\plugins\sockettcpserver.exp
e:\qmacvisual(cv3)\qplugins\communicatetools\sockettcpserver\x64\debug\sockettcpserver.tlog\cl.command.1.tlog
e:\qmacvisual(cv3)\qplugins\communicatetools\sockettcpserver\x64\debug\sockettcpserver.tlog\cl.read.1.tlog
e:\qmacvisual(cv3)\qplugins\communicatetools\sockettcpserver\x64\debug\sockettcpserver.tlog\cl.write.1.tlog
e:\qmacvisual(cv3)\qplugins\communicatetools\sockettcpserver\x64\debug\sockettcpserver.tlog\link.command.1.tlog
e:\qmacvisual(cv3)\qplugins\communicatetools\sockettcpserver\x64\debug\sockettcpserver.tlog\link.read.1.tlog
e:\qmacvisual(cv3)\qplugins\communicatetools\sockettcpserver\x64\debug\sockettcpserver.tlog\link.write.1.tlog
e:\qmacvisual(cv3)\qplugins\communicatetools\sockettcpserver\x64\debug\sockettcpserver.tlog\moc.read.1u.tlog
e:\qmacvisual(cv3)\qplugins\communicatetools\sockettcpserver\x64\debug\sockettcpserver.tlog\moc.write.1u.tlog
e:\qmacvisual(cv3)\qplugins\communicatetools\sockettcpserver\x64\debug\sockettcpserver.tlog\rcc.read.1u.tlog
e:\qmacvisual(cv3)\qplugins\communicatetools\sockettcpserver\x64\debug\sockettcpserver.tlog\rcc.write.1u.tlog
e:\qmacvisual(cv3)\qplugins\communicatetools\sockettcpserver\x64\debug\sockettcpserver.tlog\sockettcpserver.write.1u.tlog
e:\qmacvisual(cv3)\qplugins\communicatetools\sockettcpserver\x64\debug\sockettcpserver.tlog\uic.read.1u.tlog
e:\qmacvisual(cv3)\qplugins\communicatetools\sockettcpserver\x64\debug\sockettcpserver.tlog\uic.write.1u.tlog
