e:\qmacvisual(cv3)\qplugins\systemtools\exportcsv\x64\debug\vc142.pdb
e:\qmacvisual(cv3)\qplugins\systemtools\exportcsv\x64\debug\qrc_sub_res.obj
e:\qmacvisual(cv3)\qplugins\systemtools\exportcsv\x64\debug\exportcsv.obj
e:\qmacvisual(cv3)\qplugins\systemtools\exportcsv\x64\debug\frmexportcsv.obj
e:\qmacvisual(cv3)\qplugins\systemtools\exportcsv\x64\debug\toolnterface.obj
e:\qmacvisual(cv3)\qplugins\systemtools\exportcsv\x64\debug\mytitlebar.obj
e:\qmacvisual(cv3)\qplugins\systemtools\exportcsv\x64\debug\moc_qtoolbase.obj
e:\qmacvisual(cv3)\qplugins\systemtools\exportcsv\x64\debug\moc_mytitlebar.obj
e:\qmacvisual(cv3)\qplugins\systemtools\exportcsv\x64\debug\moc_toolnterface.obj
e:\qmacvisual(cv3)\qplugins\systemtools\exportcsv\x64\debug\moc_exportcsv.obj
e:\qmacvisual(cv3)\qplugins\systemtools\exportcsv\x64\debug\moc_frmexportcsv.obj
e:\qmacvisual(cv3)\qplugins\systemtools\exportcsv\x64\debug\uic\ui_frmexportcsv.h
e:\qmacvisual(cv3)\qplugins\systemtools\exportcsv\x64\debug\rcc\qrc_sub_res.cpp
e:\qmacvisual(cv3)\qplugins\systemtools\exportcsv\x64\debug\moc\moc_toolnterface.cpp
e:\qmacvisual(cv3)\qplugins\systemtools\exportcsv\x64\debug\moc\moc_qtoolbase.cpp
e:\qmacvisual(cv3)\qplugins\systemtools\exportcsv\x64\debug\moc\moc_frmexportcsv.cpp
e:\qmacvisual(cv3)\qplugins\systemtools\exportcsv\x64\debug\moc\moc_mytitlebar.cpp
e:\qmacvisual(cv3)\qplugins\systemtools\exportcsv\x64\debug\moc\moc_exportcsv.cpp
e:\qmacvisual(cv3)\qsoftexe\debug\plugins\exportcsv.lib
e:\qmacvisual(cv3)\qsoftexe\debug\plugins\exportcsv.exp
e:\qmacvisual(cv3)\qsoftexe\debug\plugins\exportcsv.ilk
e:\qmacvisual(cv3)\qsoftexe\debug\plugins\exportcsv.dll
e:\qmacvisual(cv3)\qsoftexe\debug\plugins\exportcsv.pdb
e:\qmacvisual(cv3)\qplugins\systemtools\exportcsv\x64\debug\exportcsv.tlog\cl.command.1.tlog
e:\qmacvisual(cv3)\qplugins\systemtools\exportcsv\x64\debug\exportcsv.tlog\cl.read.1.tlog
e:\qmacvisual(cv3)\qplugins\systemtools\exportcsv\x64\debug\exportcsv.tlog\cl.write.1.tlog
e:\qmacvisual(cv3)\qplugins\systemtools\exportcsv\x64\debug\exportcsv.tlog\exportcsv.write.1u.tlog
e:\qmacvisual(cv3)\qplugins\systemtools\exportcsv\x64\debug\exportcsv.tlog\link.command.1.tlog
e:\qmacvisual(cv3)\qplugins\systemtools\exportcsv\x64\debug\exportcsv.tlog\link.read.1.tlog
e:\qmacvisual(cv3)\qplugins\systemtools\exportcsv\x64\debug\exportcsv.tlog\link.write.1.tlog
e:\qmacvisual(cv3)\qplugins\systemtools\exportcsv\x64\debug\exportcsv.tlog\moc.read.1u.tlog
e:\qmacvisual(cv3)\qplugins\systemtools\exportcsv\x64\debug\exportcsv.tlog\moc.write.1u.tlog
e:\qmacvisual(cv3)\qplugins\systemtools\exportcsv\x64\debug\exportcsv.tlog\rcc.read.1u.tlog
e:\qmacvisual(cv3)\qplugins\systemtools\exportcsv\x64\debug\exportcsv.tlog\rcc.write.1u.tlog
e:\qmacvisual(cv3)\qplugins\systemtools\exportcsv\x64\debug\exportcsv.tlog\uic.read.1u.tlog
e:\qmacvisual(cv3)\qplugins\systemtools\exportcsv\x64\debug\exportcsv.tlog\uic.write.1u.tlog
