e:\qmacvisual(cv3)\qplugins\imageprocess\imagesplice\x64\debug\vc142.pdb
e:\qmacvisual(cv3)\qplugins\imageprocess\imagesplice\x64\debug\qrc_sub_res.obj
e:\qmacvisual(cv3)\qplugins\imageprocess\imagesplice\x64\debug\qgraphicsscenes.obj
e:\qmacvisual(cv3)\qplugins\imageprocess\imagesplice\x64\debug\mytitlebar.obj
e:\qmacvisual(cv3)\qplugins\imageprocess\imagesplice\x64\debug\imagesplice.obj
e:\qmacvisual(cv3)\qplugins\imageprocess\imagesplice\x64\debug\controlitem.obj
e:\qmacvisual(cv3)\qplugins\imageprocess\imagesplice\x64\debug\baseitem.obj
e:\qmacvisual(cv3)\qplugins\imageprocess\imagesplice\x64\debug\qgraphicsviews.obj
e:\qmacvisual(cv3)\qplugins\imageprocess\imagesplice\x64\debug\toolnterface.obj
e:\qmacvisual(cv3)\qplugins\imageprocess\imagesplice\x64\debug\imageitem.obj
e:\qmacvisual(cv3)\qplugins\imageprocess\imagesplice\x64\debug\frmimagesplice.obj
e:\qmacvisual(cv3)\qplugins\imageprocess\imagesplice\x64\debug\moc_imageitem.obj
e:\qmacvisual(cv3)\qplugins\imageprocess\imagesplice\x64\debug\moc_baseitem.obj
e:\qmacvisual(cv3)\qplugins\imageprocess\imagesplice\x64\debug\moc_imagesplice.obj
e:\qmacvisual(cv3)\qplugins\imageprocess\imagesplice\x64\debug\moc_mytitlebar.obj
e:\qmacvisual(cv3)\qplugins\imageprocess\imagesplice\x64\debug\moc_qgraphicsscenes.obj
e:\qmacvisual(cv3)\qplugins\imageprocess\imagesplice\x64\debug\moc_controlitem.obj
e:\qmacvisual(cv3)\qplugins\imageprocess\imagesplice\x64\debug\moc_qtoolbase.obj
e:\qmacvisual(cv3)\qplugins\imageprocess\imagesplice\x64\debug\moc_frmimagesplice.obj
e:\qmacvisual(cv3)\qplugins\imageprocess\imagesplice\x64\debug\moc_qgraphicsviews.obj
e:\qmacvisual(cv3)\qplugins\imageprocess\imagesplice\x64\debug\moc_toolnterface.obj
e:\qmacvisual(cv3)\qplugins\imageprocess\imagesplice\x64\debug\uic\ui_frmimagesplice.h
e:\qmacvisual(cv3)\qplugins\imageprocess\imagesplice\x64\debug\rcc\qrc_sub_res.cpp
e:\qmacvisual(cv3)\qplugins\imageprocess\imagesplice\x64\debug\moc\moc_toolnterface.cpp
e:\qmacvisual(cv3)\qplugins\imageprocess\imagesplice\x64\debug\moc\moc_qtoolbase.cpp
e:\qmacvisual(cv3)\qplugins\imageprocess\imagesplice\x64\debug\moc\moc_frmimagesplice.cpp
e:\qmacvisual(cv3)\qplugins\imageprocess\imagesplice\x64\debug\moc\moc_imageitem.cpp
e:\qmacvisual(cv3)\qplugins\imageprocess\imagesplice\x64\debug\moc\moc_mytitlebar.cpp
e:\qmacvisual(cv3)\qplugins\imageprocess\imagesplice\x64\debug\moc\moc_qgraphicsviews.cpp
e:\qmacvisual(cv3)\qplugins\imageprocess\imagesplice\x64\debug\moc\moc_qgraphicsscenes.cpp
e:\qmacvisual(cv3)\qplugins\imageprocess\imagesplice\x64\debug\moc\moc_baseitem.cpp
e:\qmacvisual(cv3)\qplugins\imageprocess\imagesplice\x64\debug\moc\moc_controlitem.cpp
e:\qmacvisual(cv3)\qplugins\imageprocess\imagesplice\x64\debug\moc\moc_imagesplice.cpp
e:\qmacvisual(cv3)\qsoftexe\debug\plugins\imagesplice.lib
e:\qmacvisual(cv3)\qsoftexe\debug\plugins\imagesplice.exp
e:\qmacvisual(cv3)\qsoftexe\debug\plugins\imagesplice.ilk
e:\qmacvisual(cv3)\qsoftexe\debug\plugins\imagesplice.dll
e:\qmacvisual(cv3)\qsoftexe\debug\plugins\imagesplice.pdb
e:\qmacvisual(cv3)\qplugins\imageprocess\imagesplice\x64\debug\imagesplice.tlog\cl.command.1.tlog
e:\qmacvisual(cv3)\qplugins\imageprocess\imagesplice\x64\debug\imagesplice.tlog\cl.read.1.tlog
e:\qmacvisual(cv3)\qplugins\imageprocess\imagesplice\x64\debug\imagesplice.tlog\cl.write.1.tlog
e:\qmacvisual(cv3)\qplugins\imageprocess\imagesplice\x64\debug\imagesplice.tlog\imagesplice.write.1u.tlog
e:\qmacvisual(cv3)\qplugins\imageprocess\imagesplice\x64\debug\imagesplice.tlog\link.command.1.tlog
e:\qmacvisual(cv3)\qplugins\imageprocess\imagesplice\x64\debug\imagesplice.tlog\link.read.1.tlog
e:\qmacvisual(cv3)\qplugins\imageprocess\imagesplice\x64\debug\imagesplice.tlog\link.write.1.tlog
e:\qmacvisual(cv3)\qplugins\imageprocess\imagesplice\x64\debug\imagesplice.tlog\moc.read.1u.tlog
e:\qmacvisual(cv3)\qplugins\imageprocess\imagesplice\x64\debug\imagesplice.tlog\moc.write.1u.tlog
e:\qmacvisual(cv3)\qplugins\imageprocess\imagesplice\x64\debug\imagesplice.tlog\rcc.read.1u.tlog
e:\qmacvisual(cv3)\qplugins\imageprocess\imagesplice\x64\debug\imagesplice.tlog\rcc.write.1u.tlog
e:\qmacvisual(cv3)\qplugins\imageprocess\imagesplice\x64\debug\imagesplice.tlog\uic.read.1u.tlog
e:\qmacvisual(cv3)\qplugins\imageprocess\imagesplice\x64\debug\imagesplice.tlog\uic.write.1u.tlog
