e:\qmacvisual(cv3)\qplugins\geometrytools\fitline\x64\release\qrc_sub_res.obj
e:\qmacvisual(cv3)\qplugins\geometrytools\fitline\x64\release\imageitem.obj
e:\qmacvisual(cv3)\qplugins\geometrytools\fitline\x64\release\baseitem.obj
e:\qmacvisual(cv3)\qplugins\geometrytools\fitline\x64\release\mytitlebar.obj
e:\qmacvisual(cv3)\qplugins\geometrytools\fitline\x64\release\fitline.obj
e:\qmacvisual(cv3)\qplugins\geometrytools\fitline\x64\release\frmfitline.obj
e:\qmacvisual(cv3)\qplugins\geometrytools\fitline\x64\release\controlitem.obj
e:\qmacvisual(cv3)\qplugins\geometrytools\fitline\x64\release\qgraphicsviews.obj
e:\qmacvisual(cv3)\qplugins\geometrytools\fitline\x64\release\qgraphicsscenes.obj
e:\qmacvisual(cv3)\qplugins\geometrytools\fitline\x64\release\toolnterface.obj
e:\qmacvisual(cv3)\qplugins\geometrytools\fitline\x64\release\moc_toolnterface.obj
e:\qmacvisual(cv3)\qplugins\geometrytools\fitline\x64\release\moc_mytitlebar.obj
e:\qmacvisual(cv3)\qplugins\geometrytools\fitline\x64\release\moc_controlitem.obj
e:\qmacvisual(cv3)\qplugins\geometrytools\fitline\x64\release\moc_baseitem.obj
e:\qmacvisual(cv3)\qplugins\geometrytools\fitline\x64\release\moc_qgraphicsscenes.obj
e:\qmacvisual(cv3)\qplugins\geometrytools\fitline\x64\release\moc_frmfitline.obj
e:\qmacvisual(cv3)\qplugins\geometrytools\fitline\x64\release\moc_imageitem.obj
e:\qmacvisual(cv3)\qplugins\geometrytools\fitline\x64\release\moc_fitline.obj
e:\qmacvisual(cv3)\qplugins\geometrytools\fitline\x64\release\moc_qtoolbase.obj
e:\qmacvisual(cv3)\qplugins\geometrytools\fitline\x64\release\moc_qgraphicsviews.obj
e:\qmacvisual(cv3)\qplugins\geometrytools\fitline\x64\release\uic\ui_frmfitline.h
e:\qmacvisual(cv3)\qplugins\geometrytools\fitline\x64\release\rcc\qrc_sub_res.cpp
e:\qmacvisual(cv3)\qplugins\geometrytools\fitline\x64\release\moc\moc_toolnterface.cpp
e:\qmacvisual(cv3)\qplugins\geometrytools\fitline\x64\release\moc\moc_qtoolbase.cpp
e:\qmacvisual(cv3)\qplugins\geometrytools\fitline\x64\release\moc\moc_mytitlebar.cpp
e:\qmacvisual(cv3)\qplugins\geometrytools\fitline\x64\release\moc\moc_frmfitline.cpp
e:\qmacvisual(cv3)\qplugins\geometrytools\fitline\x64\release\moc\moc_qgraphicsviews.cpp
e:\qmacvisual(cv3)\qplugins\geometrytools\fitline\x64\release\moc\moc_qgraphicsscenes.cpp
e:\qmacvisual(cv3)\qplugins\geometrytools\fitline\x64\release\moc\moc_imageitem.cpp
e:\qmacvisual(cv3)\qplugins\geometrytools\fitline\x64\release\moc\moc_baseitem.cpp
e:\qmacvisual(cv3)\qplugins\geometrytools\fitline\x64\release\moc\moc_controlitem.cpp
e:\qmacvisual(cv3)\qplugins\geometrytools\fitline\x64\release\moc\moc_fitline.cpp
e:\qmacvisual(cv3)\qsoftexe\release\plugins\fitline.lib
e:\qmacvisual(cv3)\qsoftexe\release\plugins\fitline.exp
e:\qmacvisual(cv3)\qsoftexe\release\plugins\fitline.dll
e:\qmacvisual(cv3)\qplugins\geometrytools\fitline\x64\release\fitline.tlog\cl.command.1.tlog
e:\qmacvisual(cv3)\qplugins\geometrytools\fitline\x64\release\fitline.tlog\cl.read.1.tlog
e:\qmacvisual(cv3)\qplugins\geometrytools\fitline\x64\release\fitline.tlog\cl.write.1.tlog
e:\qmacvisual(cv3)\qplugins\geometrytools\fitline\x64\release\fitline.tlog\fitline.write.1u.tlog
e:\qmacvisual(cv3)\qplugins\geometrytools\fitline\x64\release\fitline.tlog\link.command.1.tlog
e:\qmacvisual(cv3)\qplugins\geometrytools\fitline\x64\release\fitline.tlog\link.read.1.tlog
e:\qmacvisual(cv3)\qplugins\geometrytools\fitline\x64\release\fitline.tlog\link.write.1.tlog
e:\qmacvisual(cv3)\qplugins\geometrytools\fitline\x64\release\fitline.tlog\moc.read.1u.tlog
e:\qmacvisual(cv3)\qplugins\geometrytools\fitline\x64\release\fitline.tlog\moc.write.1u.tlog
e:\qmacvisual(cv3)\qplugins\geometrytools\fitline\x64\release\fitline.tlog\rcc.read.1u.tlog
e:\qmacvisual(cv3)\qplugins\geometrytools\fitline\x64\release\fitline.tlog\rcc.write.1u.tlog
e:\qmacvisual(cv3)\qplugins\geometrytools\fitline\x64\release\fitline.tlog\uic.read.1u.tlog
e:\qmacvisual(cv3)\qplugins\geometrytools\fitline\x64\release\fitline.tlog\uic.write.1u.tlog
