  Reading Qt configuration (C:/Qt/Qt5.12.12/5.12.12/msvc2017_64/bin/qmake)
  uic frmRoundedCorners.ui
  rcc sub_res.qrc
  moc Toolnterface.h
  moc BaseItem.h
  moc ControlItem.h
  moc ImageItem.h
  moc QGraphicsScenes.h
  moc QGraphicsViews.h
  moc frmRoundedCorners.h
  moc mytitlebar.h
  moc QToolBase.h
  moc RoundedCorners.h
  Toolnterface.cpp
  BaseItem.cpp
  ControlItem.cpp
  frmRoundedCorners.cpp
  ImageItem.cpp
  mytitlebar.cpp
  QGraphicsScenes.cpp
  QGraphicsViews.cpp
  RoundedCorners.cpp
  qrc_sub_res.cpp
  moc_Toolnterface.cpp
  moc_BaseItem.cpp
  moc_ControlItem.cpp
  moc_ImageItem.cpp
  moc_QGraphicsScenes.cpp
  moc_QGraphicsViews.cpp
  moc_frmRoundedCorners.cpp
  moc_mytitlebar.cpp
  moc_QToolBase.cpp
  moc_RoundedCorners.cpp
    正在创建库 ../../../QSoftExe/Release/Plugins/RoundedCorners.lib 和对象 ../../../QSoftExe/Release/Plugins/RoundedCorners.exp
  RoundedCorners.vcxproj -> E:\QMacVisual(CV3)\QSoftExe\Release\Plugins\RoundedCorners.dll
