  Reading Qt configuration (C:/Qt/Qt5.12.12/5.12.12/msvc2017_64/bin/qmake)
  uic frmScriptEdit.ui
  rcc sub_res.qrc
  moc Toolnterface.h
  moc frmScriptEdit.h
  moc codeeditor.h
  moc highlighter.h
  moc mytitlebar.h
  moc QToolBase.h
  moc ScriptEdit.h
  codeeditor.cpp
  gvariable.cpp
  highlighter.cpp
  Toolnterface.cpp
  frmScriptEdit.cpp
  mytitlebar.cpp
  ScriptEdit.cpp
  qrc_sub_res.cpp
  moc_Toolnterface.cpp
  moc_frmScriptEdit.cpp
  moc_codeeditor.cpp
  moc_highlighter.cpp
  moc_mytitlebar.cpp
  moc_QToolBase.cpp
  moc_ScriptEdit.cpp
    正在创建库 ../../../QSoftExe/Release/Plugins/ScriptEdit.lib 和对象 ../../../QSoftExe/Release/Plugins/ScriptEdit.exp
  ScriptEdit.vcxproj -> E:\QMacVisual(CV3)\QSoftExe\Release\Plugins\ScriptEdit.dll
