e:\qmacvisual(cv3)\qplugins\logicaltools\scriptedit\x64\release\qrc_sub_res.obj
e:\qmacvisual(cv3)\qplugins\logicaltools\scriptedit\x64\release\frmscriptedit.obj
e:\qmacvisual(cv3)\qplugins\logicaltools\scriptedit\x64\release\codeeditor.obj
e:\qmacvisual(cv3)\qplugins\logicaltools\scriptedit\x64\release\highlighter.obj
e:\qmacvisual(cv3)\qplugins\logicaltools\scriptedit\x64\release\scriptedit.obj
e:\qmacvisual(cv3)\qplugins\logicaltools\scriptedit\x64\release\gvariable.obj
e:\qmacvisual(cv3)\qplugins\logicaltools\scriptedit\x64\release\mytitlebar.obj
e:\qmacvisual(cv3)\qplugins\logicaltools\scriptedit\x64\release\toolnterface.obj
e:\qmacvisual(cv3)\qplugins\logicaltools\scriptedit\x64\release\moc_codeeditor.obj
e:\qmacvisual(cv3)\qplugins\logicaltools\scriptedit\x64\release\moc_qtoolbase.obj
e:\qmacvisual(cv3)\qplugins\logicaltools\scriptedit\x64\release\moc_mytitlebar.obj
e:\qmacvisual(cv3)\qplugins\logicaltools\scriptedit\x64\release\moc_frmscriptedit.obj
e:\qmacvisual(cv3)\qplugins\logicaltools\scriptedit\x64\release\moc_toolnterface.obj
e:\qmacvisual(cv3)\qplugins\logicaltools\scriptedit\x64\release\moc_highlighter.obj
e:\qmacvisual(cv3)\qplugins\logicaltools\scriptedit\x64\release\moc_scriptedit.obj
e:\qmacvisual(cv3)\qsoftexe\release\plugins\scriptedit.dll
e:\qmacvisual(cv3)\qplugins\logicaltools\scriptedit\x64\release\moc\moc_toolnterface.cpp
e:\qmacvisual(cv3)\qplugins\logicaltools\scriptedit\x64\release\moc\moc_frmscriptedit.cpp
e:\qmacvisual(cv3)\qplugins\logicaltools\scriptedit\x64\release\moc\moc_codeeditor.cpp
e:\qmacvisual(cv3)\qplugins\logicaltools\scriptedit\x64\release\moc\moc_highlighter.cpp
e:\qmacvisual(cv3)\qplugins\logicaltools\scriptedit\x64\release\moc\moc_mytitlebar.cpp
e:\qmacvisual(cv3)\qplugins\logicaltools\scriptedit\x64\release\moc\moc_qtoolbase.cpp
e:\qmacvisual(cv3)\qplugins\logicaltools\scriptedit\x64\release\moc\moc_scriptedit.cpp
e:\qmacvisual(cv3)\qplugins\logicaltools\scriptedit\x64\release\rcc\qrc_sub_res.cpp
e:\qmacvisual(cv3)\qplugins\logicaltools\scriptedit\x64\release\uic\ui_frmscriptedit.h
e:\qmacvisual(cv3)\qsoftexe\release\plugins\scriptedit.lib
e:\qmacvisual(cv3)\qsoftexe\release\plugins\scriptedit.exp
e:\qmacvisual(cv3)\qplugins\logicaltools\scriptedit\x64\release\scriptedit.tlog\cl.command.1.tlog
e:\qmacvisual(cv3)\qplugins\logicaltools\scriptedit\x64\release\scriptedit.tlog\cl.read.1.tlog
e:\qmacvisual(cv3)\qplugins\logicaltools\scriptedit\x64\release\scriptedit.tlog\cl.write.1.tlog
e:\qmacvisual(cv3)\qplugins\logicaltools\scriptedit\x64\release\scriptedit.tlog\link.command.1.tlog
e:\qmacvisual(cv3)\qplugins\logicaltools\scriptedit\x64\release\scriptedit.tlog\link.read.1.tlog
e:\qmacvisual(cv3)\qplugins\logicaltools\scriptedit\x64\release\scriptedit.tlog\link.write.1.tlog
e:\qmacvisual(cv3)\qplugins\logicaltools\scriptedit\x64\release\scriptedit.tlog\moc.read.1u.tlog
e:\qmacvisual(cv3)\qplugins\logicaltools\scriptedit\x64\release\scriptedit.tlog\moc.write.1u.tlog
e:\qmacvisual(cv3)\qplugins\logicaltools\scriptedit\x64\release\scriptedit.tlog\rcc.read.1u.tlog
e:\qmacvisual(cv3)\qplugins\logicaltools\scriptedit\x64\release\scriptedit.tlog\rcc.write.1u.tlog
e:\qmacvisual(cv3)\qplugins\logicaltools\scriptedit\x64\release\scriptedit.tlog\scriptedit.write.1u.tlog
e:\qmacvisual(cv3)\qplugins\logicaltools\scriptedit\x64\release\scriptedit.tlog\uic.read.1u.tlog
e:\qmacvisual(cv3)\qplugins\logicaltools\scriptedit\x64\release\scriptedit.tlog\uic.write.1u.tlog
