e:\qmacvisual(cv3)\qplugins\detectidentify\brightness\x64\release\uic\ui_frmbrightness.h
e:\qmacvisual(cv3)\qplugins\detectidentify\brightness\x64\release\rcc\qrc_sub_res.cpp
e:\qmacvisual(cv3)\qplugins\detectidentify\brightness\x64\release\moc\moc_toolnterface.cpp
e:\qmacvisual(cv3)\qplugins\detectidentify\brightness\x64\release\moc\moc_qtoolbase.cpp
e:\qmacvisual(cv3)\qplugins\detectidentify\brightness\x64\release\moc\moc_mytitlebar.cpp
e:\qmacvisual(cv3)\qplugins\detectidentify\brightness\x64\release\moc\moc_frmbrightness.cpp
e:\qmacvisual(cv3)\qplugins\detectidentify\brightness\x64\release\moc\moc_qgraphicsviews.cpp
e:\qmacvisual(cv3)\qplugins\detectidentify\brightness\x64\release\moc\moc_qgraphicsscenes.cpp
e:\qmacvisual(cv3)\qplugins\detectidentify\brightness\x64\release\moc\moc_imageitem.cpp
e:\qmacvisual(cv3)\qplugins\detectidentify\brightness\x64\release\moc\moc_controlitem.cpp
e:\qmacvisual(cv3)\qplugins\detectidentify\brightness\x64\release\moc\moc_baseitem.cpp
e:\qmacvisual(cv3)\qplugins\detectidentify\brightness\x64\release\moc\moc_brightness.cpp
e:\qmacvisual(cv3)\qsoftexe\release\plugins\brightness.lib
e:\qmacvisual(cv3)\qsoftexe\release\plugins\brightness.exp
e:\qmacvisual(cv3)\qplugins\detectidentify\brightness\x64\release\qrc_sub_res.obj
e:\qmacvisual(cv3)\qplugins\detectidentify\brightness\x64\release\mytitlebar.obj
e:\qmacvisual(cv3)\qplugins\detectidentify\brightness\x64\release\qgraphicsscenes.obj
e:\qmacvisual(cv3)\qplugins\detectidentify\brightness\x64\release\qgraphicsviews.obj
e:\qmacvisual(cv3)\qplugins\detectidentify\brightness\x64\release\frmbrightness.obj
e:\qmacvisual(cv3)\qplugins\detectidentify\brightness\x64\release\controlitem.obj
e:\qmacvisual(cv3)\qplugins\detectidentify\brightness\x64\release\brightness.obj
e:\qmacvisual(cv3)\qplugins\detectidentify\brightness\x64\release\baseitem.obj
e:\qmacvisual(cv3)\qplugins\detectidentify\brightness\x64\release\toolnterface.obj
e:\qmacvisual(cv3)\qplugins\detectidentify\brightness\x64\release\imageitem.obj
e:\qmacvisual(cv3)\qplugins\detectidentify\brightness\x64\release\moc_toolnterface.obj
e:\qmacvisual(cv3)\qplugins\detectidentify\brightness\x64\release\moc_qgraphicsscenes.obj
e:\qmacvisual(cv3)\qplugins\detectidentify\brightness\x64\release\moc_baseitem.obj
e:\qmacvisual(cv3)\qplugins\detectidentify\brightness\x64\release\moc_qgraphicsviews.obj
e:\qmacvisual(cv3)\qplugins\detectidentify\brightness\x64\release\moc_controlitem.obj
e:\qmacvisual(cv3)\qplugins\detectidentify\brightness\x64\release\moc_qtoolbase.obj
e:\qmacvisual(cv3)\qplugins\detectidentify\brightness\x64\release\moc_frmbrightness.obj
e:\qmacvisual(cv3)\qplugins\detectidentify\brightness\x64\release\moc_mytitlebar.obj
e:\qmacvisual(cv3)\qplugins\detectidentify\brightness\x64\release\moc_imageitem.obj
e:\qmacvisual(cv3)\qplugins\detectidentify\brightness\x64\release\moc_brightness.obj
e:\qmacvisual(cv3)\qsoftexe\release\plugins\brightness.dll
e:\qmacvisual(cv3)\qplugins\detectidentify\brightness\x64\release\brightness.tlog\brightness.write.1u.tlog
e:\qmacvisual(cv3)\qplugins\detectidentify\brightness\x64\release\brightness.tlog\cl.command.1.tlog
e:\qmacvisual(cv3)\qplugins\detectidentify\brightness\x64\release\brightness.tlog\cl.read.1.tlog
e:\qmacvisual(cv3)\qplugins\detectidentify\brightness\x64\release\brightness.tlog\cl.write.1.tlog
e:\qmacvisual(cv3)\qplugins\detectidentify\brightness\x64\release\brightness.tlog\link.command.1.tlog
e:\qmacvisual(cv3)\qplugins\detectidentify\brightness\x64\release\brightness.tlog\link.read.1.tlog
e:\qmacvisual(cv3)\qplugins\detectidentify\brightness\x64\release\brightness.tlog\link.write.1.tlog
e:\qmacvisual(cv3)\qplugins\detectidentify\brightness\x64\release\brightness.tlog\moc.read.1u.tlog
e:\qmacvisual(cv3)\qplugins\detectidentify\brightness\x64\release\brightness.tlog\moc.write.1u.tlog
e:\qmacvisual(cv3)\qplugins\detectidentify\brightness\x64\release\brightness.tlog\rcc.read.1u.tlog
e:\qmacvisual(cv3)\qplugins\detectidentify\brightness\x64\release\brightness.tlog\rcc.write.1u.tlog
e:\qmacvisual(cv3)\qplugins\detectidentify\brightness\x64\release\brightness.tlog\uic.read.1u.tlog
e:\qmacvisual(cv3)\qplugins\detectidentify\brightness\x64\release\brightness.tlog\uic.write.1u.tlog
