   Qt/MSBuild: 3.4.0.1
   Qt: 5.14.2
  ControlItem.cpp
  frmBrightness.cpp
  ImageItem.cpp
  mytitlebar.cpp
  QGraphicsScenes.cpp
  QGraphicsViews.cpp
  Toolnterface.cpp
  BaseItem.cpp
  Brightness.cpp
  qrc_sub_res.cpp
  moc_Toolnterface.cpp
  moc_QToolBase.cpp
  moc_mytitlebar.cpp
  moc_frmBrightness.cpp
  moc_QGraphicsViews.cpp
  moc_QGraphicsScenes.cpp
  moc_ImageItem.cpp
  moc_ControlItem.cpp
  moc_BaseItem.cpp
  moc_Brightness.cpp
    正在创建库 ../../../QSoftExe/Release/Plugins/Brightness.lib 和对象 ../../../QSoftExe/Release/Plugins/Brightness.exp
  Brightness.vcxproj -> G:\QMacVisual(CV3)(25000)\QMacVisual(CV3)2022.9.21(25000)\QMacVisual(CV3)\QSoftExe\Release\Plugins\Brightness.dll
