e:\qmacvisual(cv3)\qplugins\extlibrarycases\extlibrarycase\x64\release\qrc_sub_res.obj
e:\qmacvisual(cv3)\qplugins\extlibrarycases\extlibrarycase\x64\release\qgraphicsscenes.obj
e:\qmacvisual(cv3)\qplugins\extlibrarycases\extlibrarycase\x64\release\baseitem.obj
e:\qmacvisual(cv3)\qplugins\extlibrarycases\extlibrarycase\x64\release\frmextlibrarycase.obj
e:\qmacvisual(cv3)\qplugins\extlibrarycases\extlibrarycase\x64\release\qgraphicsviews.obj
e:\qmacvisual(cv3)\qplugins\extlibrarycases\extlibrarycase\x64\release\extlibrarycase.obj
e:\qmacvisual(cv3)\qplugins\extlibrarycases\extlibrarycase\x64\release\imageitem.obj
e:\qmacvisual(cv3)\qplugins\extlibrarycases\extlibrarycase\x64\release\controlitem.obj
e:\qmacvisual(cv3)\qplugins\extlibrarycases\extlibrarycase\x64\release\mytitlebar.obj
e:\qmacvisual(cv3)\qplugins\extlibrarycases\extlibrarycase\x64\release\toolnterface.obj
e:\qmacvisual(cv3)\qplugins\extlibrarycases\extlibrarycase\x64\release\moc_imageitem.obj
e:\qmacvisual(cv3)\qplugins\extlibrarycases\extlibrarycase\x64\release\moc_qgraphicsviews.obj
e:\qmacvisual(cv3)\qplugins\extlibrarycases\extlibrarycase\x64\release\moc_qgraphicsscenes.obj
e:\qmacvisual(cv3)\qplugins\extlibrarycases\extlibrarycase\x64\release\moc_qtoolbase.obj
e:\qmacvisual(cv3)\qplugins\extlibrarycases\extlibrarycase\x64\release\moc_toolnterface.obj
e:\qmacvisual(cv3)\qplugins\extlibrarycases\extlibrarycase\x64\release\moc_frmextlibrarycase.obj
e:\qmacvisual(cv3)\qplugins\extlibrarycases\extlibrarycase\x64\release\moc_controlitem.obj
e:\qmacvisual(cv3)\qplugins\extlibrarycases\extlibrarycase\x64\release\moc_baseitem.obj
e:\qmacvisual(cv3)\qplugins\extlibrarycases\extlibrarycase\x64\release\moc_mytitlebar.obj
e:\qmacvisual(cv3)\qplugins\extlibrarycases\extlibrarycase\x64\release\moc_extlibrarycase.obj
e:\qmacvisual(cv3)\qplugins\extlibrarycases\extlibrarycase\x64\release\uic\ui_frmextlibrarycase.h
e:\qmacvisual(cv3)\qplugins\extlibrarycases\extlibrarycase\x64\release\rcc\qrc_sub_res.cpp
e:\qmacvisual(cv3)\qplugins\extlibrarycases\extlibrarycase\x64\release\moc\moc_toolnterface.cpp
e:\qmacvisual(cv3)\qplugins\extlibrarycases\extlibrarycase\x64\release\moc\moc_baseitem.cpp
e:\qmacvisual(cv3)\qplugins\extlibrarycases\extlibrarycase\x64\release\moc\moc_controlitem.cpp
e:\qmacvisual(cv3)\qplugins\extlibrarycases\extlibrarycase\x64\release\moc\moc_qgraphicsscenes.cpp
e:\qmacvisual(cv3)\qplugins\extlibrarycases\extlibrarycase\x64\release\moc\moc_frmextlibrarycase.cpp
e:\qmacvisual(cv3)\qplugins\extlibrarycases\extlibrarycase\x64\release\moc\moc_imageitem.cpp
e:\qmacvisual(cv3)\qplugins\extlibrarycases\extlibrarycase\x64\release\moc\moc_mytitlebar.cpp
e:\qmacvisual(cv3)\qplugins\extlibrarycases\extlibrarycase\x64\release\moc\moc_qgraphicsviews.cpp
e:\qmacvisual(cv3)\qplugins\extlibrarycases\extlibrarycase\x64\release\moc\moc_qtoolbase.cpp
e:\qmacvisual(cv3)\qplugins\extlibrarycases\extlibrarycase\x64\release\moc\moc_extlibrarycase.cpp
e:\qmacvisual(cv3)\qsoftexe\release\extlibrary\extlibrarycase.lib
e:\qmacvisual(cv3)\qsoftexe\release\extlibrary\extlibrarycase.exp
e:\qmacvisual(cv3)\qsoftexe\release\extlibrary\extlibrarycase.dll
e:\qmacvisual(cv3)\qplugins\extlibrarycases\extlibrarycase\x64\release\extlibrarycase.tlog\cl.command.1.tlog
e:\qmacvisual(cv3)\qplugins\extlibrarycases\extlibrarycase\x64\release\extlibrarycase.tlog\cl.read.1.tlog
e:\qmacvisual(cv3)\qplugins\extlibrarycases\extlibrarycase\x64\release\extlibrarycase.tlog\cl.write.1.tlog
e:\qmacvisual(cv3)\qplugins\extlibrarycases\extlibrarycase\x64\release\extlibrarycase.tlog\extlibrarycase.write.1u.tlog
e:\qmacvisual(cv3)\qplugins\extlibrarycases\extlibrarycase\x64\release\extlibrarycase.tlog\link.command.1.tlog
e:\qmacvisual(cv3)\qplugins\extlibrarycases\extlibrarycase\x64\release\extlibrarycase.tlog\link.read.1.tlog
e:\qmacvisual(cv3)\qplugins\extlibrarycases\extlibrarycase\x64\release\extlibrarycase.tlog\link.write.1.tlog
e:\qmacvisual(cv3)\qplugins\extlibrarycases\extlibrarycase\x64\release\extlibrarycase.tlog\moc.read.1u.tlog
e:\qmacvisual(cv3)\qplugins\extlibrarycases\extlibrarycase\x64\release\extlibrarycase.tlog\moc.write.1u.tlog
e:\qmacvisual(cv3)\qplugins\extlibrarycases\extlibrarycase\x64\release\extlibrarycase.tlog\rcc.read.1u.tlog
e:\qmacvisual(cv3)\qplugins\extlibrarycases\extlibrarycase\x64\release\extlibrarycase.tlog\rcc.write.1u.tlog
e:\qmacvisual(cv3)\qplugins\extlibrarycases\extlibrarycase\x64\release\extlibrarycase.tlog\uic.read.1u.tlog
e:\qmacvisual(cv3)\qplugins\extlibrarycases\extlibrarycase\x64\release\extlibrarycase.tlog\uic.write.1u.tlog
