e:\qmacvisual(cv3)\qplugins\logicaltools\extensionlibrary\x64\release\qrc_sub_res.obj
e:\qmacvisual(cv3)\qplugins\logicaltools\extensionlibrary\x64\release\extensionlibrary.obj
e:\qmacvisual(cv3)\qplugins\logicaltools\extensionlibrary\x64\release\mytitlebar.obj
e:\qmacvisual(cv3)\qplugins\logicaltools\extensionlibrary\x64\release\toolnterface.obj
e:\qmacvisual(cv3)\qplugins\logicaltools\extensionlibrary\x64\release\frmextensionlibrary.obj
e:\qmacvisual(cv3)\qplugins\logicaltools\extensionlibrary\x64\release\moc_frmextensionlibrary.obj
e:\qmacvisual(cv3)\qplugins\logicaltools\extensionlibrary\x64\release\moc_qtoolbase.obj
e:\qmacvisual(cv3)\qplugins\logicaltools\extensionlibrary\x64\release\moc_toolnterface.obj
e:\qmacvisual(cv3)\qplugins\logicaltools\extensionlibrary\x64\release\moc_mytitlebar.obj
e:\qmacvisual(cv3)\qplugins\logicaltools\extensionlibrary\x64\release\moc_extensionlibrary.obj
e:\qmacvisual(cv3)\qplugins\logicaltools\extensionlibrary\x64\release\uic\ui_frmextensionlibrary.h
e:\qmacvisual(cv3)\qplugins\logicaltools\extensionlibrary\x64\release\rcc\qrc_sub_res.cpp
e:\qmacvisual(cv3)\qplugins\logicaltools\extensionlibrary\x64\release\moc\moc_toolnterface.cpp
e:\qmacvisual(cv3)\qplugins\logicaltools\extensionlibrary\x64\release\moc\moc_qtoolbase.cpp
e:\qmacvisual(cv3)\qplugins\logicaltools\extensionlibrary\x64\release\moc\moc_frmextensionlibrary.cpp
e:\qmacvisual(cv3)\qplugins\logicaltools\extensionlibrary\x64\release\moc\moc_mytitlebar.cpp
e:\qmacvisual(cv3)\qplugins\logicaltools\extensionlibrary\x64\release\moc\moc_extensionlibrary.cpp
e:\qmacvisual(cv3)\qsoftexe\release\plugins\extensionlibrary.lib
e:\qmacvisual(cv3)\qsoftexe\release\plugins\extensionlibrary.exp
e:\qmacvisual(cv3)\qsoftexe\release\plugins\extensionlibrary.dll
e:\qmacvisual(cv3)\qplugins\logicaltools\extensionlibrary\x64\release\extensionlibrary.tlog\cl.command.1.tlog
e:\qmacvisual(cv3)\qplugins\logicaltools\extensionlibrary\x64\release\extensionlibrary.tlog\cl.read.1.tlog
e:\qmacvisual(cv3)\qplugins\logicaltools\extensionlibrary\x64\release\extensionlibrary.tlog\cl.write.1.tlog
e:\qmacvisual(cv3)\qplugins\logicaltools\extensionlibrary\x64\release\extensionlibrary.tlog\extensionlibrary.write.1u.tlog
e:\qmacvisual(cv3)\qplugins\logicaltools\extensionlibrary\x64\release\extensionlibrary.tlog\link.command.1.tlog
e:\qmacvisual(cv3)\qplugins\logicaltools\extensionlibrary\x64\release\extensionlibrary.tlog\link.read.1.tlog
e:\qmacvisual(cv3)\qplugins\logicaltools\extensionlibrary\x64\release\extensionlibrary.tlog\link.write.1.tlog
e:\qmacvisual(cv3)\qplugins\logicaltools\extensionlibrary\x64\release\extensionlibrary.tlog\moc.read.1u.tlog
e:\qmacvisual(cv3)\qplugins\logicaltools\extensionlibrary\x64\release\extensionlibrary.tlog\moc.write.1u.tlog
e:\qmacvisual(cv3)\qplugins\logicaltools\extensionlibrary\x64\release\extensionlibrary.tlog\rcc.read.1u.tlog
e:\qmacvisual(cv3)\qplugins\logicaltools\extensionlibrary\x64\release\extensionlibrary.tlog\rcc.write.1u.tlog
e:\qmacvisual(cv3)\qplugins\logicaltools\extensionlibrary\x64\release\extensionlibrary.tlog\uic.read.1u.tlog
e:\qmacvisual(cv3)\qplugins\logicaltools\extensionlibrary\x64\release\extensionlibrary.tlog\uic.write.1u.tlog
