e:\qmacvisual(cv3)\qplugins\calibrationtools\ertcalibration\x64\debug\vc142.pdb
e:\qmacvisual(cv3)\qplugins\calibrationtools\ertcalibration\x64\debug\qrc_sub_res.obj
e:\qmacvisual(cv3)\qplugins\calibrationtools\ertcalibration\x64\debug\mytitlebar.obj
e:\qmacvisual(cv3)\qplugins\calibrationtools\ertcalibration\x64\debug\controlitem.obj
e:\qmacvisual(cv3)\qplugins\calibrationtools\ertcalibration\x64\debug\frmertcalibration.obj
e:\qmacvisual(cv3)\qplugins\calibrationtools\ertcalibration\x64\debug\qgraphicsscenes.obj
e:\qmacvisual(cv3)\qplugins\calibrationtools\ertcalibration\x64\debug\ertcalibration.obj
e:\qmacvisual(cv3)\qplugins\calibrationtools\ertcalibration\x64\debug\baseitem.obj
e:\qmacvisual(cv3)\qplugins\calibrationtools\ertcalibration\x64\debug\qgraphicsviews.obj
e:\qmacvisual(cv3)\qplugins\calibrationtools\ertcalibration\x64\debug\toolnterface.obj
e:\qmacvisual(cv3)\qplugins\calibrationtools\ertcalibration\x64\debug\imageitem.obj
e:\qmacvisual(cv3)\qplugins\calibrationtools\ertcalibration\x64\debug\moc_qtoolbase.obj
e:\qmacvisual(cv3)\qplugins\calibrationtools\ertcalibration\x64\debug\moc_frmertcalibration.obj
e:\qmacvisual(cv3)\qplugins\calibrationtools\ertcalibration\x64\debug\moc_mytitlebar.obj
e:\qmacvisual(cv3)\qplugins\calibrationtools\ertcalibration\x64\debug\moc_controlitem.obj
e:\qmacvisual(cv3)\qplugins\calibrationtools\ertcalibration\x64\debug\moc_imageitem.obj
e:\qmacvisual(cv3)\qplugins\calibrationtools\ertcalibration\x64\debug\moc_toolnterface.obj
e:\qmacvisual(cv3)\qplugins\calibrationtools\ertcalibration\x64\debug\moc_qgraphicsviews.obj
e:\qmacvisual(cv3)\qplugins\calibrationtools\ertcalibration\x64\debug\moc_ertcalibration.obj
e:\qmacvisual(cv3)\qplugins\calibrationtools\ertcalibration\x64\debug\moc_qgraphicsscenes.obj
e:\qmacvisual(cv3)\qplugins\calibrationtools\ertcalibration\x64\debug\moc_baseitem.obj
e:\qmacvisual(cv3)\qplugins\calibrationtools\ertcalibration\x64\debug\uic\ui_frmertcalibration.h
e:\qmacvisual(cv3)\qplugins\calibrationtools\ertcalibration\x64\debug\rcc\qrc_sub_res.cpp
e:\qmacvisual(cv3)\qplugins\calibrationtools\ertcalibration\x64\debug\moc\moc_qtoolbase.cpp
e:\qmacvisual(cv3)\qplugins\calibrationtools\ertcalibration\x64\debug\moc\moc_toolnterface.cpp
e:\qmacvisual(cv3)\qplugins\calibrationtools\ertcalibration\x64\debug\moc\moc_frmertcalibration.cpp
e:\qmacvisual(cv3)\qplugins\calibrationtools\ertcalibration\x64\debug\moc\moc_imageitem.cpp
e:\qmacvisual(cv3)\qplugins\calibrationtools\ertcalibration\x64\debug\moc\moc_mytitlebar.cpp
e:\qmacvisual(cv3)\qplugins\calibrationtools\ertcalibration\x64\debug\moc\moc_qgraphicsviews.cpp
e:\qmacvisual(cv3)\qplugins\calibrationtools\ertcalibration\x64\debug\moc\moc_qgraphicsscenes.cpp
e:\qmacvisual(cv3)\qplugins\calibrationtools\ertcalibration\x64\debug\moc\moc_baseitem.cpp
e:\qmacvisual(cv3)\qplugins\calibrationtools\ertcalibration\x64\debug\moc\moc_controlitem.cpp
e:\qmacvisual(cv3)\qplugins\calibrationtools\ertcalibration\x64\debug\moc\moc_ertcalibration.cpp
e:\qmacvisual(cv3)\qsoftexe\debug\plugins\ertcalibration.lib
e:\qmacvisual(cv3)\qsoftexe\debug\plugins\ertcalibration.exp
e:\qmacvisual(cv3)\qsoftexe\debug\plugins\ertcalibration.ilk
e:\qmacvisual(cv3)\qsoftexe\debug\plugins\ertcalibration.dll
e:\qmacvisual(cv3)\qsoftexe\debug\plugins\ertcalibration.pdb
e:\qmacvisual(cv3)\qplugins\calibrationtools\ertcalibration\x64\debug\ertcalibration.tlog\cl.command.1.tlog
e:\qmacvisual(cv3)\qplugins\calibrationtools\ertcalibration\x64\debug\ertcalibration.tlog\cl.read.1.tlog
e:\qmacvisual(cv3)\qplugins\calibrationtools\ertcalibration\x64\debug\ertcalibration.tlog\cl.write.1.tlog
e:\qmacvisual(cv3)\qplugins\calibrationtools\ertcalibration\x64\debug\ertcalibration.tlog\ertcalibration.write.1u.tlog
e:\qmacvisual(cv3)\qplugins\calibrationtools\ertcalibration\x64\debug\ertcalibration.tlog\link.command.1.tlog
e:\qmacvisual(cv3)\qplugins\calibrationtools\ertcalibration\x64\debug\ertcalibration.tlog\link.read.1.tlog
e:\qmacvisual(cv3)\qplugins\calibrationtools\ertcalibration\x64\debug\ertcalibration.tlog\link.write.1.tlog
e:\qmacvisual(cv3)\qplugins\calibrationtools\ertcalibration\x64\debug\ertcalibration.tlog\moc.read.1u.tlog
e:\qmacvisual(cv3)\qplugins\calibrationtools\ertcalibration\x64\debug\ertcalibration.tlog\moc.write.1u.tlog
e:\qmacvisual(cv3)\qplugins\calibrationtools\ertcalibration\x64\debug\ertcalibration.tlog\rcc.read.1u.tlog
e:\qmacvisual(cv3)\qplugins\calibrationtools\ertcalibration\x64\debug\ertcalibration.tlog\rcc.write.1u.tlog
e:\qmacvisual(cv3)\qplugins\calibrationtools\ertcalibration\x64\debug\ertcalibration.tlog\uic.read.1u.tlog
e:\qmacvisual(cv3)\qplugins\calibrationtools\ertcalibration\x64\debug\ertcalibration.tlog\uic.write.1u.tlog
