e:\qmacvisual(cv3)\qplugins\systemtools\delaytool\x64\release\qrc_sub_res.obj
e:\qmacvisual(cv3)\qplugins\systemtools\delaytool\x64\release\frmdelaytool.obj
e:\qmacvisual(cv3)\qplugins\systemtools\delaytool\x64\release\toolnterface.obj
e:\qmacvisual(cv3)\qplugins\systemtools\delaytool\x64\release\mytitlebar.obj
e:\qmacvisual(cv3)\qplugins\systemtools\delaytool\x64\release\delaytool.obj
e:\qmacvisual(cv3)\qplugins\systemtools\delaytool\x64\release\moc_toolnterface.obj
e:\qmacvisual(cv3)\qplugins\systemtools\delaytool\x64\release\moc_mytitlebar.obj
e:\qmacvisual(cv3)\qplugins\systemtools\delaytool\x64\release\moc_delaytool.obj
e:\qmacvisual(cv3)\qplugins\systemtools\delaytool\x64\release\moc_frmdelaytool.obj
e:\qmacvisual(cv3)\qplugins\systemtools\delaytool\x64\release\moc_qtoolbase.obj
e:\qmacvisual(cv3)\qplugins\systemtools\delaytool\x64\release\uic\ui_frmdelaytool.h
e:\qmacvisual(cv3)\qplugins\systemtools\delaytool\x64\release\rcc\qrc_sub_res.cpp
e:\qmacvisual(cv3)\qplugins\systemtools\delaytool\x64\release\moc\moc_qtoolbase.cpp
e:\qmacvisual(cv3)\qplugins\systemtools\delaytool\x64\release\moc\moc_toolnterface.cpp
e:\qmacvisual(cv3)\qplugins\systemtools\delaytool\x64\release\moc\moc_frmdelaytool.cpp
e:\qmacvisual(cv3)\qplugins\systemtools\delaytool\x64\release\moc\moc_mytitlebar.cpp
e:\qmacvisual(cv3)\qplugins\systemtools\delaytool\x64\release\moc\moc_delaytool.cpp
e:\qmacvisual(cv3)\qsoftexe\release\plugins\delaytool.lib
e:\qmacvisual(cv3)\qsoftexe\release\plugins\delaytool.exp
e:\qmacvisual(cv3)\qsoftexe\release\plugins\delaytool.dll
e:\qmacvisual(cv3)\qplugins\systemtools\delaytool\x64\release\delaytool.tlog\cl.command.1.tlog
e:\qmacvisual(cv3)\qplugins\systemtools\delaytool\x64\release\delaytool.tlog\cl.read.1.tlog
e:\qmacvisual(cv3)\qplugins\systemtools\delaytool\x64\release\delaytool.tlog\cl.write.1.tlog
e:\qmacvisual(cv3)\qplugins\systemtools\delaytool\x64\release\delaytool.tlog\delaytool.write.1u.tlog
e:\qmacvisual(cv3)\qplugins\systemtools\delaytool\x64\release\delaytool.tlog\link.command.1.tlog
e:\qmacvisual(cv3)\qplugins\systemtools\delaytool\x64\release\delaytool.tlog\link.read.1.tlog
e:\qmacvisual(cv3)\qplugins\systemtools\delaytool\x64\release\delaytool.tlog\link.write.1.tlog
e:\qmacvisual(cv3)\qplugins\systemtools\delaytool\x64\release\delaytool.tlog\moc.read.1u.tlog
e:\qmacvisual(cv3)\qplugins\systemtools\delaytool\x64\release\delaytool.tlog\moc.write.1u.tlog
e:\qmacvisual(cv3)\qplugins\systemtools\delaytool\x64\release\delaytool.tlog\rcc.read.1u.tlog
e:\qmacvisual(cv3)\qplugins\systemtools\delaytool\x64\release\delaytool.tlog\rcc.write.1u.tlog
e:\qmacvisual(cv3)\qplugins\systemtools\delaytool\x64\release\delaytool.tlog\uic.read.1u.tlog
e:\qmacvisual(cv3)\qplugins\systemtools\delaytool\x64\release\delaytool.tlog\uic.write.1u.tlog
