e:\qmacvisual(cv3)\qplugins\imageprocess\exportimage\x64\release\qrc_sub_res.obj
e:\qmacvisual(cv3)\qplugins\imageprocess\exportimage\x64\release\toolnterface.obj
e:\qmacvisual(cv3)\qplugins\imageprocess\exportimage\x64\release\exportimage.obj
e:\qmacvisual(cv3)\qplugins\imageprocess\exportimage\x64\release\mytitlebar.obj
e:\qmacvisual(cv3)\qplugins\imageprocess\exportimage\x64\release\frmexportimage.obj
e:\qmacvisual(cv3)\qplugins\imageprocess\exportimage\x64\release\moc_mytitlebar.obj
e:\qmacvisual(cv3)\qplugins\imageprocess\exportimage\x64\release\moc_exportimage.obj
e:\qmacvisual(cv3)\qplugins\imageprocess\exportimage\x64\release\moc_frmexportimage.obj
e:\qmacvisual(cv3)\qplugins\imageprocess\exportimage\x64\release\moc_qtoolbase.obj
e:\qmacvisual(cv3)\qplugins\imageprocess\exportimage\x64\release\moc_toolnterface.obj
e:\qmacvisual(cv3)\qsoftexe\release\plugins\z_exportimage.dll
e:\qmacvisual(cv3)\qplugins\imageprocess\exportimage\x64\release\moc\moc_toolnterface.cpp
e:\qmacvisual(cv3)\qplugins\imageprocess\exportimage\x64\release\moc\moc_qtoolbase.cpp
e:\qmacvisual(cv3)\qplugins\imageprocess\exportimage\x64\release\moc\moc_frmexportimage.cpp
e:\qmacvisual(cv3)\qplugins\imageprocess\exportimage\x64\release\moc\moc_mytitlebar.cpp
e:\qmacvisual(cv3)\qplugins\imageprocess\exportimage\x64\release\moc\moc_exportimage.cpp
e:\qmacvisual(cv3)\qplugins\imageprocess\exportimage\x64\release\rcc\qrc_sub_res.cpp
e:\qmacvisual(cv3)\qplugins\imageprocess\exportimage\x64\release\uic\ui_frmexportimage.h
e:\qmacvisual(cv3)\qsoftexe\release\plugins\z_exportimage.lib
e:\qmacvisual(cv3)\qsoftexe\release\plugins\z_exportimage.exp
e:\qmacvisual(cv3)\qplugins\imageprocess\exportimage\x64\release\z_exportimage.tlog\cl.command.1.tlog
e:\qmacvisual(cv3)\qplugins\imageprocess\exportimage\x64\release\z_exportimage.tlog\cl.read.1.tlog
e:\qmacvisual(cv3)\qplugins\imageprocess\exportimage\x64\release\z_exportimage.tlog\cl.write.1.tlog
e:\qmacvisual(cv3)\qplugins\imageprocess\exportimage\x64\release\z_exportimage.tlog\link.command.1.tlog
e:\qmacvisual(cv3)\qplugins\imageprocess\exportimage\x64\release\z_exportimage.tlog\link.read.1.tlog
e:\qmacvisual(cv3)\qplugins\imageprocess\exportimage\x64\release\z_exportimage.tlog\link.write.1.tlog
e:\qmacvisual(cv3)\qplugins\imageprocess\exportimage\x64\release\z_exportimage.tlog\moc.read.1u.tlog
e:\qmacvisual(cv3)\qplugins\imageprocess\exportimage\x64\release\z_exportimage.tlog\moc.write.1u.tlog
e:\qmacvisual(cv3)\qplugins\imageprocess\exportimage\x64\release\z_exportimage.tlog\rcc.read.1u.tlog
e:\qmacvisual(cv3)\qplugins\imageprocess\exportimage\x64\release\z_exportimage.tlog\rcc.write.1u.tlog
e:\qmacvisual(cv3)\qplugins\imageprocess\exportimage\x64\release\z_exportimage.tlog\uic.read.1u.tlog
e:\qmacvisual(cv3)\qplugins\imageprocess\exportimage\x64\release\z_exportimage.tlog\uic.write.1u.tlog
e:\qmacvisual(cv3)\qplugins\imageprocess\exportimage\x64\release\z_exportimage.tlog\z_exportimage.write.1u.tlog
