  Reading Qt configuration (C:/Qt/Qt5.12.12/5.12.12/msvc2017_64/bin/qmake)
  uic frmFindCircle.ui
  rcc sub_res.qrc
  moc Toolnterface.h
  moc QToolBase.h
  moc mytitlebar.h
  moc frmFindCircle.h
  moc QGraphicsViews.h
  moc QGraphicsScenes.h
  moc ImageItem.h
  moc BaseItem.h
  moc ControlItem.h
  moc FindCircle.h
  frmFindCircle.cpp
  ImageItem.cpp
  mytitlebar.cpp
  QGraphicsScenes.cpp
  QGraphicsViews.cpp
  Toolnterface.cpp
  BaseItem.cpp
  ControlItem.cpp
  FindCircle.cpp
  qrc_sub_res.cpp
  moc_Toolnterface.cpp
  moc_QToolBase.cpp
  moc_mytitlebar.cpp
  moc_frmFindCircle.cpp
  moc_QGraphicsViews.cpp
  moc_QGraphicsScenes.cpp
  moc_ImageItem.cpp
  moc_BaseItem.cpp
  moc_ControlItem.cpp
  moc_FindCircle.cpp
    正在创建库 ../../../QSoftExe/Debug/Plugins/FindCircle.lib 和对象 ../../../QSoftExe/Debug/Plugins/FindCircle.exp
  FindCircle.vcxproj -> E:\QMacVisual(CV3)\QSoftExe\Debug\Plugins\FindCircle.dll
