  Reading Qt configuration (C:/Qt/Qt5.12.12/5.12.12/msvc2017_64/bin/qmake)
  uic frmLogicGoto.ui
  rcc sub_res.qrc
  moc Toolnterface.h
  moc QToolBase.h
  moc mytitlebar.h
  moc frmLogicGoto.h
  moc LogicGoto.h
  mytitlebar.cpp
  Toolnterface.cpp
  frmLogicGoto.cpp
  LogicGoto.cpp
  qrc_sub_res.cpp
  moc_Toolnterface.cpp
  moc_QToolBase.cpp
  moc_mytitlebar.cpp
  moc_frmLogicGoto.cpp
  moc_LogicGoto.cpp
    正在创建库 ../../../QSoftExe/Release/Plugins/LogicGoto.lib 和对象 ../../../QSoftExe/Release/Plugins/LogicGoto.exp
  LogicGoto.vcxproj -> E:\QMacVisual(CV3)\QSoftExe\Release\Plugins\LogicGoto.dll
