e:\qmacvisual(cv3)\qplugins\logicaltools\logicgoto\x64\release\qrc_sub_res.obj
e:\qmacvisual(cv3)\qplugins\logicaltools\logicgoto\x64\release\mytitlebar.obj
e:\qmacvisual(cv3)\qplugins\logicaltools\logicgoto\x64\release\frmlogicgoto.obj
e:\qmacvisual(cv3)\qplugins\logicaltools\logicgoto\x64\release\logicgoto.obj
e:\qmacvisual(cv3)\qplugins\logicaltools\logicgoto\x64\release\toolnterface.obj
e:\qmacvisual(cv3)\qplugins\logicaltools\logicgoto\x64\release\moc_logicgoto.obj
e:\qmacvisual(cv3)\qplugins\logicaltools\logicgoto\x64\release\moc_frmlogicgoto.obj
e:\qmacvisual(cv3)\qplugins\logicaltools\logicgoto\x64\release\moc_toolnterface.obj
e:\qmacvisual(cv3)\qplugins\logicaltools\logicgoto\x64\release\moc_qtoolbase.obj
e:\qmacvisual(cv3)\qplugins\logicaltools\logicgoto\x64\release\moc_mytitlebar.obj
e:\qmacvisual(cv3)\qsoftexe\release\plugins\logicgoto.dll
e:\qmacvisual(cv3)\qplugins\logicaltools\logicgoto\x64\release\uic\ui_frmlogicgoto.h
e:\qmacvisual(cv3)\qplugins\logicaltools\logicgoto\x64\release\rcc\qrc_sub_res.cpp
e:\qmacvisual(cv3)\qplugins\logicaltools\logicgoto\x64\release\moc\moc_toolnterface.cpp
e:\qmacvisual(cv3)\qplugins\logicaltools\logicgoto\x64\release\moc\moc_qtoolbase.cpp
e:\qmacvisual(cv3)\qplugins\logicaltools\logicgoto\x64\release\moc\moc_mytitlebar.cpp
e:\qmacvisual(cv3)\qplugins\logicaltools\logicgoto\x64\release\moc\moc_frmlogicgoto.cpp
e:\qmacvisual(cv3)\qplugins\logicaltools\logicgoto\x64\release\moc\moc_logicgoto.cpp
e:\qmacvisual(cv3)\qsoftexe\release\plugins\logicgoto.lib
e:\qmacvisual(cv3)\qsoftexe\release\plugins\logicgoto.exp
e:\qmacvisual(cv3)\qplugins\logicaltools\logicgoto\x64\release\logicgoto.tlog\cl.command.1.tlog
e:\qmacvisual(cv3)\qplugins\logicaltools\logicgoto\x64\release\logicgoto.tlog\cl.read.1.tlog
e:\qmacvisual(cv3)\qplugins\logicaltools\logicgoto\x64\release\logicgoto.tlog\cl.write.1.tlog
e:\qmacvisual(cv3)\qplugins\logicaltools\logicgoto\x64\release\logicgoto.tlog\link.command.1.tlog
e:\qmacvisual(cv3)\qplugins\logicaltools\logicgoto\x64\release\logicgoto.tlog\link.read.1.tlog
e:\qmacvisual(cv3)\qplugins\logicaltools\logicgoto\x64\release\logicgoto.tlog\link.write.1.tlog
e:\qmacvisual(cv3)\qplugins\logicaltools\logicgoto\x64\release\logicgoto.tlog\logicgoto.write.1u.tlog
e:\qmacvisual(cv3)\qplugins\logicaltools\logicgoto\x64\release\logicgoto.tlog\moc.read.1u.tlog
e:\qmacvisual(cv3)\qplugins\logicaltools\logicgoto\x64\release\logicgoto.tlog\moc.write.1u.tlog
e:\qmacvisual(cv3)\qplugins\logicaltools\logicgoto\x64\release\logicgoto.tlog\rcc.read.1u.tlog
e:\qmacvisual(cv3)\qplugins\logicaltools\logicgoto\x64\release\logicgoto.tlog\rcc.write.1u.tlog
e:\qmacvisual(cv3)\qplugins\logicaltools\logicgoto\x64\release\logicgoto.tlog\uic.read.1u.tlog
e:\qmacvisual(cv3)\qplugins\logicaltools\logicgoto\x64\release\logicgoto.tlog\uic.write.1u.tlog
