   Qt/MSBuild: 3.4.0.1
   Qt: 5.14.2
  frmImageClarity.cpp
  ImageItem.cpp
  mytitlebar.cpp
  QGraphicsScenes.cpp
  QGraphicsViews.cpp
  Toolnterface.cpp
  BaseItem.cpp
  ControlItem.cpp
  ImageClarity.cpp
  qrc_sub_res.cpp
  moc_Toolnterface.cpp
  moc_QToolBase.cpp
  moc_mytitlebar.cpp
  moc_QGraphicsViews.cpp
  moc_QGraphicsScenes.cpp
  moc_ImageItem.cpp
  moc_BaseItem.cpp
  moc_ControlItem.cpp
  moc_frmImageClarity.cpp
  moc_ImageClarity.cpp
    正在创建库 ../../../QSoftExe/Release/Plugins/ImageClarity.lib 和对象 ../../../QSoftExe/Release/Plugins/ImageClarity.exp
  ImageClarity.vcxproj -> G:\QMacVisual(CV3)(25000)\QMacVisual(CV3)2022.9.21(25000)\QMacVisual(CV3)\QSoftExe\Release\Plugins\ImageClarity.dll
