e:\qmacvisual(cv3)\qplugins\logicaltools\extensionlibrary\x64\debug\vc142.pdb
e:\qmacvisual(cv3)\qplugins\logicaltools\extensionlibrary\x64\debug\qrc_sub_res.obj
e:\qmacvisual(cv3)\qplugins\logicaltools\extensionlibrary\x64\debug\toolnterface.obj
e:\qmacvisual(cv3)\qplugins\logicaltools\extensionlibrary\x64\debug\mytitlebar.obj
e:\qmacvisual(cv3)\qplugins\logicaltools\extensionlibrary\x64\debug\frmextensionlibrary.obj
e:\qmacvisual(cv3)\qplugins\logicaltools\extensionlibrary\x64\debug\extensionlibrary.obj
e:\qmacvisual(cv3)\qplugins\logicaltools\extensionlibrary\x64\debug\moc_qtoolbase.obj
e:\qmacvisual(cv3)\qplugins\logicaltools\extensionlibrary\x64\debug\moc_extensionlibrary.obj
e:\qmacvisual(cv3)\qplugins\logicaltools\extensionlibrary\x64\debug\moc_frmextensionlibrary.obj
e:\qmacvisual(cv3)\qplugins\logicaltools\extensionlibrary\x64\debug\moc_toolnterface.obj
e:\qmacvisual(cv3)\qplugins\logicaltools\extensionlibrary\x64\debug\moc_mytitlebar.obj
e:\qmacvisual(cv3)\qplugins\logicaltools\extensionlibrary\x64\debug\uic\ui_frmextensionlibrary.h
e:\qmacvisual(cv3)\qplugins\logicaltools\extensionlibrary\x64\debug\rcc\qrc_sub_res.cpp
e:\qmacvisual(cv3)\qplugins\logicaltools\extensionlibrary\x64\debug\moc\moc_toolnterface.cpp
e:\qmacvisual(cv3)\qplugins\logicaltools\extensionlibrary\x64\debug\moc\moc_qtoolbase.cpp
e:\qmacvisual(cv3)\qplugins\logicaltools\extensionlibrary\x64\debug\moc\moc_frmextensionlibrary.cpp
e:\qmacvisual(cv3)\qplugins\logicaltools\extensionlibrary\x64\debug\moc\moc_mytitlebar.cpp
e:\qmacvisual(cv3)\qplugins\logicaltools\extensionlibrary\x64\debug\moc\moc_extensionlibrary.cpp
e:\qmacvisual(cv3)\qsoftexe\debug\plugins\extensionlibrary.lib
e:\qmacvisual(cv3)\qsoftexe\debug\plugins\extensionlibrary.exp
e:\qmacvisual(cv3)\qsoftexe\debug\plugins\extensionlibrary.ilk
e:\qmacvisual(cv3)\qsoftexe\debug\plugins\extensionlibrary.dll
e:\qmacvisual(cv3)\qsoftexe\debug\plugins\extensionlibrary.pdb
e:\qmacvisual(cv3)\qplugins\logicaltools\extensionlibrary\x64\debug\extensionlibrary.tlog\cl.command.1.tlog
e:\qmacvisual(cv3)\qplugins\logicaltools\extensionlibrary\x64\debug\extensionlibrary.tlog\cl.read.1.tlog
e:\qmacvisual(cv3)\qplugins\logicaltools\extensionlibrary\x64\debug\extensionlibrary.tlog\cl.write.1.tlog
e:\qmacvisual(cv3)\qplugins\logicaltools\extensionlibrary\x64\debug\extensionlibrary.tlog\extensionlibrary.write.1u.tlog
e:\qmacvisual(cv3)\qplugins\logicaltools\extensionlibrary\x64\debug\extensionlibrary.tlog\link.command.1.tlog
e:\qmacvisual(cv3)\qplugins\logicaltools\extensionlibrary\x64\debug\extensionlibrary.tlog\link.read.1.tlog
e:\qmacvisual(cv3)\qplugins\logicaltools\extensionlibrary\x64\debug\extensionlibrary.tlog\link.write.1.tlog
e:\qmacvisual(cv3)\qplugins\logicaltools\extensionlibrary\x64\debug\extensionlibrary.tlog\moc.read.1u.tlog
e:\qmacvisual(cv3)\qplugins\logicaltools\extensionlibrary\x64\debug\extensionlibrary.tlog\moc.write.1u.tlog
e:\qmacvisual(cv3)\qplugins\logicaltools\extensionlibrary\x64\debug\extensionlibrary.tlog\rcc.read.1u.tlog
e:\qmacvisual(cv3)\qplugins\logicaltools\extensionlibrary\x64\debug\extensionlibrary.tlog\rcc.write.1u.tlog
e:\qmacvisual(cv3)\qplugins\logicaltools\extensionlibrary\x64\debug\extensionlibrary.tlog\uic.read.1u.tlog
e:\qmacvisual(cv3)\qplugins\logicaltools\extensionlibrary\x64\debug\extensionlibrary.tlog\uic.write.1u.tlog
