e:\qmacvisual(cv3)\qplugins\detectidentify\coloridentify\x64\debug\vc142.pdb
e:\qmacvisual(cv3)\qplugins\detectidentify\coloridentify\x64\debug\qrc_sub_res.obj
e:\qmacvisual(cv3)\qplugins\detectidentify\coloridentify\x64\debug\imageitem.obj
e:\qmacvisual(cv3)\qplugins\detectidentify\coloridentify\x64\debug\qgraphicsviews.obj
e:\qmacvisual(cv3)\qplugins\detectidentify\coloridentify\x64\debug\frmcoloridentify.obj
e:\qmacvisual(cv3)\qplugins\detectidentify\coloridentify\x64\debug\toolnterface.obj
e:\qmacvisual(cv3)\qplugins\detectidentify\coloridentify\x64\debug\qgraphicsscenes.obj
e:\qmacvisual(cv3)\qplugins\detectidentify\coloridentify\x64\debug\coloridentify.obj
e:\qmacvisual(cv3)\qplugins\detectidentify\coloridentify\x64\debug\mytitlebar.obj
e:\qmacvisual(cv3)\qplugins\detectidentify\coloridentify\x64\debug\controlitem.obj
e:\qmacvisual(cv3)\qplugins\detectidentify\coloridentify\x64\debug\baseitem.obj
e:\qmacvisual(cv3)\qplugins\detectidentify\coloridentify\x64\debug\moc_toolnterface.obj
e:\qmacvisual(cv3)\qplugins\detectidentify\coloridentify\x64\debug\moc_frmcoloridentify.obj
e:\qmacvisual(cv3)\qplugins\detectidentify\coloridentify\x64\debug\moc_qtoolbase.obj
e:\qmacvisual(cv3)\qplugins\detectidentify\coloridentify\x64\debug\moc_qgraphicsviews.obj
e:\qmacvisual(cv3)\qplugins\detectidentify\coloridentify\x64\debug\moc_imageitem.obj
e:\qmacvisual(cv3)\qplugins\detectidentify\coloridentify\x64\debug\moc_mytitlebar.obj
e:\qmacvisual(cv3)\qplugins\detectidentify\coloridentify\x64\debug\moc_qgraphicsscenes.obj
e:\qmacvisual(cv3)\qplugins\detectidentify\coloridentify\x64\debug\moc_coloridentify.obj
e:\qmacvisual(cv3)\qplugins\detectidentify\coloridentify\x64\debug\moc_baseitem.obj
e:\qmacvisual(cv3)\qplugins\detectidentify\coloridentify\x64\debug\moc_controlitem.obj
e:\qmacvisual(cv3)\qplugins\detectidentify\coloridentify\x64\debug\uic\ui_frmcoloridentify.h
e:\qmacvisual(cv3)\qplugins\detectidentify\coloridentify\x64\debug\rcc\qrc_sub_res.cpp
e:\qmacvisual(cv3)\qplugins\detectidentify\coloridentify\x64\debug\moc\moc_toolnterface.cpp
e:\qmacvisual(cv3)\qplugins\detectidentify\coloridentify\x64\debug\moc\moc_qtoolbase.cpp
e:\qmacvisual(cv3)\qplugins\detectidentify\coloridentify\x64\debug\moc\moc_mytitlebar.cpp
e:\qmacvisual(cv3)\qplugins\detectidentify\coloridentify\x64\debug\moc\moc_frmcoloridentify.cpp
e:\qmacvisual(cv3)\qplugins\detectidentify\coloridentify\x64\debug\moc\moc_qgraphicsviews.cpp
e:\qmacvisual(cv3)\qplugins\detectidentify\coloridentify\x64\debug\moc\moc_qgraphicsscenes.cpp
e:\qmacvisual(cv3)\qplugins\detectidentify\coloridentify\x64\debug\moc\moc_imageitem.cpp
e:\qmacvisual(cv3)\qplugins\detectidentify\coloridentify\x64\debug\moc\moc_controlitem.cpp
e:\qmacvisual(cv3)\qplugins\detectidentify\coloridentify\x64\debug\moc\moc_baseitem.cpp
e:\qmacvisual(cv3)\qplugins\detectidentify\coloridentify\x64\debug\moc\moc_coloridentify.cpp
e:\qmacvisual(cv3)\qsoftexe\debug\plugins\coloridentify.lib
e:\qmacvisual(cv3)\qsoftexe\debug\plugins\coloridentify.exp
e:\qmacvisual(cv3)\qsoftexe\debug\plugins\coloridentify.ilk
e:\qmacvisual(cv3)\qsoftexe\debug\plugins\coloridentify.dll
e:\qmacvisual(cv3)\qsoftexe\debug\plugins\coloridentify.pdb
e:\qmacvisual(cv3)\qplugins\detectidentify\coloridentify\x64\debug\coloridentify.tlog\cl.command.1.tlog
e:\qmacvisual(cv3)\qplugins\detectidentify\coloridentify\x64\debug\coloridentify.tlog\cl.read.1.tlog
e:\qmacvisual(cv3)\qplugins\detectidentify\coloridentify\x64\debug\coloridentify.tlog\cl.write.1.tlog
e:\qmacvisual(cv3)\qplugins\detectidentify\coloridentify\x64\debug\coloridentify.tlog\coloridentify.write.1u.tlog
e:\qmacvisual(cv3)\qplugins\detectidentify\coloridentify\x64\debug\coloridentify.tlog\link.command.1.tlog
e:\qmacvisual(cv3)\qplugins\detectidentify\coloridentify\x64\debug\coloridentify.tlog\link.read.1.tlog
e:\qmacvisual(cv3)\qplugins\detectidentify\coloridentify\x64\debug\coloridentify.tlog\link.write.1.tlog
e:\qmacvisual(cv3)\qplugins\detectidentify\coloridentify\x64\debug\coloridentify.tlog\moc.read.1u.tlog
e:\qmacvisual(cv3)\qplugins\detectidentify\coloridentify\x64\debug\coloridentify.tlog\moc.write.1u.tlog
e:\qmacvisual(cv3)\qplugins\detectidentify\coloridentify\x64\debug\coloridentify.tlog\rcc.read.1u.tlog
e:\qmacvisual(cv3)\qplugins\detectidentify\coloridentify\x64\debug\coloridentify.tlog\rcc.write.1u.tlog
e:\qmacvisual(cv3)\qplugins\detectidentify\coloridentify\x64\debug\coloridentify.tlog\uic.read.1u.tlog
e:\qmacvisual(cv3)\qplugins\detectidentify\coloridentify\x64\debug\coloridentify.tlog\uic.write.1u.tlog
