e:\qmacvisual(cv3)\qplugins\imageprocess\createroi\x64\debug\vc142.pdb
e:\qmacvisual(cv3)\qplugins\imageprocess\createroi\x64\debug\qrc_sub_res.obj
e:\qmacvisual(cv3)\qplugins\imageprocess\createroi\x64\debug\toolnterface.obj
e:\qmacvisual(cv3)\qplugins\imageprocess\createroi\x64\debug\controlitem.obj
e:\qmacvisual(cv3)\qplugins\imageprocess\createroi\x64\debug\imageitem.obj
e:\qmacvisual(cv3)\qplugins\imageprocess\createroi\x64\debug\qgraphicsviews.obj
e:\qmacvisual(cv3)\qplugins\imageprocess\createroi\x64\debug\mytitlebar.obj
e:\qmacvisual(cv3)\qplugins\imageprocess\createroi\x64\debug\createroi.obj
e:\qmacvisual(cv3)\qplugins\imageprocess\createroi\x64\debug\qgraphicsscenes.obj
e:\qmacvisual(cv3)\qplugins\imageprocess\createroi\x64\debug\frmcreateroi.obj
e:\qmacvisual(cv3)\qplugins\imageprocess\createroi\x64\debug\baseitem.obj
e:\qmacvisual(cv3)\qplugins\imageprocess\createroi\x64\debug\moc_qgraphicsviews.obj
e:\qmacvisual(cv3)\qplugins\imageprocess\createroi\x64\debug\moc_qgraphicsscenes.obj
e:\qmacvisual(cv3)\qplugins\imageprocess\createroi\x64\debug\moc_controlitem.obj
e:\qmacvisual(cv3)\qplugins\imageprocess\createroi\x64\debug\moc_baseitem.obj
e:\qmacvisual(cv3)\qplugins\imageprocess\createroi\x64\debug\moc_frmcreateroi.obj
e:\qmacvisual(cv3)\qplugins\imageprocess\createroi\x64\debug\moc_toolnterface.obj
e:\qmacvisual(cv3)\qplugins\imageprocess\createroi\x64\debug\moc_qtoolbase.obj
e:\qmacvisual(cv3)\qplugins\imageprocess\createroi\x64\debug\moc_createroi.obj
e:\qmacvisual(cv3)\qplugins\imageprocess\createroi\x64\debug\moc_imageitem.obj
e:\qmacvisual(cv3)\qplugins\imageprocess\createroi\x64\debug\moc_mytitlebar.obj
e:\qmacvisual(cv3)\qplugins\imageprocess\createroi\x64\debug\uic\ui_frmcreateroi.h
e:\qmacvisual(cv3)\qplugins\imageprocess\createroi\x64\debug\rcc\qrc_sub_res.cpp
e:\qmacvisual(cv3)\qplugins\imageprocess\createroi\x64\debug\moc\moc_toolnterface.cpp
e:\qmacvisual(cv3)\qplugins\imageprocess\createroi\x64\debug\moc\moc_qtoolbase.cpp
e:\qmacvisual(cv3)\qplugins\imageprocess\createroi\x64\debug\moc\moc_mytitlebar.cpp
e:\qmacvisual(cv3)\qplugins\imageprocess\createroi\x64\debug\moc\moc_frmcreateroi.cpp
e:\qmacvisual(cv3)\qplugins\imageprocess\createroi\x64\debug\moc\moc_qgraphicsviews.cpp
e:\qmacvisual(cv3)\qplugins\imageprocess\createroi\x64\debug\moc\moc_qgraphicsscenes.cpp
e:\qmacvisual(cv3)\qplugins\imageprocess\createroi\x64\debug\moc\moc_imageitem.cpp
e:\qmacvisual(cv3)\qplugins\imageprocess\createroi\x64\debug\moc\moc_baseitem.cpp
e:\qmacvisual(cv3)\qplugins\imageprocess\createroi\x64\debug\moc\moc_controlitem.cpp
e:\qmacvisual(cv3)\qplugins\imageprocess\createroi\x64\debug\moc\moc_createroi.cpp
e:\qmacvisual(cv3)\qsoftexe\debug\plugins\createroi.lib
e:\qmacvisual(cv3)\qsoftexe\debug\plugins\createroi.exp
e:\qmacvisual(cv3)\qsoftexe\debug\plugins\createroi.ilk
e:\qmacvisual(cv3)\qsoftexe\debug\plugins\createroi.dll
e:\qmacvisual(cv3)\qsoftexe\debug\plugins\createroi.pdb
e:\qmacvisual(cv3)\qplugins\imageprocess\createroi\x64\debug\createroi.tlog\cl.command.1.tlog
e:\qmacvisual(cv3)\qplugins\imageprocess\createroi\x64\debug\createroi.tlog\cl.read.1.tlog
e:\qmacvisual(cv3)\qplugins\imageprocess\createroi\x64\debug\createroi.tlog\cl.write.1.tlog
e:\qmacvisual(cv3)\qplugins\imageprocess\createroi\x64\debug\createroi.tlog\createroi.write.1u.tlog
e:\qmacvisual(cv3)\qplugins\imageprocess\createroi\x64\debug\createroi.tlog\link.command.1.tlog
e:\qmacvisual(cv3)\qplugins\imageprocess\createroi\x64\debug\createroi.tlog\link.read.1.tlog
e:\qmacvisual(cv3)\qplugins\imageprocess\createroi\x64\debug\createroi.tlog\link.write.1.tlog
e:\qmacvisual(cv3)\qplugins\imageprocess\createroi\x64\debug\createroi.tlog\moc.read.1u.tlog
e:\qmacvisual(cv3)\qplugins\imageprocess\createroi\x64\debug\createroi.tlog\moc.write.1u.tlog
e:\qmacvisual(cv3)\qplugins\imageprocess\createroi\x64\debug\createroi.tlog\rcc.read.1u.tlog
e:\qmacvisual(cv3)\qplugins\imageprocess\createroi\x64\debug\createroi.tlog\rcc.write.1u.tlog
e:\qmacvisual(cv3)\qplugins\imageprocess\createroi\x64\debug\createroi.tlog\uic.read.1u.tlog
e:\qmacvisual(cv3)\qplugins\imageprocess\createroi\x64\debug\createroi.tlog\uic.write.1u.tlog
