e:\qmacvisual(cv3)\qplugins\geometrytools\getcontourpoints\x64\release\qrc_sub_res.obj
e:\qmacvisual(cv3)\qplugins\geometrytools\getcontourpoints\x64\release\toolnterface.obj
e:\qmacvisual(cv3)\qplugins\geometrytools\getcontourpoints\x64\release\mytitlebar.obj
e:\qmacvisual(cv3)\qplugins\geometrytools\getcontourpoints\x64\release\getcontourpoints.obj
e:\qmacvisual(cv3)\qplugins\geometrytools\getcontourpoints\x64\release\controlitem.obj
e:\qmacvisual(cv3)\qplugins\geometrytools\getcontourpoints\x64\release\baseitem.obj
e:\qmacvisual(cv3)\qplugins\geometrytools\getcontourpoints\x64\release\imageitem.obj
e:\qmacvisual(cv3)\qplugins\geometrytools\getcontourpoints\x64\release\frmgetcontourpoints.obj
e:\qmacvisual(cv3)\qplugins\geometrytools\getcontourpoints\x64\release\qgraphicsviews.obj
e:\qmacvisual(cv3)\qplugins\geometrytools\getcontourpoints\x64\release\qgraphicsscenes.obj
e:\qmacvisual(cv3)\qplugins\geometrytools\getcontourpoints\x64\release\moc_baseitem.obj
e:\qmacvisual(cv3)\qplugins\geometrytools\getcontourpoints\x64\release\moc_qtoolbase.obj
e:\qmacvisual(cv3)\qplugins\geometrytools\getcontourpoints\x64\release\moc_imageitem.obj
e:\qmacvisual(cv3)\qplugins\geometrytools\getcontourpoints\x64\release\moc_controlitem.obj
e:\qmacvisual(cv3)\qplugins\geometrytools\getcontourpoints\x64\release\moc_toolnterface.obj
e:\qmacvisual(cv3)\qplugins\geometrytools\getcontourpoints\x64\release\moc_qgraphicsviews.obj
e:\qmacvisual(cv3)\qplugins\geometrytools\getcontourpoints\x64\release\moc_frmgetcontourpoints.obj
e:\qmacvisual(cv3)\qplugins\geometrytools\getcontourpoints\x64\release\moc_qgraphicsscenes.obj
e:\qmacvisual(cv3)\qplugins\geometrytools\getcontourpoints\x64\release\moc_getcontourpoints.obj
e:\qmacvisual(cv3)\qplugins\geometrytools\getcontourpoints\x64\release\moc_mytitlebar.obj
e:\qmacvisual(cv3)\qplugins\geometrytools\getcontourpoints\x64\release\uic\ui_frmgetcontourpoints.h
e:\qmacvisual(cv3)\qplugins\geometrytools\getcontourpoints\x64\release\rcc\qrc_sub_res.cpp
e:\qmacvisual(cv3)\qplugins\geometrytools\getcontourpoints\x64\release\moc\moc_toolnterface.cpp
e:\qmacvisual(cv3)\qplugins\geometrytools\getcontourpoints\x64\release\moc\moc_qtoolbase.cpp
e:\qmacvisual(cv3)\qplugins\geometrytools\getcontourpoints\x64\release\moc\moc_mytitlebar.cpp
e:\qmacvisual(cv3)\qplugins\geometrytools\getcontourpoints\x64\release\moc\moc_qgraphicsviews.cpp
e:\qmacvisual(cv3)\qplugins\geometrytools\getcontourpoints\x64\release\moc\moc_qgraphicsscenes.cpp
e:\qmacvisual(cv3)\qplugins\geometrytools\getcontourpoints\x64\release\moc\moc_imageitem.cpp
e:\qmacvisual(cv3)\qplugins\geometrytools\getcontourpoints\x64\release\moc\moc_baseitem.cpp
e:\qmacvisual(cv3)\qplugins\geometrytools\getcontourpoints\x64\release\moc\moc_controlitem.cpp
e:\qmacvisual(cv3)\qplugins\geometrytools\getcontourpoints\x64\release\moc\moc_frmgetcontourpoints.cpp
e:\qmacvisual(cv3)\qplugins\geometrytools\getcontourpoints\x64\release\moc\moc_getcontourpoints.cpp
e:\qmacvisual(cv3)\qsoftexe\release\plugins\getcontourpoints.lib
e:\qmacvisual(cv3)\qsoftexe\release\plugins\getcontourpoints.exp
e:\qmacvisual(cv3)\qsoftexe\release\plugins\getcontourpoints.dll
e:\qmacvisual(cv3)\qplugins\geometrytools\getcontourpoints\x64\release\getcontourpoints.tlog\cl.command.1.tlog
e:\qmacvisual(cv3)\qplugins\geometrytools\getcontourpoints\x64\release\getcontourpoints.tlog\cl.read.1.tlog
e:\qmacvisual(cv3)\qplugins\geometrytools\getcontourpoints\x64\release\getcontourpoints.tlog\cl.write.1.tlog
e:\qmacvisual(cv3)\qplugins\geometrytools\getcontourpoints\x64\release\getcontourpoints.tlog\getcontourpoints.write.1u.tlog
e:\qmacvisual(cv3)\qplugins\geometrytools\getcontourpoints\x64\release\getcontourpoints.tlog\link.command.1.tlog
e:\qmacvisual(cv3)\qplugins\geometrytools\getcontourpoints\x64\release\getcontourpoints.tlog\link.read.1.tlog
e:\qmacvisual(cv3)\qplugins\geometrytools\getcontourpoints\x64\release\getcontourpoints.tlog\link.write.1.tlog
e:\qmacvisual(cv3)\qplugins\geometrytools\getcontourpoints\x64\release\getcontourpoints.tlog\moc.read.1u.tlog
e:\qmacvisual(cv3)\qplugins\geometrytools\getcontourpoints\x64\release\getcontourpoints.tlog\moc.write.1u.tlog
e:\qmacvisual(cv3)\qplugins\geometrytools\getcontourpoints\x64\release\getcontourpoints.tlog\rcc.read.1u.tlog
e:\qmacvisual(cv3)\qplugins\geometrytools\getcontourpoints\x64\release\getcontourpoints.tlog\rcc.write.1u.tlog
e:\qmacvisual(cv3)\qplugins\geometrytools\getcontourpoints\x64\release\getcontourpoints.tlog\uic.read.1u.tlog
e:\qmacvisual(cv3)\qplugins\geometrytools\getcontourpoints\x64\release\getcontourpoints.tlog\uic.write.1u.tlog
