   Qt/MSBuild: 3.4.0.1
   Qt: 5.14.2
  frmGetContourPoints.cpp
  ImageItem.cpp
  mytitlebar.cpp
  QGraphicsScenes.cpp
  QGraphicsViews.cpp
  Toolnterface.cpp
  BaseItem.cpp
  ControlItem.cpp
  GetContourPoints.cpp
  qrc_sub_res.cpp
  moc_Toolnterface.cpp
  moc_QToolBase.cpp
  moc_mytitlebar.cpp
  moc_QGraphicsViews.cpp
  moc_QGraphicsScenes.cpp
  moc_ImageItem.cpp
  moc_BaseItem.cpp
  moc_ControlItem.cpp
  moc_frmGetContourPoints.cpp
  moc_GetContourPoints.cpp
    正在创建库 ../../../QSoftExe/Release/Plugins/GetContourPoints.lib 和对象 ../../../QSoftExe/Release/Plugins/GetContourPoints.exp
  GetContourPoints.vcxproj -> G:\QMacVisual(CV3)(25000)\QMacVisual(CV3)2022.9.21(25000)\QMacVisual(CV3)\QSoftExe\Release\Plugins\GetContourPoints.dll
