e:\qmacvisual(cv3)\qplugins\logicaltools\logicjudgeend\x64\release\qrc_sub_res.obj
e:\qmacvisual(cv3)\qplugins\logicaltools\logicjudgeend\x64\release\mytitlebar.obj
e:\qmacvisual(cv3)\qplugins\logicaltools\logicjudgeend\x64\release\logicjudgeend.obj
e:\qmacvisual(cv3)\qplugins\logicaltools\logicjudgeend\x64\release\frmlogicjudgeend.obj
e:\qmacvisual(cv3)\qplugins\logicaltools\logicjudgeend\x64\release\toolnterface.obj
e:\qmacvisual(cv3)\qplugins\logicaltools\logicjudgeend\x64\release\moc_mytitlebar.obj
e:\qmacvisual(cv3)\qplugins\logicaltools\logicjudgeend\x64\release\moc_toolnterface.obj
e:\qmacvisual(cv3)\qplugins\logicaltools\logicjudgeend\x64\release\moc_qtoolbase.obj
e:\qmacvisual(cv3)\qplugins\logicaltools\logicjudgeend\x64\release\moc_frmlogicjudgeend.obj
e:\qmacvisual(cv3)\qplugins\logicaltools\logicjudgeend\x64\release\moc_logicjudgeend.obj
e:\qmacvisual(cv3)\qsoftexe\release\plugins\logicjudgeend.dll
e:\qmacvisual(cv3)\qplugins\logicaltools\logicjudgeend\x64\release\uic\ui_frmlogicjudgeend.h
e:\qmacvisual(cv3)\qplugins\logicaltools\logicjudgeend\x64\release\rcc\qrc_sub_res.cpp
e:\qmacvisual(cv3)\qplugins\logicaltools\logicjudgeend\x64\release\moc\moc_toolnterface.cpp
e:\qmacvisual(cv3)\qplugins\logicaltools\logicjudgeend\x64\release\moc\moc_qtoolbase.cpp
e:\qmacvisual(cv3)\qplugins\logicaltools\logicjudgeend\x64\release\moc\moc_mytitlebar.cpp
e:\qmacvisual(cv3)\qplugins\logicaltools\logicjudgeend\x64\release\moc\moc_frmlogicjudgeend.cpp
e:\qmacvisual(cv3)\qplugins\logicaltools\logicjudgeend\x64\release\moc\moc_logicjudgeend.cpp
e:\qmacvisual(cv3)\qsoftexe\release\plugins\logicjudgeend.lib
e:\qmacvisual(cv3)\qsoftexe\release\plugins\logicjudgeend.exp
e:\qmacvisual(cv3)\qplugins\logicaltools\logicjudgeend\x64\release\logicjudgeend.tlog\cl.command.1.tlog
e:\qmacvisual(cv3)\qplugins\logicaltools\logicjudgeend\x64\release\logicjudgeend.tlog\cl.read.1.tlog
e:\qmacvisual(cv3)\qplugins\logicaltools\logicjudgeend\x64\release\logicjudgeend.tlog\cl.write.1.tlog
e:\qmacvisual(cv3)\qplugins\logicaltools\logicjudgeend\x64\release\logicjudgeend.tlog\link.command.1.tlog
e:\qmacvisual(cv3)\qplugins\logicaltools\logicjudgeend\x64\release\logicjudgeend.tlog\link.read.1.tlog
e:\qmacvisual(cv3)\qplugins\logicaltools\logicjudgeend\x64\release\logicjudgeend.tlog\link.write.1.tlog
e:\qmacvisual(cv3)\qplugins\logicaltools\logicjudgeend\x64\release\logicjudgeend.tlog\logicjudgeend.write.1u.tlog
e:\qmacvisual(cv3)\qplugins\logicaltools\logicjudgeend\x64\release\logicjudgeend.tlog\moc.read.1u.tlog
e:\qmacvisual(cv3)\qplugins\logicaltools\logicjudgeend\x64\release\logicjudgeend.tlog\moc.write.1u.tlog
e:\qmacvisual(cv3)\qplugins\logicaltools\logicjudgeend\x64\release\logicjudgeend.tlog\rcc.read.1u.tlog
e:\qmacvisual(cv3)\qplugins\logicaltools\logicjudgeend\x64\release\logicjudgeend.tlog\rcc.write.1u.tlog
e:\qmacvisual(cv3)\qplugins\logicaltools\logicjudgeend\x64\release\logicjudgeend.tlog\uic.read.1u.tlog
e:\qmacvisual(cv3)\qplugins\logicaltools\logicjudgeend\x64\release\logicjudgeend.tlog\uic.write.1u.tlog
