e:\qmacvisual(cv3)\qplugins\communicatetools\serialport\x64\debug\vc142.pdb
e:\qmacvisual(cv3)\qplugins\communicatetools\serialport\x64\debug\qrc_sub_res.obj
e:\qmacvisual(cv3)\qplugins\communicatetools\serialport\x64\debug\frmserialport.obj
e:\qmacvisual(cv3)\qplugins\communicatetools\serialport\x64\debug\serialport.obj
e:\qmacvisual(cv3)\qplugins\communicatetools\serialport\x64\debug\toolnterface.obj
e:\qmacvisual(cv3)\qplugins\communicatetools\serialport\x64\debug\mytitlebar.obj
e:\qmacvisual(cv3)\qplugins\communicatetools\serialport\x64\debug\moc_toolnterface.obj
e:\qmacvisual(cv3)\qplugins\communicatetools\serialport\x64\debug\moc_frmserialport.obj
e:\qmacvisual(cv3)\qplugins\communicatetools\serialport\x64\debug\moc_mytitlebar.obj
e:\qmacvisual(cv3)\qplugins\communicatetools\serialport\x64\debug\moc_serialport.obj
e:\qmacvisual(cv3)\qplugins\communicatetools\serialport\x64\debug\moc_qtoolbase.obj
e:\qmacvisual(cv3)\qsoftexe\debug\plugins\serialport.ilk
e:\qmacvisual(cv3)\qsoftexe\debug\plugins\serialport.dll
e:\qmacvisual(cv3)\qsoftexe\debug\plugins\serialport.pdb
e:\qmacvisual(cv3)\qplugins\communicatetools\serialport\x64\debug\moc\moc_toolnterface.cpp
e:\qmacvisual(cv3)\qplugins\communicatetools\serialport\x64\debug\moc\moc_frmserialport.cpp
e:\qmacvisual(cv3)\qplugins\communicatetools\serialport\x64\debug\moc\moc_mytitlebar.cpp
e:\qmacvisual(cv3)\qplugins\communicatetools\serialport\x64\debug\moc\moc_qtoolbase.cpp
e:\qmacvisual(cv3)\qplugins\communicatetools\serialport\x64\debug\moc\moc_serialport.cpp
e:\qmacvisual(cv3)\qplugins\communicatetools\serialport\x64\debug\rcc\qrc_sub_res.cpp
e:\qmacvisual(cv3)\qplugins\communicatetools\serialport\x64\debug\uic\ui_frmserialport.h
e:\qmacvisual(cv3)\qsoftexe\debug\plugins\serialport.lib
e:\qmacvisual(cv3)\qsoftexe\debug\plugins\serialport.exp
e:\qmacvisual(cv3)\qplugins\communicatetools\serialport\x64\debug\serialport.tlog\cl.command.1.tlog
e:\qmacvisual(cv3)\qplugins\communicatetools\serialport\x64\debug\serialport.tlog\cl.read.1.tlog
e:\qmacvisual(cv3)\qplugins\communicatetools\serialport\x64\debug\serialport.tlog\cl.write.1.tlog
e:\qmacvisual(cv3)\qplugins\communicatetools\serialport\x64\debug\serialport.tlog\link.command.1.tlog
e:\qmacvisual(cv3)\qplugins\communicatetools\serialport\x64\debug\serialport.tlog\link.read.1.tlog
e:\qmacvisual(cv3)\qplugins\communicatetools\serialport\x64\debug\serialport.tlog\link.write.1.tlog
e:\qmacvisual(cv3)\qplugins\communicatetools\serialport\x64\debug\serialport.tlog\moc.read.1u.tlog
e:\qmacvisual(cv3)\qplugins\communicatetools\serialport\x64\debug\serialport.tlog\moc.write.1u.tlog
e:\qmacvisual(cv3)\qplugins\communicatetools\serialport\x64\debug\serialport.tlog\rcc.read.1u.tlog
e:\qmacvisual(cv3)\qplugins\communicatetools\serialport\x64\debug\serialport.tlog\rcc.write.1u.tlog
e:\qmacvisual(cv3)\qplugins\communicatetools\serialport\x64\debug\serialport.tlog\serialport.write.1u.tlog
e:\qmacvisual(cv3)\qplugins\communicatetools\serialport\x64\debug\serialport.tlog\uic.read.1u.tlog
e:\qmacvisual(cv3)\qplugins\communicatetools\serialport\x64\debug\serialport.tlog\uic.write.1u.tlog
