  Reading Qt configuration (C:/Qt/Qt5.12.12/5.12.12/msvc2017_64/bin/qmake)
  uic frmSerialPort.ui
  rcc sub_res.qrc
  moc Toolnterface.h
  moc frmSerialPort.h
  moc mytitlebar.h
  moc QToolBase.h
  moc SerialPort.h
  Toolnterface.cpp
  frmSerialPort.cpp
  mytitlebar.cpp
  SerialPort.cpp
  qrc_sub_res.cpp
  moc_Toolnterface.cpp
  moc_frmSerialPort.cpp
  moc_mytitlebar.cpp
  moc_QToolBase.cpp
  moc_SerialPort.cpp
    正在创建库 ../../../QSoftExe/Debug/Plugins/SerialPort.lib 和对象 ../../../QSoftExe/Debug/Plugins/SerialPort.exp
  SerialPort.vcxproj -> E:\QMacVisual(CV3)\QSoftExe\Debug\Plugins\SerialPort.dll
