e:\qmacvisual(cv3)\qplugins\communicatetools\serialport\x64\release\qrc_sub_res.obj
e:\qmacvisual(cv3)\qplugins\communicatetools\serialport\x64\release\frmserialport.obj
e:\qmacvisual(cv3)\qplugins\communicatetools\serialport\x64\release\serialport.obj
e:\qmacvisual(cv3)\qplugins\communicatetools\serialport\x64\release\mytitlebar.obj
e:\qmacvisual(cv3)\qplugins\communicatetools\serialport\x64\release\toolnterface.obj
e:\qmacvisual(cv3)\qplugins\communicatetools\serialport\x64\release\moc_qtoolbase.obj
e:\qmacvisual(cv3)\qplugins\communicatetools\serialport\x64\release\moc_frmserialport.obj
e:\qmacvisual(cv3)\qplugins\communicatetools\serialport\x64\release\moc_serialport.obj
e:\qmacvisual(cv3)\qplugins\communicatetools\serialport\x64\release\moc_mytitlebar.obj
e:\qmacvisual(cv3)\qplugins\communicatetools\serialport\x64\release\moc_toolnterface.obj
e:\qmacvisual(cv3)\qsoftexe\release\plugins\serialport.dll
e:\qmacvisual(cv3)\qplugins\communicatetools\serialport\x64\release\moc\moc_toolnterface.cpp
e:\qmacvisual(cv3)\qplugins\communicatetools\serialport\x64\release\moc\moc_frmserialport.cpp
e:\qmacvisual(cv3)\qplugins\communicatetools\serialport\x64\release\moc\moc_mytitlebar.cpp
e:\qmacvisual(cv3)\qplugins\communicatetools\serialport\x64\release\moc\moc_qtoolbase.cpp
e:\qmacvisual(cv3)\qplugins\communicatetools\serialport\x64\release\moc\moc_serialport.cpp
e:\qmacvisual(cv3)\qplugins\communicatetools\serialport\x64\release\rcc\qrc_sub_res.cpp
e:\qmacvisual(cv3)\qplugins\communicatetools\serialport\x64\release\uic\ui_frmserialport.h
e:\qmacvisual(cv3)\qsoftexe\release\plugins\serialport.lib
e:\qmacvisual(cv3)\qsoftexe\release\plugins\serialport.exp
e:\qmacvisual(cv3)\qplugins\communicatetools\serialport\x64\release\serialport.tlog\cl.command.1.tlog
e:\qmacvisual(cv3)\qplugins\communicatetools\serialport\x64\release\serialport.tlog\cl.read.1.tlog
e:\qmacvisual(cv3)\qplugins\communicatetools\serialport\x64\release\serialport.tlog\cl.write.1.tlog
e:\qmacvisual(cv3)\qplugins\communicatetools\serialport\x64\release\serialport.tlog\link.command.1.tlog
e:\qmacvisual(cv3)\qplugins\communicatetools\serialport\x64\release\serialport.tlog\link.read.1.tlog
e:\qmacvisual(cv3)\qplugins\communicatetools\serialport\x64\release\serialport.tlog\link.write.1.tlog
e:\qmacvisual(cv3)\qplugins\communicatetools\serialport\x64\release\serialport.tlog\moc.read.1u.tlog
e:\qmacvisual(cv3)\qplugins\communicatetools\serialport\x64\release\serialport.tlog\moc.write.1u.tlog
e:\qmacvisual(cv3)\qplugins\communicatetools\serialport\x64\release\serialport.tlog\rcc.read.1u.tlog
e:\qmacvisual(cv3)\qplugins\communicatetools\serialport\x64\release\serialport.tlog\rcc.write.1u.tlog
e:\qmacvisual(cv3)\qplugins\communicatetools\serialport\x64\release\serialport.tlog\serialport.write.1u.tlog
e:\qmacvisual(cv3)\qplugins\communicatetools\serialport\x64\release\serialport.tlog\uic.read.1u.tlog
e:\qmacvisual(cv3)\qplugins\communicatetools\serialport\x64\release\serialport.tlog\uic.write.1u.tlog
