g:\qmacvisual(cv3)(25000)\qmacvisual(cv3)2022.9.21(25000)\qmacvisual(cv3)\qmainpro\qmacvisual\x64\debug\frmabout.obj
g:\qmacvisual(cv3)(25000)\qmacvisual(cv3)2022.9.21(25000)\qmacvisual(cv3)\qmainpro\qmacvisual\x64\debug\mainwidget.obj
g:\qmacvisual(cv3)(25000)\qmacvisual(cv3)2022.9.21(25000)\qmacvisual(cv3)\qmainpro\qmacvisual\x64\debug\frmtoolstree.obj
g:\qmacvisual(cv3)(25000)\qmacvisual(cv3)2022.9.21(25000)\qmacvisual(cv3)\qmainpro\qmacvisual\x64\debug\moc_mainwidget.obj
g:\qmacvisual(cv3)(25000)\qmacvisual(cv3)2022.9.21(25000)\qmacvisual(cv3)\qmainpro\qmacvisual\x64\debug\moc_frmproitemtab.obj
g:\qmacvisual(cv3)(25000)\qmacvisual(cv3)2022.9.21(25000)\qmacvisual(cv3)\qmainpro\qmacvisual\x64\debug\qtwidgetssaveload.obj
g:\qmacvisual(cv3)(25000)\qmacvisual(cv3)2022.9.21(25000)\qmacvisual(cv3)\qmainpro\qmacvisual\x64\debug\mainwindow.obj
g:\qmacvisual(cv3)(25000)\qmacvisual(cv3)2022.9.21(25000)\qmacvisual(cv3)\qmainpro\qmacvisual\x64\debug\frmproitemtab.obj
g:\qmacvisual(cv3)(25000)\qmacvisual(cv3)2022.9.21(25000)\qmacvisual(cv3)\qmainpro\qmacvisual\x64\debug\qtoolbase.obj
g:\qmacvisual(cv3)(25000)\qmacvisual(cv3)2022.9.21(25000)\qmacvisual(cv3)\qmainpro\qmacvisual\x64\debug\moc_globalvariable.obj
g:\qmacvisual(cv3)(25000)\qmacvisual(cv3)2022.9.21(25000)\qmacvisual(cv3)\qmainpro\qmacvisual\x64\debug\frmlink.obj
g:\qmacvisual(cv3)(25000)\qmacvisual(cv3)2022.9.21(25000)\qmacvisual(cv3)\qmainpro\qmacvisual\x64\debug\datavar.obj
g:\qmacvisual(cv3)(25000)\qmacvisual(cv3)2022.9.21(25000)\qmacvisual(cv3)\qmainpro\qmacvisual\x64\debug\frmimageview.obj
g:\qmacvisual(cv3)(25000)\qmacvisual(cv3)2022.9.21(25000)\qmacvisual(cv3)\qmainpro\qmacvisual\x64\debug\qgraphicsviews.obj
g:\qmacvisual(cv3)(25000)\qmacvisual(cv3)2022.9.21(25000)\qmacvisual(cv3)\qmainpro\qmacvisual\x64\debug\frmsystemsetup.obj
g:\qmacvisual(cv3)(25000)\qmacvisual(cv3)2022.9.21(25000)\qmacvisual(cv3)\qmainpro\qmacvisual\x64\debug\globalvariable.obj
g:\qmacvisual(cv3)(25000)\qmacvisual(cv3)2022.9.21(25000)\qmacvisual(cv3)\qmainpro\qmacvisual\x64\debug\frmregister.obj
g:\qmacvisual(cv3)(25000)\qmacvisual(cv3)2022.9.21(25000)\qmacvisual(cv3)\qmainpro\qmacvisual\x64\debug\manualthread.obj
g:\qmacvisual(cv3)(25000)\qmacvisual(cv3)2022.9.21(25000)\qmacvisual(cv3)\qmainpro\qmacvisual\x64\debug\autothread.obj
g:\qmacvisual(cv3)(25000)\qmacvisual(cv3)2022.9.21(25000)\qmacvisual(cv3)\qmainpro\qmacvisual\x64\debug\frmcamerasetup.obj
g:\qmacvisual(cv3)(25000)\qmacvisual(cv3)2022.9.21(25000)\qmacvisual(cv3)\qmainpro\qmacvisual\x64\debug\showcpumemory.obj
g:\qmacvisual(cv3)(25000)\qmacvisual(cv3)2022.9.21(25000)\qmacvisual(cv3)\qmainpro\qmacvisual\x64\debug\frmlog.obj
g:\qmacvisual(cv3)(25000)\qmacvisual(cv3)2022.9.21(25000)\qmacvisual(cv3)\qmainpro\qmacvisual\x64\debug\flowlistwidget.obj
g:\qmacvisual(cv3)(25000)\qmacvisual(cv3)2022.9.21(25000)\qmacvisual(cv3)\qmainpro\qmacvisual\x64\debug\headwidget.obj
g:\qmacvisual(cv3)(25000)\qmacvisual(cv3)2022.9.21(25000)\qmacvisual(cv3)\qmainpro\qmacvisual\x64\debug\frmvisuallogo.obj
g:\qmacvisual(cv3)(25000)\qmacvisual(cv3)2022.9.21(25000)\qmacvisual(cv3)\qmainpro\qmacvisual\x64\debug\frmimagelayout.obj
g:\qmacvisual(cv3)(25000)\qmacvisual(cv3)2022.9.21(25000)\qmacvisual(cv3)\qmainpro\qmacvisual\x64\debug\cmysplashscreen.obj
g:\qmacvisual(cv3)(25000)\qmacvisual(cv3)2022.9.21(25000)\qmacvisual(cv3)\qmainpro\qmacvisual\x64\debug\frmquit.obj
g:\qmacvisual(cv3)(25000)\qmacvisual(cv3)2022.9.21(25000)\qmacvisual(cv3)\qmainpro\qmacvisual\x64\debug\frmpermis.obj
g:\qmacvisual(cv3)(25000)\qmacvisual(cv3)2022.9.21(25000)\qmacvisual(cv3)\qmainpro\qmacvisual\x64\debug\frmglobalvariable.obj
g:\qmacvisual(cv3)(25000)\qmacvisual(cv3)2022.9.21(25000)\qmacvisual(cv3)\qmainpro\qmacvisual\x64\debug\frmlogin.obj
g:\qmacvisual(cv3)(25000)\qmacvisual(cv3)2022.9.21(25000)\qmacvisual(cv3)\qmainpro\qmacvisual\x64\debug\frmprocesssetup.obj
g:\qmacvisual(cv3)(25000)\qmacvisual(cv3)2022.9.21(25000)\qmacvisual(cv3)\qmainpro\qmacvisual\x64\debug\frminstrumentation.obj
g:\qmacvisual(cv3)(25000)\qmacvisual(cv3)2022.9.21(25000)\qmacvisual(cv3)\qmainpro\qmacvisual\x64\debug\vc143.pdb
g:\qmacvisual(cv3)(25000)\qmacvisual(cv3)2022.9.21(25000)\qmacvisual(cv3)\qmainpro\qmacvisual\x64\debug\qrc_res.obj
g:\qmacvisual(cv3)(25000)\qmacvisual(cv3)2022.9.21(25000)\qmacvisual(cv3)\qmainpro\qmacvisual\x64\debug\moc_flowlistwidget.obj
g:\qmacvisual(cv3)(25000)\qmacvisual(cv3)2022.9.21(25000)\qmacvisual(cv3)\qmainpro\qmacvisual\x64\debug\moc_qttreewidget.obj
g:\qmacvisual(cv3)(25000)\qmacvisual(cv3)2022.9.21(25000)\qmacvisual(cv3)\qmainpro\qmacvisual\x64\debug\moc_headwidget.obj
g:\qmacvisual(cv3)(25000)\qmacvisual(cv3)2022.9.21(25000)\qmacvisual(cv3)\qmainpro\qmacvisual\x64\debug\moc_frmquit.obj
g:\qmacvisual(cv3)(25000)\qmacvisual(cv3)2022.9.21(25000)\qmacvisual(cv3)\qmainpro\qmacvisual\x64\debug\moc_frmpermis.obj
g:\qmacvisual(cv3)(25000)\qmacvisual(cv3)2022.9.21(25000)\qmacvisual(cv3)\qmainpro\qmacvisual\x64\debug\moc_frmlog.obj
g:\qmacvisual(cv3)(25000)\qmacvisual(cv3)2022.9.21(25000)\qmacvisual(cv3)\qmainpro\qmacvisual\x64\debug\moc_frminstrumentation.obj
g:\qmacvisual(cv3)(25000)\qmacvisual(cv3)2022.9.21(25000)\qmacvisual(cv3)\qmainpro\qmacvisual\x64\debug\moc_cmysplashscreen.obj
g:\qmacvisual(cv3)(25000)\qmacvisual(cv3)2022.9.21(25000)\qmacvisual(cv3)\qmainpro\qmacvisual\x64\debug\moc_frmimagelayout.obj
g:\qmacvisual(cv3)(25000)\qmacvisual(cv3)2022.9.21(25000)\qmacvisual(cv3)\qmainpro\qmacvisual\x64\debug\moc_frmregister.obj
g:\qmacvisual(cv3)(25000)\qmacvisual(cv3)2022.9.21(25000)\qmacvisual(cv3)\qmainpro\qmacvisual\x64\debug\moc_savelog.obj
g:\qmacvisual(cv3)(25000)\qmacvisual(cv3)2022.9.21(25000)\qmacvisual(cv3)\qmainpro\qmacvisual\x64\debug\moc_mainwindow.obj
g:\qmacvisual(cv3)(25000)\qmacvisual(cv3)2022.9.21(25000)\qmacvisual(cv3)\qmainpro\qmacvisual\x64\debug\moc_frmvisuallogo.obj
g:\qmacvisual(cv3)(25000)\qmacvisual(cv3)2022.9.21(25000)\qmacvisual(cv3)\qmainpro\qmacvisual\x64\debug\moc_showcpumemory.obj
g:\qmacvisual(cv3)(25000)\qmacvisual(cv3)2022.9.21(25000)\qmacvisual(cv3)\qmainpro\qmacvisual\x64\debug\moc_frmlink.obj
g:\qmacvisual(cv3)(25000)\qmacvisual(cv3)2022.9.21(25000)\qmacvisual(cv3)\qmainpro\qmacvisual\x64\debug\moc_dockwidget.obj
g:\qmacvisual(cv3)(25000)\qmacvisual(cv3)2022.9.21(25000)\qmacvisual(cv3)\qmainpro\qmacvisual\x64\debug\moc_frmcamerasetup.obj
g:\qmacvisual(cv3)(25000)\qmacvisual(cv3)2022.9.21(25000)\qmacvisual(cv3)\qmainpro\qmacvisual\x64\debug\moc_toolnterface.obj
g:\qmacvisual(cv3)(25000)\qmacvisual(cv3)2022.9.21(25000)\qmacvisual(cv3)\qmainpro\qmacvisual\x64\debug\moc_frmabout.obj
g:\qmacvisual(cv3)(25000)\qmacvisual(cv3)2022.9.21(25000)\qmacvisual(cv3)\qmainpro\qmacvisual\x64\debug\moc_manualthread.obj
g:\qmacvisual(cv3)(25000)\qmacvisual(cv3)2022.9.21(25000)\qmacvisual(cv3)\qmainpro\qmacvisual\x64\debug\moc_autothread.obj
g:\qmacvisual(cv3)(25000)\qmacvisual(cv3)2022.9.21(25000)\qmacvisual(cv3)\qmainpro\qmacvisual\x64\debug\moc_frmprocesssetup.obj
g:\qmacvisual(cv3)(25000)\qmacvisual(cv3)2022.9.21(25000)\qmacvisual(cv3)\qmainpro\qmacvisual\x64\debug\moc_basemainwindow.obj
g:\qmacvisual(cv3)(25000)\qmacvisual(cv3)2022.9.21(25000)\qmacvisual(cv3)\qmainpro\qmacvisual\x64\debug\moc_frmglobalvariable.obj
g:\qmacvisual(cv3)(25000)\qmacvisual(cv3)2022.9.21(25000)\qmacvisual(cv3)\qmainpro\qmacvisual\x64\debug\moc_frmlogin.obj
g:\qmacvisual(cv3)(25000)\qmacvisual(cv3)2022.9.21(25000)\qmacvisual(cv3)\qmainpro\qmacvisual\x64\debug\moc_ipaddress.obj
g:\qmacvisual(cv3)(25000)\qmacvisual(cv3)2022.9.21(25000)\qmacvisual(cv3)\qmainpro\qmacvisual\x64\debug\moc_clogmodel.obj
g:\qmacvisual(cv3)(25000)\qmacvisual(cv3)2022.9.21(25000)\qmacvisual(cv3)\qmainpro\qmacvisual\x64\debug\moc_frmsystemsetup.obj
g:\qmacvisual(cv3)(25000)\qmacvisual(cv3)2022.9.21(25000)\qmacvisual(cv3)\qmainpro\qmacvisual\x64\debug\moc_frmimageview.obj
g:\qmacvisual(cv3)(25000)\qmacvisual(cv3)2022.9.21(25000)\qmacvisual(cv3)\qmainpro\qmacvisual\x64\debug\moc_qgraphicsviews.obj
g:\qmacvisual(cv3)(25000)\qmacvisual(cv3)2022.9.21(25000)\qmacvisual(cv3)\qmainpro\qmacvisual\x64\debug\moc_frmtoolstree.obj
g:\qmacvisual(cv3)(25000)\qmacvisual(cv3)2022.9.21(25000)\qmacvisual(cv3)\qmainpro\qmacvisual\x64\debug\moc_qroundprogressbar.obj
g:\qmacvisual(cv3)(25000)\qmacvisual(cv3)2022.9.21(25000)\qmacvisual(cv3)\qmainpro\qmacvisual\x64\debug\moc_mytitlebar.obj
g:\qmacvisual(cv3)(25000)\qmacvisual(cv3)2022.9.21(25000)\qmacvisual(cv3)\qmainpro\qmacvisual\x64\debug\moc_qtoolbase.obj
g:\qmacvisual(cv3)(25000)\qmacvisual(cv3)2022.9.21(25000)\qmacvisual(cv3)\qmainpro\qmacvisual\x64\debug\qttreewidget.obj
g:\qmacvisual(cv3)(25000)\qmacvisual(cv3)2022.9.21(25000)\qmacvisual(cv3)\qmainpro\qmacvisual\x64\debug\sqlite.obj
g:\qmacvisual(cv3)(25000)\qmacvisual(cv3)2022.9.21(25000)\qmacvisual(cv3)\qmainpro\qmacvisual\x64\debug\toolnterface.obj
g:\qmacvisual(cv3)(25000)\qmacvisual(cv3)2022.9.21(25000)\qmacvisual(cv3)\qmainpro\qmacvisual\x64\debug\ipaddress.obj
g:\qmacvisual(cv3)(25000)\qmacvisual(cv3)2022.9.21(25000)\qmacvisual(cv3)\qmainpro\qmacvisual\x64\debug\savelog.obj
g:\qmacvisual(cv3)(25000)\qmacvisual(cv3)2022.9.21(25000)\qmacvisual(cv3)\qmainpro\qmacvisual\x64\debug\gvariable.obj
g:\qmacvisual(cv3)(25000)\qmacvisual(cv3)2022.9.21(25000)\qmacvisual(cv3)\qmainpro\qmacvisual\x64\debug\main.obj
g:\qmacvisual(cv3)(25000)\qmacvisual(cv3)2022.9.21(25000)\qmacvisual(cv3)\qmainpro\qmacvisual\x64\debug\basemainwindow.obj
g:\qmacvisual(cv3)(25000)\qmacvisual(cv3)2022.9.21(25000)\qmacvisual(cv3)\qmainpro\qmacvisual\x64\debug\mytitlebar.obj
g:\qmacvisual(cv3)(25000)\qmacvisual(cv3)2022.9.21(25000)\qmacvisual(cv3)\qmainpro\qmacvisual\x64\debug\clogmodel.obj
g:\qmacvisual(cv3)(25000)\qmacvisual(cv3)2022.9.21(25000)\qmacvisual(cv3)\qmainpro\qmacvisual\x64\debug\softkey.obj
g:\qmacvisual(cv3)(25000)\qmacvisual(cv3)2022.9.21(25000)\qmacvisual(cv3)\qmainpro\qmacvisual\x64\debug\dockwidget.obj
g:\qmacvisual(cv3)(25000)\qmacvisual(cv3)2022.9.21(25000)\qmacvisual(cv3)\qmainpro\qmacvisual\x64\debug\qroundprogressbar.obj
g:\qmacvisual(cv3)(25000)\qmacvisual(cv3)2022.9.21(25000)\qmacvisual(cv3)\qmainpro\qmacvisual\x64\debug\folderoperation.obj
g:\qmacvisual(cv3)(25000)\qmacvisual(cv3)2022.9.21(25000)\qmacvisual(cv3)\qmainpro\qmacvisual\x64\debug\xml.obj
g:\qmacvisual(cv3)(25000)\qmacvisual(cv3)2022.9.21(25000)\qmacvisual(cv3)\qmainpro\qmacvisual\x64\debug\mvcamera.obj
g:\qmacvisual(cv3)(25000)\qmacvisual(cv3)2022.9.21(25000)\qmacvisual(cv3)\qsoftexe\debug\qmacvisual.exe
g:\qmacvisual(cv3)(25000)\qmacvisual(cv3)2022.9.21(25000)\qmacvisual(cv3)\qsoftexe\debug\qmacvisual.pdb
g:\qmacvisual(cv3)(25000)\qmacvisual(cv3)2022.9.21(25000)\qmacvisual(cv3)\qmainpro\qmacvisual\x64\debug\moc\moc_frmcamerasetup.cpp
g:\qmacvisual(cv3)2022.9.21(25000)\qmacvisual(cv3)\qmainpro\qmacvisual\x64\debug\uic\ui_frmabout.h
g:\qmacvisual(cv3)2022.9.21(25000)\qmacvisual(cv3)\qmainpro\qmacvisual\x64\debug\uic\ui_frmcamerasetup.h
g:\qmacvisual(cv3)2022.9.21(25000)\qmacvisual(cv3)\qmainpro\qmacvisual\x64\debug\uic\ui_frmglobalvariable.h
g:\qmacvisual(cv3)2022.9.21(25000)\qmacvisual(cv3)\qmainpro\qmacvisual\x64\debug\uic\ui_frmimagelayout.h
g:\qmacvisual(cv3)2022.9.21(25000)\qmacvisual(cv3)\qmainpro\qmacvisual\x64\debug\uic\ui_frmimageview.h
g:\qmacvisual(cv3)2022.9.21(25000)\qmacvisual(cv3)\qmainpro\qmacvisual\x64\debug\uic\ui_frminstrumentation.h
g:\qmacvisual(cv3)2022.9.21(25000)\qmacvisual(cv3)\qmainpro\qmacvisual\x64\debug\uic\ui_frmlink.h
g:\qmacvisual(cv3)2022.9.21(25000)\qmacvisual(cv3)\qmainpro\qmacvisual\x64\debug\uic\ui_frmlogin.h
g:\qmacvisual(cv3)2022.9.21(25000)\qmacvisual(cv3)\qmainpro\qmacvisual\x64\debug\uic\ui_frmpermis.h
g:\qmacvisual(cv3)2022.9.21(25000)\qmacvisual(cv3)\qmainpro\qmacvisual\x64\debug\uic\ui_frmprocesssetup.h
g:\qmacvisual(cv3)2022.9.21(25000)\qmacvisual(cv3)\qmainpro\qmacvisual\x64\debug\uic\ui_frmproitemtab.h
g:\qmacvisual(cv3)2022.9.21(25000)\qmacvisual(cv3)\qmainpro\qmacvisual\x64\debug\uic\ui_frmquit.h
g:\qmacvisual(cv3)2022.9.21(25000)\qmacvisual(cv3)\qmainpro\qmacvisual\x64\debug\uic\ui_frmregister.h
g:\qmacvisual(cv3)2022.9.21(25000)\qmacvisual(cv3)\qmainpro\qmacvisual\x64\debug\uic\ui_frmsystemsetup.h
g:\qmacvisual(cv3)2022.9.21(25000)\qmacvisual(cv3)\qmainpro\qmacvisual\x64\debug\uic\ui_frmtoolstree.h
g:\qmacvisual(cv3)2022.9.21(25000)\qmacvisual(cv3)\qmainpro\qmacvisual\x64\debug\uic\ui_frmlog.h
g:\qmacvisual(cv3)2022.9.21(25000)\qmacvisual(cv3)\qmainpro\qmacvisual\x64\debug\rcc\qrc_res.cpp
g:\qmacvisual(cv3)2022.9.21(25000)\qmacvisual(cv3)\qmainpro\qmacvisual\x64\debug\moc\moc_savelog.cpp
g:\qmacvisual(cv3)2022.9.21(25000)\qmacvisual(cv3)\qmainpro\qmacvisual\x64\debug\moc\moc_toolnterface.cpp
g:\qmacvisual(cv3)2022.9.21(25000)\qmacvisual(cv3)\qmainpro\qmacvisual\x64\debug\moc\moc_showcpumemory.cpp
g:\qmacvisual(cv3)2022.9.21(25000)\qmacvisual(cv3)\qmainpro\qmacvisual\x64\debug\moc\moc_frmlog.cpp
g:\qmacvisual(cv3)2022.9.21(25000)\qmacvisual(cv3)\qmainpro\qmacvisual\x64\debug\moc\moc_clogmodel.cpp
g:\qmacvisual(cv3)2022.9.21(25000)\qmacvisual(cv3)\qmainpro\qmacvisual\x64\debug\moc\moc_basemainwindow.cpp
g:\qmacvisual(cv3)2022.9.21(25000)\qmacvisual(cv3)\qmainpro\qmacvisual\x64\debug\moc\moc_cmysplashscreen.cpp
g:\qmacvisual(cv3)2022.9.21(25000)\qmacvisual(cv3)\qmainpro\qmacvisual\x64\debug\moc\moc_autothread.cpp
g:\qmacvisual(cv3)2022.9.21(25000)\qmacvisual(cv3)\qmainpro\qmacvisual\x64\debug\moc\moc_frmlogin.cpp
g:\qmacvisual(cv3)2022.9.21(25000)\qmacvisual(cv3)\qmainpro\qmacvisual\x64\debug\moc\moc_dockwidget.cpp
g:\qmacvisual(cv3)2022.9.21(25000)\qmacvisual(cv3)\qmainpro\qmacvisual\x64\debug\moc\moc_headwidget.cpp
g:\qmacvisual(cv3)2022.9.21(25000)\qmacvisual(cv3)\qmainpro\qmacvisual\x64\debug\moc\moc_frmabout.cpp
g:\qmacvisual(cv3)2022.9.21(25000)\qmacvisual(cv3)\qmainpro\qmacvisual\x64\debug\moc\moc_frmimageview.cpp
g:\qmacvisual(cv3)2022.9.21(25000)\qmacvisual(cv3)\qmainpro\qmacvisual\x64\debug\moc\moc_flowlistwidget.cpp
g:\qmacvisual(cv3)2022.9.21(25000)\qmacvisual(cv3)\qmainpro\qmacvisual\x64\debug\moc\moc_globalvariable.cpp
g:\qmacvisual(cv3)2022.9.21(25000)\qmacvisual(cv3)\qmainpro\qmacvisual\x64\debug\moc\moc_frmtoolstree.cpp
g:\qmacvisual(cv3)2022.9.21(25000)\qmacvisual(cv3)\qmainpro\qmacvisual\x64\debug\moc\moc_frmproitemtab.cpp
g:\qmacvisual(cv3)2022.9.21(25000)\qmacvisual(cv3)\qmainpro\qmacvisual\x64\debug\moc\moc_frmpermis.cpp
g:\qmacvisual(cv3)2022.9.21(25000)\qmacvisual(cv3)\qmainpro\qmacvisual\x64\debug\moc\moc_mainwidget.cpp
g:\qmacvisual(cv3)2022.9.21(25000)\qmacvisual(cv3)\qmainpro\qmacvisual\x64\debug\moc\moc_mainwindow.cpp
g:\qmacvisual(cv3)2022.9.21(25000)\qmacvisual(cv3)\qmainpro\qmacvisual\x64\debug\moc\moc_mytitlebar.cpp
g:\qmacvisual(cv3)2022.9.21(25000)\qmacvisual(cv3)\qmainpro\qmacvisual\x64\debug\moc\moc_frmprocesssetup.cpp
g:\qmacvisual(cv3)2022.9.21(25000)\qmacvisual(cv3)\qmainpro\qmacvisual\x64\debug\moc\moc_frmsystemsetup.cpp
g:\qmacvisual(cv3)2022.9.21(25000)\qmacvisual(cv3)\qmainpro\qmacvisual\x64\debug\moc\moc_frmimagelayout.cpp
g:\qmacvisual(cv3)2022.9.21(25000)\qmacvisual(cv3)\qmainpro\qmacvisual\x64\debug\moc\moc_frmglobalvariable.cpp
g:\qmacvisual(cv3)2022.9.21(25000)\qmacvisual(cv3)\qmainpro\qmacvisual\x64\debug\moc\moc_frmcamerasetup.cpp
g:\qmacvisual(cv3)2022.9.21(25000)\qmacvisual(cv3)\qmainpro\qmacvisual\x64\debug\moc\moc_frminstrumentation.cpp
g:\qmacvisual(cv3)2022.9.21(25000)\qmacvisual(cv3)\qmainpro\qmacvisual\x64\debug\moc\moc_frmquit.cpp
g:\qmacvisual(cv3)2022.9.21(25000)\qmacvisual(cv3)\qmainpro\qmacvisual\x64\debug\moc\moc_frmlink.cpp
g:\qmacvisual(cv3)2022.9.21(25000)\qmacvisual(cv3)\qmainpro\qmacvisual\x64\debug\moc\moc_ipaddress.cpp
g:\qmacvisual(cv3)2022.9.21(25000)\qmacvisual(cv3)\qmainpro\qmacvisual\x64\debug\moc\moc_manualthread.cpp
g:\qmacvisual(cv3)2022.9.21(25000)\qmacvisual(cv3)\qmainpro\qmacvisual\x64\debug\moc\moc_qgraphicsviews.cpp
g:\qmacvisual(cv3)2022.9.21(25000)\qmacvisual(cv3)\qmainpro\qmacvisual\x64\debug\moc\moc_qtoolbase.cpp
g:\qmacvisual(cv3)2022.9.21(25000)\qmacvisual(cv3)\qmainpro\qmacvisual\x64\debug\moc\moc_qttreewidget.cpp
g:\qmacvisual(cv3)2022.9.21(25000)\qmacvisual(cv3)\qmainpro\qmacvisual\x64\debug\moc\moc_qroundprogressbar.cpp
g:\qmacvisual(cv3)2022.9.21(25000)\qmacvisual(cv3)\qmainpro\qmacvisual\x64\debug\moc\moc_frmvisuallogo.cpp
g:\qmacvisual(cv3)2022.9.21(25000)\qmacvisual(cv3)\qmainpro\qmacvisual\x64\debug\moc\moc_frmregister.cpp
g:\qmacvisual(cv3)(25000)\qmacvisual(cv3)2022.9.21(25000)\qmacvisual(cv3)\qmainpro\qmacvisual\x64\debug\uic\ui_frmabout.h
g:\qmacvisual(cv3)(25000)\qmacvisual(cv3)2022.9.21(25000)\qmacvisual(cv3)\qmainpro\qmacvisual\x64\debug\uic\ui_frmcamerasetup.h
g:\qmacvisual(cv3)(25000)\qmacvisual(cv3)2022.9.21(25000)\qmacvisual(cv3)\qmainpro\qmacvisual\x64\debug\uic\ui_frmglobalvariable.h
g:\qmacvisual(cv3)(25000)\qmacvisual(cv3)2022.9.21(25000)\qmacvisual(cv3)\qmainpro\qmacvisual\x64\debug\uic\ui_frmimagelayout.h
g:\qmacvisual(cv3)(25000)\qmacvisual(cv3)2022.9.21(25000)\qmacvisual(cv3)\qmainpro\qmacvisual\x64\debug\uic\ui_frmimageview.h
g:\qmacvisual(cv3)(25000)\qmacvisual(cv3)2022.9.21(25000)\qmacvisual(cv3)\qmainpro\qmacvisual\x64\debug\uic\ui_frminstrumentation.h
g:\qmacvisual(cv3)(25000)\qmacvisual(cv3)2022.9.21(25000)\qmacvisual(cv3)\qmainpro\qmacvisual\x64\debug\uic\ui_frmlink.h
g:\qmacvisual(cv3)(25000)\qmacvisual(cv3)2022.9.21(25000)\qmacvisual(cv3)\qmainpro\qmacvisual\x64\debug\uic\ui_frmlogin.h
g:\qmacvisual(cv3)(25000)\qmacvisual(cv3)2022.9.21(25000)\qmacvisual(cv3)\qmainpro\qmacvisual\x64\debug\uic\ui_frmpermis.h
g:\qmacvisual(cv3)(25000)\qmacvisual(cv3)2022.9.21(25000)\qmacvisual(cv3)\qmainpro\qmacvisual\x64\debug\uic\ui_frmprocesssetup.h
g:\qmacvisual(cv3)(25000)\qmacvisual(cv3)2022.9.21(25000)\qmacvisual(cv3)\qmainpro\qmacvisual\x64\debug\uic\ui_frmproitemtab.h
g:\qmacvisual(cv3)(25000)\qmacvisual(cv3)2022.9.21(25000)\qmacvisual(cv3)\qmainpro\qmacvisual\x64\debug\uic\ui_frmquit.h
g:\qmacvisual(cv3)(25000)\qmacvisual(cv3)2022.9.21(25000)\qmacvisual(cv3)\qmainpro\qmacvisual\x64\debug\uic\ui_frmregister.h
g:\qmacvisual(cv3)(25000)\qmacvisual(cv3)2022.9.21(25000)\qmacvisual(cv3)\qmainpro\qmacvisual\x64\debug\uic\ui_frmsystemsetup.h
g:\qmacvisual(cv3)(25000)\qmacvisual(cv3)2022.9.21(25000)\qmacvisual(cv3)\qmainpro\qmacvisual\x64\debug\uic\ui_frmtoolstree.h
g:\qmacvisual(cv3)(25000)\qmacvisual(cv3)2022.9.21(25000)\qmacvisual(cv3)\qmainpro\qmacvisual\x64\debug\uic\ui_frmlog.h
g:\qmacvisual(cv3)(25000)\qmacvisual(cv3)2022.9.21(25000)\qmacvisual(cv3)\qmainpro\qmacvisual\x64\debug\rcc\qrc_res.cpp
g:\qmacvisual(cv3)(25000)\qmacvisual(cv3)2022.9.21(25000)\qmacvisual(cv3)\qmainpro\qmacvisual\x64\debug\moc\moc_savelog.cpp
g:\qmacvisual(cv3)(25000)\qmacvisual(cv3)2022.9.21(25000)\qmacvisual(cv3)\qmainpro\qmacvisual\x64\debug\moc\moc_toolnterface.cpp
g:\qmacvisual(cv3)(25000)\qmacvisual(cv3)2022.9.21(25000)\qmacvisual(cv3)\qmainpro\qmacvisual\x64\debug\moc\moc_showcpumemory.cpp
g:\qmacvisual(cv3)(25000)\qmacvisual(cv3)2022.9.21(25000)\qmacvisual(cv3)\qmainpro\qmacvisual\x64\debug\moc\moc_frmlog.cpp
g:\qmacvisual(cv3)(25000)\qmacvisual(cv3)2022.9.21(25000)\qmacvisual(cv3)\qmainpro\qmacvisual\x64\debug\moc\moc_clogmodel.cpp
g:\qmacvisual(cv3)(25000)\qmacvisual(cv3)2022.9.21(25000)\qmacvisual(cv3)\qmainpro\qmacvisual\x64\debug\moc\moc_basemainwindow.cpp
g:\qmacvisual(cv3)(25000)\qmacvisual(cv3)2022.9.21(25000)\qmacvisual(cv3)\qmainpro\qmacvisual\x64\debug\moc\moc_cmysplashscreen.cpp
g:\qmacvisual(cv3)(25000)\qmacvisual(cv3)2022.9.21(25000)\qmacvisual(cv3)\qmainpro\qmacvisual\x64\debug\moc\moc_autothread.cpp
g:\qmacvisual(cv3)(25000)\qmacvisual(cv3)2022.9.21(25000)\qmacvisual(cv3)\qmainpro\qmacvisual\x64\debug\moc\moc_frmlogin.cpp
g:\qmacvisual(cv3)(25000)\qmacvisual(cv3)2022.9.21(25000)\qmacvisual(cv3)\qmainpro\qmacvisual\x64\debug\moc\moc_dockwidget.cpp
g:\qmacvisual(cv3)(25000)\qmacvisual(cv3)2022.9.21(25000)\qmacvisual(cv3)\qmainpro\qmacvisual\x64\debug\moc\moc_headwidget.cpp
g:\qmacvisual(cv3)(25000)\qmacvisual(cv3)2022.9.21(25000)\qmacvisual(cv3)\qmainpro\qmacvisual\x64\debug\moc\moc_frmabout.cpp
g:\qmacvisual(cv3)(25000)\qmacvisual(cv3)2022.9.21(25000)\qmacvisual(cv3)\qmainpro\qmacvisual\x64\debug\moc\moc_frmimageview.cpp
g:\qmacvisual(cv3)(25000)\qmacvisual(cv3)2022.9.21(25000)\qmacvisual(cv3)\qmainpro\qmacvisual\x64\debug\moc\moc_flowlistwidget.cpp
g:\qmacvisual(cv3)(25000)\qmacvisual(cv3)2022.9.21(25000)\qmacvisual(cv3)\qmainpro\qmacvisual\x64\debug\moc\moc_globalvariable.cpp
g:\qmacvisual(cv3)(25000)\qmacvisual(cv3)2022.9.21(25000)\qmacvisual(cv3)\qmainpro\qmacvisual\x64\debug\moc\moc_frmtoolstree.cpp
g:\qmacvisual(cv3)(25000)\qmacvisual(cv3)2022.9.21(25000)\qmacvisual(cv3)\qmainpro\qmacvisual\x64\debug\moc\moc_frmproitemtab.cpp
g:\qmacvisual(cv3)(25000)\qmacvisual(cv3)2022.9.21(25000)\qmacvisual(cv3)\qmainpro\qmacvisual\x64\debug\moc\moc_frmpermis.cpp
g:\qmacvisual(cv3)(25000)\qmacvisual(cv3)2022.9.21(25000)\qmacvisual(cv3)\qmainpro\qmacvisual\x64\debug\moc\moc_mainwidget.cpp
g:\qmacvisual(cv3)(25000)\qmacvisual(cv3)2022.9.21(25000)\qmacvisual(cv3)\qmainpro\qmacvisual\x64\debug\moc\moc_mainwindow.cpp
g:\qmacvisual(cv3)(25000)\qmacvisual(cv3)2022.9.21(25000)\qmacvisual(cv3)\qmainpro\qmacvisual\x64\debug\moc\moc_mytitlebar.cpp
g:\qmacvisual(cv3)(25000)\qmacvisual(cv3)2022.9.21(25000)\qmacvisual(cv3)\qmainpro\qmacvisual\x64\debug\moc\moc_frmprocesssetup.cpp
g:\qmacvisual(cv3)(25000)\qmacvisual(cv3)2022.9.21(25000)\qmacvisual(cv3)\qmainpro\qmacvisual\x64\debug\moc\moc_frmsystemsetup.cpp
g:\qmacvisual(cv3)(25000)\qmacvisual(cv3)2022.9.21(25000)\qmacvisual(cv3)\qmainpro\qmacvisual\x64\debug\moc\moc_frmimagelayout.cpp
g:\qmacvisual(cv3)(25000)\qmacvisual(cv3)2022.9.21(25000)\qmacvisual(cv3)\qmainpro\qmacvisual\x64\debug\moc\moc_frmglobalvariable.cpp
g:\qmacvisual(cv3)(25000)\qmacvisual(cv3)2022.9.21(25000)\qmacvisual(cv3)\qmainpro\qmacvisual\x64\debug\moc\moc_frminstrumentation.cpp
g:\qmacvisual(cv3)(25000)\qmacvisual(cv3)2022.9.21(25000)\qmacvisual(cv3)\qmainpro\qmacvisual\x64\debug\moc\moc_frmquit.cpp
g:\qmacvisual(cv3)(25000)\qmacvisual(cv3)2022.9.21(25000)\qmacvisual(cv3)\qmainpro\qmacvisual\x64\debug\moc\moc_frmlink.cpp
g:\qmacvisual(cv3)(25000)\qmacvisual(cv3)2022.9.21(25000)\qmacvisual(cv3)\qmainpro\qmacvisual\x64\debug\moc\moc_ipaddress.cpp
g:\qmacvisual(cv3)(25000)\qmacvisual(cv3)2022.9.21(25000)\qmacvisual(cv3)\qmainpro\qmacvisual\x64\debug\moc\moc_manualthread.cpp
g:\qmacvisual(cv3)(25000)\qmacvisual(cv3)2022.9.21(25000)\qmacvisual(cv3)\qmainpro\qmacvisual\x64\debug\moc\moc_qgraphicsviews.cpp
g:\qmacvisual(cv3)(25000)\qmacvisual(cv3)2022.9.21(25000)\qmacvisual(cv3)\qmainpro\qmacvisual\x64\debug\moc\moc_qtoolbase.cpp
g:\qmacvisual(cv3)(25000)\qmacvisual(cv3)2022.9.21(25000)\qmacvisual(cv3)\qmainpro\qmacvisual\x64\debug\moc\moc_qttreewidget.cpp
g:\qmacvisual(cv3)(25000)\qmacvisual(cv3)2022.9.21(25000)\qmacvisual(cv3)\qmainpro\qmacvisual\x64\debug\moc\moc_qroundprogressbar.cpp
g:\qmacvisual(cv3)(25000)\qmacvisual(cv3)2022.9.21(25000)\qmacvisual(cv3)\qmainpro\qmacvisual\x64\debug\moc\moc_frmvisuallogo.cpp
g:\qmacvisual(cv3)(25000)\qmacvisual(cv3)2022.9.21(25000)\qmacvisual(cv3)\qmainpro\qmacvisual\x64\debug\moc\moc_frmregister.cpp
g:\qmacvisual(cv3)(25000)\qmacvisual(cv3)2022.9.21(25000)\qmacvisual(cv3)\qmainpro\qmacvisual\x64\debug\qt\uic\ui_frmabout.h
g:\qmacvisual(cv3)(25000)\qmacvisual(cv3)2022.9.21(25000)\qmacvisual(cv3)\qmainpro\qmacvisual\x64\debug\qt\uic\ui_frmcamerasetup.h
g:\qmacvisual(cv3)(25000)\qmacvisual(cv3)2022.9.21(25000)\qmacvisual(cv3)\qmainpro\qmacvisual\x64\debug\qt\uic\ui_frmglobalvariable.h
g:\qmacvisual(cv3)(25000)\qmacvisual(cv3)2022.9.21(25000)\qmacvisual(cv3)\qmainpro\qmacvisual\x64\debug\qt\uic\ui_frmimagelayout.h
g:\qmacvisual(cv3)(25000)\qmacvisual(cv3)2022.9.21(25000)\qmacvisual(cv3)\qmainpro\qmacvisual\x64\debug\qt\uic\ui_frmimageview.h
g:\qmacvisual(cv3)(25000)\qmacvisual(cv3)2022.9.21(25000)\qmacvisual(cv3)\qmainpro\qmacvisual\x64\debug\qt\uic\ui_frminstrumentation.h
g:\qmacvisual(cv3)(25000)\qmacvisual(cv3)2022.9.21(25000)\qmacvisual(cv3)\qmainpro\qmacvisual\x64\debug\qt\uic\ui_frmlink.h
g:\qmacvisual(cv3)(25000)\qmacvisual(cv3)2022.9.21(25000)\qmacvisual(cv3)\qmainpro\qmacvisual\x64\debug\qt\uic\ui_frmlogin.h
g:\qmacvisual(cv3)(25000)\qmacvisual(cv3)2022.9.21(25000)\qmacvisual(cv3)\qmainpro\qmacvisual\x64\debug\qt\uic\ui_frmpermis.h
g:\qmacvisual(cv3)(25000)\qmacvisual(cv3)2022.9.21(25000)\qmacvisual(cv3)\qmainpro\qmacvisual\x64\debug\qt\uic\ui_frmprocesssetup.h
g:\qmacvisual(cv3)(25000)\qmacvisual(cv3)2022.9.21(25000)\qmacvisual(cv3)\qmainpro\qmacvisual\x64\debug\qt\uic\ui_frmproitemtab.h
g:\qmacvisual(cv3)(25000)\qmacvisual(cv3)2022.9.21(25000)\qmacvisual(cv3)\qmainpro\qmacvisual\x64\debug\qt\uic\ui_frmquit.h
g:\qmacvisual(cv3)(25000)\qmacvisual(cv3)2022.9.21(25000)\qmacvisual(cv3)\qmainpro\qmacvisual\x64\debug\qt\uic\ui_frmregister.h
g:\qmacvisual(cv3)(25000)\qmacvisual(cv3)2022.9.21(25000)\qmacvisual(cv3)\qmainpro\qmacvisual\x64\debug\qt\uic\ui_frmsystemsetup.h
g:\qmacvisual(cv3)(25000)\qmacvisual(cv3)2022.9.21(25000)\qmacvisual(cv3)\qmainpro\qmacvisual\x64\debug\qt\uic\ui_frmtoolstree.h
g:\qmacvisual(cv3)(25000)\qmacvisual(cv3)2022.9.21(25000)\qmacvisual(cv3)\qmainpro\qmacvisual\x64\debug\qt\uic\ui_frmlog.h
g:\qmacvisual(cv3)(25000)\qmacvisual(cv3)2022.9.21(25000)\qmacvisual(cv3)\qmainpro\qmacvisual\x64\debug\qt\rcc\qrc_res.cpp
g:\qmacvisual(cv3)(25000)\qmacvisual(cv3)2022.9.21(25000)\qmacvisual(cv3)\qmainpro\qmacvisual\x64\debug\qt\moc\moc_savelog.cpp
g:\qmacvisual(cv3)(25000)\qmacvisual(cv3)2022.9.21(25000)\qmacvisual(cv3)\qmainpro\qmacvisual\x64\debug\qt\moc\moc_toolnterface.cpp
g:\qmacvisual(cv3)(25000)\qmacvisual(cv3)2022.9.21(25000)\qmacvisual(cv3)\qmainpro\qmacvisual\x64\debug\qt\moc\moc_showcpumemory.cpp
g:\qmacvisual(cv3)(25000)\qmacvisual(cv3)2022.9.21(25000)\qmacvisual(cv3)\qmainpro\qmacvisual\x64\debug\qt\moc\moc_frmlog.cpp
g:\qmacvisual(cv3)(25000)\qmacvisual(cv3)2022.9.21(25000)\qmacvisual(cv3)\qmainpro\qmacvisual\x64\debug\qt\moc\moc_clogmodel.cpp
g:\qmacvisual(cv3)(25000)\qmacvisual(cv3)2022.9.21(25000)\qmacvisual(cv3)\qmainpro\qmacvisual\x64\debug\qt\moc\moc_basemainwindow.cpp
g:\qmacvisual(cv3)(25000)\qmacvisual(cv3)2022.9.21(25000)\qmacvisual(cv3)\qmainpro\qmacvisual\x64\debug\qt\moc\moc_cmysplashscreen.cpp
g:\qmacvisual(cv3)(25000)\qmacvisual(cv3)2022.9.21(25000)\qmacvisual(cv3)\qmainpro\qmacvisual\x64\debug\qt\moc\moc_autothread.cpp
g:\qmacvisual(cv3)(25000)\qmacvisual(cv3)2022.9.21(25000)\qmacvisual(cv3)\qmainpro\qmacvisual\x64\debug\qt\moc\moc_frmlogin.cpp
g:\qmacvisual(cv3)(25000)\qmacvisual(cv3)2022.9.21(25000)\qmacvisual(cv3)\qmainpro\qmacvisual\x64\debug\qt\moc\moc_dockwidget.cpp
g:\qmacvisual(cv3)(25000)\qmacvisual(cv3)2022.9.21(25000)\qmacvisual(cv3)\qmainpro\qmacvisual\x64\debug\qt\moc\moc_headwidget.cpp
g:\qmacvisual(cv3)(25000)\qmacvisual(cv3)2022.9.21(25000)\qmacvisual(cv3)\qmainpro\qmacvisual\x64\debug\qt\moc\moc_frmabout.cpp
g:\qmacvisual(cv3)(25000)\qmacvisual(cv3)2022.9.21(25000)\qmacvisual(cv3)\qmainpro\qmacvisual\x64\debug\qt\moc\moc_frmimageview.cpp
g:\qmacvisual(cv3)(25000)\qmacvisual(cv3)2022.9.21(25000)\qmacvisual(cv3)\qmainpro\qmacvisual\x64\debug\qt\moc\moc_flowlistwidget.cpp
g:\qmacvisual(cv3)(25000)\qmacvisual(cv3)2022.9.21(25000)\qmacvisual(cv3)\qmainpro\qmacvisual\x64\debug\qt\moc\moc_globalvariable.cpp
g:\qmacvisual(cv3)(25000)\qmacvisual(cv3)2022.9.21(25000)\qmacvisual(cv3)\qmainpro\qmacvisual\x64\debug\qt\moc\moc_frmtoolstree.cpp
g:\qmacvisual(cv3)(25000)\qmacvisual(cv3)2022.9.21(25000)\qmacvisual(cv3)\qmainpro\qmacvisual\x64\debug\qt\moc\moc_frmproitemtab.cpp
g:\qmacvisual(cv3)(25000)\qmacvisual(cv3)2022.9.21(25000)\qmacvisual(cv3)\qmainpro\qmacvisual\x64\debug\qt\moc\moc_frmpermis.cpp
g:\qmacvisual(cv3)(25000)\qmacvisual(cv3)2022.9.21(25000)\qmacvisual(cv3)\qmainpro\qmacvisual\x64\debug\qt\moc\moc_mainwidget.cpp
g:\qmacvisual(cv3)(25000)\qmacvisual(cv3)2022.9.21(25000)\qmacvisual(cv3)\qmainpro\qmacvisual\x64\debug\qt\moc\moc_mainwindow.cpp
g:\qmacvisual(cv3)(25000)\qmacvisual(cv3)2022.9.21(25000)\qmacvisual(cv3)\qmainpro\qmacvisual\x64\debug\qt\moc\moc_mytitlebar.cpp
g:\qmacvisual(cv3)(25000)\qmacvisual(cv3)2022.9.21(25000)\qmacvisual(cv3)\qmainpro\qmacvisual\x64\debug\qt\moc\moc_frmprocesssetup.cpp
g:\qmacvisual(cv3)(25000)\qmacvisual(cv3)2022.9.21(25000)\qmacvisual(cv3)\qmainpro\qmacvisual\x64\debug\qt\moc\moc_frmsystemsetup.cpp
g:\qmacvisual(cv3)(25000)\qmacvisual(cv3)2022.9.21(25000)\qmacvisual(cv3)\qmainpro\qmacvisual\x64\debug\qt\moc\moc_frmimagelayout.cpp
g:\qmacvisual(cv3)(25000)\qmacvisual(cv3)2022.9.21(25000)\qmacvisual(cv3)\qmainpro\qmacvisual\x64\debug\qt\moc\moc_frmglobalvariable.cpp
g:\qmacvisual(cv3)(25000)\qmacvisual(cv3)2022.9.21(25000)\qmacvisual(cv3)\qmainpro\qmacvisual\x64\debug\qt\moc\moc_frmcamerasetup.cpp
g:\qmacvisual(cv3)(25000)\qmacvisual(cv3)2022.9.21(25000)\qmacvisual(cv3)\qmainpro\qmacvisual\x64\debug\qt\moc\moc_frminstrumentation.cpp
g:\qmacvisual(cv3)(25000)\qmacvisual(cv3)2022.9.21(25000)\qmacvisual(cv3)\qmainpro\qmacvisual\x64\debug\qt\moc\moc_frmquit.cpp
g:\qmacvisual(cv3)(25000)\qmacvisual(cv3)2022.9.21(25000)\qmacvisual(cv3)\qmainpro\qmacvisual\x64\debug\qt\moc\moc_frmlink.cpp
g:\qmacvisual(cv3)(25000)\qmacvisual(cv3)2022.9.21(25000)\qmacvisual(cv3)\qmainpro\qmacvisual\x64\debug\qt\moc\moc_ipaddress.cpp
g:\qmacvisual(cv3)(25000)\qmacvisual(cv3)2022.9.21(25000)\qmacvisual(cv3)\qmainpro\qmacvisual\x64\debug\qt\moc\moc_manualthread.cpp
g:\qmacvisual(cv3)(25000)\qmacvisual(cv3)2022.9.21(25000)\qmacvisual(cv3)\qmainpro\qmacvisual\x64\debug\qt\moc\moc_qgraphicsviews.cpp
g:\qmacvisual(cv3)(25000)\qmacvisual(cv3)2022.9.21(25000)\qmacvisual(cv3)\qmainpro\qmacvisual\x64\debug\qt\moc\moc_qtoolbase.cpp
g:\qmacvisual(cv3)(25000)\qmacvisual(cv3)2022.9.21(25000)\qmacvisual(cv3)\qmainpro\qmacvisual\x64\debug\qt\moc\moc_qttreewidget.cpp
g:\qmacvisual(cv3)(25000)\qmacvisual(cv3)2022.9.21(25000)\qmacvisual(cv3)\qmainpro\qmacvisual\x64\debug\qt\moc\moc_qroundprogressbar.cpp
g:\qmacvisual(cv3)(25000)\qmacvisual(cv3)2022.9.21(25000)\qmacvisual(cv3)\qmainpro\qmacvisual\x64\debug\qt\moc\moc_frmvisuallogo.cpp
g:\qmacvisual(cv3)(25000)\qmacvisual(cv3)2022.9.21(25000)\qmacvisual(cv3)\qmainpro\qmacvisual\x64\debug\qt\moc\moc_frmregister.cpp
g:\qmacvisual(cv3)(25000)\qmacvisual(cv3)2022.9.21(25000)\qmacvisual(cv3)\qmainpro\qmacvisual\x64\debug\qmacvisual.res
g:\qmacvisual(cv3)(25000)\qmacvisual(cv3)2022.9.21(25000)\qmacvisual(cv3)\qsoftexe\debug\qmacvisual.ilk
g:\qmacvisual(cv3)(25000)\qmacvisual(cv3)2022.9.21(25000)\qmacvisual(cv3)\qmainpro\qmacvisual\x64\debug\vc142.pdb
g:\qmacvisual(cv3)(25000)\qmacvisual(cv3)2022.9.21(25000)\qmacvisual(cv3)\qmainpro\qmacvisual\x64\debug\qmacvisual.tlog\cl.command.1.tlog
g:\qmacvisual(cv3)(25000)\qmacvisual(cv3)2022.9.21(25000)\qmacvisual(cv3)\qmainpro\qmacvisual\x64\debug\qmacvisual.tlog\cl.items.tlog
g:\qmacvisual(cv3)(25000)\qmacvisual(cv3)2022.9.21(25000)\qmacvisual(cv3)\qmainpro\qmacvisual\x64\debug\qmacvisual.tlog\cl.read.1.tlog
g:\qmacvisual(cv3)(25000)\qmacvisual(cv3)2022.9.21(25000)\qmacvisual(cv3)\qmainpro\qmacvisual\x64\debug\qmacvisual.tlog\cl.write.1.tlog
g:\qmacvisual(cv3)(25000)\qmacvisual(cv3)2022.9.21(25000)\qmacvisual(cv3)\qmainpro\qmacvisual\x64\debug\qmacvisual.tlog\link.command.1.tlog
g:\qmacvisual(cv3)(25000)\qmacvisual(cv3)2022.9.21(25000)\qmacvisual(cv3)\qmainpro\qmacvisual\x64\debug\qmacvisual.tlog\link.read.1.tlog
g:\qmacvisual(cv3)(25000)\qmacvisual(cv3)2022.9.21(25000)\qmacvisual(cv3)\qmainpro\qmacvisual\x64\debug\qmacvisual.tlog\link.secondary.1.tlog
g:\qmacvisual(cv3)(25000)\qmacvisual(cv3)2022.9.21(25000)\qmacvisual(cv3)\qmainpro\qmacvisual\x64\debug\qmacvisual.tlog\link.write.1.tlog
g:\qmacvisual(cv3)(25000)\qmacvisual(cv3)2022.9.21(25000)\qmacvisual(cv3)\qmainpro\qmacvisual\x64\debug\qmacvisual.tlog\moc.read.1u.tlog
g:\qmacvisual(cv3)(25000)\qmacvisual(cv3)2022.9.21(25000)\qmacvisual(cv3)\qmainpro\qmacvisual\x64\debug\qmacvisual.tlog\moc.write.1u.tlog
g:\qmacvisual(cv3)(25000)\qmacvisual(cv3)2022.9.21(25000)\qmacvisual(cv3)\qmainpro\qmacvisual\x64\debug\qmacvisual.tlog\qmacvisual.write.1u.tlog
g:\qmacvisual(cv3)(25000)\qmacvisual(cv3)2022.9.21(25000)\qmacvisual(cv3)\qmainpro\qmacvisual\x64\debug\qmacvisual.tlog\rc.command.1.tlog
g:\qmacvisual(cv3)(25000)\qmacvisual(cv3)2022.9.21(25000)\qmacvisual(cv3)\qmainpro\qmacvisual\x64\debug\qmacvisual.tlog\rc.read.1.tlog
g:\qmacvisual(cv3)(25000)\qmacvisual(cv3)2022.9.21(25000)\qmacvisual(cv3)\qmainpro\qmacvisual\x64\debug\qmacvisual.tlog\rc.write.1.tlog
g:\qmacvisual(cv3)(25000)\qmacvisual(cv3)2022.9.21(25000)\qmacvisual(cv3)\qmainpro\qmacvisual\x64\debug\qmacvisual.tlog\rcc.read.1u.tlog
g:\qmacvisual(cv3)(25000)\qmacvisual(cv3)2022.9.21(25000)\qmacvisual(cv3)\qmainpro\qmacvisual\x64\debug\qmacvisual.tlog\rcc.write.1u.tlog
g:\qmacvisual(cv3)(25000)\qmacvisual(cv3)2022.9.21(25000)\qmacvisual(cv3)\qmainpro\qmacvisual\x64\debug\qmacvisual.tlog\uic.read.1u.tlog
g:\qmacvisual(cv3)(25000)\qmacvisual(cv3)2022.9.21(25000)\qmacvisual(cv3)\qmainpro\qmacvisual\x64\debug\qmacvisual.tlog\uic.write.1u.tlog
