  Reading Qt configuration (C:/Qt/Qt5.12.12/5.12.12/msvc2017_64/bin/qmake)
  uic frmImageClarity.ui
  rcc sub_res.qrc
  moc Toolnterface.h
  moc QToolBase.h
  moc mytitlebar.h
  moc QGraphicsViews.h
  moc QGraphicsScenes.h
  moc ImageItem.h
  moc BaseItem.h
  moc ControlItem.h
  moc frmImageClarity.h
  moc ImageClarity.h
  frmImageClarity.cpp
  ImageItem.cpp
  mytitlebar.cpp
  QGraphicsScenes.cpp
  QGraphicsViews.cpp
  Toolnterface.cpp
  BaseItem.cpp
  ControlItem.cpp
  ImageClarity.cpp
  qrc_sub_res.cpp
  moc_Toolnterface.cpp
  moc_QToolBase.cpp
  moc_mytitlebar.cpp
  moc_QGraphicsViews.cpp
  moc_QGraphicsScenes.cpp
  moc_ImageItem.cpp
  moc_BaseItem.cpp
  moc_ControlItem.cpp
  moc_frmImageClarity.cpp
  moc_ImageClarity.cpp
    正在创建库 ../../../QSoftExe/Debug/Plugins/ImageClarity.lib 和对象 ../../../QSoftExe/Debug/Plugins/ImageClarity.exp
  ImageClarity.vcxproj -> E:\QMacVisual(CV3)\QSoftExe\Debug\Plugins\ImageClarity.dll
