e:\qmacvisual(cv3)\qplugins\imageprocess\cropimage\x64\debug\vc142.pdb
e:\qmacvisual(cv3)\qplugins\imageprocess\cropimage\x64\debug\qrc_sub_res.obj
e:\qmacvisual(cv3)\qplugins\imageprocess\cropimage\x64\debug\mytitlebar.obj
e:\qmacvisual(cv3)\qplugins\imageprocess\cropimage\x64\debug\qgraphicsscenes.obj
e:\qmacvisual(cv3)\qplugins\imageprocess\cropimage\x64\debug\toolnterface.obj
e:\qmacvisual(cv3)\qplugins\imageprocess\cropimage\x64\debug\controlitem.obj
e:\qmacvisual(cv3)\qplugins\imageprocess\cropimage\x64\debug\cropimage.obj
e:\qmacvisual(cv3)\qplugins\imageprocess\cropimage\x64\debug\frmcropimage.obj
e:\qmacvisual(cv3)\qplugins\imageprocess\cropimage\x64\debug\qgraphicsviews.obj
e:\qmacvisual(cv3)\qplugins\imageprocess\cropimage\x64\debug\imageitem.obj
e:\qmacvisual(cv3)\qplugins\imageprocess\cropimage\x64\debug\baseitem.obj
e:\qmacvisual(cv3)\qplugins\imageprocess\cropimage\x64\debug\moc_qgraphicsviews.obj
e:\qmacvisual(cv3)\qplugins\imageprocess\cropimage\x64\debug\moc_mytitlebar.obj
e:\qmacvisual(cv3)\qplugins\imageprocess\cropimage\x64\debug\moc_qtoolbase.obj
e:\qmacvisual(cv3)\qplugins\imageprocess\cropimage\x64\debug\moc_toolnterface.obj
e:\qmacvisual(cv3)\qplugins\imageprocess\cropimage\x64\debug\moc_cropimage.obj
e:\qmacvisual(cv3)\qplugins\imageprocess\cropimage\x64\debug\moc_qgraphicsscenes.obj
e:\qmacvisual(cv3)\qplugins\imageprocess\cropimage\x64\debug\moc_controlitem.obj
e:\qmacvisual(cv3)\qplugins\imageprocess\cropimage\x64\debug\moc_imageitem.obj
e:\qmacvisual(cv3)\qplugins\imageprocess\cropimage\x64\debug\moc_frmcropimage.obj
e:\qmacvisual(cv3)\qplugins\imageprocess\cropimage\x64\debug\moc_baseitem.obj
e:\qmacvisual(cv3)\qplugins\imageprocess\cropimage\x64\debug\uic\ui_frmcropimage.h
e:\qmacvisual(cv3)\qplugins\imageprocess\cropimage\x64\debug\rcc\qrc_sub_res.cpp
e:\qmacvisual(cv3)\qplugins\imageprocess\cropimage\x64\debug\moc\moc_toolnterface.cpp
e:\qmacvisual(cv3)\qplugins\imageprocess\cropimage\x64\debug\moc\moc_qtoolbase.cpp
e:\qmacvisual(cv3)\qplugins\imageprocess\cropimage\x64\debug\moc\moc_mytitlebar.cpp
e:\qmacvisual(cv3)\qplugins\imageprocess\cropimage\x64\debug\moc\moc_frmcropimage.cpp
e:\qmacvisual(cv3)\qplugins\imageprocess\cropimage\x64\debug\moc\moc_qgraphicsviews.cpp
e:\qmacvisual(cv3)\qplugins\imageprocess\cropimage\x64\debug\moc\moc_qgraphicsscenes.cpp
e:\qmacvisual(cv3)\qplugins\imageprocess\cropimage\x64\debug\moc\moc_imageitem.cpp
e:\qmacvisual(cv3)\qplugins\imageprocess\cropimage\x64\debug\moc\moc_baseitem.cpp
e:\qmacvisual(cv3)\qplugins\imageprocess\cropimage\x64\debug\moc\moc_controlitem.cpp
e:\qmacvisual(cv3)\qplugins\imageprocess\cropimage\x64\debug\moc\moc_cropimage.cpp
e:\qmacvisual(cv3)\qsoftexe\debug\plugins\cropimage.lib
e:\qmacvisual(cv3)\qsoftexe\debug\plugins\cropimage.exp
e:\qmacvisual(cv3)\qsoftexe\debug\plugins\cropimage.ilk
e:\qmacvisual(cv3)\qsoftexe\debug\plugins\cropimage.dll
e:\qmacvisual(cv3)\qsoftexe\debug\plugins\cropimage.pdb
e:\qmacvisual(cv3)\qplugins\imageprocess\cropimage\x64\debug\cropimage.tlog\cl.command.1.tlog
e:\qmacvisual(cv3)\qplugins\imageprocess\cropimage\x64\debug\cropimage.tlog\cl.read.1.tlog
e:\qmacvisual(cv3)\qplugins\imageprocess\cropimage\x64\debug\cropimage.tlog\cl.write.1.tlog
e:\qmacvisual(cv3)\qplugins\imageprocess\cropimage\x64\debug\cropimage.tlog\cropimage.write.1u.tlog
e:\qmacvisual(cv3)\qplugins\imageprocess\cropimage\x64\debug\cropimage.tlog\link.command.1.tlog
e:\qmacvisual(cv3)\qplugins\imageprocess\cropimage\x64\debug\cropimage.tlog\link.read.1.tlog
e:\qmacvisual(cv3)\qplugins\imageprocess\cropimage\x64\debug\cropimage.tlog\link.write.1.tlog
e:\qmacvisual(cv3)\qplugins\imageprocess\cropimage\x64\debug\cropimage.tlog\moc.read.1u.tlog
e:\qmacvisual(cv3)\qplugins\imageprocess\cropimage\x64\debug\cropimage.tlog\moc.write.1u.tlog
e:\qmacvisual(cv3)\qplugins\imageprocess\cropimage\x64\debug\cropimage.tlog\rcc.read.1u.tlog
e:\qmacvisual(cv3)\qplugins\imageprocess\cropimage\x64\debug\cropimage.tlog\rcc.write.1u.tlog
e:\qmacvisual(cv3)\qplugins\imageprocess\cropimage\x64\debug\cropimage.tlog\uic.read.1u.tlog
e:\qmacvisual(cv3)\qplugins\imageprocess\cropimage\x64\debug\cropimage.tlog\uic.write.1u.tlog
