e:\qmacvisual(cv3)\qplugins\geometrytools\findline\x64\debug\vc142.pdb
e:\qmacvisual(cv3)\qplugins\geometrytools\findline\x64\debug\qrc_sub_res.obj
e:\qmacvisual(cv3)\qplugins\geometrytools\findline\x64\debug\qgraphicsscenes.obj
e:\qmacvisual(cv3)\qplugins\geometrytools\findline\x64\debug\findline.obj
e:\qmacvisual(cv3)\qplugins\geometrytools\findline\x64\debug\toolnterface.obj
e:\qmacvisual(cv3)\qplugins\geometrytools\findline\x64\debug\baseitem.obj
e:\qmacvisual(cv3)\qplugins\geometrytools\findline\x64\debug\imageitem.obj
e:\qmacvisual(cv3)\qplugins\geometrytools\findline\x64\debug\mytitlebar.obj
e:\qmacvisual(cv3)\qplugins\geometrytools\findline\x64\debug\qgraphicsviews.obj
e:\qmacvisual(cv3)\qplugins\geometrytools\findline\x64\debug\controlitem.obj
e:\qmacvisual(cv3)\qplugins\geometrytools\findline\x64\debug\frmfindline.obj
e:\qmacvisual(cv3)\qplugins\geometrytools\findline\x64\debug\moc_toolnterface.obj
e:\qmacvisual(cv3)\qplugins\geometrytools\findline\x64\debug\moc_findline.obj
e:\qmacvisual(cv3)\qplugins\geometrytools\findline\x64\debug\moc_frmfindline.obj
e:\qmacvisual(cv3)\qplugins\geometrytools\findline\x64\debug\moc_baseitem.obj
e:\qmacvisual(cv3)\qplugins\geometrytools\findline\x64\debug\moc_imageitem.obj
e:\qmacvisual(cv3)\qplugins\geometrytools\findline\x64\debug\moc_qgraphicsscenes.obj
e:\qmacvisual(cv3)\qplugins\geometrytools\findline\x64\debug\moc_mytitlebar.obj
e:\qmacvisual(cv3)\qplugins\geometrytools\findline\x64\debug\moc_controlitem.obj
e:\qmacvisual(cv3)\qplugins\geometrytools\findline\x64\debug\moc_qtoolbase.obj
e:\qmacvisual(cv3)\qplugins\geometrytools\findline\x64\debug\moc_qgraphicsviews.obj
e:\qmacvisual(cv3)\qplugins\geometrytools\findline\x64\debug\uic\ui_frmfindline.h
e:\qmacvisual(cv3)\qplugins\geometrytools\findline\x64\debug\rcc\qrc_sub_res.cpp
e:\qmacvisual(cv3)\qplugins\geometrytools\findline\x64\debug\moc\moc_toolnterface.cpp
e:\qmacvisual(cv3)\qplugins\geometrytools\findline\x64\debug\moc\moc_qtoolbase.cpp
e:\qmacvisual(cv3)\qplugins\geometrytools\findline\x64\debug\moc\moc_mytitlebar.cpp
e:\qmacvisual(cv3)\qplugins\geometrytools\findline\x64\debug\moc\moc_frmfindline.cpp
e:\qmacvisual(cv3)\qplugins\geometrytools\findline\x64\debug\moc\moc_qgraphicsviews.cpp
e:\qmacvisual(cv3)\qplugins\geometrytools\findline\x64\debug\moc\moc_qgraphicsscenes.cpp
e:\qmacvisual(cv3)\qplugins\geometrytools\findline\x64\debug\moc\moc_imageitem.cpp
e:\qmacvisual(cv3)\qplugins\geometrytools\findline\x64\debug\moc\moc_baseitem.cpp
e:\qmacvisual(cv3)\qplugins\geometrytools\findline\x64\debug\moc\moc_controlitem.cpp
e:\qmacvisual(cv3)\qplugins\geometrytools\findline\x64\debug\moc\moc_findline.cpp
e:\qmacvisual(cv3)\qsoftexe\debug\plugins\findline.lib
e:\qmacvisual(cv3)\qsoftexe\debug\plugins\findline.exp
e:\qmacvisual(cv3)\qsoftexe\debug\plugins\findline.ilk
e:\qmacvisual(cv3)\qsoftexe\debug\plugins\findline.dll
e:\qmacvisual(cv3)\qsoftexe\debug\plugins\findline.pdb
e:\qmacvisual(cv3)\qplugins\geometrytools\findline\x64\debug\findline.tlog\cl.command.1.tlog
e:\qmacvisual(cv3)\qplugins\geometrytools\findline\x64\debug\findline.tlog\cl.read.1.tlog
e:\qmacvisual(cv3)\qplugins\geometrytools\findline\x64\debug\findline.tlog\cl.write.1.tlog
e:\qmacvisual(cv3)\qplugins\geometrytools\findline\x64\debug\findline.tlog\findline.write.1u.tlog
e:\qmacvisual(cv3)\qplugins\geometrytools\findline\x64\debug\findline.tlog\link.command.1.tlog
e:\qmacvisual(cv3)\qplugins\geometrytools\findline\x64\debug\findline.tlog\link.read.1.tlog
e:\qmacvisual(cv3)\qplugins\geometrytools\findline\x64\debug\findline.tlog\link.write.1.tlog
e:\qmacvisual(cv3)\qplugins\geometrytools\findline\x64\debug\findline.tlog\moc.read.1u.tlog
e:\qmacvisual(cv3)\qplugins\geometrytools\findline\x64\debug\findline.tlog\moc.write.1u.tlog
e:\qmacvisual(cv3)\qplugins\geometrytools\findline\x64\debug\findline.tlog\rcc.read.1u.tlog
e:\qmacvisual(cv3)\qplugins\geometrytools\findline\x64\debug\findline.tlog\rcc.write.1u.tlog
e:\qmacvisual(cv3)\qplugins\geometrytools\findline\x64\debug\findline.tlog\uic.read.1u.tlog
e:\qmacvisual(cv3)\qplugins\geometrytools\findline\x64\debug\findline.tlog\uic.write.1u.tlog
