e:\qmacvisual(cv3)\qplugins\communicatetools\sockettcpclient\x64\debug\vc142.pdb
e:\qmacvisual(cv3)\qplugins\communicatetools\sockettcpclient\x64\debug\qrc_sub_res.obj
e:\qmacvisual(cv3)\qplugins\communicatetools\sockettcpclient\x64\debug\mytitlebar.obj
e:\qmacvisual(cv3)\qplugins\communicatetools\sockettcpclient\x64\debug\frmsockettcpclient.obj
e:\qmacvisual(cv3)\qplugins\communicatetools\sockettcpclient\x64\debug\sockettcpclient.obj
e:\qmacvisual(cv3)\qplugins\communicatetools\sockettcpclient\x64\debug\toolnterface.obj
e:\qmacvisual(cv3)\qplugins\communicatetools\sockettcpclient\x64\debug\moc_sockettcpclient.obj
e:\qmacvisual(cv3)\qplugins\communicatetools\sockettcpclient\x64\debug\moc_mytitlebar.obj
e:\qmacvisual(cv3)\qplugins\communicatetools\sockettcpclient\x64\debug\moc_toolnterface.obj
e:\qmacvisual(cv3)\qplugins\communicatetools\sockettcpclient\x64\debug\moc_qtoolbase.obj
e:\qmacvisual(cv3)\qplugins\communicatetools\sockettcpclient\x64\debug\moc_frmsockettcpclient.obj
e:\qmacvisual(cv3)\qsoftexe\debug\plugins\sockettcpclient.ilk
e:\qmacvisual(cv3)\qsoftexe\debug\plugins\sockettcpclient.dll
e:\qmacvisual(cv3)\qsoftexe\debug\plugins\sockettcpclient.pdb
e:\qmacvisual(cv3)\qplugins\communicatetools\sockettcpclient\x64\debug\moc\moc_toolnterface.cpp
e:\qmacvisual(cv3)\qplugins\communicatetools\sockettcpclient\x64\debug\moc\moc_frmsockettcpclient.cpp
e:\qmacvisual(cv3)\qplugins\communicatetools\sockettcpclient\x64\debug\moc\moc_mytitlebar.cpp
e:\qmacvisual(cv3)\qplugins\communicatetools\sockettcpclient\x64\debug\moc\moc_qtoolbase.cpp
e:\qmacvisual(cv3)\qplugins\communicatetools\sockettcpclient\x64\debug\moc\moc_sockettcpclient.cpp
e:\qmacvisual(cv3)\qplugins\communicatetools\sockettcpclient\x64\debug\rcc\qrc_sub_res.cpp
e:\qmacvisual(cv3)\qplugins\communicatetools\sockettcpclient\x64\debug\uic\ui_frmsockettcpclient.h
e:\qmacvisual(cv3)\qsoftexe\debug\plugins\sockettcpclient.lib
e:\qmacvisual(cv3)\qsoftexe\debug\plugins\sockettcpclient.exp
e:\qmacvisual(cv3)\qplugins\communicatetools\sockettcpclient\x64\debug\sockettcpclient.tlog\cl.command.1.tlog
e:\qmacvisual(cv3)\qplugins\communicatetools\sockettcpclient\x64\debug\sockettcpclient.tlog\cl.read.1.tlog
e:\qmacvisual(cv3)\qplugins\communicatetools\sockettcpclient\x64\debug\sockettcpclient.tlog\cl.write.1.tlog
e:\qmacvisual(cv3)\qplugins\communicatetools\sockettcpclient\x64\debug\sockettcpclient.tlog\link.command.1.tlog
e:\qmacvisual(cv3)\qplugins\communicatetools\sockettcpclient\x64\debug\sockettcpclient.tlog\link.read.1.tlog
e:\qmacvisual(cv3)\qplugins\communicatetools\sockettcpclient\x64\debug\sockettcpclient.tlog\link.write.1.tlog
e:\qmacvisual(cv3)\qplugins\communicatetools\sockettcpclient\x64\debug\sockettcpclient.tlog\moc.read.1u.tlog
e:\qmacvisual(cv3)\qplugins\communicatetools\sockettcpclient\x64\debug\sockettcpclient.tlog\moc.write.1u.tlog
e:\qmacvisual(cv3)\qplugins\communicatetools\sockettcpclient\x64\debug\sockettcpclient.tlog\rcc.read.1u.tlog
e:\qmacvisual(cv3)\qplugins\communicatetools\sockettcpclient\x64\debug\sockettcpclient.tlog\rcc.write.1u.tlog
e:\qmacvisual(cv3)\qplugins\communicatetools\sockettcpclient\x64\debug\sockettcpclient.tlog\sockettcpclient.write.1u.tlog
e:\qmacvisual(cv3)\qplugins\communicatetools\sockettcpclient\x64\debug\sockettcpclient.tlog\uic.read.1u.tlog
e:\qmacvisual(cv3)\qplugins\communicatetools\sockettcpclient\x64\debug\sockettcpclient.tlog\uic.write.1u.tlog
