e:\qmacvisual(cv3)\qplugins\detectidentify\selectshape\x64\debug\vc142.pdb
e:\qmacvisual(cv3)\qplugins\detectidentify\selectshape\x64\debug\qrc_sub_res.obj
e:\qmacvisual(cv3)\qplugins\detectidentify\selectshape\x64\debug\toolnterface.obj
e:\qmacvisual(cv3)\qplugins\detectidentify\selectshape\x64\debug\qgraphicsscenes.obj
e:\qmacvisual(cv3)\qplugins\detectidentify\selectshape\x64\debug\baseitem.obj
e:\qmacvisual(cv3)\qplugins\detectidentify\selectshape\x64\debug\frmselectshape.obj
e:\qmacvisual(cv3)\qplugins\detectidentify\selectshape\x64\debug\mytitlebar.obj
e:\qmacvisual(cv3)\qplugins\detectidentify\selectshape\x64\debug\controlitem.obj
e:\qmacvisual(cv3)\qplugins\detectidentify\selectshape\x64\debug\imageitem.obj
e:\qmacvisual(cv3)\qplugins\detectidentify\selectshape\x64\debug\selectshape.obj
e:\qmacvisual(cv3)\qplugins\detectidentify\selectshape\x64\debug\qgraphicsviews.obj
e:\qmacvisual(cv3)\qplugins\detectidentify\selectshape\x64\debug\moc_imageitem.obj
e:\qmacvisual(cv3)\qplugins\detectidentify\selectshape\x64\debug\moc_frmselectshape.obj
e:\qmacvisual(cv3)\qplugins\detectidentify\selectshape\x64\debug\moc_toolnterface.obj
e:\qmacvisual(cv3)\qplugins\detectidentify\selectshape\x64\debug\moc_baseitem.obj
e:\qmacvisual(cv3)\qplugins\detectidentify\selectshape\x64\debug\moc_qgraphicsviews.obj
e:\qmacvisual(cv3)\qplugins\detectidentify\selectshape\x64\debug\moc_selectshape.obj
e:\qmacvisual(cv3)\qplugins\detectidentify\selectshape\x64\debug\moc_mytitlebar.obj
e:\qmacvisual(cv3)\qplugins\detectidentify\selectshape\x64\debug\moc_qtoolbase.obj
e:\qmacvisual(cv3)\qplugins\detectidentify\selectshape\x64\debug\moc_qgraphicsscenes.obj
e:\qmacvisual(cv3)\qplugins\detectidentify\selectshape\x64\debug\moc_controlitem.obj
e:\qmacvisual(cv3)\qsoftexe\debug\plugins\selectshape.ilk
e:\qmacvisual(cv3)\qsoftexe\debug\plugins\selectshape.dll
e:\qmacvisual(cv3)\qsoftexe\debug\plugins\selectshape.pdb
e:\qmacvisual(cv3)\qplugins\detectidentify\selectshape\x64\debug\moc\moc_toolnterface.cpp
e:\qmacvisual(cv3)\qplugins\detectidentify\selectshape\x64\debug\moc\moc_baseitem.cpp
e:\qmacvisual(cv3)\qplugins\detectidentify\selectshape\x64\debug\moc\moc_controlitem.cpp
e:\qmacvisual(cv3)\qplugins\detectidentify\selectshape\x64\debug\moc\moc_imageitem.cpp
e:\qmacvisual(cv3)\qplugins\detectidentify\selectshape\x64\debug\moc\moc_qgraphicsscenes.cpp
e:\qmacvisual(cv3)\qplugins\detectidentify\selectshape\x64\debug\moc\moc_qgraphicsviews.cpp
e:\qmacvisual(cv3)\qplugins\detectidentify\selectshape\x64\debug\moc\moc_frmselectshape.cpp
e:\qmacvisual(cv3)\qplugins\detectidentify\selectshape\x64\debug\moc\moc_mytitlebar.cpp
e:\qmacvisual(cv3)\qplugins\detectidentify\selectshape\x64\debug\moc\moc_qtoolbase.cpp
e:\qmacvisual(cv3)\qplugins\detectidentify\selectshape\x64\debug\moc\moc_selectshape.cpp
e:\qmacvisual(cv3)\qplugins\detectidentify\selectshape\x64\debug\rcc\qrc_sub_res.cpp
e:\qmacvisual(cv3)\qplugins\detectidentify\selectshape\x64\debug\uic\ui_frmselectshape.h
e:\qmacvisual(cv3)\qsoftexe\debug\plugins\selectshape.lib
e:\qmacvisual(cv3)\qsoftexe\debug\plugins\selectshape.exp
e:\qmacvisual(cv3)\qplugins\detectidentify\selectshape\x64\debug\selectshape.tlog\cl.command.1.tlog
e:\qmacvisual(cv3)\qplugins\detectidentify\selectshape\x64\debug\selectshape.tlog\cl.read.1.tlog
e:\qmacvisual(cv3)\qplugins\detectidentify\selectshape\x64\debug\selectshape.tlog\cl.write.1.tlog
e:\qmacvisual(cv3)\qplugins\detectidentify\selectshape\x64\debug\selectshape.tlog\link.command.1.tlog
e:\qmacvisual(cv3)\qplugins\detectidentify\selectshape\x64\debug\selectshape.tlog\link.read.1.tlog
e:\qmacvisual(cv3)\qplugins\detectidentify\selectshape\x64\debug\selectshape.tlog\link.write.1.tlog
e:\qmacvisual(cv3)\qplugins\detectidentify\selectshape\x64\debug\selectshape.tlog\moc.read.1u.tlog
e:\qmacvisual(cv3)\qplugins\detectidentify\selectshape\x64\debug\selectshape.tlog\moc.write.1u.tlog
e:\qmacvisual(cv3)\qplugins\detectidentify\selectshape\x64\debug\selectshape.tlog\rcc.read.1u.tlog
e:\qmacvisual(cv3)\qplugins\detectidentify\selectshape\x64\debug\selectshape.tlog\rcc.write.1u.tlog
e:\qmacvisual(cv3)\qplugins\detectidentify\selectshape\x64\debug\selectshape.tlog\selectshape.write.1u.tlog
e:\qmacvisual(cv3)\qplugins\detectidentify\selectshape\x64\debug\selectshape.tlog\uic.read.1u.tlog
e:\qmacvisual(cv3)\qplugins\detectidentify\selectshape\x64\debug\selectshape.tlog\uic.write.1u.tlog
