   Qt/MSBuild: 3.4.0.1
  Reading Qt configuration (E:/Qt/Qt5.14.2/5.14.2/msvc2017_64/bin/qmake)
   Qt: 5.14.2
  moc QToolBase.h
  moc Toolnterface.h
  moc mytitlebar.h
  moc frmImageSource.h
  moc ImageItem.h
  moc QGraphicsViews.h
  moc QGraphicsScenes.h
  moc BaseItem.h
  moc ControlItem.h
  moc ImageSource.h
  frmImageSource.cpp
  ImageItem.cpp
  mytitlebar.cpp
  QGraphicsScenes.cpp
  QGraphicsViews.cpp
  Toolnterface.cpp
  BaseItem.cpp
  ControlItem.cpp
  ImageSource.cpp
  qrc_sub_res.cpp
  moc_QToolBase.cpp
  moc_Toolnterface.cpp
  moc_mytitlebar.cpp
  moc_frmImageSource.cpp
  moc_ImageItem.cpp
  moc_QGraphicsViews.cpp
  moc_QGraphicsScenes.cpp
  moc_BaseItem.cpp
  moc_ControlItem.cpp
  moc_ImageSource.cpp
    正在创建库 ../../../QSoftExe/Release/Plugins/A_ImageSource.lib 和对象 ../../../QSoftExe/Release/Plugins/A_ImageSource.exp
  A_ImageSource.vcxproj -> G:\QMacVisual(CV3)(25000)\QMacVisual(CV3)2022.9.21(25000)\QMacVisual(CV3)\QSoftExe\Release\Plugins\A_ImageSource.dll
