e:\qmacvisual(cv3)\qplugins\imageprocess\imagesource\x64\release\uic\ui_frmimagesource.h
e:\qmacvisual(cv3)\qplugins\imageprocess\imagesource\x64\release\rcc\qrc_sub_res.cpp
e:\qmacvisual(cv3)\qplugins\imageprocess\imagesource\x64\release\moc\moc_qtoolbase.cpp
e:\qmacvisual(cv3)\qplugins\imageprocess\imagesource\x64\release\moc\moc_toolnterface.cpp
e:\qmacvisual(cv3)\qplugins\imageprocess\imagesource\x64\release\moc\moc_mytitlebar.cpp
e:\qmacvisual(cv3)\qplugins\imageprocess\imagesource\x64\release\moc\moc_frmimagesource.cpp
e:\qmacvisual(cv3)\qplugins\imageprocess\imagesource\x64\release\moc\moc_imageitem.cpp
e:\qmacvisual(cv3)\qplugins\imageprocess\imagesource\x64\release\moc\moc_qgraphicsviews.cpp
e:\qmacvisual(cv3)\qplugins\imageprocess\imagesource\x64\release\moc\moc_qgraphicsscenes.cpp
e:\qmacvisual(cv3)\qplugins\imageprocess\imagesource\x64\release\moc\moc_baseitem.cpp
e:\qmacvisual(cv3)\qplugins\imageprocess\imagesource\x64\release\moc\moc_controlitem.cpp
e:\qmacvisual(cv3)\qplugins\imageprocess\imagesource\x64\release\moc\moc_imagesource.cpp
e:\qmacvisual(cv3)\qsoftexe\release\plugins\a_imagesource.lib
e:\qmacvisual(cv3)\qsoftexe\release\plugins\a_imagesource.exp
e:\qmacvisual(cv3)\qplugins\imageprocess\imagesource\x64\release\qrc_sub_res.obj
e:\qmacvisual(cv3)\qplugins\imageprocess\imagesource\x64\release\mytitlebar.obj
e:\qmacvisual(cv3)\qplugins\imageprocess\imagesource\x64\release\qgraphicsscenes.obj
e:\qmacvisual(cv3)\qplugins\imageprocess\imagesource\x64\release\controlitem.obj
e:\qmacvisual(cv3)\qplugins\imageprocess\imagesource\x64\release\frmimagesource.obj
e:\qmacvisual(cv3)\qplugins\imageprocess\imagesource\x64\release\toolnterface.obj
e:\qmacvisual(cv3)\qplugins\imageprocess\imagesource\x64\release\imageitem.obj
e:\qmacvisual(cv3)\qplugins\imageprocess\imagesource\x64\release\imagesource.obj
e:\qmacvisual(cv3)\qplugins\imageprocess\imagesource\x64\release\baseitem.obj
e:\qmacvisual(cv3)\qplugins\imageprocess\imagesource\x64\release\qgraphicsviews.obj
e:\qmacvisual(cv3)\qplugins\imageprocess\imagesource\x64\release\moc_toolnterface.obj
e:\qmacvisual(cv3)\qplugins\imageprocess\imagesource\x64\release\moc_mytitlebar.obj
e:\qmacvisual(cv3)\qplugins\imageprocess\imagesource\x64\release\moc_controlitem.obj
e:\qmacvisual(cv3)\qplugins\imageprocess\imagesource\x64\release\moc_baseitem.obj
e:\qmacvisual(cv3)\qplugins\imageprocess\imagesource\x64\release\moc_qgraphicsscenes.obj
e:\qmacvisual(cv3)\qplugins\imageprocess\imagesource\x64\release\moc_qtoolbase.obj
e:\qmacvisual(cv3)\qplugins\imageprocess\imagesource\x64\release\moc_imageitem.obj
e:\qmacvisual(cv3)\qplugins\imageprocess\imagesource\x64\release\moc_imagesource.obj
e:\qmacvisual(cv3)\qplugins\imageprocess\imagesource\x64\release\moc_qgraphicsviews.obj
e:\qmacvisual(cv3)\qplugins\imageprocess\imagesource\x64\release\moc_frmimagesource.obj
e:\qmacvisual(cv3)\qsoftexe\release\plugins\a_imagesource.dll
e:\qmacvisual(cv3)\qplugins\imageprocess\imagesource\x64\release\a_imagesource.tlog\a_imagesource.write.1u.tlog
e:\qmacvisual(cv3)\qplugins\imageprocess\imagesource\x64\release\a_imagesource.tlog\cl.command.1.tlog
e:\qmacvisual(cv3)\qplugins\imageprocess\imagesource\x64\release\a_imagesource.tlog\cl.read.1.tlog
e:\qmacvisual(cv3)\qplugins\imageprocess\imagesource\x64\release\a_imagesource.tlog\cl.write.1.tlog
e:\qmacvisual(cv3)\qplugins\imageprocess\imagesource\x64\release\a_imagesource.tlog\link.command.1.tlog
e:\qmacvisual(cv3)\qplugins\imageprocess\imagesource\x64\release\a_imagesource.tlog\link.read.1.tlog
e:\qmacvisual(cv3)\qplugins\imageprocess\imagesource\x64\release\a_imagesource.tlog\link.write.1.tlog
e:\qmacvisual(cv3)\qplugins\imageprocess\imagesource\x64\release\a_imagesource.tlog\moc.read.1u.tlog
e:\qmacvisual(cv3)\qplugins\imageprocess\imagesource\x64\release\a_imagesource.tlog\moc.write.1u.tlog
e:\qmacvisual(cv3)\qplugins\imageprocess\imagesource\x64\release\a_imagesource.tlog\rcc.read.1u.tlog
e:\qmacvisual(cv3)\qplugins\imageprocess\imagesource\x64\release\a_imagesource.tlog\rcc.write.1u.tlog
e:\qmacvisual(cv3)\qplugins\imageprocess\imagesource\x64\release\a_imagesource.tlog\uic.read.1u.tlog
e:\qmacvisual(cv3)\qplugins\imageprocess\imagesource\x64\release\a_imagesource.tlog\uic.write.1u.tlog
