e:\qmacvisual(cv3)\qplugins\detectidentify\qrcodeidentify\x64\release\qrc_sub_res.obj
e:\qmacvisual(cv3)\qplugins\detectidentify\qrcodeidentify\x64\release\mytitlebar.obj
e:\qmacvisual(cv3)\qplugins\detectidentify\qrcodeidentify\x64\release\qgraphicsviews.obj
e:\qmacvisual(cv3)\qplugins\detectidentify\qrcodeidentify\x64\release\frmqrcodeidentify.obj
e:\qmacvisual(cv3)\qplugins\detectidentify\qrcodeidentify\x64\release\imageitem.obj
e:\qmacvisual(cv3)\qplugins\detectidentify\qrcodeidentify\x64\release\toolnterface.obj
e:\qmacvisual(cv3)\qplugins\detectidentify\qrcodeidentify\x64\release\qgraphicsscenes.obj
e:\qmacvisual(cv3)\qplugins\detectidentify\qrcodeidentify\x64\release\qrcodeidentify.obj
e:\qmacvisual(cv3)\qplugins\detectidentify\qrcodeidentify\x64\release\baseitem.obj
e:\qmacvisual(cv3)\qplugins\detectidentify\qrcodeidentify\x64\release\controlitem.obj
e:\qmacvisual(cv3)\qplugins\detectidentify\qrcodeidentify\x64\release\moc_controlitem.obj
e:\qmacvisual(cv3)\qplugins\detectidentify\qrcodeidentify\x64\release\moc_qrcodeidentify.obj
e:\qmacvisual(cv3)\qplugins\detectidentify\qrcodeidentify\x64\release\moc_frmqrcodeidentify.obj
e:\qmacvisual(cv3)\qplugins\detectidentify\qrcodeidentify\x64\release\moc_qtoolbase.obj
e:\qmacvisual(cv3)\qplugins\detectidentify\qrcodeidentify\x64\release\moc_toolnterface.obj
e:\qmacvisual(cv3)\qplugins\detectidentify\qrcodeidentify\x64\release\moc_mytitlebar.obj
e:\qmacvisual(cv3)\qplugins\detectidentify\qrcodeidentify\x64\release\moc_baseitem.obj
e:\qmacvisual(cv3)\qplugins\detectidentify\qrcodeidentify\x64\release\moc_qgraphicsscenes.obj
e:\qmacvisual(cv3)\qplugins\detectidentify\qrcodeidentify\x64\release\moc_imageitem.obj
e:\qmacvisual(cv3)\qplugins\detectidentify\qrcodeidentify\x64\release\moc_qgraphicsviews.obj
e:\qmacvisual(cv3)\qsoftexe\release\plugins\qrcodeidentify.dll
e:\qmacvisual(cv3)\qplugins\detectidentify\qrcodeidentify\x64\release\moc\moc_qtoolbase.cpp
e:\qmacvisual(cv3)\qplugins\detectidentify\qrcodeidentify\x64\release\moc\moc_toolnterface.cpp
e:\qmacvisual(cv3)\qplugins\detectidentify\qrcodeidentify\x64\release\moc\moc_baseitem.cpp
e:\qmacvisual(cv3)\qplugins\detectidentify\qrcodeidentify\x64\release\moc\moc_controlitem.cpp
e:\qmacvisual(cv3)\qplugins\detectidentify\qrcodeidentify\x64\release\moc\moc_qgraphicsscenes.cpp
e:\qmacvisual(cv3)\qplugins\detectidentify\qrcodeidentify\x64\release\moc\moc_frmqrcodeidentify.cpp
e:\qmacvisual(cv3)\qplugins\detectidentify\qrcodeidentify\x64\release\moc\moc_imageitem.cpp
e:\qmacvisual(cv3)\qplugins\detectidentify\qrcodeidentify\x64\release\moc\moc_mytitlebar.cpp
e:\qmacvisual(cv3)\qplugins\detectidentify\qrcodeidentify\x64\release\moc\moc_qgraphicsviews.cpp
e:\qmacvisual(cv3)\qplugins\detectidentify\qrcodeidentify\x64\release\moc\moc_qrcodeidentify.cpp
e:\qmacvisual(cv3)\qplugins\detectidentify\qrcodeidentify\x64\release\uic\ui_frmqrcodeidentify.h
e:\qmacvisual(cv3)\qplugins\detectidentify\qrcodeidentify\x64\release\rcc\qrc_sub_res.cpp
e:\qmacvisual(cv3)\qsoftexe\release\plugins\qrcodeidentify.lib
e:\qmacvisual(cv3)\qsoftexe\release\plugins\qrcodeidentify.exp
e:\qmacvisual(cv3)\qplugins\detectidentify\qrcodeidentify\x64\release\qrcodeidentify.tlog\cl.command.1.tlog
e:\qmacvisual(cv3)\qplugins\detectidentify\qrcodeidentify\x64\release\qrcodeidentify.tlog\cl.read.1.tlog
e:\qmacvisual(cv3)\qplugins\detectidentify\qrcodeidentify\x64\release\qrcodeidentify.tlog\cl.write.1.tlog
e:\qmacvisual(cv3)\qplugins\detectidentify\qrcodeidentify\x64\release\qrcodeidentify.tlog\link.command.1.tlog
e:\qmacvisual(cv3)\qplugins\detectidentify\qrcodeidentify\x64\release\qrcodeidentify.tlog\link.read.1.tlog
e:\qmacvisual(cv3)\qplugins\detectidentify\qrcodeidentify\x64\release\qrcodeidentify.tlog\link.write.1.tlog
e:\qmacvisual(cv3)\qplugins\detectidentify\qrcodeidentify\x64\release\qrcodeidentify.tlog\moc.read.1u.tlog
e:\qmacvisual(cv3)\qplugins\detectidentify\qrcodeidentify\x64\release\qrcodeidentify.tlog\moc.write.1u.tlog
e:\qmacvisual(cv3)\qplugins\detectidentify\qrcodeidentify\x64\release\qrcodeidentify.tlog\qrcodeidentify.write.1u.tlog
e:\qmacvisual(cv3)\qplugins\detectidentify\qrcodeidentify\x64\release\qrcodeidentify.tlog\rcc.read.1u.tlog
e:\qmacvisual(cv3)\qplugins\detectidentify\qrcodeidentify\x64\release\qrcodeidentify.tlog\rcc.write.1u.tlog
e:\qmacvisual(cv3)\qplugins\detectidentify\qrcodeidentify\x64\release\qrcodeidentify.tlog\uic.read.1u.tlog
e:\qmacvisual(cv3)\qplugins\detectidentify\qrcodeidentify\x64\release\qrcodeidentify.tlog\uic.write.1u.tlog
