e:\qmacvisual(cv3)\qplugins\communicatetools\generalio\x64\release\qrc_sub_res.obj
e:\qmacvisual(cv3)\qplugins\communicatetools\generalio\x64\release\generalio.obj
e:\qmacvisual(cv3)\qplugins\communicatetools\generalio\x64\release\toolnterface.obj
e:\qmacvisual(cv3)\qplugins\communicatetools\generalio\x64\release\mytitlebar.obj
e:\qmacvisual(cv3)\qplugins\communicatetools\generalio\x64\release\frmgeneralio.obj
e:\qmacvisual(cv3)\qplugins\communicatetools\generalio\x64\release\moc_qtoolbase.obj
e:\qmacvisual(cv3)\qplugins\communicatetools\generalio\x64\release\moc_frmgeneralio.obj
e:\qmacvisual(cv3)\qplugins\communicatetools\generalio\x64\release\moc_generalio.obj
e:\qmacvisual(cv3)\qplugins\communicatetools\generalio\x64\release\moc_toolnterface.obj
e:\qmacvisual(cv3)\qplugins\communicatetools\generalio\x64\release\moc_mytitlebar.obj
e:\qmacvisual(cv3)\qplugins\communicatetools\generalio\x64\release\uic\ui_frmgeneralio.h
e:\qmacvisual(cv3)\qplugins\communicatetools\generalio\x64\release\rcc\qrc_sub_res.cpp
e:\qmacvisual(cv3)\qplugins\communicatetools\generalio\x64\release\moc\moc_toolnterface.cpp
e:\qmacvisual(cv3)\qplugins\communicatetools\generalio\x64\release\moc\moc_qtoolbase.cpp
e:\qmacvisual(cv3)\qplugins\communicatetools\generalio\x64\release\moc\moc_frmgeneralio.cpp
e:\qmacvisual(cv3)\qplugins\communicatetools\generalio\x64\release\moc\moc_mytitlebar.cpp
e:\qmacvisual(cv3)\qplugins\communicatetools\generalio\x64\release\moc\moc_generalio.cpp
e:\qmacvisual(cv3)\qsoftexe\release\plugins\generalio.lib
e:\qmacvisual(cv3)\qsoftexe\release\plugins\generalio.exp
e:\qmacvisual(cv3)\qsoftexe\release\plugins\generalio.dll
e:\qmacvisual(cv3)\qplugins\communicatetools\generalio\x64\release\generalio.tlog\cl.command.1.tlog
e:\qmacvisual(cv3)\qplugins\communicatetools\generalio\x64\release\generalio.tlog\cl.read.1.tlog
e:\qmacvisual(cv3)\qplugins\communicatetools\generalio\x64\release\generalio.tlog\cl.write.1.tlog
e:\qmacvisual(cv3)\qplugins\communicatetools\generalio\x64\release\generalio.tlog\generalio.write.1u.tlog
e:\qmacvisual(cv3)\qplugins\communicatetools\generalio\x64\release\generalio.tlog\link.command.1.tlog
e:\qmacvisual(cv3)\qplugins\communicatetools\generalio\x64\release\generalio.tlog\link.read.1.tlog
e:\qmacvisual(cv3)\qplugins\communicatetools\generalio\x64\release\generalio.tlog\link.write.1.tlog
e:\qmacvisual(cv3)\qplugins\communicatetools\generalio\x64\release\generalio.tlog\moc.read.1u.tlog
e:\qmacvisual(cv3)\qplugins\communicatetools\generalio\x64\release\generalio.tlog\moc.write.1u.tlog
e:\qmacvisual(cv3)\qplugins\communicatetools\generalio\x64\release\generalio.tlog\rcc.read.1u.tlog
e:\qmacvisual(cv3)\qplugins\communicatetools\generalio\x64\release\generalio.tlog\rcc.write.1u.tlog
e:\qmacvisual(cv3)\qplugins\communicatetools\generalio\x64\release\generalio.tlog\uic.read.1u.tlog
e:\qmacvisual(cv3)\qplugins\communicatetools\generalio\x64\release\generalio.tlog\uic.write.1u.tlog
