e:\qmacvisual(cv3)\qplugins\imageprocess\skeleton\x64\debug\vc142.pdb
e:\qmacvisual(cv3)\qplugins\imageprocess\skeleton\x64\debug\qrc_sub_res.obj
e:\qmacvisual(cv3)\qplugins\imageprocess\skeleton\x64\debug\frmskeleton.obj
e:\qmacvisual(cv3)\qplugins\imageprocess\skeleton\x64\debug\imageitem.obj
e:\qmacvisual(cv3)\qplugins\imageprocess\skeleton\x64\debug\skeleton.obj
e:\qmacvisual(cv3)\qplugins\imageprocess\skeleton\x64\debug\qgraphicsscenes.obj
e:\qmacvisual(cv3)\qplugins\imageprocess\skeleton\x64\debug\baseitem.obj
e:\qmacvisual(cv3)\qplugins\imageprocess\skeleton\x64\debug\controlitem.obj
e:\qmacvisual(cv3)\qplugins\imageprocess\skeleton\x64\debug\mytitlebar.obj
e:\qmacvisual(cv3)\qplugins\imageprocess\skeleton\x64\debug\qgraphicsviews.obj
e:\qmacvisual(cv3)\qplugins\imageprocess\skeleton\x64\debug\toolnterface.obj
e:\qmacvisual(cv3)\qplugins\imageprocess\skeleton\x64\debug\moc_controlitem.obj
e:\qmacvisual(cv3)\qplugins\imageprocess\skeleton\x64\debug\moc_baseitem.obj
e:\qmacvisual(cv3)\qplugins\imageprocess\skeleton\x64\debug\moc_skeleton.obj
e:\qmacvisual(cv3)\qplugins\imageprocess\skeleton\x64\debug\moc_mytitlebar.obj
e:\qmacvisual(cv3)\qplugins\imageprocess\skeleton\x64\debug\moc_qtoolbase.obj
e:\qmacvisual(cv3)\qplugins\imageprocess\skeleton\x64\debug\moc_qgraphicsscenes.obj
e:\qmacvisual(cv3)\qplugins\imageprocess\skeleton\x64\debug\moc_toolnterface.obj
e:\qmacvisual(cv3)\qplugins\imageprocess\skeleton\x64\debug\moc_frmskeleton.obj
e:\qmacvisual(cv3)\qplugins\imageprocess\skeleton\x64\debug\moc_qgraphicsviews.obj
e:\qmacvisual(cv3)\qplugins\imageprocess\skeleton\x64\debug\moc_imageitem.obj
e:\qmacvisual(cv3)\qsoftexe\debug\plugins\skeleton.ilk
e:\qmacvisual(cv3)\qsoftexe\debug\plugins\skeleton.dll
e:\qmacvisual(cv3)\qsoftexe\debug\plugins\skeleton.pdb
e:\qmacvisual(cv3)\qplugins\imageprocess\skeleton\x64\debug\moc\moc_toolnterface.cpp
e:\qmacvisual(cv3)\qplugins\imageprocess\skeleton\x64\debug\moc\moc_baseitem.cpp
e:\qmacvisual(cv3)\qplugins\imageprocess\skeleton\x64\debug\moc\moc_controlitem.cpp
e:\qmacvisual(cv3)\qplugins\imageprocess\skeleton\x64\debug\moc\moc_imageitem.cpp
e:\qmacvisual(cv3)\qplugins\imageprocess\skeleton\x64\debug\moc\moc_qgraphicsscenes.cpp
e:\qmacvisual(cv3)\qplugins\imageprocess\skeleton\x64\debug\moc\moc_qgraphicsviews.cpp
e:\qmacvisual(cv3)\qplugins\imageprocess\skeleton\x64\debug\moc\moc_frmskeleton.cpp
e:\qmacvisual(cv3)\qplugins\imageprocess\skeleton\x64\debug\moc\moc_mytitlebar.cpp
e:\qmacvisual(cv3)\qplugins\imageprocess\skeleton\x64\debug\moc\moc_qtoolbase.cpp
e:\qmacvisual(cv3)\qplugins\imageprocess\skeleton\x64\debug\moc\moc_skeleton.cpp
e:\qmacvisual(cv3)\qplugins\imageprocess\skeleton\x64\debug\rcc\qrc_sub_res.cpp
e:\qmacvisual(cv3)\qplugins\imageprocess\skeleton\x64\debug\uic\ui_frmskeleton.h
e:\qmacvisual(cv3)\qsoftexe\debug\plugins\skeleton.lib
e:\qmacvisual(cv3)\qsoftexe\debug\plugins\skeleton.exp
e:\qmacvisual(cv3)\qplugins\imageprocess\skeleton\x64\debug\skeleton.tlog\cl.command.1.tlog
e:\qmacvisual(cv3)\qplugins\imageprocess\skeleton\x64\debug\skeleton.tlog\cl.read.1.tlog
e:\qmacvisual(cv3)\qplugins\imageprocess\skeleton\x64\debug\skeleton.tlog\cl.write.1.tlog
e:\qmacvisual(cv3)\qplugins\imageprocess\skeleton\x64\debug\skeleton.tlog\link.command.1.tlog
e:\qmacvisual(cv3)\qplugins\imageprocess\skeleton\x64\debug\skeleton.tlog\link.read.1.tlog
e:\qmacvisual(cv3)\qplugins\imageprocess\skeleton\x64\debug\skeleton.tlog\link.write.1.tlog
e:\qmacvisual(cv3)\qplugins\imageprocess\skeleton\x64\debug\skeleton.tlog\moc.read.1u.tlog
e:\qmacvisual(cv3)\qplugins\imageprocess\skeleton\x64\debug\skeleton.tlog\moc.write.1u.tlog
e:\qmacvisual(cv3)\qplugins\imageprocess\skeleton\x64\debug\skeleton.tlog\rcc.read.1u.tlog
e:\qmacvisual(cv3)\qplugins\imageprocess\skeleton\x64\debug\skeleton.tlog\rcc.write.1u.tlog
e:\qmacvisual(cv3)\qplugins\imageprocess\skeleton\x64\debug\skeleton.tlog\skeleton.write.1u.tlog
e:\qmacvisual(cv3)\qplugins\imageprocess\skeleton\x64\debug\skeleton.tlog\uic.read.1u.tlog
e:\qmacvisual(cv3)\qplugins\imageprocess\skeleton\x64\debug\skeleton.tlog\uic.write.1u.tlog
