e:\qmacvisual(cv3)\qplugins\imageprocess\skeleton\x64\release\qrc_sub_res.obj
e:\qmacvisual(cv3)\qplugins\imageprocess\skeleton\x64\release\mytitlebar.obj
e:\qmacvisual(cv3)\qplugins\imageprocess\skeleton\x64\release\skeleton.obj
e:\qmacvisual(cv3)\qplugins\imageprocess\skeleton\x64\release\frmskeleton.obj
e:\qmacvisual(cv3)\qplugins\imageprocess\skeleton\x64\release\controlitem.obj
e:\qmacvisual(cv3)\qplugins\imageprocess\skeleton\x64\release\baseitem.obj
e:\qmacvisual(cv3)\qplugins\imageprocess\skeleton\x64\release\imageitem.obj
e:\qmacvisual(cv3)\qplugins\imageprocess\skeleton\x64\release\toolnterface.obj
e:\qmacvisual(cv3)\qplugins\imageprocess\skeleton\x64\release\qgraphicsviews.obj
e:\qmacvisual(cv3)\qplugins\imageprocess\skeleton\x64\release\qgraphicsscenes.obj
e:\qmacvisual(cv3)\qplugins\imageprocess\skeleton\x64\release\moc_toolnterface.obj
e:\qmacvisual(cv3)\qplugins\imageprocess\skeleton\x64\release\moc_controlitem.obj
e:\qmacvisual(cv3)\qplugins\imageprocess\skeleton\x64\release\moc_qtoolbase.obj
e:\qmacvisual(cv3)\qplugins\imageprocess\skeleton\x64\release\moc_qgraphicsscenes.obj
e:\qmacvisual(cv3)\qplugins\imageprocess\skeleton\x64\release\moc_imageitem.obj
e:\qmacvisual(cv3)\qplugins\imageprocess\skeleton\x64\release\moc_frmskeleton.obj
e:\qmacvisual(cv3)\qplugins\imageprocess\skeleton\x64\release\moc_baseitem.obj
e:\qmacvisual(cv3)\qplugins\imageprocess\skeleton\x64\release\moc_skeleton.obj
e:\qmacvisual(cv3)\qplugins\imageprocess\skeleton\x64\release\moc_mytitlebar.obj
e:\qmacvisual(cv3)\qplugins\imageprocess\skeleton\x64\release\moc_qgraphicsviews.obj
e:\qmacvisual(cv3)\qsoftexe\release\plugins\skeleton.dll
e:\qmacvisual(cv3)\qplugins\imageprocess\skeleton\x64\release\moc\moc_toolnterface.cpp
e:\qmacvisual(cv3)\qplugins\imageprocess\skeleton\x64\release\moc\moc_baseitem.cpp
e:\qmacvisual(cv3)\qplugins\imageprocess\skeleton\x64\release\moc\moc_controlitem.cpp
e:\qmacvisual(cv3)\qplugins\imageprocess\skeleton\x64\release\moc\moc_imageitem.cpp
e:\qmacvisual(cv3)\qplugins\imageprocess\skeleton\x64\release\moc\moc_qgraphicsscenes.cpp
e:\qmacvisual(cv3)\qplugins\imageprocess\skeleton\x64\release\moc\moc_qgraphicsviews.cpp
e:\qmacvisual(cv3)\qplugins\imageprocess\skeleton\x64\release\moc\moc_frmskeleton.cpp
e:\qmacvisual(cv3)\qplugins\imageprocess\skeleton\x64\release\moc\moc_mytitlebar.cpp
e:\qmacvisual(cv3)\qplugins\imageprocess\skeleton\x64\release\moc\moc_qtoolbase.cpp
e:\qmacvisual(cv3)\qplugins\imageprocess\skeleton\x64\release\moc\moc_skeleton.cpp
e:\qmacvisual(cv3)\qplugins\imageprocess\skeleton\x64\release\rcc\qrc_sub_res.cpp
e:\qmacvisual(cv3)\qplugins\imageprocess\skeleton\x64\release\uic\ui_frmskeleton.h
e:\qmacvisual(cv3)\qsoftexe\release\plugins\skeleton.lib
e:\qmacvisual(cv3)\qsoftexe\release\plugins\skeleton.exp
e:\qmacvisual(cv3)\qplugins\imageprocess\skeleton\x64\release\skeleton.tlog\cl.command.1.tlog
e:\qmacvisual(cv3)\qplugins\imageprocess\skeleton\x64\release\skeleton.tlog\cl.read.1.tlog
e:\qmacvisual(cv3)\qplugins\imageprocess\skeleton\x64\release\skeleton.tlog\cl.write.1.tlog
e:\qmacvisual(cv3)\qplugins\imageprocess\skeleton\x64\release\skeleton.tlog\link.command.1.tlog
e:\qmacvisual(cv3)\qplugins\imageprocess\skeleton\x64\release\skeleton.tlog\link.read.1.tlog
e:\qmacvisual(cv3)\qplugins\imageprocess\skeleton\x64\release\skeleton.tlog\link.write.1.tlog
e:\qmacvisual(cv3)\qplugins\imageprocess\skeleton\x64\release\skeleton.tlog\moc.read.1u.tlog
e:\qmacvisual(cv3)\qplugins\imageprocess\skeleton\x64\release\skeleton.tlog\moc.write.1u.tlog
e:\qmacvisual(cv3)\qplugins\imageprocess\skeleton\x64\release\skeleton.tlog\rcc.read.1u.tlog
e:\qmacvisual(cv3)\qplugins\imageprocess\skeleton\x64\release\skeleton.tlog\rcc.write.1u.tlog
e:\qmacvisual(cv3)\qplugins\imageprocess\skeleton\x64\release\skeleton.tlog\skeleton.write.1u.tlog
e:\qmacvisual(cv3)\qplugins\imageprocess\skeleton\x64\release\skeleton.tlog\uic.read.1u.tlog
e:\qmacvisual(cv3)\qplugins\imageprocess\skeleton\x64\release\skeleton.tlog\uic.write.1u.tlog
