  Reading Qt configuration (C:/Qt/Qt5.12.12/5.12.12/msvc2017_64/bin/qmake)
  uic frmImageMorphology.ui
  rcc sub_res.qrc
  moc QToolBase.h
  moc Toolnterface.h
  moc frmImageMorphology.h
  moc ImageItem.h
  moc mytitlebar.h
  moc QGraphicsViews.h
  moc QGraphicsScenes.h
  moc BaseItem.h
  moc ControlItem.h
  moc ImageMorphology.h
  frmImageMorphology.cpp
  ImageItem.cpp
  mytitlebar.cpp
  QGraphicsScenes.cpp
  QGraphicsViews.cpp
  Toolnterface.cpp
  BaseItem.cpp
  ControlItem.cpp
  ImageMorphology.cpp
  qrc_sub_res.cpp
  moc_QToolBase.cpp
  moc_Toolnterface.cpp
  moc_frmImageMorphology.cpp
  moc_ImageItem.cpp
  moc_mytitlebar.cpp
  moc_QGraphicsViews.cpp
  moc_QGraphicsScenes.cpp
  moc_BaseItem.cpp
  moc_ControlItem.cpp
  moc_ImageMorphology.cpp
    正在创建库 ../../../QSoftExe/Debug/Plugins/ImageMorphology.lib 和对象 ../../../QSoftExe/Debug/Plugins/ImageMorphology.exp
  ImageMorphology.vcxproj -> E:\QMacVisual(CV3)\QSoftExe\Debug\Plugins\ImageMorphology.dll
