e:\qmacvisual(cv3)\qplugins\imageprocess\imagemorphology\x64\debug\vc142.pdb
e:\qmacvisual(cv3)\qplugins\imageprocess\imagemorphology\x64\debug\qrc_sub_res.obj
e:\qmacvisual(cv3)\qplugins\imageprocess\imagemorphology\x64\debug\baseitem.obj
e:\qmacvisual(cv3)\qplugins\imageprocess\imagemorphology\x64\debug\imageitem.obj
e:\qmacvisual(cv3)\qplugins\imageprocess\imagemorphology\x64\debug\imagemorphology.obj
e:\qmacvisual(cv3)\qplugins\imageprocess\imagemorphology\x64\debug\toolnterface.obj
e:\qmacvisual(cv3)\qplugins\imageprocess\imagemorphology\x64\debug\qgraphicsscenes.obj
e:\qmacvisual(cv3)\qplugins\imageprocess\imagemorphology\x64\debug\frmimagemorphology.obj
e:\qmacvisual(cv3)\qplugins\imageprocess\imagemorphology\x64\debug\mytitlebar.obj
e:\qmacvisual(cv3)\qplugins\imageprocess\imagemorphology\x64\debug\qgraphicsviews.obj
e:\qmacvisual(cv3)\qplugins\imageprocess\imagemorphology\x64\debug\controlitem.obj
e:\qmacvisual(cv3)\qplugins\imageprocess\imagemorphology\x64\debug\moc_qgraphicsviews.obj
e:\qmacvisual(cv3)\qplugins\imageprocess\imagemorphology\x64\debug\moc_frmimagemorphology.obj
e:\qmacvisual(cv3)\qplugins\imageprocess\imagemorphology\x64\debug\moc_mytitlebar.obj
e:\qmacvisual(cv3)\qplugins\imageprocess\imagemorphology\x64\debug\moc_controlitem.obj
e:\qmacvisual(cv3)\qplugins\imageprocess\imagemorphology\x64\debug\moc_baseitem.obj
e:\qmacvisual(cv3)\qplugins\imageprocess\imagemorphology\x64\debug\moc_toolnterface.obj
e:\qmacvisual(cv3)\qplugins\imageprocess\imagemorphology\x64\debug\moc_qgraphicsscenes.obj
e:\qmacvisual(cv3)\qplugins\imageprocess\imagemorphology\x64\debug\moc_qtoolbase.obj
e:\qmacvisual(cv3)\qplugins\imageprocess\imagemorphology\x64\debug\moc_imageitem.obj
e:\qmacvisual(cv3)\qplugins\imageprocess\imagemorphology\x64\debug\moc_imagemorphology.obj
e:\qmacvisual(cv3)\qplugins\imageprocess\imagemorphology\x64\debug\uic\ui_frmimagemorphology.h
e:\qmacvisual(cv3)\qplugins\imageprocess\imagemorphology\x64\debug\rcc\qrc_sub_res.cpp
e:\qmacvisual(cv3)\qplugins\imageprocess\imagemorphology\x64\debug\moc\moc_qtoolbase.cpp
e:\qmacvisual(cv3)\qplugins\imageprocess\imagemorphology\x64\debug\moc\moc_toolnterface.cpp
e:\qmacvisual(cv3)\qplugins\imageprocess\imagemorphology\x64\debug\moc\moc_frmimagemorphology.cpp
e:\qmacvisual(cv3)\qplugins\imageprocess\imagemorphology\x64\debug\moc\moc_imageitem.cpp
e:\qmacvisual(cv3)\qplugins\imageprocess\imagemorphology\x64\debug\moc\moc_mytitlebar.cpp
e:\qmacvisual(cv3)\qplugins\imageprocess\imagemorphology\x64\debug\moc\moc_qgraphicsviews.cpp
e:\qmacvisual(cv3)\qplugins\imageprocess\imagemorphology\x64\debug\moc\moc_qgraphicsscenes.cpp
e:\qmacvisual(cv3)\qplugins\imageprocess\imagemorphology\x64\debug\moc\moc_baseitem.cpp
e:\qmacvisual(cv3)\qplugins\imageprocess\imagemorphology\x64\debug\moc\moc_controlitem.cpp
e:\qmacvisual(cv3)\qplugins\imageprocess\imagemorphology\x64\debug\moc\moc_imagemorphology.cpp
e:\qmacvisual(cv3)\qsoftexe\debug\plugins\imagemorphology.lib
e:\qmacvisual(cv3)\qsoftexe\debug\plugins\imagemorphology.exp
e:\qmacvisual(cv3)\qsoftexe\debug\plugins\imagemorphology.ilk
e:\qmacvisual(cv3)\qsoftexe\debug\plugins\imagemorphology.dll
e:\qmacvisual(cv3)\qsoftexe\debug\plugins\imagemorphology.pdb
e:\qmacvisual(cv3)\qplugins\imageprocess\imagemorphology\x64\debug\imagemorphology.tlog\cl.command.1.tlog
e:\qmacvisual(cv3)\qplugins\imageprocess\imagemorphology\x64\debug\imagemorphology.tlog\cl.read.1.tlog
e:\qmacvisual(cv3)\qplugins\imageprocess\imagemorphology\x64\debug\imagemorphology.tlog\cl.write.1.tlog
e:\qmacvisual(cv3)\qplugins\imageprocess\imagemorphology\x64\debug\imagemorphology.tlog\imagemorphology.write.1u.tlog
e:\qmacvisual(cv3)\qplugins\imageprocess\imagemorphology\x64\debug\imagemorphology.tlog\link.command.1.tlog
e:\qmacvisual(cv3)\qplugins\imageprocess\imagemorphology\x64\debug\imagemorphology.tlog\link.read.1.tlog
e:\qmacvisual(cv3)\qplugins\imageprocess\imagemorphology\x64\debug\imagemorphology.tlog\link.write.1.tlog
e:\qmacvisual(cv3)\qplugins\imageprocess\imagemorphology\x64\debug\imagemorphology.tlog\moc.read.1u.tlog
e:\qmacvisual(cv3)\qplugins\imageprocess\imagemorphology\x64\debug\imagemorphology.tlog\moc.write.1u.tlog
e:\qmacvisual(cv3)\qplugins\imageprocess\imagemorphology\x64\debug\imagemorphology.tlog\rcc.read.1u.tlog
e:\qmacvisual(cv3)\qplugins\imageprocess\imagemorphology\x64\debug\imagemorphology.tlog\rcc.write.1u.tlog
e:\qmacvisual(cv3)\qplugins\imageprocess\imagemorphology\x64\debug\imagemorphology.tlog\uic.read.1u.tlog
e:\qmacvisual(cv3)\qplugins\imageprocess\imagemorphology\x64\debug\imagemorphology.tlog\uic.write.1u.tlog
