e:\qmacvisual(cv3)\qplugins\geometrytools\fitellipse\x64\debug\vc142.pdb
e:\qmacvisual(cv3)\qplugins\geometrytools\fitellipse\x64\debug\qrc_sub_res.obj
e:\qmacvisual(cv3)\qplugins\geometrytools\fitellipse\x64\debug\controlitem.obj
e:\qmacvisual(cv3)\qplugins\geometrytools\fitellipse\x64\debug\imageitem.obj
e:\qmacvisual(cv3)\qplugins\geometrytools\fitellipse\x64\debug\baseitem.obj
e:\qmacvisual(cv3)\qplugins\geometrytools\fitellipse\x64\debug\frmfitellipse.obj
e:\qmacvisual(cv3)\qplugins\geometrytools\fitellipse\x64\debug\qgraphicsscenes.obj
e:\qmacvisual(cv3)\qplugins\geometrytools\fitellipse\x64\debug\qgraphicsviews.obj
e:\qmacvisual(cv3)\qplugins\geometrytools\fitellipse\x64\debug\toolnterface.obj
e:\qmacvisual(cv3)\qplugins\geometrytools\fitellipse\x64\debug\mytitlebar.obj
e:\qmacvisual(cv3)\qplugins\geometrytools\fitellipse\x64\debug\fitellipse.obj
e:\qmacvisual(cv3)\qplugins\geometrytools\fitellipse\x64\debug\moc_qtoolbase.obj
e:\qmacvisual(cv3)\qplugins\geometrytools\fitellipse\x64\debug\moc_imageitem.obj
e:\qmacvisual(cv3)\qplugins\geometrytools\fitellipse\x64\debug\moc_qgraphicsviews.obj
e:\qmacvisual(cv3)\qplugins\geometrytools\fitellipse\x64\debug\moc_baseitem.obj
e:\qmacvisual(cv3)\qplugins\geometrytools\fitellipse\x64\debug\moc_qgraphicsscenes.obj
e:\qmacvisual(cv3)\qplugins\geometrytools\fitellipse\x64\debug\moc_fitellipse.obj
e:\qmacvisual(cv3)\qplugins\geometrytools\fitellipse\x64\debug\moc_frmfitellipse.obj
e:\qmacvisual(cv3)\qplugins\geometrytools\fitellipse\x64\debug\moc_mytitlebar.obj
e:\qmacvisual(cv3)\qplugins\geometrytools\fitellipse\x64\debug\moc_controlitem.obj
e:\qmacvisual(cv3)\qplugins\geometrytools\fitellipse\x64\debug\moc_toolnterface.obj
e:\qmacvisual(cv3)\qplugins\geometrytools\fitellipse\x64\debug\uic\ui_frmfitellipse.h
e:\qmacvisual(cv3)\qplugins\geometrytools\fitellipse\x64\debug\rcc\qrc_sub_res.cpp
e:\qmacvisual(cv3)\qplugins\geometrytools\fitellipse\x64\debug\moc\moc_toolnterface.cpp
e:\qmacvisual(cv3)\qplugins\geometrytools\fitellipse\x64\debug\moc\moc_qtoolbase.cpp
e:\qmacvisual(cv3)\qplugins\geometrytools\fitellipse\x64\debug\moc\moc_mytitlebar.cpp
e:\qmacvisual(cv3)\qplugins\geometrytools\fitellipse\x64\debug\moc\moc_frmfitellipse.cpp
e:\qmacvisual(cv3)\qplugins\geometrytools\fitellipse\x64\debug\moc\moc_qgraphicsviews.cpp
e:\qmacvisual(cv3)\qplugins\geometrytools\fitellipse\x64\debug\moc\moc_qgraphicsscenes.cpp
e:\qmacvisual(cv3)\qplugins\geometrytools\fitellipse\x64\debug\moc\moc_imageitem.cpp
e:\qmacvisual(cv3)\qplugins\geometrytools\fitellipse\x64\debug\moc\moc_baseitem.cpp
e:\qmacvisual(cv3)\qplugins\geometrytools\fitellipse\x64\debug\moc\moc_controlitem.cpp
e:\qmacvisual(cv3)\qplugins\geometrytools\fitellipse\x64\debug\moc\moc_fitellipse.cpp
e:\qmacvisual(cv3)\qsoftexe\debug\plugins\fitellipse.lib
e:\qmacvisual(cv3)\qsoftexe\debug\plugins\fitellipse.exp
e:\qmacvisual(cv3)\qsoftexe\debug\plugins\fitellipse.ilk
e:\qmacvisual(cv3)\qsoftexe\debug\plugins\fitellipse.dll
e:\qmacvisual(cv3)\qsoftexe\debug\plugins\fitellipse.pdb
e:\qmacvisual(cv3)\qplugins\geometrytools\fitellipse\x64\debug\fitellipse.tlog\cl.command.1.tlog
e:\qmacvisual(cv3)\qplugins\geometrytools\fitellipse\x64\debug\fitellipse.tlog\cl.read.1.tlog
e:\qmacvisual(cv3)\qplugins\geometrytools\fitellipse\x64\debug\fitellipse.tlog\cl.write.1.tlog
e:\qmacvisual(cv3)\qplugins\geometrytools\fitellipse\x64\debug\fitellipse.tlog\fitellipse.write.1u.tlog
e:\qmacvisual(cv3)\qplugins\geometrytools\fitellipse\x64\debug\fitellipse.tlog\link.command.1.tlog
e:\qmacvisual(cv3)\qplugins\geometrytools\fitellipse\x64\debug\fitellipse.tlog\link.read.1.tlog
e:\qmacvisual(cv3)\qplugins\geometrytools\fitellipse\x64\debug\fitellipse.tlog\link.write.1.tlog
e:\qmacvisual(cv3)\qplugins\geometrytools\fitellipse\x64\debug\fitellipse.tlog\moc.read.1u.tlog
e:\qmacvisual(cv3)\qplugins\geometrytools\fitellipse\x64\debug\fitellipse.tlog\moc.write.1u.tlog
e:\qmacvisual(cv3)\qplugins\geometrytools\fitellipse\x64\debug\fitellipse.tlog\rcc.read.1u.tlog
e:\qmacvisual(cv3)\qplugins\geometrytools\fitellipse\x64\debug\fitellipse.tlog\rcc.write.1u.tlog
e:\qmacvisual(cv3)\qplugins\geometrytools\fitellipse\x64\debug\fitellipse.tlog\uic.read.1u.tlog
e:\qmacvisual(cv3)\qplugins\geometrytools\fitellipse\x64\debug\fitellipse.tlog\uic.write.1u.tlog
