e:\qmacvisual(cv3)\qplugins\detectidentify\classifier\x64\release\qrc_sub_res.obj
e:\qmacvisual(cv3)\qplugins\detectidentify\classifier\x64\release\imageitem.obj
e:\qmacvisual(cv3)\qplugins\detectidentify\classifier\x64\release\baseitem.obj
e:\qmacvisual(cv3)\qplugins\detectidentify\classifier\x64\release\frmclassifier.obj
e:\qmacvisual(cv3)\qplugins\detectidentify\classifier\x64\release\qgraphicsviews.obj
e:\qmacvisual(cv3)\qplugins\detectidentify\classifier\x64\release\qgraphicsscenes.obj
e:\qmacvisual(cv3)\qplugins\detectidentify\classifier\x64\release\classifier.obj
e:\qmacvisual(cv3)\qplugins\detectidentify\classifier\x64\release\toolnterface.obj
e:\qmacvisual(cv3)\qplugins\detectidentify\classifier\x64\release\controlitem.obj
e:\qmacvisual(cv3)\qplugins\detectidentify\classifier\x64\release\mytitlebar.obj
e:\qmacvisual(cv3)\qplugins\detectidentify\classifier\x64\release\moc_imageitem.obj
e:\qmacvisual(cv3)\qplugins\detectidentify\classifier\x64\release\moc_toolnterface.obj
e:\qmacvisual(cv3)\qplugins\detectidentify\classifier\x64\release\moc_qgraphicsscenes.obj
e:\qmacvisual(cv3)\qplugins\detectidentify\classifier\x64\release\moc_baseitem.obj
e:\qmacvisual(cv3)\qplugins\detectidentify\classifier\x64\release\moc_controlitem.obj
e:\qmacvisual(cv3)\qplugins\detectidentify\classifier\x64\release\moc_classifier.obj
e:\qmacvisual(cv3)\qplugins\detectidentify\classifier\x64\release\moc_qgraphicsviews.obj
e:\qmacvisual(cv3)\qplugins\detectidentify\classifier\x64\release\moc_qtoolbase.obj
e:\qmacvisual(cv3)\qplugins\detectidentify\classifier\x64\release\moc_mytitlebar.obj
e:\qmacvisual(cv3)\qplugins\detectidentify\classifier\x64\release\moc_frmclassifier.obj
e:\qmacvisual(cv3)\qsoftexe\release\plugins\z_classifier.dll
e:\qmacvisual(cv3)\qplugins\detectidentify\classifier\x64\release\moc\moc_toolnterface.cpp
e:\qmacvisual(cv3)\qplugins\detectidentify\classifier\x64\release\moc\moc_qtoolbase.cpp
e:\qmacvisual(cv3)\qplugins\detectidentify\classifier\x64\release\moc\moc_frmclassifier.cpp
e:\qmacvisual(cv3)\qplugins\detectidentify\classifier\x64\release\moc\moc_imageitem.cpp
e:\qmacvisual(cv3)\qplugins\detectidentify\classifier\x64\release\moc\moc_mytitlebar.cpp
e:\qmacvisual(cv3)\qplugins\detectidentify\classifier\x64\release\moc\moc_qgraphicsviews.cpp
e:\qmacvisual(cv3)\qplugins\detectidentify\classifier\x64\release\moc\moc_qgraphicsscenes.cpp
e:\qmacvisual(cv3)\qplugins\detectidentify\classifier\x64\release\moc\moc_controlitem.cpp
e:\qmacvisual(cv3)\qplugins\detectidentify\classifier\x64\release\moc\moc_baseitem.cpp
e:\qmacvisual(cv3)\qplugins\detectidentify\classifier\x64\release\moc\moc_classifier.cpp
e:\qmacvisual(cv3)\qplugins\detectidentify\classifier\x64\release\rcc\qrc_sub_res.cpp
e:\qmacvisual(cv3)\qplugins\detectidentify\classifier\x64\release\uic\ui_frmclassifier.h
e:\qmacvisual(cv3)\qsoftexe\release\plugins\z_classifier.lib
e:\qmacvisual(cv3)\qsoftexe\release\plugins\z_classifier.exp
e:\qmacvisual(cv3)\qplugins\detectidentify\classifier\x64\release\z_classifier.tlog\cl.command.1.tlog
e:\qmacvisual(cv3)\qplugins\detectidentify\classifier\x64\release\z_classifier.tlog\cl.read.1.tlog
e:\qmacvisual(cv3)\qplugins\detectidentify\classifier\x64\release\z_classifier.tlog\cl.write.1.tlog
e:\qmacvisual(cv3)\qplugins\detectidentify\classifier\x64\release\z_classifier.tlog\link.command.1.tlog
e:\qmacvisual(cv3)\qplugins\detectidentify\classifier\x64\release\z_classifier.tlog\link.read.1.tlog
e:\qmacvisual(cv3)\qplugins\detectidentify\classifier\x64\release\z_classifier.tlog\link.write.1.tlog
e:\qmacvisual(cv3)\qplugins\detectidentify\classifier\x64\release\z_classifier.tlog\moc.read.1u.tlog
e:\qmacvisual(cv3)\qplugins\detectidentify\classifier\x64\release\z_classifier.tlog\moc.write.1u.tlog
e:\qmacvisual(cv3)\qplugins\detectidentify\classifier\x64\release\z_classifier.tlog\rcc.read.1u.tlog
e:\qmacvisual(cv3)\qplugins\detectidentify\classifier\x64\release\z_classifier.tlog\rcc.write.1u.tlog
e:\qmacvisual(cv3)\qplugins\detectidentify\classifier\x64\release\z_classifier.tlog\uic.read.1u.tlog
e:\qmacvisual(cv3)\qplugins\detectidentify\classifier\x64\release\z_classifier.tlog\uic.write.1u.tlog
e:\qmacvisual(cv3)\qplugins\detectidentify\classifier\x64\release\z_classifier.tlog\z_classifier.write.1u.tlog
