g:\qmacvisual(cv3)(25000)\qmacvisual(cv3)2022.9.21(25000)\qmacvisual(cv3)\qplugins\ocr\ocr\x64\debug\toolnterface.obj
g:\qmacvisual(cv3)(25000)\qmacvisual(cv3)2022.9.21(25000)\qmacvisual(cv3)\qplugins\ocr\ocr\x64\debug\qrcodeidentify.obj
g:\qmacvisual(cv3)(25000)\qmacvisual(cv3)2022.9.21(25000)\qmacvisual(cv3)\qplugins\ocr\ocr\x64\debug\imageitem.obj
g:\qmacvisual(cv3)(25000)\qmacvisual(cv3)2022.9.21(25000)\qmacvisual(cv3)\qplugins\ocr\ocr\x64\debug\qgraphicsscenes.obj
g:\qmacvisual(cv3)(25000)\qmacvisual(cv3)2022.9.21(25000)\qmacvisual(cv3)\qplugins\ocr\ocr\x64\debug\baseitem.obj
g:\qmacvisual(cv3)(25000)\qmacvisual(cv3)2022.9.21(25000)\qmacvisual(cv3)\qplugins\ocr\ocr\x64\debug\qgraphicsviews.obj
g:\qmacvisual(cv3)(25000)\qmacvisual(cv3)2022.9.21(25000)\qmacvisual(cv3)\qplugins\ocr\ocr\x64\debug\frmqrcodeidentify.obj
g:\qmacvisual(cv3)(25000)\qmacvisual(cv3)2022.9.21(25000)\qmacvisual(cv3)\qplugins\ocr\ocr\x64\debug\controlitem.obj
g:\qmacvisual(cv3)(25000)\qmacvisual(cv3)2022.9.21(25000)\qmacvisual(cv3)\qplugins\ocr\ocr\x64\debug\mytitlebar.obj
g:\qmacvisual(cv3)(25000)\qmacvisual(cv3)2022.9.21(25000)\qmacvisual(cv3)\qplugins\ocr\ocr\x64\debug\ocrlite.obj
g:\qmacvisual(cv3)(25000)\qmacvisual(cv3)2022.9.21(25000)\qmacvisual(cv3)\qplugins\ocr\ocr\x64\debug\anglenet.obj
g:\qmacvisual(cv3)(25000)\qmacvisual(cv3)2022.9.21(25000)\qmacvisual(cv3)\qplugins\ocr\ocr\x64\debug\ocrresultutils.obj
g:\qmacvisual(cv3)(25000)\qmacvisual(cv3)2022.9.21(25000)\qmacvisual(cv3)\qplugins\ocr\ocr\x64\debug\clipper.obj
g:\qmacvisual(cv3)(25000)\qmacvisual(cv3)2022.9.21(25000)\qmacvisual(cv3)\qplugins\ocr\ocr\x64\debug\ocrutils.obj
g:\qmacvisual(cv3)(25000)\qmacvisual(cv3)2022.9.21(25000)\qmacvisual(cv3)\qplugins\ocr\ocr\x64\debug\ocrlitecapi.obj
g:\qmacvisual(cv3)(25000)\qmacvisual(cv3)2022.9.21(25000)\qmacvisual(cv3)\qplugins\ocr\ocr\x64\debug\dbnet.obj
g:\qmacvisual(cv3)(25000)\qmacvisual(cv3)2022.9.21(25000)\qmacvisual(cv3)\qplugins\ocr\ocr\x64\debug\crnnnet.obj
g:\qmacvisual(cv3)(25000)\qmacvisual(cv3)2022.9.21(25000)\qmacvisual(cv3)\qplugins\ocr\ocr\x64\debug\ocrlitejni.obj
g:\qmacvisual(cv3)(25000)\qmacvisual(cv3)2022.9.21(25000)\qmacvisual(cv3)\qplugins\ocr\ocr\x64\debug\main.obj
g:\qmacvisual(cv3)(25000)\qmacvisual(cv3)2022.9.21(25000)\qmacvisual(cv3)\qplugins\ocr\ocr\x64\debug\getopt.obj
g:\qmacvisual(cv3)(25000)\qmacvisual(cv3)2022.9.21(25000)\qmacvisual(cv3)\qplugins\ocr\ocr\x64\debug\vc143.pdb
g:\qmacvisual(cv3)(25000)\qmacvisual(cv3)2022.9.21(25000)\qmacvisual(cv3)\qplugins\ocr\ocr\x64\debug\qrc_sub_res.obj
g:\qmacvisual(cv3)(25000)\qmacvisual(cv3)2022.9.21(25000)\qmacvisual(cv3)\qplugins\ocr\ocr\x64\debug\moc_frmqrcodeidentify.obj
g:\qmacvisual(cv3)(25000)\qmacvisual(cv3)2022.9.21(25000)\qmacvisual(cv3)\qplugins\ocr\ocr\x64\debug\moc_qtoolbase.obj
g:\qmacvisual(cv3)(25000)\qmacvisual(cv3)2022.9.21(25000)\qmacvisual(cv3)\qplugins\ocr\ocr\x64\debug\moc_toolnterface.obj
g:\qmacvisual(cv3)(25000)\qmacvisual(cv3)2022.9.21(25000)\qmacvisual(cv3)\qplugins\ocr\ocr\x64\debug\moc_baseitem.obj
g:\qmacvisual(cv3)(25000)\qmacvisual(cv3)2022.9.21(25000)\qmacvisual(cv3)\qplugins\ocr\ocr\x64\debug\moc_controlitem.obj
g:\qmacvisual(cv3)(25000)\qmacvisual(cv3)2022.9.21(25000)\qmacvisual(cv3)\qplugins\ocr\ocr\x64\debug\moc_qgraphicsscenes.obj
g:\qmacvisual(cv3)(25000)\qmacvisual(cv3)2022.9.21(25000)\qmacvisual(cv3)\qplugins\ocr\ocr\x64\debug\moc_imageitem.obj
g:\qmacvisual(cv3)(25000)\qmacvisual(cv3)2022.9.21(25000)\qmacvisual(cv3)\qplugins\ocr\ocr\x64\debug\moc_qrcodeidentify.obj
g:\qmacvisual(cv3)(25000)\qmacvisual(cv3)2022.9.21(25000)\qmacvisual(cv3)\qplugins\ocr\ocr\x64\debug\moc_mytitlebar.obj
g:\qmacvisual(cv3)(25000)\qmacvisual(cv3)2022.9.21(25000)\qmacvisual(cv3)\qplugins\ocr\ocr\x64\debug\moc_qgraphicsviews.obj
g:\qmacvisual(cv3)(25000)\qmacvisual(cv3)2022.9.21(25000)\qmacvisual(cv3)\qsoftexe\debug\plugins\ocr.dll
g:\qmacvisual(cv3)(25000)\qmacvisual(cv3)2022.9.21(25000)\qmacvisual(cv3)\qsoftexe\debug\plugins\ocr.pdb
g:\qmacvisual(cv3)(25000)\qmacvisual(cv3)2022.9.21(25000)\qmacvisual(cv3)\qplugins\ocr\ocr\x64\debug\qt\moc\moc_baseitem.cpp
g:\qmacvisual(cv3)(25000)\qmacvisual(cv3)2022.9.21(25000)\qmacvisual(cv3)\qplugins\ocr\ocr\x64\debug\qt\moc\moc_controlitem.cpp
g:\qmacvisual(cv3)(25000)\qmacvisual(cv3)2022.9.21(25000)\qmacvisual(cv3)\qplugins\ocr\ocr\x64\debug\qt\moc\moc_imageitem.cpp
g:\qmacvisual(cv3)(25000)\qmacvisual(cv3)2022.9.21(25000)\qmacvisual(cv3)\qplugins\ocr\ocr\x64\debug\qt\moc\moc_qgraphicsscenes.cpp
g:\qmacvisual(cv3)(25000)\qmacvisual(cv3)2022.9.21(25000)\qmacvisual(cv3)\qplugins\ocr\ocr\x64\debug\qt\moc\moc_qgraphicsviews.cpp
g:\qmacvisual(cv3)(25000)\qmacvisual(cv3)2022.9.21(25000)\qmacvisual(cv3)\qplugins\ocr\ocr\x64\debug\qt\moc\moc_frmqrcodeidentify.cpp
g:\qmacvisual(cv3)(25000)\qmacvisual(cv3)2022.9.21(25000)\qmacvisual(cv3)\qplugins\ocr\ocr\x64\debug\qt\moc\moc_toolnterface.cpp
g:\qmacvisual(cv3)(25000)\qmacvisual(cv3)2022.9.21(25000)\qmacvisual(cv3)\qplugins\ocr\ocr\x64\debug\qt\moc\moc_qtoolbase.cpp
g:\qmacvisual(cv3)(25000)\qmacvisual(cv3)2022.9.21(25000)\qmacvisual(cv3)\qplugins\ocr\ocr\x64\debug\qt\moc\moc_qrcodeidentify.cpp
g:\qmacvisual(cv3)(25000)\qmacvisual(cv3)2022.9.21(25000)\qmacvisual(cv3)\qplugins\ocr\ocr\x64\debug\qt\moc\moc_mytitlebar.cpp
g:\qmacvisual(cv3)(25000)\qmacvisual(cv3)2022.9.21(25000)\qmacvisual(cv3)\qplugins\ocr\ocr\x64\debug\qt\uic\ui_frmqrcodeidentify.h
g:\qmacvisual(cv3)(25000)\qmacvisual(cv3)2022.9.21(25000)\qmacvisual(cv3)\qplugins\ocr\ocr\x64\debug\qt\rcc\qrc_sub_res.cpp
g:\qmacvisual(cv3)(25000)\qmacvisual(cv3)2022.9.21(25000)\qmacvisual(cv3)\qsoftexe\debug\plugins\ocr.lib
g:\qmacvisual(cv3)(25000)\qmacvisual(cv3)2022.9.21(25000)\qmacvisual(cv3)\qsoftexe\debug\plugins\ocr.exp
g:\qmacvisual(cv3)(25000)\qmacvisual(cv3)2022.9.21(25000)\qmacvisual(cv3)\qplugins\ocr\ocr\x64\debug\ocr.ilk
g:\qmacvisual(cv3)(25000)\qmacvisual(cv3)2022.9.21(25000)\qmacvisual(cv3)\qplugins\ocr\ocr\x64\debug\ocr.tlog\cl.command.1.tlog
g:\qmacvisual(cv3)(25000)\qmacvisual(cv3)2022.9.21(25000)\qmacvisual(cv3)\qplugins\ocr\ocr\x64\debug\ocr.tlog\cl.items.tlog
g:\qmacvisual(cv3)(25000)\qmacvisual(cv3)2022.9.21(25000)\qmacvisual(cv3)\qplugins\ocr\ocr\x64\debug\ocr.tlog\cl.read.1.tlog
g:\qmacvisual(cv3)(25000)\qmacvisual(cv3)2022.9.21(25000)\qmacvisual(cv3)\qplugins\ocr\ocr\x64\debug\ocr.tlog\cl.write.1.tlog
g:\qmacvisual(cv3)(25000)\qmacvisual(cv3)2022.9.21(25000)\qmacvisual(cv3)\qplugins\ocr\ocr\x64\debug\ocr.tlog\link.command.1.tlog
g:\qmacvisual(cv3)(25000)\qmacvisual(cv3)2022.9.21(25000)\qmacvisual(cv3)\qplugins\ocr\ocr\x64\debug\ocr.tlog\link.read.1.tlog
g:\qmacvisual(cv3)(25000)\qmacvisual(cv3)2022.9.21(25000)\qmacvisual(cv3)\qplugins\ocr\ocr\x64\debug\ocr.tlog\link.secondary.1.tlog
g:\qmacvisual(cv3)(25000)\qmacvisual(cv3)2022.9.21(25000)\qmacvisual(cv3)\qplugins\ocr\ocr\x64\debug\ocr.tlog\link.write.1.tlog
g:\qmacvisual(cv3)(25000)\qmacvisual(cv3)2022.9.21(25000)\qmacvisual(cv3)\qplugins\ocr\ocr\x64\debug\ocr.tlog\moc.read.1u.tlog
g:\qmacvisual(cv3)(25000)\qmacvisual(cv3)2022.9.21(25000)\qmacvisual(cv3)\qplugins\ocr\ocr\x64\debug\ocr.tlog\moc.write.1u.tlog
g:\qmacvisual(cv3)(25000)\qmacvisual(cv3)2022.9.21(25000)\qmacvisual(cv3)\qplugins\ocr\ocr\x64\debug\ocr.tlog\ocr.write.1u.tlog
g:\qmacvisual(cv3)(25000)\qmacvisual(cv3)2022.9.21(25000)\qmacvisual(cv3)\qplugins\ocr\ocr\x64\debug\ocr.tlog\rcc.read.1u.tlog
g:\qmacvisual(cv3)(25000)\qmacvisual(cv3)2022.9.21(25000)\qmacvisual(cv3)\qplugins\ocr\ocr\x64\debug\ocr.tlog\rcc.write.1u.tlog
g:\qmacvisual(cv3)(25000)\qmacvisual(cv3)2022.9.21(25000)\qmacvisual(cv3)\qplugins\ocr\ocr\x64\debug\ocr.tlog\uic.read.1u.tlog
g:\qmacvisual(cv3)(25000)\qmacvisual(cv3)2022.9.21(25000)\qmacvisual(cv3)\qplugins\ocr\ocr\x64\debug\ocr.tlog\uic.write.1u.tlog
