e:\qmacvisual(cv3)\qplugins\extlibrarycases\extlibrarycase\x64\debug\vc142.pdb
e:\qmacvisual(cv3)\qplugins\extlibrarycases\extlibrarycase\x64\debug\qrc_sub_res.obj
e:\qmacvisual(cv3)\qplugins\extlibrarycases\extlibrarycase\x64\debug\mytitlebar.obj
e:\qmacvisual(cv3)\qplugins\extlibrarycases\extlibrarycase\x64\debug\toolnterface.obj
e:\qmacvisual(cv3)\qplugins\extlibrarycases\extlibrarycase\x64\debug\qgraphicsscenes.obj
e:\qmacvisual(cv3)\qplugins\extlibrarycases\extlibrarycase\x64\debug\frmextlibrarycase.obj
e:\qmacvisual(cv3)\qplugins\extlibrarycases\extlibrarycase\x64\debug\baseitem.obj
e:\qmacvisual(cv3)\qplugins\extlibrarycases\extlibrarycase\x64\debug\controlitem.obj
e:\qmacvisual(cv3)\qplugins\extlibrarycases\extlibrarycase\x64\debug\qgraphicsviews.obj
e:\qmacvisual(cv3)\qplugins\extlibrarycases\extlibrarycase\x64\debug\imageitem.obj
e:\qmacvisual(cv3)\qplugins\extlibrarycases\extlibrarycase\x64\debug\extlibrarycase.obj
e:\qmacvisual(cv3)\qplugins\extlibrarycases\extlibrarycase\x64\debug\moc_mytitlebar.obj
e:\qmacvisual(cv3)\qplugins\extlibrarycases\extlibrarycase\x64\debug\moc_frmextlibrarycase.obj
e:\qmacvisual(cv3)\qplugins\extlibrarycases\extlibrarycase\x64\debug\moc_imageitem.obj
e:\qmacvisual(cv3)\qplugins\extlibrarycases\extlibrarycase\x64\debug\moc_qgraphicsscenes.obj
e:\qmacvisual(cv3)\qplugins\extlibrarycases\extlibrarycase\x64\debug\moc_qtoolbase.obj
e:\qmacvisual(cv3)\qplugins\extlibrarycases\extlibrarycase\x64\debug\moc_baseitem.obj
e:\qmacvisual(cv3)\qplugins\extlibrarycases\extlibrarycase\x64\debug\moc_controlitem.obj
e:\qmacvisual(cv3)\qplugins\extlibrarycases\extlibrarycase\x64\debug\moc_extlibrarycase.obj
e:\qmacvisual(cv3)\qplugins\extlibrarycases\extlibrarycase\x64\debug\moc_qgraphicsviews.obj
e:\qmacvisual(cv3)\qplugins\extlibrarycases\extlibrarycase\x64\debug\moc_toolnterface.obj
e:\qmacvisual(cv3)\qplugins\extlibrarycases\extlibrarycase\x64\debug\uic\ui_frmextlibrarycase.h
e:\qmacvisual(cv3)\qplugins\extlibrarycases\extlibrarycase\x64\debug\rcc\qrc_sub_res.cpp
e:\qmacvisual(cv3)\qplugins\extlibrarycases\extlibrarycase\x64\debug\moc\moc_toolnterface.cpp
e:\qmacvisual(cv3)\qplugins\extlibrarycases\extlibrarycase\x64\debug\moc\moc_baseitem.cpp
e:\qmacvisual(cv3)\qplugins\extlibrarycases\extlibrarycase\x64\debug\moc\moc_controlitem.cpp
e:\qmacvisual(cv3)\qplugins\extlibrarycases\extlibrarycase\x64\debug\moc\moc_qgraphicsscenes.cpp
e:\qmacvisual(cv3)\qplugins\extlibrarycases\extlibrarycase\x64\debug\moc\moc_frmextlibrarycase.cpp
e:\qmacvisual(cv3)\qplugins\extlibrarycases\extlibrarycase\x64\debug\moc\moc_imageitem.cpp
e:\qmacvisual(cv3)\qplugins\extlibrarycases\extlibrarycase\x64\debug\moc\moc_mytitlebar.cpp
e:\qmacvisual(cv3)\qplugins\extlibrarycases\extlibrarycase\x64\debug\moc\moc_qgraphicsviews.cpp
e:\qmacvisual(cv3)\qplugins\extlibrarycases\extlibrarycase\x64\debug\moc\moc_qtoolbase.cpp
e:\qmacvisual(cv3)\qplugins\extlibrarycases\extlibrarycase\x64\debug\moc\moc_extlibrarycase.cpp
e:\qmacvisual(cv3)\qsoftexe\debug\extlibrary\extlibrarycase.lib
e:\qmacvisual(cv3)\qsoftexe\debug\extlibrary\extlibrarycase.exp
e:\qmacvisual(cv3)\qsoftexe\debug\extlibrary\extlibrarycase.ilk
e:\qmacvisual(cv3)\qsoftexe\debug\extlibrary\extlibrarycase.dll
e:\qmacvisual(cv3)\qsoftexe\debug\extlibrary\extlibrarycase.pdb
e:\qmacvisual(cv3)\qplugins\extlibrarycases\extlibrarycase\x64\debug\extlibrarycase.tlog\cl.command.1.tlog
e:\qmacvisual(cv3)\qplugins\extlibrarycases\extlibrarycase\x64\debug\extlibrarycase.tlog\cl.read.1.tlog
e:\qmacvisual(cv3)\qplugins\extlibrarycases\extlibrarycase\x64\debug\extlibrarycase.tlog\cl.write.1.tlog
e:\qmacvisual(cv3)\qplugins\extlibrarycases\extlibrarycase\x64\debug\extlibrarycase.tlog\extlibrarycase.write.1u.tlog
e:\qmacvisual(cv3)\qplugins\extlibrarycases\extlibrarycase\x64\debug\extlibrarycase.tlog\link.command.1.tlog
e:\qmacvisual(cv3)\qplugins\extlibrarycases\extlibrarycase\x64\debug\extlibrarycase.tlog\link.read.1.tlog
e:\qmacvisual(cv3)\qplugins\extlibrarycases\extlibrarycase\x64\debug\extlibrarycase.tlog\link.write.1.tlog
e:\qmacvisual(cv3)\qplugins\extlibrarycases\extlibrarycase\x64\debug\extlibrarycase.tlog\moc.read.1u.tlog
e:\qmacvisual(cv3)\qplugins\extlibrarycases\extlibrarycase\x64\debug\extlibrarycase.tlog\moc.write.1u.tlog
e:\qmacvisual(cv3)\qplugins\extlibrarycases\extlibrarycase\x64\debug\extlibrarycase.tlog\rcc.read.1u.tlog
e:\qmacvisual(cv3)\qplugins\extlibrarycases\extlibrarycase\x64\debug\extlibrarycase.tlog\rcc.write.1u.tlog
e:\qmacvisual(cv3)\qplugins\extlibrarycases\extlibrarycase\x64\debug\extlibrarycase.tlog\uic.read.1u.tlog
e:\qmacvisual(cv3)\qplugins\extlibrarycases\extlibrarycase\x64\debug\extlibrarycase.tlog\uic.write.1u.tlog
