e:\qmacvisual(cv3)\qplugins\logicaltools\logicgoto\x64\debug\vc142.pdb
e:\qmacvisual(cv3)\qplugins\logicaltools\logicgoto\x64\debug\qrc_sub_res.obj
e:\qmacvisual(cv3)\qplugins\logicaltools\logicgoto\x64\debug\logicgoto.obj
e:\qmacvisual(cv3)\qplugins\logicaltools\logicgoto\x64\debug\mytitlebar.obj
e:\qmacvisual(cv3)\qplugins\logicaltools\logicgoto\x64\debug\toolnterface.obj
e:\qmacvisual(cv3)\qplugins\logicaltools\logicgoto\x64\debug\frmlogicgoto.obj
e:\qmacvisual(cv3)\qplugins\logicaltools\logicgoto\x64\debug\moc_toolnterface.obj
e:\qmacvisual(cv3)\qplugins\logicaltools\logicgoto\x64\debug\moc_logicgoto.obj
e:\qmacvisual(cv3)\qplugins\logicaltools\logicgoto\x64\debug\moc_qtoolbase.obj
e:\qmacvisual(cv3)\qplugins\logicaltools\logicgoto\x64\debug\moc_frmlogicgoto.obj
e:\qmacvisual(cv3)\qplugins\logicaltools\logicgoto\x64\debug\moc_mytitlebar.obj
e:\qmacvisual(cv3)\qsoftexe\debug\plugins\logicgoto.ilk
e:\qmacvisual(cv3)\qsoftexe\debug\plugins\logicgoto.dll
e:\qmacvisual(cv3)\qsoftexe\debug\plugins\logicgoto.pdb
e:\qmacvisual(cv3)\qplugins\logicaltools\logicgoto\x64\debug\uic\ui_frmlogicgoto.h
e:\qmacvisual(cv3)\qplugins\logicaltools\logicgoto\x64\debug\rcc\qrc_sub_res.cpp
e:\qmacvisual(cv3)\qplugins\logicaltools\logicgoto\x64\debug\moc\moc_toolnterface.cpp
e:\qmacvisual(cv3)\qplugins\logicaltools\logicgoto\x64\debug\moc\moc_qtoolbase.cpp
e:\qmacvisual(cv3)\qplugins\logicaltools\logicgoto\x64\debug\moc\moc_mytitlebar.cpp
e:\qmacvisual(cv3)\qplugins\logicaltools\logicgoto\x64\debug\moc\moc_frmlogicgoto.cpp
e:\qmacvisual(cv3)\qplugins\logicaltools\logicgoto\x64\debug\moc\moc_logicgoto.cpp
e:\qmacvisual(cv3)\qsoftexe\debug\plugins\logicgoto.lib
e:\qmacvisual(cv3)\qsoftexe\debug\plugins\logicgoto.exp
e:\qmacvisual(cv3)\qplugins\logicaltools\logicgoto\x64\debug\logicgoto.tlog\cl.command.1.tlog
e:\qmacvisual(cv3)\qplugins\logicaltools\logicgoto\x64\debug\logicgoto.tlog\cl.read.1.tlog
e:\qmacvisual(cv3)\qplugins\logicaltools\logicgoto\x64\debug\logicgoto.tlog\cl.write.1.tlog
e:\qmacvisual(cv3)\qplugins\logicaltools\logicgoto\x64\debug\logicgoto.tlog\link.command.1.tlog
e:\qmacvisual(cv3)\qplugins\logicaltools\logicgoto\x64\debug\logicgoto.tlog\link.read.1.tlog
e:\qmacvisual(cv3)\qplugins\logicaltools\logicgoto\x64\debug\logicgoto.tlog\link.write.1.tlog
e:\qmacvisual(cv3)\qplugins\logicaltools\logicgoto\x64\debug\logicgoto.tlog\logicgoto.write.1u.tlog
e:\qmacvisual(cv3)\qplugins\logicaltools\logicgoto\x64\debug\logicgoto.tlog\moc.read.1u.tlog
e:\qmacvisual(cv3)\qplugins\logicaltools\logicgoto\x64\debug\logicgoto.tlog\moc.write.1u.tlog
e:\qmacvisual(cv3)\qplugins\logicaltools\logicgoto\x64\debug\logicgoto.tlog\rcc.read.1u.tlog
e:\qmacvisual(cv3)\qplugins\logicaltools\logicgoto\x64\debug\logicgoto.tlog\rcc.write.1u.tlog
e:\qmacvisual(cv3)\qplugins\logicaltools\logicgoto\x64\debug\logicgoto.tlog\uic.read.1u.tlog
e:\qmacvisual(cv3)\qplugins\logicaltools\logicgoto\x64\debug\logicgoto.tlog\uic.write.1u.tlog
