e:\qmacvisual(cv3)\qplugins\geometrymeasure\pointpoint\x64\release\qrc_sub_res.obj
e:\qmacvisual(cv3)\qplugins\geometrymeasure\pointpoint\x64\release\imageitem.obj
e:\qmacvisual(cv3)\qplugins\geometrymeasure\pointpoint\x64\release\toolnterface.obj
e:\qmacvisual(cv3)\qplugins\geometrymeasure\pointpoint\x64\release\frmpointpoint.obj
e:\qmacvisual(cv3)\qplugins\geometrymeasure\pointpoint\x64\release\qgraphicsscenes.obj
e:\qmacvisual(cv3)\qplugins\geometrymeasure\pointpoint\x64\release\controlitem.obj
e:\qmacvisual(cv3)\qplugins\geometrymeasure\pointpoint\x64\release\qgraphicsviews.obj
e:\qmacvisual(cv3)\qplugins\geometrymeasure\pointpoint\x64\release\mytitlebar.obj
e:\qmacvisual(cv3)\qplugins\geometrymeasure\pointpoint\x64\release\pointpoint.obj
e:\qmacvisual(cv3)\qplugins\geometrymeasure\pointpoint\x64\release\baseitem.obj
e:\qmacvisual(cv3)\qplugins\geometrymeasure\pointpoint\x64\release\moc_frmpointpoint.obj
e:\qmacvisual(cv3)\qplugins\geometrymeasure\pointpoint\x64\release\moc_toolnterface.obj
e:\qmacvisual(cv3)\qplugins\geometrymeasure\pointpoint\x64\release\moc_imageitem.obj
e:\qmacvisual(cv3)\qplugins\geometrymeasure\pointpoint\x64\release\moc_qtoolbase.obj
e:\qmacvisual(cv3)\qplugins\geometrymeasure\pointpoint\x64\release\moc_qgraphicsscenes.obj
e:\qmacvisual(cv3)\qplugins\geometrymeasure\pointpoint\x64\release\moc_controlitem.obj
e:\qmacvisual(cv3)\qplugins\geometrymeasure\pointpoint\x64\release\moc_mytitlebar.obj
e:\qmacvisual(cv3)\qplugins\geometrymeasure\pointpoint\x64\release\moc_pointpoint.obj
e:\qmacvisual(cv3)\qplugins\geometrymeasure\pointpoint\x64\release\moc_qgraphicsviews.obj
e:\qmacvisual(cv3)\qplugins\geometrymeasure\pointpoint\x64\release\moc_baseitem.obj
e:\qmacvisual(cv3)\qsoftexe\release\plugins\pointpoint.dll
e:\qmacvisual(cv3)\qplugins\geometrymeasure\pointpoint\x64\release\moc\moc_qtoolbase.cpp
e:\qmacvisual(cv3)\qplugins\geometrymeasure\pointpoint\x64\release\moc\moc_toolnterface.cpp
e:\qmacvisual(cv3)\qplugins\geometrymeasure\pointpoint\x64\release\moc\moc_frmpointpoint.cpp
e:\qmacvisual(cv3)\qplugins\geometrymeasure\pointpoint\x64\release\moc\moc_imageitem.cpp
e:\qmacvisual(cv3)\qplugins\geometrymeasure\pointpoint\x64\release\moc\moc_mytitlebar.cpp
e:\qmacvisual(cv3)\qplugins\geometrymeasure\pointpoint\x64\release\moc\moc_qgraphicsviews.cpp
e:\qmacvisual(cv3)\qplugins\geometrymeasure\pointpoint\x64\release\moc\moc_qgraphicsscenes.cpp
e:\qmacvisual(cv3)\qplugins\geometrymeasure\pointpoint\x64\release\moc\moc_baseitem.cpp
e:\qmacvisual(cv3)\qplugins\geometrymeasure\pointpoint\x64\release\moc\moc_controlitem.cpp
e:\qmacvisual(cv3)\qplugins\geometrymeasure\pointpoint\x64\release\moc\moc_pointpoint.cpp
e:\qmacvisual(cv3)\qplugins\geometrymeasure\pointpoint\x64\release\uic\ui_frmpointpoint.h
e:\qmacvisual(cv3)\qplugins\geometrymeasure\pointpoint\x64\release\rcc\qrc_sub_res.cpp
e:\qmacvisual(cv3)\qsoftexe\release\plugins\pointpoint.lib
e:\qmacvisual(cv3)\qsoftexe\release\plugins\pointpoint.exp
e:\qmacvisual(cv3)\qplugins\geometrymeasure\pointpoint\x64\release\pointpoint.tlog\cl.command.1.tlog
e:\qmacvisual(cv3)\qplugins\geometrymeasure\pointpoint\x64\release\pointpoint.tlog\cl.read.1.tlog
e:\qmacvisual(cv3)\qplugins\geometrymeasure\pointpoint\x64\release\pointpoint.tlog\cl.write.1.tlog
e:\qmacvisual(cv3)\qplugins\geometrymeasure\pointpoint\x64\release\pointpoint.tlog\link.command.1.tlog
e:\qmacvisual(cv3)\qplugins\geometrymeasure\pointpoint\x64\release\pointpoint.tlog\link.read.1.tlog
e:\qmacvisual(cv3)\qplugins\geometrymeasure\pointpoint\x64\release\pointpoint.tlog\link.write.1.tlog
e:\qmacvisual(cv3)\qplugins\geometrymeasure\pointpoint\x64\release\pointpoint.tlog\moc.read.1u.tlog
e:\qmacvisual(cv3)\qplugins\geometrymeasure\pointpoint\x64\release\pointpoint.tlog\moc.write.1u.tlog
e:\qmacvisual(cv3)\qplugins\geometrymeasure\pointpoint\x64\release\pointpoint.tlog\pointpoint.write.1u.tlog
e:\qmacvisual(cv3)\qplugins\geometrymeasure\pointpoint\x64\release\pointpoint.tlog\rcc.read.1u.tlog
e:\qmacvisual(cv3)\qplugins\geometrymeasure\pointpoint\x64\release\pointpoint.tlog\rcc.write.1u.tlog
e:\qmacvisual(cv3)\qplugins\geometrymeasure\pointpoint\x64\release\pointpoint.tlog\uic.read.1u.tlog
e:\qmacvisual(cv3)\qplugins\geometrymeasure\pointpoint\x64\release\pointpoint.tlog\uic.write.1u.tlog
