e:\qmacvisual(cv3)\qplugins\logicaltools\logicjudgeend\x64\debug\vc142.pdb
e:\qmacvisual(cv3)\qplugins\logicaltools\logicjudgeend\x64\debug\qrc_sub_res.obj
e:\qmacvisual(cv3)\qplugins\logicaltools\logicjudgeend\x64\debug\frmlogicjudgeend.obj
e:\qmacvisual(cv3)\qplugins\logicaltools\logicjudgeend\x64\debug\toolnterface.obj
e:\qmacvisual(cv3)\qplugins\logicaltools\logicjudgeend\x64\debug\mytitlebar.obj
e:\qmacvisual(cv3)\qplugins\logicaltools\logicjudgeend\x64\debug\logicjudgeend.obj
e:\qmacvisual(cv3)\qplugins\logicaltools\logicjudgeend\x64\debug\moc_toolnterface.obj
e:\qmacvisual(cv3)\qplugins\logicaltools\logicjudgeend\x64\debug\moc_logicjudgeend.obj
e:\qmacvisual(cv3)\qplugins\logicaltools\logicjudgeend\x64\debug\moc_qtoolbase.obj
e:\qmacvisual(cv3)\qplugins\logicaltools\logicjudgeend\x64\debug\moc_frmlogicjudgeend.obj
e:\qmacvisual(cv3)\qplugins\logicaltools\logicjudgeend\x64\debug\moc_mytitlebar.obj
e:\qmacvisual(cv3)\qsoftexe\debug\plugins\logicjudgeend.ilk
e:\qmacvisual(cv3)\qsoftexe\debug\plugins\logicjudgeend.dll
e:\qmacvisual(cv3)\qsoftexe\debug\plugins\logicjudgeend.pdb
e:\qmacvisual(cv3)\qplugins\logicaltools\logicjudgeend\x64\debug\uic\ui_frmlogicjudgeend.h
e:\qmacvisual(cv3)\qplugins\logicaltools\logicjudgeend\x64\debug\rcc\qrc_sub_res.cpp
e:\qmacvisual(cv3)\qplugins\logicaltools\logicjudgeend\x64\debug\moc\moc_toolnterface.cpp
e:\qmacvisual(cv3)\qplugins\logicaltools\logicjudgeend\x64\debug\moc\moc_qtoolbase.cpp
e:\qmacvisual(cv3)\qplugins\logicaltools\logicjudgeend\x64\debug\moc\moc_mytitlebar.cpp
e:\qmacvisual(cv3)\qplugins\logicaltools\logicjudgeend\x64\debug\moc\moc_frmlogicjudgeend.cpp
e:\qmacvisual(cv3)\qplugins\logicaltools\logicjudgeend\x64\debug\moc\moc_logicjudgeend.cpp
e:\qmacvisual(cv3)\qsoftexe\debug\plugins\logicjudgeend.lib
e:\qmacvisual(cv3)\qsoftexe\debug\plugins\logicjudgeend.exp
e:\qmacvisual(cv3)\qplugins\logicaltools\logicjudgeend\x64\debug\logicjudgeend.tlog\cl.command.1.tlog
e:\qmacvisual(cv3)\qplugins\logicaltools\logicjudgeend\x64\debug\logicjudgeend.tlog\cl.read.1.tlog
e:\qmacvisual(cv3)\qplugins\logicaltools\logicjudgeend\x64\debug\logicjudgeend.tlog\cl.write.1.tlog
e:\qmacvisual(cv3)\qplugins\logicaltools\logicjudgeend\x64\debug\logicjudgeend.tlog\link.command.1.tlog
e:\qmacvisual(cv3)\qplugins\logicaltools\logicjudgeend\x64\debug\logicjudgeend.tlog\link.read.1.tlog
e:\qmacvisual(cv3)\qplugins\logicaltools\logicjudgeend\x64\debug\logicjudgeend.tlog\link.write.1.tlog
e:\qmacvisual(cv3)\qplugins\logicaltools\logicjudgeend\x64\debug\logicjudgeend.tlog\logicjudgeend.write.1u.tlog
e:\qmacvisual(cv3)\qplugins\logicaltools\logicjudgeend\x64\debug\logicjudgeend.tlog\moc.read.1u.tlog
e:\qmacvisual(cv3)\qplugins\logicaltools\logicjudgeend\x64\debug\logicjudgeend.tlog\moc.write.1u.tlog
e:\qmacvisual(cv3)\qplugins\logicaltools\logicjudgeend\x64\debug\logicjudgeend.tlog\rcc.read.1u.tlog
e:\qmacvisual(cv3)\qplugins\logicaltools\logicjudgeend\x64\debug\logicjudgeend.tlog\rcc.write.1u.tlog
e:\qmacvisual(cv3)\qplugins\logicaltools\logicjudgeend\x64\debug\logicjudgeend.tlog\uic.read.1u.tlog
e:\qmacvisual(cv3)\qplugins\logicaltools\logicjudgeend\x64\debug\logicjudgeend.tlog\uic.write.1u.tlog
