e:\qmacvisual(cv3)\qplugins\imageprocess\perspectivetransform\x64\release\qrc_sub_res.obj
e:\qmacvisual(cv3)\qplugins\imageprocess\perspectivetransform\x64\release\toolnterface.obj
e:\qmacvisual(cv3)\qplugins\imageprocess\perspectivetransform\x64\release\qgraphicsviews.obj
e:\qmacvisual(cv3)\qplugins\imageprocess\perspectivetransform\x64\release\perspectivetransform.obj
e:\qmacvisual(cv3)\qplugins\imageprocess\perspectivetransform\x64\release\controlitem.obj
e:\qmacvisual(cv3)\qplugins\imageprocess\perspectivetransform\x64\release\mytitlebar.obj
e:\qmacvisual(cv3)\qplugins\imageprocess\perspectivetransform\x64\release\baseitem.obj
e:\qmacvisual(cv3)\qplugins\imageprocess\perspectivetransform\x64\release\frmperspectivetransform.obj
e:\qmacvisual(cv3)\qplugins\imageprocess\perspectivetransform\x64\release\qgraphicsscenes.obj
e:\qmacvisual(cv3)\qplugins\imageprocess\perspectivetransform\x64\release\imageitem.obj
e:\qmacvisual(cv3)\qplugins\imageprocess\perspectivetransform\x64\release\moc_toolnterface.obj
e:\qmacvisual(cv3)\qplugins\imageprocess\perspectivetransform\x64\release\moc_baseitem.obj
e:\qmacvisual(cv3)\qplugins\imageprocess\perspectivetransform\x64\release\moc_mytitlebar.obj
e:\qmacvisual(cv3)\qplugins\imageprocess\perspectivetransform\x64\release\moc_controlitem.obj
e:\qmacvisual(cv3)\qplugins\imageprocess\perspectivetransform\x64\release\moc_qtoolbase.obj
e:\qmacvisual(cv3)\qplugins\imageprocess\perspectivetransform\x64\release\moc_qgraphicsviews.obj
e:\qmacvisual(cv3)\qplugins\imageprocess\perspectivetransform\x64\release\moc_qgraphicsscenes.obj
e:\qmacvisual(cv3)\qplugins\imageprocess\perspectivetransform\x64\release\moc_imageitem.obj
e:\qmacvisual(cv3)\qplugins\imageprocess\perspectivetransform\x64\release\moc_perspectivetransform.obj
e:\qmacvisual(cv3)\qplugins\imageprocess\perspectivetransform\x64\release\moc_frmperspectivetransform.obj
e:\qmacvisual(cv3)\qsoftexe\release\plugins\perspectivetransform.dll
e:\qmacvisual(cv3)\qplugins\imageprocess\perspectivetransform\x64\release\moc\moc_toolnterface.cpp
e:\qmacvisual(cv3)\qplugins\imageprocess\perspectivetransform\x64\release\moc\moc_qtoolbase.cpp
e:\qmacvisual(cv3)\qplugins\imageprocess\perspectivetransform\x64\release\moc\moc_qgraphicsviews.cpp
e:\qmacvisual(cv3)\qplugins\imageprocess\perspectivetransform\x64\release\moc\moc_qgraphicsscenes.cpp
e:\qmacvisual(cv3)\qplugins\imageprocess\perspectivetransform\x64\release\moc\moc_baseitem.cpp
e:\qmacvisual(cv3)\qplugins\imageprocess\perspectivetransform\x64\release\moc\moc_controlitem.cpp
e:\qmacvisual(cv3)\qplugins\imageprocess\perspectivetransform\x64\release\moc\moc_imageitem.cpp
e:\qmacvisual(cv3)\qplugins\imageprocess\perspectivetransform\x64\release\moc\moc_frmperspectivetransform.cpp
e:\qmacvisual(cv3)\qplugins\imageprocess\perspectivetransform\x64\release\moc\moc_mytitlebar.cpp
e:\qmacvisual(cv3)\qplugins\imageprocess\perspectivetransform\x64\release\moc\moc_perspectivetransform.cpp
e:\qmacvisual(cv3)\qplugins\imageprocess\perspectivetransform\x64\release\uic\ui_frmperspectivetransform.h
e:\qmacvisual(cv3)\qplugins\imageprocess\perspectivetransform\x64\release\rcc\qrc_sub_res.cpp
e:\qmacvisual(cv3)\qsoftexe\release\plugins\perspectivetransform.lib
e:\qmacvisual(cv3)\qsoftexe\release\plugins\perspectivetransform.exp
e:\qmacvisual(cv3)\qplugins\imageprocess\perspectivetransform\x64\release\perspect.7b6d99d2.tlog\cl.command.1.tlog
e:\qmacvisual(cv3)\qplugins\imageprocess\perspectivetransform\x64\release\perspect.7b6d99d2.tlog\cl.read.1.tlog
e:\qmacvisual(cv3)\qplugins\imageprocess\perspectivetransform\x64\release\perspect.7b6d99d2.tlog\cl.write.1.tlog
e:\qmacvisual(cv3)\qplugins\imageprocess\perspectivetransform\x64\release\perspect.7b6d99d2.tlog\link.command.1.tlog
e:\qmacvisual(cv3)\qplugins\imageprocess\perspectivetransform\x64\release\perspect.7b6d99d2.tlog\link.read.1.tlog
e:\qmacvisual(cv3)\qplugins\imageprocess\perspectivetransform\x64\release\perspect.7b6d99d2.tlog\link.write.1.tlog
e:\qmacvisual(cv3)\qplugins\imageprocess\perspectivetransform\x64\release\perspect.7b6d99d2.tlog\moc.read.1u.tlog
e:\qmacvisual(cv3)\qplugins\imageprocess\perspectivetransform\x64\release\perspect.7b6d99d2.tlog\moc.write.1u.tlog
e:\qmacvisual(cv3)\qplugins\imageprocess\perspectivetransform\x64\release\perspect.7b6d99d2.tlog\perspectivetransform.write.1u.tlog
e:\qmacvisual(cv3)\qplugins\imageprocess\perspectivetransform\x64\release\perspect.7b6d99d2.tlog\rcc.read.1u.tlog
e:\qmacvisual(cv3)\qplugins\imageprocess\perspectivetransform\x64\release\perspect.7b6d99d2.tlog\rcc.write.1u.tlog
e:\qmacvisual(cv3)\qplugins\imageprocess\perspectivetransform\x64\release\perspect.7b6d99d2.tlog\uic.read.1u.tlog
e:\qmacvisual(cv3)\qplugins\imageprocess\perspectivetransform\x64\release\perspect.7b6d99d2.tlog\uic.write.1u.tlog
