e:\qmacvisual(cv3)\qplugins\detectidentify\blobdetector\x64\release\uic\ui_frmblobdetector.h
e:\qmacvisual(cv3)\qplugins\detectidentify\blobdetector\x64\release\rcc\qrc_sub_res.cpp
e:\qmacvisual(cv3)\qplugins\detectidentify\blobdetector\x64\release\moc\moc_qtoolbase.cpp
e:\qmacvisual(cv3)\qplugins\detectidentify\blobdetector\x64\release\moc\moc_toolnterface.cpp
e:\qmacvisual(cv3)\qplugins\detectidentify\blobdetector\x64\release\moc\moc_frmblobdetector.cpp
e:\qmacvisual(cv3)\qplugins\detectidentify\blobdetector\x64\release\moc\moc_imageitem.cpp
e:\qmacvisual(cv3)\qplugins\detectidentify\blobdetector\x64\release\moc\moc_mytitlebar.cpp
e:\qmacvisual(cv3)\qplugins\detectidentify\blobdetector\x64\release\moc\moc_qgraphicsviews.cpp
e:\qmacvisual(cv3)\qplugins\detectidentify\blobdetector\x64\release\moc\moc_qgraphicsscenes.cpp
e:\qmacvisual(cv3)\qplugins\detectidentify\blobdetector\x64\release\moc\moc_controlitem.cpp
e:\qmacvisual(cv3)\qplugins\detectidentify\blobdetector\x64\release\moc\moc_baseitem.cpp
e:\qmacvisual(cv3)\qplugins\detectidentify\blobdetector\x64\release\moc\moc_blobdetector.cpp
e:\qmacvisual(cv3)\qsoftexe\release\plugins\blobdetector.lib
e:\qmacvisual(cv3)\qsoftexe\release\plugins\blobdetector.exp
e:\qmacvisual(cv3)\qplugins\detectidentify\blobdetector\x64\release\qrc_sub_res.obj
e:\qmacvisual(cv3)\qplugins\detectidentify\blobdetector\x64\release\toolnterface.obj
e:\qmacvisual(cv3)\qplugins\detectidentify\blobdetector\x64\release\mytitlebar.obj
e:\qmacvisual(cv3)\qplugins\detectidentify\blobdetector\x64\release\imageitem.obj
e:\qmacvisual(cv3)\qplugins\detectidentify\blobdetector\x64\release\blobdetector.obj
e:\qmacvisual(cv3)\qplugins\detectidentify\blobdetector\x64\release\controlitem.obj
e:\qmacvisual(cv3)\qplugins\detectidentify\blobdetector\x64\release\qgraphicsviews.obj
e:\qmacvisual(cv3)\qplugins\detectidentify\blobdetector\x64\release\qgraphicsscenes.obj
e:\qmacvisual(cv3)\qplugins\detectidentify\blobdetector\x64\release\baseitem.obj
e:\qmacvisual(cv3)\qplugins\detectidentify\blobdetector\x64\release\frmblobdetector.obj
e:\qmacvisual(cv3)\qplugins\detectidentify\blobdetector\x64\release\moc_qgraphicsviews.obj
e:\qmacvisual(cv3)\qplugins\detectidentify\blobdetector\x64\release\moc_mytitlebar.obj
e:\qmacvisual(cv3)\qplugins\detectidentify\blobdetector\x64\release\moc_baseitem.obj
e:\qmacvisual(cv3)\qplugins\detectidentify\blobdetector\x64\release\moc_toolnterface.obj
e:\qmacvisual(cv3)\qplugins\detectidentify\blobdetector\x64\release\moc_imageitem.obj
e:\qmacvisual(cv3)\qplugins\detectidentify\blobdetector\x64\release\moc_blobdetector.obj
e:\qmacvisual(cv3)\qplugins\detectidentify\blobdetector\x64\release\moc_frmblobdetector.obj
e:\qmacvisual(cv3)\qplugins\detectidentify\blobdetector\x64\release\moc_qtoolbase.obj
e:\qmacvisual(cv3)\qplugins\detectidentify\blobdetector\x64\release\moc_controlitem.obj
e:\qmacvisual(cv3)\qplugins\detectidentify\blobdetector\x64\release\moc_qgraphicsscenes.obj
e:\qmacvisual(cv3)\qsoftexe\release\plugins\blobdetector.dll
e:\qmacvisual(cv3)\qplugins\detectidentify\blobdetector\x64\release\blobdetector.tlog\blobdetector.write.1u.tlog
e:\qmacvisual(cv3)\qplugins\detectidentify\blobdetector\x64\release\blobdetector.tlog\cl.command.1.tlog
e:\qmacvisual(cv3)\qplugins\detectidentify\blobdetector\x64\release\blobdetector.tlog\cl.read.1.tlog
e:\qmacvisual(cv3)\qplugins\detectidentify\blobdetector\x64\release\blobdetector.tlog\cl.write.1.tlog
e:\qmacvisual(cv3)\qplugins\detectidentify\blobdetector\x64\release\blobdetector.tlog\link.command.1.tlog
e:\qmacvisual(cv3)\qplugins\detectidentify\blobdetector\x64\release\blobdetector.tlog\link.read.1.tlog
e:\qmacvisual(cv3)\qplugins\detectidentify\blobdetector\x64\release\blobdetector.tlog\link.write.1.tlog
e:\qmacvisual(cv3)\qplugins\detectidentify\blobdetector\x64\release\blobdetector.tlog\moc.read.1u.tlog
e:\qmacvisual(cv3)\qplugins\detectidentify\blobdetector\x64\release\blobdetector.tlog\moc.write.1u.tlog
e:\qmacvisual(cv3)\qplugins\detectidentify\blobdetector\x64\release\blobdetector.tlog\rcc.read.1u.tlog
e:\qmacvisual(cv3)\qplugins\detectidentify\blobdetector\x64\release\blobdetector.tlog\rcc.write.1u.tlog
e:\qmacvisual(cv3)\qplugins\detectidentify\blobdetector\x64\release\blobdetector.tlog\uic.read.1u.tlog
e:\qmacvisual(cv3)\qplugins\detectidentify\blobdetector\x64\release\blobdetector.tlog\uic.write.1u.tlog
