e:\qmacvisual(cv3)\qplugins\paratools\linearcalculation\x64\release\qrc_sub_res.obj
e:\qmacvisual(cv3)\qplugins\paratools\linearcalculation\x64\release\linearcalculation.obj
e:\qmacvisual(cv3)\qplugins\paratools\linearcalculation\x64\release\toolnterface.obj
e:\qmacvisual(cv3)\qplugins\paratools\linearcalculation\x64\release\mytitlebar.obj
e:\qmacvisual(cv3)\qplugins\paratools\linearcalculation\x64\release\frmlinearcalculation.obj
e:\qmacvisual(cv3)\qplugins\paratools\linearcalculation\x64\release\moc_linearcalculation.obj
e:\qmacvisual(cv3)\qplugins\paratools\linearcalculation\x64\release\moc_qtoolbase.obj
e:\qmacvisual(cv3)\qplugins\paratools\linearcalculation\x64\release\moc_toolnterface.obj
e:\qmacvisual(cv3)\qplugins\paratools\linearcalculation\x64\release\moc_mytitlebar.obj
e:\qmacvisual(cv3)\qplugins\paratools\linearcalculation\x64\release\moc_frmlinearcalculation.obj
e:\qmacvisual(cv3)\qplugins\paratools\linearcalculation\x64\release\uic\ui_frmlinearcalculation.h
e:\qmacvisual(cv3)\qplugins\paratools\linearcalculation\x64\release\rcc\qrc_sub_res.cpp
e:\qmacvisual(cv3)\qplugins\paratools\linearcalculation\x64\release\moc\moc_toolnterface.cpp
e:\qmacvisual(cv3)\qplugins\paratools\linearcalculation\x64\release\moc\moc_qtoolbase.cpp
e:\qmacvisual(cv3)\qplugins\paratools\linearcalculation\x64\release\moc\moc_mytitlebar.cpp
e:\qmacvisual(cv3)\qplugins\paratools\linearcalculation\x64\release\moc\moc_frmlinearcalculation.cpp
e:\qmacvisual(cv3)\qplugins\paratools\linearcalculation\x64\release\moc\moc_linearcalculation.cpp
e:\qmacvisual(cv3)\qsoftexe\release\plugins\linearcalculation.lib
e:\qmacvisual(cv3)\qsoftexe\release\plugins\linearcalculation.exp
e:\qmacvisual(cv3)\qsoftexe\release\plugins\linearcalculation.dll
e:\qmacvisual(cv3)\qplugins\paratools\linearcalculation\x64\release\linearca.f33a4959.tlog\cl.command.1.tlog
e:\qmacvisual(cv3)\qplugins\paratools\linearcalculation\x64\release\linearca.f33a4959.tlog\cl.read.1.tlog
e:\qmacvisual(cv3)\qplugins\paratools\linearcalculation\x64\release\linearca.f33a4959.tlog\cl.write.1.tlog
e:\qmacvisual(cv3)\qplugins\paratools\linearcalculation\x64\release\linearca.f33a4959.tlog\linearcalculation.write.1u.tlog
e:\qmacvisual(cv3)\qplugins\paratools\linearcalculation\x64\release\linearca.f33a4959.tlog\link.command.1.tlog
e:\qmacvisual(cv3)\qplugins\paratools\linearcalculation\x64\release\linearca.f33a4959.tlog\link.read.1.tlog
e:\qmacvisual(cv3)\qplugins\paratools\linearcalculation\x64\release\linearca.f33a4959.tlog\link.write.1.tlog
e:\qmacvisual(cv3)\qplugins\paratools\linearcalculation\x64\release\linearca.f33a4959.tlog\moc.read.1u.tlog
e:\qmacvisual(cv3)\qplugins\paratools\linearcalculation\x64\release\linearca.f33a4959.tlog\moc.write.1u.tlog
e:\qmacvisual(cv3)\qplugins\paratools\linearcalculation\x64\release\linearca.f33a4959.tlog\rcc.read.1u.tlog
e:\qmacvisual(cv3)\qplugins\paratools\linearcalculation\x64\release\linearca.f33a4959.tlog\rcc.write.1u.tlog
e:\qmacvisual(cv3)\qplugins\paratools\linearcalculation\x64\release\linearca.f33a4959.tlog\uic.read.1u.tlog
e:\qmacvisual(cv3)\qplugins\paratools\linearcalculation\x64\release\linearca.f33a4959.tlog\uic.write.1u.tlog
