e:\qmacvisual(cv3)\qplugins\geometrytools\findline\x64\release\qrc_sub_res.obj
e:\qmacvisual(cv3)\qplugins\geometrytools\findline\x64\release\mytitlebar.obj
e:\qmacvisual(cv3)\qplugins\geometrytools\findline\x64\release\baseitem.obj
e:\qmacvisual(cv3)\qplugins\geometrytools\findline\x64\release\toolnterface.obj
e:\qmacvisual(cv3)\qplugins\geometrytools\findline\x64\release\qgraphicsviews.obj
e:\qmacvisual(cv3)\qplugins\geometrytools\findline\x64\release\frmfindline.obj
e:\qmacvisual(cv3)\qplugins\geometrytools\findline\x64\release\imageitem.obj
e:\qmacvisual(cv3)\qplugins\geometrytools\findline\x64\release\findline.obj
e:\qmacvisual(cv3)\qplugins\geometrytools\findline\x64\release\controlitem.obj
e:\qmacvisual(cv3)\qplugins\geometrytools\findline\x64\release\qgraphicsscenes.obj
e:\qmacvisual(cv3)\qplugins\geometrytools\findline\x64\release\moc_imageitem.obj
e:\qmacvisual(cv3)\qplugins\geometrytools\findline\x64\release\moc_findline.obj
e:\qmacvisual(cv3)\qplugins\geometrytools\findline\x64\release\moc_baseitem.obj
e:\qmacvisual(cv3)\qplugins\geometrytools\findline\x64\release\moc_controlitem.obj
e:\qmacvisual(cv3)\qplugins\geometrytools\findline\x64\release\moc_qgraphicsviews.obj
e:\qmacvisual(cv3)\qplugins\geometrytools\findline\x64\release\moc_mytitlebar.obj
e:\qmacvisual(cv3)\qplugins\geometrytools\findline\x64\release\moc_qgraphicsscenes.obj
e:\qmacvisual(cv3)\qplugins\geometrytools\findline\x64\release\moc_qtoolbase.obj
e:\qmacvisual(cv3)\qplugins\geometrytools\findline\x64\release\moc_toolnterface.obj
e:\qmacvisual(cv3)\qplugins\geometrytools\findline\x64\release\moc_frmfindline.obj
e:\qmacvisual(cv3)\qplugins\geometrytools\findline\x64\release\uic\ui_frmfindline.h
e:\qmacvisual(cv3)\qplugins\geometrytools\findline\x64\release\rcc\qrc_sub_res.cpp
e:\qmacvisual(cv3)\qplugins\geometrytools\findline\x64\release\moc\moc_toolnterface.cpp
e:\qmacvisual(cv3)\qplugins\geometrytools\findline\x64\release\moc\moc_qtoolbase.cpp
e:\qmacvisual(cv3)\qplugins\geometrytools\findline\x64\release\moc\moc_mytitlebar.cpp
e:\qmacvisual(cv3)\qplugins\geometrytools\findline\x64\release\moc\moc_frmfindline.cpp
e:\qmacvisual(cv3)\qplugins\geometrytools\findline\x64\release\moc\moc_qgraphicsviews.cpp
e:\qmacvisual(cv3)\qplugins\geometrytools\findline\x64\release\moc\moc_qgraphicsscenes.cpp
e:\qmacvisual(cv3)\qplugins\geometrytools\findline\x64\release\moc\moc_imageitem.cpp
e:\qmacvisual(cv3)\qplugins\geometrytools\findline\x64\release\moc\moc_baseitem.cpp
e:\qmacvisual(cv3)\qplugins\geometrytools\findline\x64\release\moc\moc_controlitem.cpp
e:\qmacvisual(cv3)\qplugins\geometrytools\findline\x64\release\moc\moc_findline.cpp
e:\qmacvisual(cv3)\qsoftexe\release\plugins\findline.lib
e:\qmacvisual(cv3)\qsoftexe\release\plugins\findline.exp
e:\qmacvisual(cv3)\qsoftexe\release\plugins\findline.dll
e:\qmacvisual(cv3)\qplugins\geometrytools\findline\x64\release\findline.tlog\cl.command.1.tlog
e:\qmacvisual(cv3)\qplugins\geometrytools\findline\x64\release\findline.tlog\cl.read.1.tlog
e:\qmacvisual(cv3)\qplugins\geometrytools\findline\x64\release\findline.tlog\cl.write.1.tlog
e:\qmacvisual(cv3)\qplugins\geometrytools\findline\x64\release\findline.tlog\findline.write.1u.tlog
e:\qmacvisual(cv3)\qplugins\geometrytools\findline\x64\release\findline.tlog\link.command.1.tlog
e:\qmacvisual(cv3)\qplugins\geometrytools\findline\x64\release\findline.tlog\link.read.1.tlog
e:\qmacvisual(cv3)\qplugins\geometrytools\findline\x64\release\findline.tlog\link.write.1.tlog
e:\qmacvisual(cv3)\qplugins\geometrytools\findline\x64\release\findline.tlog\moc.read.1u.tlog
e:\qmacvisual(cv3)\qplugins\geometrytools\findline\x64\release\findline.tlog\moc.write.1u.tlog
e:\qmacvisual(cv3)\qplugins\geometrytools\findline\x64\release\findline.tlog\rcc.read.1u.tlog
e:\qmacvisual(cv3)\qplugins\geometrytools\findline\x64\release\findline.tlog\rcc.write.1u.tlog
e:\qmacvisual(cv3)\qplugins\geometrytools\findline\x64\release\findline.tlog\uic.read.1u.tlog
e:\qmacvisual(cv3)\qplugins\geometrytools\findline\x64\release\findline.tlog\uic.write.1u.tlog
