e:\qmacvisual(cv3)\qplugins\calibrationtools\measurecalibration\x64\debug\vc142.pdb
e:\qmacvisual(cv3)\qplugins\calibrationtools\measurecalibration\x64\debug\qrc_sub_res.obj
e:\qmacvisual(cv3)\qplugins\calibrationtools\measurecalibration\x64\debug\toolnterface.obj
e:\qmacvisual(cv3)\qplugins\calibrationtools\measurecalibration\x64\debug\qgraphicsviews.obj
e:\qmacvisual(cv3)\qplugins\calibrationtools\measurecalibration\x64\debug\qgraphicsscenes.obj
e:\qmacvisual(cv3)\qplugins\calibrationtools\measurecalibration\x64\debug\measurecalibration.obj
e:\qmacvisual(cv3)\qplugins\calibrationtools\measurecalibration\x64\debug\controlitem.obj
e:\qmacvisual(cv3)\qplugins\calibrationtools\measurecalibration\x64\debug\frmmeasurecalibration.obj
e:\qmacvisual(cv3)\qplugins\calibrationtools\measurecalibration\x64\debug\baseitem.obj
e:\qmacvisual(cv3)\qplugins\calibrationtools\measurecalibration\x64\debug\mytitlebar.obj
e:\qmacvisual(cv3)\qplugins\calibrationtools\measurecalibration\x64\debug\imageitem.obj
e:\qmacvisual(cv3)\qplugins\calibrationtools\measurecalibration\x64\debug\moc_qgraphicsscenes.obj
e:\qmacvisual(cv3)\qplugins\calibrationtools\measurecalibration\x64\debug\moc_mytitlebar.obj
e:\qmacvisual(cv3)\qplugins\calibrationtools\measurecalibration\x64\debug\moc_measurecalibration.obj
e:\qmacvisual(cv3)\qplugins\calibrationtools\measurecalibration\x64\debug\moc_baseitem.obj
e:\qmacvisual(cv3)\qplugins\calibrationtools\measurecalibration\x64\debug\moc_qtoolbase.obj
e:\qmacvisual(cv3)\qplugins\calibrationtools\measurecalibration\x64\debug\moc_imageitem.obj
e:\qmacvisual(cv3)\qplugins\calibrationtools\measurecalibration\x64\debug\moc_controlitem.obj
e:\qmacvisual(cv3)\qplugins\calibrationtools\measurecalibration\x64\debug\moc_toolnterface.obj
e:\qmacvisual(cv3)\qplugins\calibrationtools\measurecalibration\x64\debug\moc_frmmeasurecalibration.obj
e:\qmacvisual(cv3)\qplugins\calibrationtools\measurecalibration\x64\debug\moc_qgraphicsviews.obj
e:\qmacvisual(cv3)\qsoftexe\debug\plugins\measurecalibration.ilk
e:\qmacvisual(cv3)\qsoftexe\debug\plugins\measurecalibration.dll
e:\qmacvisual(cv3)\qsoftexe\debug\plugins\measurecalibration.pdb
e:\qmacvisual(cv3)\qplugins\calibrationtools\measurecalibration\x64\debug\uic\ui_frmmeasurecalibration.h
e:\qmacvisual(cv3)\qplugins\calibrationtools\measurecalibration\x64\debug\rcc\qrc_sub_res.cpp
e:\qmacvisual(cv3)\qplugins\calibrationtools\measurecalibration\x64\debug\moc\moc_qtoolbase.cpp
e:\qmacvisual(cv3)\qplugins\calibrationtools\measurecalibration\x64\debug\moc\moc_toolnterface.cpp
e:\qmacvisual(cv3)\qplugins\calibrationtools\measurecalibration\x64\debug\moc\moc_frmmeasurecalibration.cpp
e:\qmacvisual(cv3)\qplugins\calibrationtools\measurecalibration\x64\debug\moc\moc_imageitem.cpp
e:\qmacvisual(cv3)\qplugins\calibrationtools\measurecalibration\x64\debug\moc\moc_mytitlebar.cpp
e:\qmacvisual(cv3)\qplugins\calibrationtools\measurecalibration\x64\debug\moc\moc_qgraphicsviews.cpp
e:\qmacvisual(cv3)\qplugins\calibrationtools\measurecalibration\x64\debug\moc\moc_qgraphicsscenes.cpp
e:\qmacvisual(cv3)\qplugins\calibrationtools\measurecalibration\x64\debug\moc\moc_baseitem.cpp
e:\qmacvisual(cv3)\qplugins\calibrationtools\measurecalibration\x64\debug\moc\moc_controlitem.cpp
e:\qmacvisual(cv3)\qplugins\calibrationtools\measurecalibration\x64\debug\moc\moc_measurecalibration.cpp
e:\qmacvisual(cv3)\qsoftexe\debug\plugins\measurecalibration.lib
e:\qmacvisual(cv3)\qsoftexe\debug\plugins\measurecalibration.exp
e:\qmacvisual(cv3)\qplugins\calibrationtools\measurecalibration\x64\debug\measurec.4c44abb2.tlog\cl.command.1.tlog
e:\qmacvisual(cv3)\qplugins\calibrationtools\measurecalibration\x64\debug\measurec.4c44abb2.tlog\cl.read.1.tlog
e:\qmacvisual(cv3)\qplugins\calibrationtools\measurecalibration\x64\debug\measurec.4c44abb2.tlog\cl.write.1.tlog
e:\qmacvisual(cv3)\qplugins\calibrationtools\measurecalibration\x64\debug\measurec.4c44abb2.tlog\link.command.1.tlog
e:\qmacvisual(cv3)\qplugins\calibrationtools\measurecalibration\x64\debug\measurec.4c44abb2.tlog\link.read.1.tlog
e:\qmacvisual(cv3)\qplugins\calibrationtools\measurecalibration\x64\debug\measurec.4c44abb2.tlog\link.write.1.tlog
e:\qmacvisual(cv3)\qplugins\calibrationtools\measurecalibration\x64\debug\measurec.4c44abb2.tlog\measurecalibration.write.1u.tlog
e:\qmacvisual(cv3)\qplugins\calibrationtools\measurecalibration\x64\debug\measurec.4c44abb2.tlog\moc.read.1u.tlog
e:\qmacvisual(cv3)\qplugins\calibrationtools\measurecalibration\x64\debug\measurec.4c44abb2.tlog\moc.write.1u.tlog
e:\qmacvisual(cv3)\qplugins\calibrationtools\measurecalibration\x64\debug\measurec.4c44abb2.tlog\rcc.read.1u.tlog
e:\qmacvisual(cv3)\qplugins\calibrationtools\measurecalibration\x64\debug\measurec.4c44abb2.tlog\rcc.write.1u.tlog
e:\qmacvisual(cv3)\qplugins\calibrationtools\measurecalibration\x64\debug\measurec.4c44abb2.tlog\uic.read.1u.tlog
e:\qmacvisual(cv3)\qplugins\calibrationtools\measurecalibration\x64\debug\measurec.4c44abb2.tlog\uic.write.1u.tlog
