e:\qmacvisual(cv3)\qplugins\imageprocess\imagerotate\x64\debug\vc142.pdb
e:\qmacvisual(cv3)\qplugins\imageprocess\imagerotate\x64\debug\qrc_sub_res.obj
e:\qmacvisual(cv3)\qplugins\imageprocess\imagerotate\x64\debug\controlitem.obj
e:\qmacvisual(cv3)\qplugins\imageprocess\imagerotate\x64\debug\mytitlebar.obj
e:\qmacvisual(cv3)\qplugins\imageprocess\imagerotate\x64\debug\toolnterface.obj
e:\qmacvisual(cv3)\qplugins\imageprocess\imagerotate\x64\debug\frmimagerotate.obj
e:\qmacvisual(cv3)\qplugins\imageprocess\imagerotate\x64\debug\qgraphicsscenes.obj
e:\qmacvisual(cv3)\qplugins\imageprocess\imagerotate\x64\debug\imagerotate.obj
e:\qmacvisual(cv3)\qplugins\imageprocess\imagerotate\x64\debug\qgraphicsviews.obj
e:\qmacvisual(cv3)\qplugins\imageprocess\imagerotate\x64\debug\baseitem.obj
e:\qmacvisual(cv3)\qplugins\imageprocess\imagerotate\x64\debug\imageitem.obj
e:\qmacvisual(cv3)\qplugins\imageprocess\imagerotate\x64\debug\moc_toolnterface.obj
e:\qmacvisual(cv3)\qplugins\imageprocess\imagerotate\x64\debug\moc_qtoolbase.obj
e:\qmacvisual(cv3)\qplugins\imageprocess\imagerotate\x64\debug\moc_imageitem.obj
e:\qmacvisual(cv3)\qplugins\imageprocess\imagerotate\x64\debug\moc_qgraphicsscenes.obj
e:\qmacvisual(cv3)\qplugins\imageprocess\imagerotate\x64\debug\moc_qgraphicsviews.obj
e:\qmacvisual(cv3)\qplugins\imageprocess\imagerotate\x64\debug\moc_baseitem.obj
e:\qmacvisual(cv3)\qplugins\imageprocess\imagerotate\x64\debug\moc_controlitem.obj
e:\qmacvisual(cv3)\qplugins\imageprocess\imagerotate\x64\debug\moc_imagerotate.obj
e:\qmacvisual(cv3)\qplugins\imageprocess\imagerotate\x64\debug\moc_mytitlebar.obj
e:\qmacvisual(cv3)\qplugins\imageprocess\imagerotate\x64\debug\moc_frmimagerotate.obj
e:\qmacvisual(cv3)\qplugins\imageprocess\imagerotate\x64\debug\uic\ui_frmimagerotate.h
e:\qmacvisual(cv3)\qplugins\imageprocess\imagerotate\x64\debug\rcc\qrc_sub_res.cpp
e:\qmacvisual(cv3)\qplugins\imageprocess\imagerotate\x64\debug\moc\moc_toolnterface.cpp
e:\qmacvisual(cv3)\qplugins\imageprocess\imagerotate\x64\debug\moc\moc_qtoolbase.cpp
e:\qmacvisual(cv3)\qplugins\imageprocess\imagerotate\x64\debug\moc\moc_mytitlebar.cpp
e:\qmacvisual(cv3)\qplugins\imageprocess\imagerotate\x64\debug\moc\moc_qgraphicsviews.cpp
e:\qmacvisual(cv3)\qplugins\imageprocess\imagerotate\x64\debug\moc\moc_qgraphicsscenes.cpp
e:\qmacvisual(cv3)\qplugins\imageprocess\imagerotate\x64\debug\moc\moc_baseitem.cpp
e:\qmacvisual(cv3)\qplugins\imageprocess\imagerotate\x64\debug\moc\moc_controlitem.cpp
e:\qmacvisual(cv3)\qplugins\imageprocess\imagerotate\x64\debug\moc\moc_imageitem.cpp
e:\qmacvisual(cv3)\qplugins\imageprocess\imagerotate\x64\debug\moc\moc_frmimagerotate.cpp
e:\qmacvisual(cv3)\qplugins\imageprocess\imagerotate\x64\debug\moc\moc_imagerotate.cpp
e:\qmacvisual(cv3)\qsoftexe\debug\plugins\imagerotate.lib
e:\qmacvisual(cv3)\qsoftexe\debug\plugins\imagerotate.exp
e:\qmacvisual(cv3)\qsoftexe\debug\plugins\imagerotate.ilk
e:\qmacvisual(cv3)\qsoftexe\debug\plugins\imagerotate.dll
e:\qmacvisual(cv3)\qsoftexe\debug\plugins\imagerotate.pdb
e:\qmacvisual(cv3)\qplugins\imageprocess\imagerotate\x64\debug\imagerotate.tlog\cl.command.1.tlog
e:\qmacvisual(cv3)\qplugins\imageprocess\imagerotate\x64\debug\imagerotate.tlog\cl.read.1.tlog
e:\qmacvisual(cv3)\qplugins\imageprocess\imagerotate\x64\debug\imagerotate.tlog\cl.write.1.tlog
e:\qmacvisual(cv3)\qplugins\imageprocess\imagerotate\x64\debug\imagerotate.tlog\imagerotate.write.1u.tlog
e:\qmacvisual(cv3)\qplugins\imageprocess\imagerotate\x64\debug\imagerotate.tlog\link.command.1.tlog
e:\qmacvisual(cv3)\qplugins\imageprocess\imagerotate\x64\debug\imagerotate.tlog\link.read.1.tlog
e:\qmacvisual(cv3)\qplugins\imageprocess\imagerotate\x64\debug\imagerotate.tlog\link.write.1.tlog
e:\qmacvisual(cv3)\qplugins\imageprocess\imagerotate\x64\debug\imagerotate.tlog\moc.read.1u.tlog
e:\qmacvisual(cv3)\qplugins\imageprocess\imagerotate\x64\debug\imagerotate.tlog\moc.write.1u.tlog
e:\qmacvisual(cv3)\qplugins\imageprocess\imagerotate\x64\debug\imagerotate.tlog\rcc.read.1u.tlog
e:\qmacvisual(cv3)\qplugins\imageprocess\imagerotate\x64\debug\imagerotate.tlog\rcc.write.1u.tlog
e:\qmacvisual(cv3)\qplugins\imageprocess\imagerotate\x64\debug\imagerotate.tlog\uic.read.1u.tlog
e:\qmacvisual(cv3)\qplugins\imageprocess\imagerotate\x64\debug\imagerotate.tlog\uic.write.1u.tlog
