e:\qmacvisual(cv3)\qplugins\paratools\camshifttrack\x64\debug\uic\ui_frmcamshifttrack.h
e:\qmacvisual(cv3)\qplugins\paratools\camshifttrack\x64\debug\rcc\qrc_sub_res.cpp
e:\qmacvisual(cv3)\qplugins\paratools\camshifttrack\x64\debug\moc\moc_toolnterface.cpp
e:\qmacvisual(cv3)\qplugins\paratools\camshifttrack\x64\debug\moc\moc_qtoolbase.cpp
e:\qmacvisual(cv3)\qplugins\paratools\camshifttrack\x64\debug\moc\moc_mytitlebar.cpp
e:\qmacvisual(cv3)\qplugins\paratools\camshifttrack\x64\debug\moc\moc_frmcamshifttrack.cpp
e:\qmacvisual(cv3)\qplugins\paratools\camshifttrack\x64\debug\moc\moc_qgraphicsviews.cpp
e:\qmacvisual(cv3)\qplugins\paratools\camshifttrack\x64\debug\moc\moc_qgraphicsscenes.cpp
e:\qmacvisual(cv3)\qplugins\paratools\camshifttrack\x64\debug\moc\moc_imageitem.cpp
e:\qmacvisual(cv3)\qplugins\paratools\camshifttrack\x64\debug\moc\moc_controlitem.cpp
e:\qmacvisual(cv3)\qplugins\paratools\camshifttrack\x64\debug\moc\moc_baseitem.cpp
e:\qmacvisual(cv3)\qplugins\paratools\camshifttrack\x64\debug\moc\moc_camshifttrack.cpp
e:\qmacvisual(cv3)\qsoftexe\debug\plugins\camshifttrack.lib
e:\qmacvisual(cv3)\qsoftexe\debug\plugins\camshifttrack.exp
e:\qmacvisual(cv3)\qplugins\paratools\camshifttrack\x64\debug\vc142.pdb
e:\qmacvisual(cv3)\qplugins\paratools\camshifttrack\x64\debug\qrc_sub_res.obj
e:\qmacvisual(cv3)\qplugins\paratools\camshifttrack\x64\debug\qgraphicsscenes.obj
e:\qmacvisual(cv3)\qplugins\paratools\camshifttrack\x64\debug\frmcamshifttrack.obj
e:\qmacvisual(cv3)\qplugins\paratools\camshifttrack\x64\debug\imageitem.obj
e:\qmacvisual(cv3)\qplugins\paratools\camshifttrack\x64\debug\controlitem.obj
e:\qmacvisual(cv3)\qplugins\paratools\camshifttrack\x64\debug\camshifttrack.obj
e:\qmacvisual(cv3)\qplugins\paratools\camshifttrack\x64\debug\baseitem.obj
e:\qmacvisual(cv3)\qplugins\paratools\camshifttrack\x64\debug\mytitlebar.obj
e:\qmacvisual(cv3)\qplugins\paratools\camshifttrack\x64\debug\toolnterface.obj
e:\qmacvisual(cv3)\qplugins\paratools\camshifttrack\x64\debug\qgraphicsviews.obj
e:\qmacvisual(cv3)\qplugins\paratools\camshifttrack\x64\debug\moc_controlitem.obj
e:\qmacvisual(cv3)\qplugins\paratools\camshifttrack\x64\debug\moc_mytitlebar.obj
e:\qmacvisual(cv3)\qplugins\paratools\camshifttrack\x64\debug\moc_toolnterface.obj
e:\qmacvisual(cv3)\qplugins\paratools\camshifttrack\x64\debug\moc_qgraphicsscenes.obj
e:\qmacvisual(cv3)\qplugins\paratools\camshifttrack\x64\debug\moc_qtoolbase.obj
e:\qmacvisual(cv3)\qplugins\paratools\camshifttrack\x64\debug\moc_qgraphicsviews.obj
e:\qmacvisual(cv3)\qplugins\paratools\camshifttrack\x64\debug\moc_baseitem.obj
e:\qmacvisual(cv3)\qplugins\paratools\camshifttrack\x64\debug\moc_imageitem.obj
e:\qmacvisual(cv3)\qplugins\paratools\camshifttrack\x64\debug\moc_camshifttrack.obj
e:\qmacvisual(cv3)\qplugins\paratools\camshifttrack\x64\debug\moc_frmcamshifttrack.obj
e:\qmacvisual(cv3)\qsoftexe\debug\plugins\camshifttrack.ilk
e:\qmacvisual(cv3)\qsoftexe\debug\plugins\camshifttrack.dll
e:\qmacvisual(cv3)\qsoftexe\debug\plugins\camshifttrack.pdb
e:\qmacvisual(cv3)\qplugins\paratools\camshifttrack\x64\debug\camshifttrack.tlog\camshifttrack.write.1u.tlog
e:\qmacvisual(cv3)\qplugins\paratools\camshifttrack\x64\debug\camshifttrack.tlog\cl.command.1.tlog
e:\qmacvisual(cv3)\qplugins\paratools\camshifttrack\x64\debug\camshifttrack.tlog\cl.read.1.tlog
e:\qmacvisual(cv3)\qplugins\paratools\camshifttrack\x64\debug\camshifttrack.tlog\cl.write.1.tlog
e:\qmacvisual(cv3)\qplugins\paratools\camshifttrack\x64\debug\camshifttrack.tlog\link.command.1.tlog
e:\qmacvisual(cv3)\qplugins\paratools\camshifttrack\x64\debug\camshifttrack.tlog\link.read.1.tlog
e:\qmacvisual(cv3)\qplugins\paratools\camshifttrack\x64\debug\camshifttrack.tlog\link.write.1.tlog
e:\qmacvisual(cv3)\qplugins\paratools\camshifttrack\x64\debug\camshifttrack.tlog\moc.read.1u.tlog
e:\qmacvisual(cv3)\qplugins\paratools\camshifttrack\x64\debug\camshifttrack.tlog\moc.write.1u.tlog
e:\qmacvisual(cv3)\qplugins\paratools\camshifttrack\x64\debug\camshifttrack.tlog\rcc.read.1u.tlog
e:\qmacvisual(cv3)\qplugins\paratools\camshifttrack\x64\debug\camshifttrack.tlog\rcc.write.1u.tlog
e:\qmacvisual(cv3)\qplugins\paratools\camshifttrack\x64\debug\camshifttrack.tlog\uic.read.1u.tlog
e:\qmacvisual(cv3)\qplugins\paratools\camshifttrack\x64\debug\camshifttrack.tlog\uic.write.1u.tlog
