e:\qmacvisual(cv3)\qplugins\geometrytools\fitcircle\x64\release\qrc_sub_res.obj
e:\qmacvisual(cv3)\qplugins\geometrytools\fitcircle\x64\release\qgraphicsscenes.obj
e:\qmacvisual(cv3)\qplugins\geometrytools\fitcircle\x64\release\qgraphicsviews.obj
e:\qmacvisual(cv3)\qplugins\geometrytools\fitcircle\x64\release\controlitem.obj
e:\qmacvisual(cv3)\qplugins\geometrytools\fitcircle\x64\release\imageitem.obj
e:\qmacvisual(cv3)\qplugins\geometrytools\fitcircle\x64\release\fitcircle.obj
e:\qmacvisual(cv3)\qplugins\geometrytools\fitcircle\x64\release\mytitlebar.obj
e:\qmacvisual(cv3)\qplugins\geometrytools\fitcircle\x64\release\frmfitcircle.obj
e:\qmacvisual(cv3)\qplugins\geometrytools\fitcircle\x64\release\toolnterface.obj
e:\qmacvisual(cv3)\qplugins\geometrytools\fitcircle\x64\release\baseitem.obj
e:\qmacvisual(cv3)\qplugins\geometrytools\fitcircle\x64\release\moc_toolnterface.obj
e:\qmacvisual(cv3)\qplugins\geometrytools\fitcircle\x64\release\moc_frmfitcircle.obj
e:\qmacvisual(cv3)\qplugins\geometrytools\fitcircle\x64\release\moc_mytitlebar.obj
e:\qmacvisual(cv3)\qplugins\geometrytools\fitcircle\x64\release\moc_controlitem.obj
e:\qmacvisual(cv3)\qplugins\geometrytools\fitcircle\x64\release\moc_imageitem.obj
e:\qmacvisual(cv3)\qplugins\geometrytools\fitcircle\x64\release\moc_qgraphicsscenes.obj
e:\qmacvisual(cv3)\qplugins\geometrytools\fitcircle\x64\release\moc_qgraphicsviews.obj
e:\qmacvisual(cv3)\qplugins\geometrytools\fitcircle\x64\release\moc_qtoolbase.obj
e:\qmacvisual(cv3)\qplugins\geometrytools\fitcircle\x64\release\moc_baseitem.obj
e:\qmacvisual(cv3)\qplugins\geometrytools\fitcircle\x64\release\moc_fitcircle.obj
e:\qmacvisual(cv3)\qplugins\geometrytools\fitcircle\x64\release\uic\ui_frmfitcircle.h
e:\qmacvisual(cv3)\qplugins\geometrytools\fitcircle\x64\release\rcc\qrc_sub_res.cpp
e:\qmacvisual(cv3)\qplugins\geometrytools\fitcircle\x64\release\moc\moc_toolnterface.cpp
e:\qmacvisual(cv3)\qplugins\geometrytools\fitcircle\x64\release\moc\moc_qtoolbase.cpp
e:\qmacvisual(cv3)\qplugins\geometrytools\fitcircle\x64\release\moc\moc_mytitlebar.cpp
e:\qmacvisual(cv3)\qplugins\geometrytools\fitcircle\x64\release\moc\moc_frmfitcircle.cpp
e:\qmacvisual(cv3)\qplugins\geometrytools\fitcircle\x64\release\moc\moc_qgraphicsviews.cpp
e:\qmacvisual(cv3)\qplugins\geometrytools\fitcircle\x64\release\moc\moc_qgraphicsscenes.cpp
e:\qmacvisual(cv3)\qplugins\geometrytools\fitcircle\x64\release\moc\moc_imageitem.cpp
e:\qmacvisual(cv3)\qplugins\geometrytools\fitcircle\x64\release\moc\moc_baseitem.cpp
e:\qmacvisual(cv3)\qplugins\geometrytools\fitcircle\x64\release\moc\moc_controlitem.cpp
e:\qmacvisual(cv3)\qplugins\geometrytools\fitcircle\x64\release\moc\moc_fitcircle.cpp
e:\qmacvisual(cv3)\qsoftexe\release\plugins\fitcircle.lib
e:\qmacvisual(cv3)\qsoftexe\release\plugins\fitcircle.exp
e:\qmacvisual(cv3)\qsoftexe\release\plugins\fitcircle.dll
e:\qmacvisual(cv3)\qplugins\geometrytools\fitcircle\x64\release\fitcircle.tlog\cl.command.1.tlog
e:\qmacvisual(cv3)\qplugins\geometrytools\fitcircle\x64\release\fitcircle.tlog\cl.read.1.tlog
e:\qmacvisual(cv3)\qplugins\geometrytools\fitcircle\x64\release\fitcircle.tlog\cl.write.1.tlog
e:\qmacvisual(cv3)\qplugins\geometrytools\fitcircle\x64\release\fitcircle.tlog\fitcircle.write.1u.tlog
e:\qmacvisual(cv3)\qplugins\geometrytools\fitcircle\x64\release\fitcircle.tlog\link.command.1.tlog
e:\qmacvisual(cv3)\qplugins\geometrytools\fitcircle\x64\release\fitcircle.tlog\link.read.1.tlog
e:\qmacvisual(cv3)\qplugins\geometrytools\fitcircle\x64\release\fitcircle.tlog\link.write.1.tlog
e:\qmacvisual(cv3)\qplugins\geometrytools\fitcircle\x64\release\fitcircle.tlog\moc.read.1u.tlog
e:\qmacvisual(cv3)\qplugins\geometrytools\fitcircle\x64\release\fitcircle.tlog\moc.write.1u.tlog
e:\qmacvisual(cv3)\qplugins\geometrytools\fitcircle\x64\release\fitcircle.tlog\rcc.read.1u.tlog
e:\qmacvisual(cv3)\qplugins\geometrytools\fitcircle\x64\release\fitcircle.tlog\rcc.write.1u.tlog
e:\qmacvisual(cv3)\qplugins\geometrytools\fitcircle\x64\release\fitcircle.tlog\uic.read.1u.tlog
e:\qmacvisual(cv3)\qplugins\geometrytools\fitcircle\x64\release\fitcircle.tlog\uic.write.1u.tlog
