  Reading Qt configuration (C:/Qt/Qt5.12.12/5.12.12/msvc2017_64/bin/qmake)
  uic frmExportCsv.ui
  rcc sub_res.qrc
  moc Toolnterface.h
  moc QToolBase.h
  moc frmExportCsv.h
  moc mytitlebar.h
  moc ExportCsv.h
  frmExportCsv.cpp
  mytitlebar.cpp
  Toolnterface.cpp
  ExportCsv.cpp
  qrc_sub_res.cpp
  moc_Toolnterface.cpp
  moc_QToolBase.cpp
  moc_frmExportCsv.cpp
  moc_mytitlebar.cpp
  moc_ExportCsv.cpp
    正在创建库 ../../../QSoftExe/Release/Plugins/ExportCsv.lib 和对象 ../../../QSoftExe/Release/Plugins/ExportCsv.exp
  ExportCsv.vcxproj -> E:\QMacVisual(CV3)\QSoftExe\Release\Plugins\ExportCsv.dll
