e:\qmacvisual(cv3)\qplugins\systemtools\exportcsv\x64\release\qrc_sub_res.obj
e:\qmacvisual(cv3)\qplugins\systemtools\exportcsv\x64\release\mytitlebar.obj
e:\qmacvisual(cv3)\qplugins\systemtools\exportcsv\x64\release\exportcsv.obj
e:\qmacvisual(cv3)\qplugins\systemtools\exportcsv\x64\release\frmexportcsv.obj
e:\qmacvisual(cv3)\qplugins\systemtools\exportcsv\x64\release\toolnterface.obj
e:\qmacvisual(cv3)\qplugins\systemtools\exportcsv\x64\release\moc_toolnterface.obj
e:\qmacvisual(cv3)\qplugins\systemtools\exportcsv\x64\release\moc_exportcsv.obj
e:\qmacvisual(cv3)\qplugins\systemtools\exportcsv\x64\release\moc_qtoolbase.obj
e:\qmacvisual(cv3)\qplugins\systemtools\exportcsv\x64\release\moc_frmexportcsv.obj
e:\qmacvisual(cv3)\qplugins\systemtools\exportcsv\x64\release\moc_mytitlebar.obj
e:\qmacvisual(cv3)\qplugins\systemtools\exportcsv\x64\release\uic\ui_frmexportcsv.h
e:\qmacvisual(cv3)\qplugins\systemtools\exportcsv\x64\release\rcc\qrc_sub_res.cpp
e:\qmacvisual(cv3)\qplugins\systemtools\exportcsv\x64\release\moc\moc_toolnterface.cpp
e:\qmacvisual(cv3)\qplugins\systemtools\exportcsv\x64\release\moc\moc_qtoolbase.cpp
e:\qmacvisual(cv3)\qplugins\systemtools\exportcsv\x64\release\moc\moc_frmexportcsv.cpp
e:\qmacvisual(cv3)\qplugins\systemtools\exportcsv\x64\release\moc\moc_mytitlebar.cpp
e:\qmacvisual(cv3)\qplugins\systemtools\exportcsv\x64\release\moc\moc_exportcsv.cpp
e:\qmacvisual(cv3)\qsoftexe\release\plugins\exportcsv.lib
e:\qmacvisual(cv3)\qsoftexe\release\plugins\exportcsv.exp
e:\qmacvisual(cv3)\qsoftexe\release\plugins\exportcsv.dll
e:\qmacvisual(cv3)\qplugins\systemtools\exportcsv\x64\release\exportcsv.tlog\cl.command.1.tlog
e:\qmacvisual(cv3)\qplugins\systemtools\exportcsv\x64\release\exportcsv.tlog\cl.read.1.tlog
e:\qmacvisual(cv3)\qplugins\systemtools\exportcsv\x64\release\exportcsv.tlog\cl.write.1.tlog
e:\qmacvisual(cv3)\qplugins\systemtools\exportcsv\x64\release\exportcsv.tlog\exportcsv.write.1u.tlog
e:\qmacvisual(cv3)\qplugins\systemtools\exportcsv\x64\release\exportcsv.tlog\link.command.1.tlog
e:\qmacvisual(cv3)\qplugins\systemtools\exportcsv\x64\release\exportcsv.tlog\link.read.1.tlog
e:\qmacvisual(cv3)\qplugins\systemtools\exportcsv\x64\release\exportcsv.tlog\link.write.1.tlog
e:\qmacvisual(cv3)\qplugins\systemtools\exportcsv\x64\release\exportcsv.tlog\moc.read.1u.tlog
e:\qmacvisual(cv3)\qplugins\systemtools\exportcsv\x64\release\exportcsv.tlog\moc.write.1u.tlog
e:\qmacvisual(cv3)\qplugins\systemtools\exportcsv\x64\release\exportcsv.tlog\rcc.read.1u.tlog
e:\qmacvisual(cv3)\qplugins\systemtools\exportcsv\x64\release\exportcsv.tlog\rcc.write.1u.tlog
e:\qmacvisual(cv3)\qplugins\systemtools\exportcsv\x64\release\exportcsv.tlog\uic.read.1u.tlog
e:\qmacvisual(cv3)\qplugins\systemtools\exportcsv\x64\release\exportcsv.tlog\uic.write.1u.tlog
