e:\qmacvisual(cv3)\qplugins\systemtools\delaytool\x64\debug\vc142.pdb
e:\qmacvisual(cv3)\qplugins\systemtools\delaytool\x64\debug\qrc_sub_res.obj
e:\qmacvisual(cv3)\qplugins\systemtools\delaytool\x64\debug\toolnterface.obj
e:\qmacvisual(cv3)\qplugins\systemtools\delaytool\x64\debug\mytitlebar.obj
e:\qmacvisual(cv3)\qplugins\systemtools\delaytool\x64\debug\frmdelaytool.obj
e:\qmacvisual(cv3)\qplugins\systemtools\delaytool\x64\debug\delaytool.obj
e:\qmacvisual(cv3)\qplugins\systemtools\delaytool\x64\debug\moc_frmdelaytool.obj
e:\qmacvisual(cv3)\qplugins\systemtools\delaytool\x64\debug\moc_delaytool.obj
e:\qmacvisual(cv3)\qplugins\systemtools\delaytool\x64\debug\moc_qtoolbase.obj
e:\qmacvisual(cv3)\qplugins\systemtools\delaytool\x64\debug\moc_mytitlebar.obj
e:\qmacvisual(cv3)\qplugins\systemtools\delaytool\x64\debug\moc_toolnterface.obj
e:\qmacvisual(cv3)\qplugins\systemtools\delaytool\x64\debug\uic\ui_frmdelaytool.h
e:\qmacvisual(cv3)\qplugins\systemtools\delaytool\x64\debug\rcc\qrc_sub_res.cpp
e:\qmacvisual(cv3)\qplugins\systemtools\delaytool\x64\debug\moc\moc_qtoolbase.cpp
e:\qmacvisual(cv3)\qplugins\systemtools\delaytool\x64\debug\moc\moc_toolnterface.cpp
e:\qmacvisual(cv3)\qplugins\systemtools\delaytool\x64\debug\moc\moc_frmdelaytool.cpp
e:\qmacvisual(cv3)\qplugins\systemtools\delaytool\x64\debug\moc\moc_mytitlebar.cpp
e:\qmacvisual(cv3)\qplugins\systemtools\delaytool\x64\debug\moc\moc_delaytool.cpp
e:\qmacvisual(cv3)\qsoftexe\debug\plugins\delaytool.lib
e:\qmacvisual(cv3)\qsoftexe\debug\plugins\delaytool.exp
e:\qmacvisual(cv3)\qsoftexe\debug\plugins\delaytool.ilk
e:\qmacvisual(cv3)\qsoftexe\debug\plugins\delaytool.dll
e:\qmacvisual(cv3)\qsoftexe\debug\plugins\delaytool.pdb
e:\qmacvisual(cv3)\qplugins\systemtools\delaytool\x64\debug\delaytool.tlog\cl.command.1.tlog
e:\qmacvisual(cv3)\qplugins\systemtools\delaytool\x64\debug\delaytool.tlog\cl.read.1.tlog
e:\qmacvisual(cv3)\qplugins\systemtools\delaytool\x64\debug\delaytool.tlog\cl.write.1.tlog
e:\qmacvisual(cv3)\qplugins\systemtools\delaytool\x64\debug\delaytool.tlog\delaytool.write.1u.tlog
e:\qmacvisual(cv3)\qplugins\systemtools\delaytool\x64\debug\delaytool.tlog\link.command.1.tlog
e:\qmacvisual(cv3)\qplugins\systemtools\delaytool\x64\debug\delaytool.tlog\link.read.1.tlog
e:\qmacvisual(cv3)\qplugins\systemtools\delaytool\x64\debug\delaytool.tlog\link.write.1.tlog
e:\qmacvisual(cv3)\qplugins\systemtools\delaytool\x64\debug\delaytool.tlog\moc.read.1u.tlog
e:\qmacvisual(cv3)\qplugins\systemtools\delaytool\x64\debug\delaytool.tlog\moc.write.1u.tlog
e:\qmacvisual(cv3)\qplugins\systemtools\delaytool\x64\debug\delaytool.tlog\rcc.read.1u.tlog
e:\qmacvisual(cv3)\qplugins\systemtools\delaytool\x64\debug\delaytool.tlog\rcc.write.1u.tlog
e:\qmacvisual(cv3)\qplugins\systemtools\delaytool\x64\debug\delaytool.tlog\uic.read.1u.tlog
e:\qmacvisual(cv3)\qplugins\systemtools\delaytool\x64\debug\delaytool.tlog\uic.write.1u.tlog
