  Reading Qt configuration (C:/Qt/Qt5.12.12/5.12.12/msvc2017_64/bin/qmake)
  uic frmDelayTool.ui
  rcc sub_res.qrc
  moc QToolBase.h
  moc Toolnterface.h
  moc frmDelayTool.h
  moc mytitlebar.h
  moc DelayTool.h
  frmDelayTool.cpp
  mytitlebar.cpp
  Toolnterface.cpp
  DelayTool.cpp
  qrc_sub_res.cpp
  moc_QToolBase.cpp
  moc_Toolnterface.cpp
  moc_frmDelayTool.cpp
  moc_mytitlebar.cpp
  moc_DelayTool.cpp
    正在创建库 ../../../QSoftExe/Debug/Plugins/DelayTool.lib 和对象 ../../../QSoftExe/Debug/Plugins/DelayTool.exp
  DelayTool.vcxproj -> E:\QMacVisual(CV3)\QSoftExe\Debug\Plugins\DelayTool.dll
