e:\qmacvisual(cv3)\qplugins\detectidentify\qrcodeidentify\x64\debug\vc142.pdb
e:\qmacvisual(cv3)\qplugins\detectidentify\qrcodeidentify\x64\debug\qrc_sub_res.obj
e:\qmacvisual(cv3)\qplugins\detectidentify\qrcodeidentify\x64\debug\frmqrcodeidentify.obj
e:\qmacvisual(cv3)\qplugins\detectidentify\qrcodeidentify\x64\debug\qgraphicsscenes.obj
e:\qmacvisual(cv3)\qplugins\detectidentify\qrcodeidentify\x64\debug\toolnterface.obj
e:\qmacvisual(cv3)\qplugins\detectidentify\qrcodeidentify\x64\debug\baseitem.obj
e:\qmacvisual(cv3)\qplugins\detectidentify\qrcodeidentify\x64\debug\mytitlebar.obj
e:\qmacvisual(cv3)\qplugins\detectidentify\qrcodeidentify\x64\debug\qrcodeidentify.obj
e:\qmacvisual(cv3)\qplugins\detectidentify\qrcodeidentify\x64\debug\qgraphicsviews.obj
e:\qmacvisual(cv3)\qplugins\detectidentify\qrcodeidentify\x64\debug\controlitem.obj
e:\qmacvisual(cv3)\qplugins\detectidentify\qrcodeidentify\x64\debug\imageitem.obj
e:\qmacvisual(cv3)\qplugins\detectidentify\qrcodeidentify\x64\debug\moc_qgraphicsscenes.obj
e:\qmacvisual(cv3)\qplugins\detectidentify\qrcodeidentify\x64\debug\moc_qgraphicsviews.obj
e:\qmacvisual(cv3)\qplugins\detectidentify\qrcodeidentify\x64\debug\moc_baseitem.obj
e:\qmacvisual(cv3)\qplugins\detectidentify\qrcodeidentify\x64\debug\moc_imageitem.obj
e:\qmacvisual(cv3)\qplugins\detectidentify\qrcodeidentify\x64\debug\moc_qtoolbase.obj
e:\qmacvisual(cv3)\qplugins\detectidentify\qrcodeidentify\x64\debug\moc_toolnterface.obj
e:\qmacvisual(cv3)\qplugins\detectidentify\qrcodeidentify\x64\debug\moc_controlitem.obj
e:\qmacvisual(cv3)\qplugins\detectidentify\qrcodeidentify\x64\debug\moc_qrcodeidentify.obj
e:\qmacvisual(cv3)\qplugins\detectidentify\qrcodeidentify\x64\debug\moc_frmqrcodeidentify.obj
e:\qmacvisual(cv3)\qplugins\detectidentify\qrcodeidentify\x64\debug\moc_mytitlebar.obj
e:\qmacvisual(cv3)\qsoftexe\debug\plugins\qrcodeidentify.ilk
e:\qmacvisual(cv3)\qsoftexe\debug\plugins\qrcodeidentify.dll
e:\qmacvisual(cv3)\qsoftexe\debug\plugins\qrcodeidentify.pdb
e:\qmacvisual(cv3)\qplugins\detectidentify\qrcodeidentify\x64\debug\moc\moc_qtoolbase.cpp
e:\qmacvisual(cv3)\qplugins\detectidentify\qrcodeidentify\x64\debug\moc\moc_toolnterface.cpp
e:\qmacvisual(cv3)\qplugins\detectidentify\qrcodeidentify\x64\debug\moc\moc_baseitem.cpp
e:\qmacvisual(cv3)\qplugins\detectidentify\qrcodeidentify\x64\debug\moc\moc_controlitem.cpp
e:\qmacvisual(cv3)\qplugins\detectidentify\qrcodeidentify\x64\debug\moc\moc_qgraphicsscenes.cpp
e:\qmacvisual(cv3)\qplugins\detectidentify\qrcodeidentify\x64\debug\moc\moc_frmqrcodeidentify.cpp
e:\qmacvisual(cv3)\qplugins\detectidentify\qrcodeidentify\x64\debug\moc\moc_imageitem.cpp
e:\qmacvisual(cv3)\qplugins\detectidentify\qrcodeidentify\x64\debug\moc\moc_mytitlebar.cpp
e:\qmacvisual(cv3)\qplugins\detectidentify\qrcodeidentify\x64\debug\moc\moc_qgraphicsviews.cpp
e:\qmacvisual(cv3)\qplugins\detectidentify\qrcodeidentify\x64\debug\moc\moc_qrcodeidentify.cpp
e:\qmacvisual(cv3)\qplugins\detectidentify\qrcodeidentify\x64\debug\uic\ui_frmqrcodeidentify.h
e:\qmacvisual(cv3)\qplugins\detectidentify\qrcodeidentify\x64\debug\rcc\qrc_sub_res.cpp
e:\qmacvisual(cv3)\qsoftexe\debug\plugins\qrcodeidentify.lib
e:\qmacvisual(cv3)\qsoftexe\debug\plugins\qrcodeidentify.exp
e:\qmacvisual(cv3)\qplugins\detectidentify\qrcodeidentify\x64\debug\qrcodeidentify.tlog\cl.command.1.tlog
e:\qmacvisual(cv3)\qplugins\detectidentify\qrcodeidentify\x64\debug\qrcodeidentify.tlog\cl.read.1.tlog
e:\qmacvisual(cv3)\qplugins\detectidentify\qrcodeidentify\x64\debug\qrcodeidentify.tlog\cl.write.1.tlog
e:\qmacvisual(cv3)\qplugins\detectidentify\qrcodeidentify\x64\debug\qrcodeidentify.tlog\link.command.1.tlog
e:\qmacvisual(cv3)\qplugins\detectidentify\qrcodeidentify\x64\debug\qrcodeidentify.tlog\link.read.1.tlog
e:\qmacvisual(cv3)\qplugins\detectidentify\qrcodeidentify\x64\debug\qrcodeidentify.tlog\link.write.1.tlog
e:\qmacvisual(cv3)\qplugins\detectidentify\qrcodeidentify\x64\debug\qrcodeidentify.tlog\moc.read.1u.tlog
e:\qmacvisual(cv3)\qplugins\detectidentify\qrcodeidentify\x64\debug\qrcodeidentify.tlog\moc.write.1u.tlog
e:\qmacvisual(cv3)\qplugins\detectidentify\qrcodeidentify\x64\debug\qrcodeidentify.tlog\qrcodeidentify.write.1u.tlog
e:\qmacvisual(cv3)\qplugins\detectidentify\qrcodeidentify\x64\debug\qrcodeidentify.tlog\rcc.read.1u.tlog
e:\qmacvisual(cv3)\qplugins\detectidentify\qrcodeidentify\x64\debug\qrcodeidentify.tlog\rcc.write.1u.tlog
e:\qmacvisual(cv3)\qplugins\detectidentify\qrcodeidentify\x64\debug\qrcodeidentify.tlog\uic.read.1u.tlog
e:\qmacvisual(cv3)\qplugins\detectidentify\qrcodeidentify\x64\debug\qrcodeidentify.tlog\uic.write.1u.tlog
