D:\Microsoft Visual Studio\2022\Enterprise\MSBuild\Microsoft\VC\v170\Microsoft.CppBuild.targets(534,5): warning MSB8028: 中间目录(x64\Debug\)包含从另一个项目(Z_Classifier.vcxproj)共享的文件。   这会导致错误的清除和重新生成行为。
   Qt/MSBuild: 3.4.0.1
  Reading Qt configuration (E:/Qt/Qt5.14.2/5.14.2/msvc2017_64/bin/qmake)
   Qt: 5.14.2
  moc QGraphicsViews.h
  moc QGraphicsScenes.h
  moc BaseItem.h
  moc Classifier.h
  moc frmClassifier.h
  moc ControlItem.h
  moc Toolnterface.h
  moc QToolBase.h
  moc ImageItem.h
  moc mytitlebar.h
  BaseItem.cpp
  Classifier.cpp
  ControlItem.cpp
  frmClassifier.cpp
  ImageItem.cpp
  mytitlebar.cpp
  QGraphicsScenes.cpp
  QGraphicsViews.cpp
  Toolnterface.cpp
D:\Microsoft Visual Studio\2022\Enterprise\VC\Tools\MSVC\14.43.34808\include\variant(12): warning STL4038: The contents of <variant> are available only with C++17 or later.
  qrc_sub_res.cpp
  moc_QGraphicsViews.cpp
  moc_QGraphicsScenes.cpp
  moc_BaseItem.cpp
  moc_Classifier.cpp
  moc_frmClassifier.cpp
  moc_ControlItem.cpp
  moc_Toolnterface.cpp
  moc_QToolBase.cpp
  moc_ImageItem.cpp
  moc_mytitlebar.cpp
    正在创建库 ../../../QSoftExe/Debug/Plugins/YoloV13.lib 和对象 ../../../QSoftExe/Debug/Plugins/YoloV13.exp
  YoloV13.vcxproj -> G:\QMacVisual(CV3)(25000)\QMacVisual(CV3)2022.9.21(25000)\QMacVisual(CV3)\QSoftExe\Debug\Plugins\YoloV13.dll
