e:\qmacvisual(cv3)\qplugins\communicatetools\generalio\x64\debug\vc142.pdb
e:\qmacvisual(cv3)\qplugins\communicatetools\generalio\x64\debug\qrc_sub_res.obj
e:\qmacvisual(cv3)\qplugins\communicatetools\generalio\x64\debug\frmgeneralio.obj
e:\qmacvisual(cv3)\qplugins\communicatetools\generalio\x64\debug\mytitlebar.obj
e:\qmacvisual(cv3)\qplugins\communicatetools\generalio\x64\debug\generalio.obj
e:\qmacvisual(cv3)\qplugins\communicatetools\generalio\x64\debug\toolnterface.obj
e:\qmacvisual(cv3)\qplugins\communicatetools\generalio\x64\debug\moc_mytitlebar.obj
e:\qmacvisual(cv3)\qplugins\communicatetools\generalio\x64\debug\moc_toolnterface.obj
e:\qmacvisual(cv3)\qplugins\communicatetools\generalio\x64\debug\moc_generalio.obj
e:\qmacvisual(cv3)\qplugins\communicatetools\generalio\x64\debug\moc_qtoolbase.obj
e:\qmacvisual(cv3)\qplugins\communicatetools\generalio\x64\debug\moc_frmgeneralio.obj
e:\qmacvisual(cv3)\qplugins\communicatetools\generalio\x64\debug\uic\ui_frmgeneralio.h
e:\qmacvisual(cv3)\qplugins\communicatetools\generalio\x64\debug\rcc\qrc_sub_res.cpp
e:\qmacvisual(cv3)\qplugins\communicatetools\generalio\x64\debug\moc\moc_toolnterface.cpp
e:\qmacvisual(cv3)\qplugins\communicatetools\generalio\x64\debug\moc\moc_qtoolbase.cpp
e:\qmacvisual(cv3)\qplugins\communicatetools\generalio\x64\debug\moc\moc_frmgeneralio.cpp
e:\qmacvisual(cv3)\qplugins\communicatetools\generalio\x64\debug\moc\moc_mytitlebar.cpp
e:\qmacvisual(cv3)\qplugins\communicatetools\generalio\x64\debug\moc\moc_generalio.cpp
e:\qmacvisual(cv3)\qsoftexe\debug\plugins\generalio.lib
e:\qmacvisual(cv3)\qsoftexe\debug\plugins\generalio.exp
e:\qmacvisual(cv3)\qsoftexe\debug\plugins\generalio.ilk
e:\qmacvisual(cv3)\qsoftexe\debug\plugins\generalio.dll
e:\qmacvisual(cv3)\qsoftexe\debug\plugins\generalio.pdb
e:\qmacvisual(cv3)\qplugins\communicatetools\generalio\x64\debug\generalio.tlog\cl.command.1.tlog
e:\qmacvisual(cv3)\qplugins\communicatetools\generalio\x64\debug\generalio.tlog\cl.read.1.tlog
e:\qmacvisual(cv3)\qplugins\communicatetools\generalio\x64\debug\generalio.tlog\cl.write.1.tlog
e:\qmacvisual(cv3)\qplugins\communicatetools\generalio\x64\debug\generalio.tlog\generalio.write.1u.tlog
e:\qmacvisual(cv3)\qplugins\communicatetools\generalio\x64\debug\generalio.tlog\link.command.1.tlog
e:\qmacvisual(cv3)\qplugins\communicatetools\generalio\x64\debug\generalio.tlog\link.read.1.tlog
e:\qmacvisual(cv3)\qplugins\communicatetools\generalio\x64\debug\generalio.tlog\link.write.1.tlog
e:\qmacvisual(cv3)\qplugins\communicatetools\generalio\x64\debug\generalio.tlog\moc.read.1u.tlog
e:\qmacvisual(cv3)\qplugins\communicatetools\generalio\x64\debug\generalio.tlog\moc.write.1u.tlog
e:\qmacvisual(cv3)\qplugins\communicatetools\generalio\x64\debug\generalio.tlog\rcc.read.1u.tlog
e:\qmacvisual(cv3)\qplugins\communicatetools\generalio\x64\debug\generalio.tlog\rcc.write.1u.tlog
e:\qmacvisual(cv3)\qplugins\communicatetools\generalio\x64\debug\generalio.tlog\uic.read.1u.tlog
e:\qmacvisual(cv3)\qplugins\communicatetools\generalio\x64\debug\generalio.tlog\uic.write.1u.tlog
