  Reading Qt configuration (C:/Qt/Qt5.12.12/5.12.12/msvc2017_64/bin/qmake)
  uic frmGeneralIo.ui
  rcc sub_res.qrc
  moc Toolnterface.h
  moc QToolBase.h
  moc frmGeneralIo.h
  moc mytitlebar.h
  moc GeneralIo.h
  frmGeneralIo.cpp
  mytitlebar.cpp
  Toolnterface.cpp
  GeneralIo.cpp
  qrc_sub_res.cpp
  moc_Toolnterface.cpp
  moc_QToolBase.cpp
  moc_frmGeneralIo.cpp
  moc_mytitlebar.cpp
  moc_GeneralIo.cpp
    正在创建库 ../../../QSoftExe/Debug/Plugins/GeneralIo.lib 和对象 ../../../QSoftExe/Debug/Plugins/GeneralIo.exp
  GeneralIo.vcxproj -> E:\QMacVisual(CV3)\QSoftExe\Debug\Plugins\GeneralIo.dll
