e:\qmacvisual(cv3)\qplugins\detectidentify\coloridentify\x64\release\qrc_sub_res.obj
e:\qmacvisual(cv3)\qplugins\detectidentify\coloridentify\x64\release\imageitem.obj
e:\qmacvisual(cv3)\qplugins\detectidentify\coloridentify\x64\release\controlitem.obj
e:\qmacvisual(cv3)\qplugins\detectidentify\coloridentify\x64\release\qgraphicsscenes.obj
e:\qmacvisual(cv3)\qplugins\detectidentify\coloridentify\x64\release\coloridentify.obj
e:\qmacvisual(cv3)\qplugins\detectidentify\coloridentify\x64\release\mytitlebar.obj
e:\qmacvisual(cv3)\qplugins\detectidentify\coloridentify\x64\release\frmcoloridentify.obj
e:\qmacvisual(cv3)\qplugins\detectidentify\coloridentify\x64\release\qgraphicsviews.obj
e:\qmacvisual(cv3)\qplugins\detectidentify\coloridentify\x64\release\toolnterface.obj
e:\qmacvisual(cv3)\qplugins\detectidentify\coloridentify\x64\release\baseitem.obj
e:\qmacvisual(cv3)\qplugins\detectidentify\coloridentify\x64\release\moc_frmcoloridentify.obj
e:\qmacvisual(cv3)\qplugins\detectidentify\coloridentify\x64\release\moc_toolnterface.obj
e:\qmacvisual(cv3)\qplugins\detectidentify\coloridentify\x64\release\moc_imageitem.obj
e:\qmacvisual(cv3)\qplugins\detectidentify\coloridentify\x64\release\moc_baseitem.obj
e:\qmacvisual(cv3)\qplugins\detectidentify\coloridentify\x64\release\moc_qgraphicsviews.obj
e:\qmacvisual(cv3)\qplugins\detectidentify\coloridentify\x64\release\moc_mytitlebar.obj
e:\qmacvisual(cv3)\qplugins\detectidentify\coloridentify\x64\release\moc_qgraphicsscenes.obj
e:\qmacvisual(cv3)\qplugins\detectidentify\coloridentify\x64\release\moc_controlitem.obj
e:\qmacvisual(cv3)\qplugins\detectidentify\coloridentify\x64\release\moc_coloridentify.obj
e:\qmacvisual(cv3)\qplugins\detectidentify\coloridentify\x64\release\moc_qtoolbase.obj
e:\qmacvisual(cv3)\qplugins\detectidentify\coloridentify\x64\release\uic\ui_frmcoloridentify.h
e:\qmacvisual(cv3)\qplugins\detectidentify\coloridentify\x64\release\rcc\qrc_sub_res.cpp
e:\qmacvisual(cv3)\qplugins\detectidentify\coloridentify\x64\release\moc\moc_toolnterface.cpp
e:\qmacvisual(cv3)\qplugins\detectidentify\coloridentify\x64\release\moc\moc_qtoolbase.cpp
e:\qmacvisual(cv3)\qplugins\detectidentify\coloridentify\x64\release\moc\moc_mytitlebar.cpp
e:\qmacvisual(cv3)\qplugins\detectidentify\coloridentify\x64\release\moc\moc_frmcoloridentify.cpp
e:\qmacvisual(cv3)\qplugins\detectidentify\coloridentify\x64\release\moc\moc_qgraphicsviews.cpp
e:\qmacvisual(cv3)\qplugins\detectidentify\coloridentify\x64\release\moc\moc_qgraphicsscenes.cpp
e:\qmacvisual(cv3)\qplugins\detectidentify\coloridentify\x64\release\moc\moc_imageitem.cpp
e:\qmacvisual(cv3)\qplugins\detectidentify\coloridentify\x64\release\moc\moc_controlitem.cpp
e:\qmacvisual(cv3)\qplugins\detectidentify\coloridentify\x64\release\moc\moc_baseitem.cpp
e:\qmacvisual(cv3)\qplugins\detectidentify\coloridentify\x64\release\moc\moc_coloridentify.cpp
e:\qmacvisual(cv3)\qsoftexe\release\plugins\coloridentify.lib
e:\qmacvisual(cv3)\qsoftexe\release\plugins\coloridentify.exp
e:\qmacvisual(cv3)\qsoftexe\release\plugins\coloridentify.dll
e:\qmacvisual(cv3)\qplugins\detectidentify\coloridentify\x64\release\coloridentify.tlog\cl.command.1.tlog
e:\qmacvisual(cv3)\qplugins\detectidentify\coloridentify\x64\release\coloridentify.tlog\cl.read.1.tlog
e:\qmacvisual(cv3)\qplugins\detectidentify\coloridentify\x64\release\coloridentify.tlog\cl.write.1.tlog
e:\qmacvisual(cv3)\qplugins\detectidentify\coloridentify\x64\release\coloridentify.tlog\coloridentify.write.1u.tlog
e:\qmacvisual(cv3)\qplugins\detectidentify\coloridentify\x64\release\coloridentify.tlog\link.command.1.tlog
e:\qmacvisual(cv3)\qplugins\detectidentify\coloridentify\x64\release\coloridentify.tlog\link.read.1.tlog
e:\qmacvisual(cv3)\qplugins\detectidentify\coloridentify\x64\release\coloridentify.tlog\link.write.1.tlog
e:\qmacvisual(cv3)\qplugins\detectidentify\coloridentify\x64\release\coloridentify.tlog\moc.read.1u.tlog
e:\qmacvisual(cv3)\qplugins\detectidentify\coloridentify\x64\release\coloridentify.tlog\moc.write.1u.tlog
e:\qmacvisual(cv3)\qplugins\detectidentify\coloridentify\x64\release\coloridentify.tlog\rcc.read.1u.tlog
e:\qmacvisual(cv3)\qplugins\detectidentify\coloridentify\x64\release\coloridentify.tlog\rcc.write.1u.tlog
e:\qmacvisual(cv3)\qplugins\detectidentify\coloridentify\x64\release\coloridentify.tlog\uic.read.1u.tlog
e:\qmacvisual(cv3)\qplugins\detectidentify\coloridentify\x64\release\coloridentify.tlog\uic.write.1u.tlog
