e:\qmacvisual(cv3)\qplugins\geometrymeasure\linecircle\x64\debug\vc142.pdb
e:\qmacvisual(cv3)\qplugins\geometrymeasure\linecircle\x64\debug\qrc_sub_res.obj
e:\qmacvisual(cv3)\qplugins\geometrymeasure\linecircle\x64\debug\frmlinecircle.obj
e:\qmacvisual(cv3)\qplugins\geometrymeasure\linecircle\x64\debug\qgraphicsscenes.obj
e:\qmacvisual(cv3)\qplugins\geometrymeasure\linecircle\x64\debug\controlitem.obj
e:\qmacvisual(cv3)\qplugins\geometrymeasure\linecircle\x64\debug\imageitem.obj
e:\qmacvisual(cv3)\qplugins\geometrymeasure\linecircle\x64\debug\linecircle.obj
e:\qmacvisual(cv3)\qplugins\geometrymeasure\linecircle\x64\debug\baseitem.obj
e:\qmacvisual(cv3)\qplugins\geometrymeasure\linecircle\x64\debug\mytitlebar.obj
e:\qmacvisual(cv3)\qplugins\geometrymeasure\linecircle\x64\debug\toolnterface.obj
e:\qmacvisual(cv3)\qplugins\geometrymeasure\linecircle\x64\debug\qgraphicsviews.obj
e:\qmacvisual(cv3)\qplugins\geometrymeasure\linecircle\x64\debug\moc_imageitem.obj
e:\qmacvisual(cv3)\qplugins\geometrymeasure\linecircle\x64\debug\moc_frmlinecircle.obj
e:\qmacvisual(cv3)\qplugins\geometrymeasure\linecircle\x64\debug\moc_toolnterface.obj
e:\qmacvisual(cv3)\qplugins\geometrymeasure\linecircle\x64\debug\moc_mytitlebar.obj
e:\qmacvisual(cv3)\qplugins\geometrymeasure\linecircle\x64\debug\moc_linecircle.obj
e:\qmacvisual(cv3)\qplugins\geometrymeasure\linecircle\x64\debug\moc_qgraphicsscenes.obj
e:\qmacvisual(cv3)\qplugins\geometrymeasure\linecircle\x64\debug\moc_controlitem.obj
e:\qmacvisual(cv3)\qplugins\geometrymeasure\linecircle\x64\debug\moc_qtoolbase.obj
e:\qmacvisual(cv3)\qplugins\geometrymeasure\linecircle\x64\debug\moc_qgraphicsviews.obj
e:\qmacvisual(cv3)\qplugins\geometrymeasure\linecircle\x64\debug\moc_baseitem.obj
e:\qmacvisual(cv3)\qplugins\geometrymeasure\linecircle\x64\debug\uic\ui_frmlinecircle.h
e:\qmacvisual(cv3)\qplugins\geometrymeasure\linecircle\x64\debug\rcc\qrc_sub_res.cpp
e:\qmacvisual(cv3)\qplugins\geometrymeasure\linecircle\x64\debug\moc\moc_qtoolbase.cpp
e:\qmacvisual(cv3)\qplugins\geometrymeasure\linecircle\x64\debug\moc\moc_toolnterface.cpp
e:\qmacvisual(cv3)\qplugins\geometrymeasure\linecircle\x64\debug\moc\moc_frmlinecircle.cpp
e:\qmacvisual(cv3)\qplugins\geometrymeasure\linecircle\x64\debug\moc\moc_imageitem.cpp
e:\qmacvisual(cv3)\qplugins\geometrymeasure\linecircle\x64\debug\moc\moc_mytitlebar.cpp
e:\qmacvisual(cv3)\qplugins\geometrymeasure\linecircle\x64\debug\moc\moc_qgraphicsviews.cpp
e:\qmacvisual(cv3)\qplugins\geometrymeasure\linecircle\x64\debug\moc\moc_qgraphicsscenes.cpp
e:\qmacvisual(cv3)\qplugins\geometrymeasure\linecircle\x64\debug\moc\moc_baseitem.cpp
e:\qmacvisual(cv3)\qplugins\geometrymeasure\linecircle\x64\debug\moc\moc_controlitem.cpp
e:\qmacvisual(cv3)\qplugins\geometrymeasure\linecircle\x64\debug\moc\moc_linecircle.cpp
e:\qmacvisual(cv3)\qsoftexe\debug\plugins\linecircle.lib
e:\qmacvisual(cv3)\qsoftexe\debug\plugins\linecircle.exp
e:\qmacvisual(cv3)\qsoftexe\debug\plugins\linecircle.ilk
e:\qmacvisual(cv3)\qsoftexe\debug\plugins\linecircle.dll
e:\qmacvisual(cv3)\qsoftexe\debug\plugins\linecircle.pdb
e:\qmacvisual(cv3)\qplugins\geometrymeasure\linecircle\x64\debug\linecircle.tlog\cl.command.1.tlog
e:\qmacvisual(cv3)\qplugins\geometrymeasure\linecircle\x64\debug\linecircle.tlog\cl.read.1.tlog
e:\qmacvisual(cv3)\qplugins\geometrymeasure\linecircle\x64\debug\linecircle.tlog\cl.write.1.tlog
e:\qmacvisual(cv3)\qplugins\geometrymeasure\linecircle\x64\debug\linecircle.tlog\linecircle.write.1u.tlog
e:\qmacvisual(cv3)\qplugins\geometrymeasure\linecircle\x64\debug\linecircle.tlog\link.command.1.tlog
e:\qmacvisual(cv3)\qplugins\geometrymeasure\linecircle\x64\debug\linecircle.tlog\link.read.1.tlog
e:\qmacvisual(cv3)\qplugins\geometrymeasure\linecircle\x64\debug\linecircle.tlog\link.write.1.tlog
e:\qmacvisual(cv3)\qplugins\geometrymeasure\linecircle\x64\debug\linecircle.tlog\moc.read.1u.tlog
e:\qmacvisual(cv3)\qplugins\geometrymeasure\linecircle\x64\debug\linecircle.tlog\moc.write.1u.tlog
e:\qmacvisual(cv3)\qplugins\geometrymeasure\linecircle\x64\debug\linecircle.tlog\rcc.read.1u.tlog
e:\qmacvisual(cv3)\qplugins\geometrymeasure\linecircle\x64\debug\linecircle.tlog\rcc.write.1u.tlog
e:\qmacvisual(cv3)\qplugins\geometrymeasure\linecircle\x64\debug\linecircle.tlog\uic.read.1u.tlog
e:\qmacvisual(cv3)\qplugins\geometrymeasure\linecircle\x64\debug\linecircle.tlog\uic.write.1u.tlog
