e:\qmacvisual(cv3)\qplugins\imageprocess\imagesource\x64\debug\uic\ui_frmimagesource.h
e:\qmacvisual(cv3)\qplugins\imageprocess\imagesource\x64\debug\rcc\qrc_sub_res.cpp
e:\qmacvisual(cv3)\qplugins\imageprocess\imagesource\x64\debug\moc\moc_qtoolbase.cpp
e:\qmacvisual(cv3)\qplugins\imageprocess\imagesource\x64\debug\moc\moc_toolnterface.cpp
e:\qmacvisual(cv3)\qplugins\imageprocess\imagesource\x64\debug\moc\moc_mytitlebar.cpp
e:\qmacvisual(cv3)\qplugins\imageprocess\imagesource\x64\debug\moc\moc_frmimagesource.cpp
e:\qmacvisual(cv3)\qplugins\imageprocess\imagesource\x64\debug\moc\moc_imageitem.cpp
e:\qmacvisual(cv3)\qplugins\imageprocess\imagesource\x64\debug\moc\moc_qgraphicsviews.cpp
e:\qmacvisual(cv3)\qplugins\imageprocess\imagesource\x64\debug\moc\moc_qgraphicsscenes.cpp
e:\qmacvisual(cv3)\qplugins\imageprocess\imagesource\x64\debug\moc\moc_baseitem.cpp
e:\qmacvisual(cv3)\qplugins\imageprocess\imagesource\x64\debug\moc\moc_controlitem.cpp
e:\qmacvisual(cv3)\qplugins\imageprocess\imagesource\x64\debug\moc\moc_imagesource.cpp
e:\qmacvisual(cv3)\qsoftexe\debug\plugins\a_imagesource.lib
e:\qmacvisual(cv3)\qsoftexe\debug\plugins\a_imagesource.exp
e:\qmacvisual(cv3)\qplugins\imageprocess\imagesource\x64\debug\vc142.pdb
e:\qmacvisual(cv3)\qplugins\imageprocess\imagesource\x64\debug\qrc_sub_res.obj
e:\qmacvisual(cv3)\qplugins\imageprocess\imagesource\x64\debug\qgraphicsscenes.obj
e:\qmacvisual(cv3)\qplugins\imageprocess\imagesource\x64\debug\toolnterface.obj
e:\qmacvisual(cv3)\qplugins\imageprocess\imagesource\x64\debug\qgraphicsviews.obj
e:\qmacvisual(cv3)\qplugins\imageprocess\imagesource\x64\debug\baseitem.obj
e:\qmacvisual(cv3)\qplugins\imageprocess\imagesource\x64\debug\frmimagesource.obj
e:\qmacvisual(cv3)\qplugins\imageprocess\imagesource\x64\debug\controlitem.obj
e:\qmacvisual(cv3)\qplugins\imageprocess\imagesource\x64\debug\imageitem.obj
e:\qmacvisual(cv3)\qplugins\imageprocess\imagesource\x64\debug\mytitlebar.obj
e:\qmacvisual(cv3)\qplugins\imageprocess\imagesource\x64\debug\imagesource.obj
e:\qmacvisual(cv3)\qplugins\imageprocess\imagesource\x64\debug\moc_toolnterface.obj
e:\qmacvisual(cv3)\qplugins\imageprocess\imagesource\x64\debug\moc_qgraphicsviews.obj
e:\qmacvisual(cv3)\qplugins\imageprocess\imagesource\x64\debug\moc_qgraphicsscenes.obj
e:\qmacvisual(cv3)\qplugins\imageprocess\imagesource\x64\debug\moc_imageitem.obj
e:\qmacvisual(cv3)\qplugins\imageprocess\imagesource\x64\debug\moc_imagesource.obj
e:\qmacvisual(cv3)\qplugins\imageprocess\imagesource\x64\debug\moc_qtoolbase.obj
e:\qmacvisual(cv3)\qplugins\imageprocess\imagesource\x64\debug\moc_baseitem.obj
e:\qmacvisual(cv3)\qplugins\imageprocess\imagesource\x64\debug\moc_mytitlebar.obj
e:\qmacvisual(cv3)\qplugins\imageprocess\imagesource\x64\debug\moc_controlitem.obj
e:\qmacvisual(cv3)\qplugins\imageprocess\imagesource\x64\debug\moc_frmimagesource.obj
e:\qmacvisual(cv3)\qsoftexe\debug\plugins\a_imagesource.ilk
e:\qmacvisual(cv3)\qsoftexe\debug\plugins\a_imagesource.dll
e:\qmacvisual(cv3)\qsoftexe\debug\plugins\a_imagesource.pdb
e:\qmacvisual(cv3)\qplugins\imageprocess\imagesource\x64\debug\a_imagesource.tlog\a_imagesource.write.1u.tlog
e:\qmacvisual(cv3)\qplugins\imageprocess\imagesource\x64\debug\a_imagesource.tlog\cl.command.1.tlog
e:\qmacvisual(cv3)\qplugins\imageprocess\imagesource\x64\debug\a_imagesource.tlog\cl.read.1.tlog
e:\qmacvisual(cv3)\qplugins\imageprocess\imagesource\x64\debug\a_imagesource.tlog\cl.write.1.tlog
e:\qmacvisual(cv3)\qplugins\imageprocess\imagesource\x64\debug\a_imagesource.tlog\link.command.1.tlog
e:\qmacvisual(cv3)\qplugins\imageprocess\imagesource\x64\debug\a_imagesource.tlog\link.read.1.tlog
e:\qmacvisual(cv3)\qplugins\imageprocess\imagesource\x64\debug\a_imagesource.tlog\link.write.1.tlog
e:\qmacvisual(cv3)\qplugins\imageprocess\imagesource\x64\debug\a_imagesource.tlog\moc.read.1u.tlog
e:\qmacvisual(cv3)\qplugins\imageprocess\imagesource\x64\debug\a_imagesource.tlog\moc.write.1u.tlog
e:\qmacvisual(cv3)\qplugins\imageprocess\imagesource\x64\debug\a_imagesource.tlog\rcc.read.1u.tlog
e:\qmacvisual(cv3)\qplugins\imageprocess\imagesource\x64\debug\a_imagesource.tlog\rcc.write.1u.tlog
e:\qmacvisual(cv3)\qplugins\imageprocess\imagesource\x64\debug\a_imagesource.tlog\uic.read.1u.tlog
e:\qmacvisual(cv3)\qplugins\imageprocess\imagesource\x64\debug\a_imagesource.tlog\uic.write.1u.tlog
