e:\qmacvisual(cv3)\qplugins\imageprocess\exportimage\x64\debug\vc142.pdb
e:\qmacvisual(cv3)\qplugins\imageprocess\exportimage\x64\debug\qrc_sub_res.obj
e:\qmacvisual(cv3)\qplugins\imageprocess\exportimage\x64\debug\frmexportimage.obj
e:\qmacvisual(cv3)\qplugins\imageprocess\exportimage\x64\debug\exportimage.obj
e:\qmacvisual(cv3)\qplugins\imageprocess\exportimage\x64\debug\toolnterface.obj
e:\qmacvisual(cv3)\qplugins\imageprocess\exportimage\x64\debug\mytitlebar.obj
e:\qmacvisual(cv3)\qplugins\imageprocess\exportimage\x64\debug\moc_toolnterface.obj
e:\qmacvisual(cv3)\qplugins\imageprocess\exportimage\x64\debug\moc_frmexportimage.obj
e:\qmacvisual(cv3)\qplugins\imageprocess\exportimage\x64\debug\moc_qtoolbase.obj
e:\qmacvisual(cv3)\qplugins\imageprocess\exportimage\x64\debug\moc_mytitlebar.obj
e:\qmacvisual(cv3)\qplugins\imageprocess\exportimage\x64\debug\moc_exportimage.obj
e:\qmacvisual(cv3)\qsoftexe\debug\plugins\z_exportimage.ilk
e:\qmacvisual(cv3)\qsoftexe\debug\plugins\z_exportimage.dll
e:\qmacvisual(cv3)\qsoftexe\debug\plugins\z_exportimage.pdb
e:\qmacvisual(cv3)\qplugins\imageprocess\exportimage\x64\debug\moc\moc_toolnterface.cpp
e:\qmacvisual(cv3)\qplugins\imageprocess\exportimage\x64\debug\moc\moc_qtoolbase.cpp
e:\qmacvisual(cv3)\qplugins\imageprocess\exportimage\x64\debug\moc\moc_frmexportimage.cpp
e:\qmacvisual(cv3)\qplugins\imageprocess\exportimage\x64\debug\moc\moc_mytitlebar.cpp
e:\qmacvisual(cv3)\qplugins\imageprocess\exportimage\x64\debug\moc\moc_exportimage.cpp
e:\qmacvisual(cv3)\qplugins\imageprocess\exportimage\x64\debug\rcc\qrc_sub_res.cpp
e:\qmacvisual(cv3)\qplugins\imageprocess\exportimage\x64\debug\uic\ui_frmexportimage.h
e:\qmacvisual(cv3)\qsoftexe\debug\plugins\z_exportimage.lib
e:\qmacvisual(cv3)\qsoftexe\debug\plugins\z_exportimage.exp
e:\qmacvisual(cv3)\qplugins\imageprocess\exportimage\x64\debug\z_exportimage.tlog\cl.command.1.tlog
e:\qmacvisual(cv3)\qplugins\imageprocess\exportimage\x64\debug\z_exportimage.tlog\cl.read.1.tlog
e:\qmacvisual(cv3)\qplugins\imageprocess\exportimage\x64\debug\z_exportimage.tlog\cl.write.1.tlog
e:\qmacvisual(cv3)\qplugins\imageprocess\exportimage\x64\debug\z_exportimage.tlog\link.command.1.tlog
e:\qmacvisual(cv3)\qplugins\imageprocess\exportimage\x64\debug\z_exportimage.tlog\link.read.1.tlog
e:\qmacvisual(cv3)\qplugins\imageprocess\exportimage\x64\debug\z_exportimage.tlog\link.write.1.tlog
e:\qmacvisual(cv3)\qplugins\imageprocess\exportimage\x64\debug\z_exportimage.tlog\moc.read.1u.tlog
e:\qmacvisual(cv3)\qplugins\imageprocess\exportimage\x64\debug\z_exportimage.tlog\moc.write.1u.tlog
e:\qmacvisual(cv3)\qplugins\imageprocess\exportimage\x64\debug\z_exportimage.tlog\rcc.read.1u.tlog
e:\qmacvisual(cv3)\qplugins\imageprocess\exportimage\x64\debug\z_exportimage.tlog\rcc.write.1u.tlog
e:\qmacvisual(cv3)\qplugins\imageprocess\exportimage\x64\debug\z_exportimage.tlog\uic.read.1u.tlog
e:\qmacvisual(cv3)\qplugins\imageprocess\exportimage\x64\debug\z_exportimage.tlog\uic.write.1u.tlog
e:\qmacvisual(cv3)\qplugins\imageprocess\exportimage\x64\debug\z_exportimage.tlog\z_exportimage.write.1u.tlog
