  Reading Qt configuration (C:/Qt/Qt5.12.12/5.12.12/msvc2017_64/bin/qmake)
  uic frmExportImage.ui
  rcc sub_res.qrc
  moc Toolnterface.h
  moc QToolBase.h
  moc frmExportImage.h
  moc mytitlebar.h
  moc ExportImage.h
  frmExportImage.cpp
  mytitlebar.cpp
  Toolnterface.cpp
  ExportImage.cpp
  qrc_sub_res.cpp
  moc_Toolnterface.cpp
  moc_QToolBase.cpp
  moc_frmExportImage.cpp
  moc_mytitlebar.cpp
  moc_ExportImage.cpp
    正在创建库 ../../../QSoftExe/Debug/Plugins/Z_ExportImage.lib 和对象 ../../../QSoftExe/Debug/Plugins/Z_ExportImage.exp
  Z_ExportImage.vcxproj -> E:\QMacVisual(CV3)\QSoftExe\Debug\Plugins\Z_ExportImage.dll
