e:\qmacvisual(cv3)\qplugins\imageprocess\imagerepair\x64\debug\vc142.pdb
e:\qmacvisual(cv3)\qplugins\imageprocess\imagerepair\x64\debug\qrc_sub_res.obj
e:\qmacvisual(cv3)\qplugins\imageprocess\imagerepair\x64\debug\imageitem.obj
e:\qmacvisual(cv3)\qplugins\imageprocess\imagerepair\x64\debug\toolnterface.obj
e:\qmacvisual(cv3)\qplugins\imageprocess\imagerepair\x64\debug\frmimagerepair.obj
e:\qmacvisual(cv3)\qplugins\imageprocess\imagerepair\x64\debug\controlitem.obj
e:\qmacvisual(cv3)\qplugins\imageprocess\imagerepair\x64\debug\qgraphicsviews.obj
e:\qmacvisual(cv3)\qplugins\imageprocess\imagerepair\x64\debug\baseitem.obj
e:\qmacvisual(cv3)\qplugins\imageprocess\imagerepair\x64\debug\mytitlebar.obj
e:\qmacvisual(cv3)\qplugins\imageprocess\imagerepair\x64\debug\qgraphicsscenes.obj
e:\qmacvisual(cv3)\qplugins\imageprocess\imagerepair\x64\debug\imagerepair.obj
e:\qmacvisual(cv3)\qplugins\imageprocess\imagerepair\x64\debug\moc_controlitem.obj
e:\qmacvisual(cv3)\qplugins\imageprocess\imagerepair\x64\debug\moc_mytitlebar.obj
e:\qmacvisual(cv3)\qplugins\imageprocess\imagerepair\x64\debug\moc_imagerepair.obj
e:\qmacvisual(cv3)\qplugins\imageprocess\imagerepair\x64\debug\moc_imageitem.obj
e:\qmacvisual(cv3)\qplugins\imageprocess\imagerepair\x64\debug\moc_frmimagerepair.obj
e:\qmacvisual(cv3)\qplugins\imageprocess\imagerepair\x64\debug\moc_qtoolbase.obj
e:\qmacvisual(cv3)\qplugins\imageprocess\imagerepair\x64\debug\moc_baseitem.obj
e:\qmacvisual(cv3)\qplugins\imageprocess\imagerepair\x64\debug\moc_qgraphicsscenes.obj
e:\qmacvisual(cv3)\qplugins\imageprocess\imagerepair\x64\debug\moc_toolnterface.obj
e:\qmacvisual(cv3)\qplugins\imageprocess\imagerepair\x64\debug\moc_qgraphicsviews.obj
e:\qmacvisual(cv3)\qplugins\imageprocess\imagerepair\x64\debug\uic\ui_frmimagerepair.h
e:\qmacvisual(cv3)\qplugins\imageprocess\imagerepair\x64\debug\rcc\qrc_sub_res.cpp
e:\qmacvisual(cv3)\qplugins\imageprocess\imagerepair\x64\debug\moc\moc_toolnterface.cpp
e:\qmacvisual(cv3)\qplugins\imageprocess\imagerepair\x64\debug\moc\moc_qtoolbase.cpp
e:\qmacvisual(cv3)\qplugins\imageprocess\imagerepair\x64\debug\moc\moc_mytitlebar.cpp
e:\qmacvisual(cv3)\qplugins\imageprocess\imagerepair\x64\debug\moc\moc_qgraphicsviews.cpp
e:\qmacvisual(cv3)\qplugins\imageprocess\imagerepair\x64\debug\moc\moc_qgraphicsscenes.cpp
e:\qmacvisual(cv3)\qplugins\imageprocess\imagerepair\x64\debug\moc\moc_baseitem.cpp
e:\qmacvisual(cv3)\qplugins\imageprocess\imagerepair\x64\debug\moc\moc_controlitem.cpp
e:\qmacvisual(cv3)\qplugins\imageprocess\imagerepair\x64\debug\moc\moc_imageitem.cpp
e:\qmacvisual(cv3)\qplugins\imageprocess\imagerepair\x64\debug\moc\moc_frmimagerepair.cpp
e:\qmacvisual(cv3)\qplugins\imageprocess\imagerepair\x64\debug\moc\moc_imagerepair.cpp
e:\qmacvisual(cv3)\qsoftexe\debug\plugins\imagerepair.lib
e:\qmacvisual(cv3)\qsoftexe\debug\plugins\imagerepair.exp
e:\qmacvisual(cv3)\qsoftexe\debug\plugins\imagerepair.ilk
e:\qmacvisual(cv3)\qsoftexe\debug\plugins\imagerepair.dll
e:\qmacvisual(cv3)\qsoftexe\debug\plugins\imagerepair.pdb
e:\qmacvisual(cv3)\qplugins\imageprocess\imagerepair\x64\debug\imagerepair.tlog\cl.command.1.tlog
e:\qmacvisual(cv3)\qplugins\imageprocess\imagerepair\x64\debug\imagerepair.tlog\cl.read.1.tlog
e:\qmacvisual(cv3)\qplugins\imageprocess\imagerepair\x64\debug\imagerepair.tlog\cl.write.1.tlog
e:\qmacvisual(cv3)\qplugins\imageprocess\imagerepair\x64\debug\imagerepair.tlog\imagerepair.write.1u.tlog
e:\qmacvisual(cv3)\qplugins\imageprocess\imagerepair\x64\debug\imagerepair.tlog\link.command.1.tlog
e:\qmacvisual(cv3)\qplugins\imageprocess\imagerepair\x64\debug\imagerepair.tlog\link.read.1.tlog
e:\qmacvisual(cv3)\qplugins\imageprocess\imagerepair\x64\debug\imagerepair.tlog\link.write.1.tlog
e:\qmacvisual(cv3)\qplugins\imageprocess\imagerepair\x64\debug\imagerepair.tlog\moc.read.1u.tlog
e:\qmacvisual(cv3)\qplugins\imageprocess\imagerepair\x64\debug\imagerepair.tlog\moc.write.1u.tlog
e:\qmacvisual(cv3)\qplugins\imageprocess\imagerepair\x64\debug\imagerepair.tlog\rcc.read.1u.tlog
e:\qmacvisual(cv3)\qplugins\imageprocess\imagerepair\x64\debug\imagerepair.tlog\rcc.write.1u.tlog
e:\qmacvisual(cv3)\qplugins\imageprocess\imagerepair\x64\debug\imagerepair.tlog\uic.read.1u.tlog
e:\qmacvisual(cv3)\qplugins\imageprocess\imagerepair\x64\debug\imagerepair.tlog\uic.write.1u.tlog
