e:\qmacvisual(cv3)\qplugins\communicatetools\plccommunicate\x64\release\qrc_sub_res.obj
e:\qmacvisual(cv3)\qplugins\communicatetools\plccommunicate\x64\release\toolnterface.obj
e:\qmacvisual(cv3)\qplugins\communicatetools\plccommunicate\x64\release\mytitlebar.obj
e:\qmacvisual(cv3)\qplugins\communicatetools\plccommunicate\x64\release\frmplccommunicate.obj
e:\qmacvisual(cv3)\qplugins\communicatetools\plccommunicate\x64\release\plctcpsocket.obj
e:\qmacvisual(cv3)\qplugins\communicatetools\plccommunicate\x64\release\plccommunicate.obj
e:\qmacvisual(cv3)\qplugins\communicatetools\plccommunicate\x64\release\moc_mytitlebar.obj
e:\qmacvisual(cv3)\qplugins\communicatetools\plccommunicate\x64\release\moc_toolnterface.obj
e:\qmacvisual(cv3)\qplugins\communicatetools\plccommunicate\x64\release\moc_qtoolbase.obj
e:\qmacvisual(cv3)\qplugins\communicatetools\plccommunicate\x64\release\moc_frmplccommunicate.obj
e:\qmacvisual(cv3)\qplugins\communicatetools\plccommunicate\x64\release\moc_plccommunicate.obj
e:\qmacvisual(cv3)\qsoftexe\release\plugins\plccommunicate.dll
e:\qmacvisual(cv3)\qplugins\communicatetools\plccommunicate\x64\release\moc\moc_qtoolbase.cpp
e:\qmacvisual(cv3)\qplugins\communicatetools\plccommunicate\x64\release\moc\moc_toolnterface.cpp
e:\qmacvisual(cv3)\qplugins\communicatetools\plccommunicate\x64\release\moc\moc_frmplccommunicate.cpp
e:\qmacvisual(cv3)\qplugins\communicatetools\plccommunicate\x64\release\moc\moc_mytitlebar.cpp
e:\qmacvisual(cv3)\qplugins\communicatetools\plccommunicate\x64\release\moc\moc_plccommunicate.cpp
e:\qmacvisual(cv3)\qplugins\communicatetools\plccommunicate\x64\release\uic\ui_frmplccommunicate.h
e:\qmacvisual(cv3)\qplugins\communicatetools\plccommunicate\x64\release\rcc\qrc_sub_res.cpp
e:\qmacvisual(cv3)\qsoftexe\release\plugins\plccommunicate.lib
e:\qmacvisual(cv3)\qsoftexe\release\plugins\plccommunicate.exp
e:\qmacvisual(cv3)\qplugins\communicatetools\plccommunicate\x64\release\plccommunicate.tlog\cl.command.1.tlog
e:\qmacvisual(cv3)\qplugins\communicatetools\plccommunicate\x64\release\plccommunicate.tlog\cl.read.1.tlog
e:\qmacvisual(cv3)\qplugins\communicatetools\plccommunicate\x64\release\plccommunicate.tlog\cl.write.1.tlog
e:\qmacvisual(cv3)\qplugins\communicatetools\plccommunicate\x64\release\plccommunicate.tlog\link.command.1.tlog
e:\qmacvisual(cv3)\qplugins\communicatetools\plccommunicate\x64\release\plccommunicate.tlog\link.read.1.tlog
e:\qmacvisual(cv3)\qplugins\communicatetools\plccommunicate\x64\release\plccommunicate.tlog\link.write.1.tlog
e:\qmacvisual(cv3)\qplugins\communicatetools\plccommunicate\x64\release\plccommunicate.tlog\moc.read.1u.tlog
e:\qmacvisual(cv3)\qplugins\communicatetools\plccommunicate\x64\release\plccommunicate.tlog\moc.write.1u.tlog
e:\qmacvisual(cv3)\qplugins\communicatetools\plccommunicate\x64\release\plccommunicate.tlog\plccommunicate.write.1u.tlog
e:\qmacvisual(cv3)\qplugins\communicatetools\plccommunicate\x64\release\plccommunicate.tlog\rcc.read.1u.tlog
e:\qmacvisual(cv3)\qplugins\communicatetools\plccommunicate\x64\release\plccommunicate.tlog\rcc.write.1u.tlog
e:\qmacvisual(cv3)\qplugins\communicatetools\plccommunicate\x64\release\plccommunicate.tlog\uic.read.1u.tlog
e:\qmacvisual(cv3)\qplugins\communicatetools\plccommunicate\x64\release\plccommunicate.tlog\uic.write.1u.tlog
