e:\qmacvisual(cv3)\qplugins\communicatetools\sockettcpserver\x64\release\qrc_sub_res.obj
e:\qmacvisual(cv3)\qplugins\communicatetools\sockettcpserver\x64\release\frmsockettcpserver.obj
e:\qmacvisual(cv3)\qplugins\communicatetools\sockettcpserver\x64\release\mytitlebar.obj
e:\qmacvisual(cv3)\qplugins\communicatetools\sockettcpserver\x64\release\sockettcpserver.obj
e:\qmacvisual(cv3)\qplugins\communicatetools\sockettcpserver\x64\release\toolnterface.obj
e:\qmacvisual(cv3)\qplugins\communicatetools\sockettcpserver\x64\release\moc_sockettcpserver.obj
e:\qmacvisual(cv3)\qplugins\communicatetools\sockettcpserver\x64\release\moc_qtoolbase.obj
e:\qmacvisual(cv3)\qplugins\communicatetools\sockettcpserver\x64\release\moc_frmsockettcpserver.obj
e:\qmacvisual(cv3)\qplugins\communicatetools\sockettcpserver\x64\release\moc_mytitlebar.obj
e:\qmacvisual(cv3)\qplugins\communicatetools\sockettcpserver\x64\release\moc_toolnterface.obj
e:\qmacvisual(cv3)\qsoftexe\release\plugins\sockettcpserver.dll
e:\qmacvisual(cv3)\qplugins\communicatetools\sockettcpserver\x64\release\moc\moc_toolnterface.cpp
e:\qmacvisual(cv3)\qplugins\communicatetools\sockettcpserver\x64\release\moc\moc_frmsockettcpserver.cpp
e:\qmacvisual(cv3)\qplugins\communicatetools\sockettcpserver\x64\release\moc\moc_mytitlebar.cpp
e:\qmacvisual(cv3)\qplugins\communicatetools\sockettcpserver\x64\release\moc\moc_qtoolbase.cpp
e:\qmacvisual(cv3)\qplugins\communicatetools\sockettcpserver\x64\release\moc\moc_sockettcpserver.cpp
e:\qmacvisual(cv3)\qplugins\communicatetools\sockettcpserver\x64\release\rcc\qrc_sub_res.cpp
e:\qmacvisual(cv3)\qplugins\communicatetools\sockettcpserver\x64\release\uic\ui_frmsockettcpserver.h
e:\qmacvisual(cv3)\qsoftexe\release\plugins\sockettcpserver.lib
e:\qmacvisual(cv3)\qsoftexe\release\plugins\sockettcpserver.exp
e:\qmacvisual(cv3)\qplugins\communicatetools\sockettcpserver\x64\release\sockettcpserver.tlog\cl.command.1.tlog
e:\qmacvisual(cv3)\qplugins\communicatetools\sockettcpserver\x64\release\sockettcpserver.tlog\cl.read.1.tlog
e:\qmacvisual(cv3)\qplugins\communicatetools\sockettcpserver\x64\release\sockettcpserver.tlog\cl.write.1.tlog
e:\qmacvisual(cv3)\qplugins\communicatetools\sockettcpserver\x64\release\sockettcpserver.tlog\link.command.1.tlog
e:\qmacvisual(cv3)\qplugins\communicatetools\sockettcpserver\x64\release\sockettcpserver.tlog\link.read.1.tlog
e:\qmacvisual(cv3)\qplugins\communicatetools\sockettcpserver\x64\release\sockettcpserver.tlog\link.write.1.tlog
e:\qmacvisual(cv3)\qplugins\communicatetools\sockettcpserver\x64\release\sockettcpserver.tlog\moc.read.1u.tlog
e:\qmacvisual(cv3)\qplugins\communicatetools\sockettcpserver\x64\release\sockettcpserver.tlog\moc.write.1u.tlog
e:\qmacvisual(cv3)\qplugins\communicatetools\sockettcpserver\x64\release\sockettcpserver.tlog\rcc.read.1u.tlog
e:\qmacvisual(cv3)\qplugins\communicatetools\sockettcpserver\x64\release\sockettcpserver.tlog\rcc.write.1u.tlog
e:\qmacvisual(cv3)\qplugins\communicatetools\sockettcpserver\x64\release\sockettcpserver.tlog\sockettcpserver.write.1u.tlog
e:\qmacvisual(cv3)\qplugins\communicatetools\sockettcpserver\x64\release\sockettcpserver.tlog\uic.read.1u.tlog
e:\qmacvisual(cv3)\qplugins\communicatetools\sockettcpserver\x64\release\sockettcpserver.tlog\uic.write.1u.tlog
