e:\qmacvisual(cv3)\qplugins\paratools\shapematch\x64\release\qrc_sub_res.obj
e:\qmacvisual(cv3)\qplugins\paratools\shapematch\x64\release\toolnterface.obj
e:\qmacvisual(cv3)\qplugins\paratools\shapematch\x64\release\qgraphicsscenes.obj
e:\qmacvisual(cv3)\qplugins\paratools\shapematch\x64\release\imageitem.obj
e:\qmacvisual(cv3)\qplugins\paratools\shapematch\x64\release\controlitem.obj
e:\qmacvisual(cv3)\qplugins\paratools\shapematch\x64\release\mytitlebar.obj
e:\qmacvisual(cv3)\qplugins\paratools\shapematch\x64\release\qgraphicsviews.obj
e:\qmacvisual(cv3)\qplugins\paratools\shapematch\x64\release\frmshapematch.obj
e:\qmacvisual(cv3)\qplugins\paratools\shapematch\x64\release\line2dup.obj
e:\qmacvisual(cv3)\qplugins\paratools\shapematch\x64\release\baseitem.obj
e:\qmacvisual(cv3)\qplugins\paratools\shapematch\x64\release\shapematch.obj
e:\qmacvisual(cv3)\qplugins\paratools\shapematch\x64\release\moc_mytitlebar.obj
e:\qmacvisual(cv3)\qplugins\paratools\shapematch\x64\release\moc_toolnterface.obj
e:\qmacvisual(cv3)\qplugins\paratools\shapematch\x64\release\moc_frmshapematch.obj
e:\qmacvisual(cv3)\qplugins\paratools\shapematch\x64\release\moc_imageitem.obj
e:\qmacvisual(cv3)\qplugins\paratools\shapematch\x64\release\moc_shapematch.obj
e:\qmacvisual(cv3)\qplugins\paratools\shapematch\x64\release\moc_controlitem.obj
e:\qmacvisual(cv3)\qplugins\paratools\shapematch\x64\release\moc_qgraphicsviews.obj
e:\qmacvisual(cv3)\qplugins\paratools\shapematch\x64\release\moc_baseitem.obj
e:\qmacvisual(cv3)\qplugins\paratools\shapematch\x64\release\moc_qgraphicsscenes.obj
e:\qmacvisual(cv3)\qplugins\paratools\shapematch\x64\release\moc_qtoolbase.obj
e:\qmacvisual(cv3)\qsoftexe\release\plugins\shapematch.dll
e:\qmacvisual(cv3)\qplugins\paratools\shapematch\x64\release\moc\moc_toolnterface.cpp
e:\qmacvisual(cv3)\qplugins\paratools\shapematch\x64\release\moc\moc_baseitem.cpp
e:\qmacvisual(cv3)\qplugins\paratools\shapematch\x64\release\moc\moc_controlitem.cpp
e:\qmacvisual(cv3)\qplugins\paratools\shapematch\x64\release\moc\moc_frmshapematch.cpp
e:\qmacvisual(cv3)\qplugins\paratools\shapematch\x64\release\moc\moc_imageitem.cpp
e:\qmacvisual(cv3)\qplugins\paratools\shapematch\x64\release\moc\moc_mytitlebar.cpp
e:\qmacvisual(cv3)\qplugins\paratools\shapematch\x64\release\moc\moc_qgraphicsscenes.cpp
e:\qmacvisual(cv3)\qplugins\paratools\shapematch\x64\release\moc\moc_qgraphicsviews.cpp
e:\qmacvisual(cv3)\qplugins\paratools\shapematch\x64\release\moc\moc_qtoolbase.cpp
e:\qmacvisual(cv3)\qplugins\paratools\shapematch\x64\release\moc\moc_shapematch.cpp
e:\qmacvisual(cv3)\qplugins\paratools\shapematch\x64\release\rcc\qrc_sub_res.cpp
e:\qmacvisual(cv3)\qplugins\paratools\shapematch\x64\release\uic\ui_frmshapematch.h
e:\qmacvisual(cv3)\qsoftexe\release\plugins\shapematch.lib
e:\qmacvisual(cv3)\qsoftexe\release\plugins\shapematch.exp
e:\qmacvisual(cv3)\qplugins\paratools\shapematch\x64\release\shapematch.tlog\cl.command.1.tlog
e:\qmacvisual(cv3)\qplugins\paratools\shapematch\x64\release\shapematch.tlog\cl.read.1.tlog
e:\qmacvisual(cv3)\qplugins\paratools\shapematch\x64\release\shapematch.tlog\cl.write.1.tlog
e:\qmacvisual(cv3)\qplugins\paratools\shapematch\x64\release\shapematch.tlog\link.command.1.tlog
e:\qmacvisual(cv3)\qplugins\paratools\shapematch\x64\release\shapematch.tlog\link.read.1.tlog
e:\qmacvisual(cv3)\qplugins\paratools\shapematch\x64\release\shapematch.tlog\link.write.1.tlog
e:\qmacvisual(cv3)\qplugins\paratools\shapematch\x64\release\shapematch.tlog\moc.read.1u.tlog
e:\qmacvisual(cv3)\qplugins\paratools\shapematch\x64\release\shapematch.tlog\moc.write.1u.tlog
e:\qmacvisual(cv3)\qplugins\paratools\shapematch\x64\release\shapematch.tlog\rcc.read.1u.tlog
e:\qmacvisual(cv3)\qplugins\paratools\shapematch\x64\release\shapematch.tlog\rcc.write.1u.tlog
e:\qmacvisual(cv3)\qplugins\paratools\shapematch\x64\release\shapematch.tlog\shapematch.write.1u.tlog
e:\qmacvisual(cv3)\qplugins\paratools\shapematch\x64\release\shapematch.tlog\uic.read.1u.tlog
e:\qmacvisual(cv3)\qplugins\paratools\shapematch\x64\release\shapematch.tlog\uic.write.1u.tlog
