  Reading Qt configuration (C:/Qt/Qt5.12.12/5.12.12/msvc2017_64/bin/qmake)
  uic frmSocketTcpClient.ui
  rcc sub_res.qrc
  moc Toolnterface.h
  moc frmSocketTcpClient.h
  moc mytitlebar.h
  moc QToolBase.h
  moc SocketTcpClient.h
  Toolnterface.cpp
  frmSocketTcpClient.cpp
  mytitlebar.cpp
  SocketTcpClient.cpp
  qrc_sub_res.cpp
  moc_Toolnterface.cpp
  moc_frmSocketTcpClient.cpp
  moc_mytitlebar.cpp
  moc_QToolBase.cpp
  moc_SocketTcpClient.cpp
    正在创建库 ../../../QSoftExe/Release/Plugins/SocketTcpClient.lib 和对象 ../../../QSoftExe/Release/Plugins/SocketTcpClient.exp
  SocketTcpClient.vcxproj -> E:\QMacVisual(CV3)\QSoftExe\Release\Plugins\SocketTcpClient.dll
