e:\qmacvisual(cv3)\qplugins\communicatetools\sockettcpclient\x64\release\qrc_sub_res.obj
e:\qmacvisual(cv3)\qplugins\communicatetools\sockettcpclient\x64\release\toolnterface.obj
e:\qmacvisual(cv3)\qplugins\communicatetools\sockettcpclient\x64\release\sockettcpclient.obj
e:\qmacvisual(cv3)\qplugins\communicatetools\sockettcpclient\x64\release\frmsockettcpclient.obj
e:\qmacvisual(cv3)\qplugins\communicatetools\sockettcpclient\x64\release\mytitlebar.obj
e:\qmacvisual(cv3)\qplugins\communicatetools\sockettcpclient\x64\release\moc_frmsockettcpclient.obj
e:\qmacvisual(cv3)\qplugins\communicatetools\sockettcpclient\x64\release\moc_qtoolbase.obj
e:\qmacvisual(cv3)\qplugins\communicatetools\sockettcpclient\x64\release\moc_mytitlebar.obj
e:\qmacvisual(cv3)\qplugins\communicatetools\sockettcpclient\x64\release\moc_sockettcpclient.obj
e:\qmacvisual(cv3)\qplugins\communicatetools\sockettcpclient\x64\release\moc_toolnterface.obj
e:\qmacvisual(cv3)\qsoftexe\release\plugins\sockettcpclient.dll
e:\qmacvisual(cv3)\qplugins\communicatetools\sockettcpclient\x64\release\moc\moc_toolnterface.cpp
e:\qmacvisual(cv3)\qplugins\communicatetools\sockettcpclient\x64\release\moc\moc_frmsockettcpclient.cpp
e:\qmacvisual(cv3)\qplugins\communicatetools\sockettcpclient\x64\release\moc\moc_mytitlebar.cpp
e:\qmacvisual(cv3)\qplugins\communicatetools\sockettcpclient\x64\release\moc\moc_qtoolbase.cpp
e:\qmacvisual(cv3)\qplugins\communicatetools\sockettcpclient\x64\release\moc\moc_sockettcpclient.cpp
e:\qmacvisual(cv3)\qplugins\communicatetools\sockettcpclient\x64\release\rcc\qrc_sub_res.cpp
e:\qmacvisual(cv3)\qplugins\communicatetools\sockettcpclient\x64\release\uic\ui_frmsockettcpclient.h
e:\qmacvisual(cv3)\qsoftexe\release\plugins\sockettcpclient.lib
e:\qmacvisual(cv3)\qsoftexe\release\plugins\sockettcpclient.exp
e:\qmacvisual(cv3)\qplugins\communicatetools\sockettcpclient\x64\release\sockettcpclient.tlog\cl.command.1.tlog
e:\qmacvisual(cv3)\qplugins\communicatetools\sockettcpclient\x64\release\sockettcpclient.tlog\cl.read.1.tlog
e:\qmacvisual(cv3)\qplugins\communicatetools\sockettcpclient\x64\release\sockettcpclient.tlog\cl.write.1.tlog
e:\qmacvisual(cv3)\qplugins\communicatetools\sockettcpclient\x64\release\sockettcpclient.tlog\link.command.1.tlog
e:\qmacvisual(cv3)\qplugins\communicatetools\sockettcpclient\x64\release\sockettcpclient.tlog\link.read.1.tlog
e:\qmacvisual(cv3)\qplugins\communicatetools\sockettcpclient\x64\release\sockettcpclient.tlog\link.write.1.tlog
e:\qmacvisual(cv3)\qplugins\communicatetools\sockettcpclient\x64\release\sockettcpclient.tlog\moc.read.1u.tlog
e:\qmacvisual(cv3)\qplugins\communicatetools\sockettcpclient\x64\release\sockettcpclient.tlog\moc.write.1u.tlog
e:\qmacvisual(cv3)\qplugins\communicatetools\sockettcpclient\x64\release\sockettcpclient.tlog\rcc.read.1u.tlog
e:\qmacvisual(cv3)\qplugins\communicatetools\sockettcpclient\x64\release\sockettcpclient.tlog\rcc.write.1u.tlog
e:\qmacvisual(cv3)\qplugins\communicatetools\sockettcpclient\x64\release\sockettcpclient.tlog\sockettcpclient.write.1u.tlog
e:\qmacvisual(cv3)\qplugins\communicatetools\sockettcpclient\x64\release\sockettcpclient.tlog\uic.read.1u.tlog
e:\qmacvisual(cv3)\qplugins\communicatetools\sockettcpclient\x64\release\sockettcpclient.tlog\uic.write.1u.tlog
