e:\qmacvisual(cv3)\qplugins\imageprocess\createroi\x64\release\qrc_sub_res.obj
e:\qmacvisual(cv3)\qplugins\imageprocess\createroi\x64\release\qgraphicsviews.obj
e:\qmacvisual(cv3)\qplugins\imageprocess\createroi\x64\release\mytitlebar.obj
e:\qmacvisual(cv3)\qplugins\imageprocess\createroi\x64\release\baseitem.obj
e:\qmacvisual(cv3)\qplugins\imageprocess\createroi\x64\release\imageitem.obj
e:\qmacvisual(cv3)\qplugins\imageprocess\createroi\x64\release\frmcreateroi.obj
e:\qmacvisual(cv3)\qplugins\imageprocess\createroi\x64\release\controlitem.obj
e:\qmacvisual(cv3)\qplugins\imageprocess\createroi\x64\release\qgraphicsscenes.obj
e:\qmacvisual(cv3)\qplugins\imageprocess\createroi\x64\release\createroi.obj
e:\qmacvisual(cv3)\qplugins\imageprocess\createroi\x64\release\toolnterface.obj
e:\qmacvisual(cv3)\qplugins\imageprocess\createroi\x64\release\moc_mytitlebar.obj
e:\qmacvisual(cv3)\qplugins\imageprocess\createroi\x64\release\moc_baseitem.obj
e:\qmacvisual(cv3)\qplugins\imageprocess\createroi\x64\release\moc_imageitem.obj
e:\qmacvisual(cv3)\qplugins\imageprocess\createroi\x64\release\moc_controlitem.obj
e:\qmacvisual(cv3)\qplugins\imageprocess\createroi\x64\release\moc_qgraphicsscenes.obj
e:\qmacvisual(cv3)\qplugins\imageprocess\createroi\x64\release\moc_createroi.obj
e:\qmacvisual(cv3)\qplugins\imageprocess\createroi\x64\release\moc_qtoolbase.obj
e:\qmacvisual(cv3)\qplugins\imageprocess\createroi\x64\release\moc_frmcreateroi.obj
e:\qmacvisual(cv3)\qplugins\imageprocess\createroi\x64\release\moc_qgraphicsviews.obj
e:\qmacvisual(cv3)\qplugins\imageprocess\createroi\x64\release\moc_toolnterface.obj
e:\qmacvisual(cv3)\qplugins\imageprocess\createroi\x64\release\uic\ui_frmcreateroi.h
e:\qmacvisual(cv3)\qplugins\imageprocess\createroi\x64\release\rcc\qrc_sub_res.cpp
e:\qmacvisual(cv3)\qplugins\imageprocess\createroi\x64\release\moc\moc_toolnterface.cpp
e:\qmacvisual(cv3)\qplugins\imageprocess\createroi\x64\release\moc\moc_qtoolbase.cpp
e:\qmacvisual(cv3)\qplugins\imageprocess\createroi\x64\release\moc\moc_mytitlebar.cpp
e:\qmacvisual(cv3)\qplugins\imageprocess\createroi\x64\release\moc\moc_frmcreateroi.cpp
e:\qmacvisual(cv3)\qplugins\imageprocess\createroi\x64\release\moc\moc_qgraphicsviews.cpp
e:\qmacvisual(cv3)\qplugins\imageprocess\createroi\x64\release\moc\moc_qgraphicsscenes.cpp
e:\qmacvisual(cv3)\qplugins\imageprocess\createroi\x64\release\moc\moc_imageitem.cpp
e:\qmacvisual(cv3)\qplugins\imageprocess\createroi\x64\release\moc\moc_baseitem.cpp
e:\qmacvisual(cv3)\qplugins\imageprocess\createroi\x64\release\moc\moc_controlitem.cpp
e:\qmacvisual(cv3)\qplugins\imageprocess\createroi\x64\release\moc\moc_createroi.cpp
e:\qmacvisual(cv3)\qsoftexe\release\plugins\createroi.lib
e:\qmacvisual(cv3)\qsoftexe\release\plugins\createroi.exp
e:\qmacvisual(cv3)\qsoftexe\release\plugins\createroi.dll
e:\qmacvisual(cv3)\qplugins\imageprocess\createroi\x64\release\createroi.tlog\cl.command.1.tlog
e:\qmacvisual(cv3)\qplugins\imageprocess\createroi\x64\release\createroi.tlog\cl.read.1.tlog
e:\qmacvisual(cv3)\qplugins\imageprocess\createroi\x64\release\createroi.tlog\cl.write.1.tlog
e:\qmacvisual(cv3)\qplugins\imageprocess\createroi\x64\release\createroi.tlog\createroi.write.1u.tlog
e:\qmacvisual(cv3)\qplugins\imageprocess\createroi\x64\release\createroi.tlog\link.command.1.tlog
e:\qmacvisual(cv3)\qplugins\imageprocess\createroi\x64\release\createroi.tlog\link.read.1.tlog
e:\qmacvisual(cv3)\qplugins\imageprocess\createroi\x64\release\createroi.tlog\link.write.1.tlog
e:\qmacvisual(cv3)\qplugins\imageprocess\createroi\x64\release\createroi.tlog\moc.read.1u.tlog
e:\qmacvisual(cv3)\qplugins\imageprocess\createroi\x64\release\createroi.tlog\moc.write.1u.tlog
e:\qmacvisual(cv3)\qplugins\imageprocess\createroi\x64\release\createroi.tlog\rcc.read.1u.tlog
e:\qmacvisual(cv3)\qplugins\imageprocess\createroi\x64\release\createroi.tlog\rcc.write.1u.tlog
e:\qmacvisual(cv3)\qplugins\imageprocess\createroi\x64\release\createroi.tlog\uic.read.1u.tlog
e:\qmacvisual(cv3)\qplugins\imageprocess\createroi\x64\release\createroi.tlog\uic.write.1u.tlog
