e:\qmacvisual(cv3)\qplugins\logicaltools\scriptedit\x64\debug\vc142.pdb
e:\qmacvisual(cv3)\qplugins\logicaltools\scriptedit\x64\debug\qrc_sub_res.obj
e:\qmacvisual(cv3)\qplugins\logicaltools\scriptedit\x64\debug\toolnterface.obj
e:\qmacvisual(cv3)\qplugins\logicaltools\scriptedit\x64\debug\frmscriptedit.obj
e:\qmacvisual(cv3)\qplugins\logicaltools\scriptedit\x64\debug\codeeditor.obj
e:\qmacvisual(cv3)\qplugins\logicaltools\scriptedit\x64\debug\highlighter.obj
e:\qmacvisual(cv3)\qplugins\logicaltools\scriptedit\x64\debug\gvariable.obj
e:\qmacvisual(cv3)\qplugins\logicaltools\scriptedit\x64\debug\mytitlebar.obj
e:\qmacvisual(cv3)\qplugins\logicaltools\scriptedit\x64\debug\scriptedit.obj
e:\qmacvisual(cv3)\qplugins\logicaltools\scriptedit\x64\debug\moc_toolnterface.obj
e:\qmacvisual(cv3)\qplugins\logicaltools\scriptedit\x64\debug\moc_codeeditor.obj
e:\qmacvisual(cv3)\qplugins\logicaltools\scriptedit\x64\debug\moc_qtoolbase.obj
e:\qmacvisual(cv3)\qplugins\logicaltools\scriptedit\x64\debug\moc_mytitlebar.obj
e:\qmacvisual(cv3)\qplugins\logicaltools\scriptedit\x64\debug\moc_frmscriptedit.obj
e:\qmacvisual(cv3)\qplugins\logicaltools\scriptedit\x64\debug\moc_scriptedit.obj
e:\qmacvisual(cv3)\qplugins\logicaltools\scriptedit\x64\debug\moc_highlighter.obj
e:\qmacvisual(cv3)\qsoftexe\debug\plugins\scriptedit.ilk
e:\qmacvisual(cv3)\qsoftexe\debug\plugins\scriptedit.dll
e:\qmacvisual(cv3)\qsoftexe\debug\plugins\scriptedit.pdb
e:\qmacvisual(cv3)\qplugins\logicaltools\scriptedit\x64\debug\moc\moc_toolnterface.cpp
e:\qmacvisual(cv3)\qplugins\logicaltools\scriptedit\x64\debug\moc\moc_frmscriptedit.cpp
e:\qmacvisual(cv3)\qplugins\logicaltools\scriptedit\x64\debug\moc\moc_codeeditor.cpp
e:\qmacvisual(cv3)\qplugins\logicaltools\scriptedit\x64\debug\moc\moc_highlighter.cpp
e:\qmacvisual(cv3)\qplugins\logicaltools\scriptedit\x64\debug\moc\moc_mytitlebar.cpp
e:\qmacvisual(cv3)\qplugins\logicaltools\scriptedit\x64\debug\moc\moc_qtoolbase.cpp
e:\qmacvisual(cv3)\qplugins\logicaltools\scriptedit\x64\debug\moc\moc_scriptedit.cpp
e:\qmacvisual(cv3)\qplugins\logicaltools\scriptedit\x64\debug\rcc\qrc_sub_res.cpp
e:\qmacvisual(cv3)\qplugins\logicaltools\scriptedit\x64\debug\uic\ui_frmscriptedit.h
e:\qmacvisual(cv3)\qsoftexe\debug\plugins\scriptedit.lib
e:\qmacvisual(cv3)\qsoftexe\debug\plugins\scriptedit.exp
e:\qmacvisual(cv3)\qplugins\logicaltools\scriptedit\x64\debug\scriptedit.tlog\cl.command.1.tlog
e:\qmacvisual(cv3)\qplugins\logicaltools\scriptedit\x64\debug\scriptedit.tlog\cl.read.1.tlog
e:\qmacvisual(cv3)\qplugins\logicaltools\scriptedit\x64\debug\scriptedit.tlog\cl.write.1.tlog
e:\qmacvisual(cv3)\qplugins\logicaltools\scriptedit\x64\debug\scriptedit.tlog\link.command.1.tlog
e:\qmacvisual(cv3)\qplugins\logicaltools\scriptedit\x64\debug\scriptedit.tlog\link.read.1.tlog
e:\qmacvisual(cv3)\qplugins\logicaltools\scriptedit\x64\debug\scriptedit.tlog\link.write.1.tlog
e:\qmacvisual(cv3)\qplugins\logicaltools\scriptedit\x64\debug\scriptedit.tlog\moc.read.1u.tlog
e:\qmacvisual(cv3)\qplugins\logicaltools\scriptedit\x64\debug\scriptedit.tlog\moc.write.1u.tlog
e:\qmacvisual(cv3)\qplugins\logicaltools\scriptedit\x64\debug\scriptedit.tlog\rcc.read.1u.tlog
e:\qmacvisual(cv3)\qplugins\logicaltools\scriptedit\x64\debug\scriptedit.tlog\rcc.write.1u.tlog
e:\qmacvisual(cv3)\qplugins\logicaltools\scriptedit\x64\debug\scriptedit.tlog\scriptedit.write.1u.tlog
e:\qmacvisual(cv3)\qplugins\logicaltools\scriptedit\x64\debug\scriptedit.tlog\uic.read.1u.tlog
e:\qmacvisual(cv3)\qplugins\logicaltools\scriptedit\x64\debug\scriptedit.tlog\uic.write.1u.tlog
