e:\qmacvisual(cv3)\qplugins\threedinspection\flatness\x64\debug\vc142.pdb
e:\qmacvisual(cv3)\qplugins\threedinspection\flatness\x64\debug\qrc_sub_res.obj
e:\qmacvisual(cv3)\qplugins\threedinspection\flatness\x64\debug\flatness.obj
e:\qmacvisual(cv3)\qplugins\threedinspection\flatness\x64\debug\frmflatness.obj
e:\qmacvisual(cv3)\qplugins\threedinspection\flatness\x64\debug\mytitlebar.obj
e:\qmacvisual(cv3)\qplugins\threedinspection\flatness\x64\debug\toolnterface.obj
e:\qmacvisual(cv3)\qplugins\threedinspection\flatness\x64\debug\moc_toolnterface.obj
e:\qmacvisual(cv3)\qplugins\threedinspection\flatness\x64\debug\moc_mytitlebar.obj
e:\qmacvisual(cv3)\qplugins\threedinspection\flatness\x64\debug\moc_qtoolbase.obj
e:\qmacvisual(cv3)\qplugins\threedinspection\flatness\x64\debug\moc_frmflatness.obj
e:\qmacvisual(cv3)\qplugins\threedinspection\flatness\x64\debug\moc_flatness.obj
e:\qmacvisual(cv3)\qplugins\threedinspection\flatness\x64\debug\uic\ui_frmflatness.h
e:\qmacvisual(cv3)\qplugins\threedinspection\flatness\x64\debug\rcc\qrc_sub_res.cpp
e:\qmacvisual(cv3)\qplugins\threedinspection\flatness\x64\debug\moc\moc_toolnterface.cpp
e:\qmacvisual(cv3)\qplugins\threedinspection\flatness\x64\debug\moc\moc_qtoolbase.cpp
e:\qmacvisual(cv3)\qplugins\threedinspection\flatness\x64\debug\moc\moc_frmflatness.cpp
e:\qmacvisual(cv3)\qplugins\threedinspection\flatness\x64\debug\moc\moc_mytitlebar.cpp
e:\qmacvisual(cv3)\qplugins\threedinspection\flatness\x64\debug\moc\moc_flatness.cpp
e:\qmacvisual(cv3)\qsoftexe\debug\plugins\flatness.lib
e:\qmacvisual(cv3)\qsoftexe\debug\plugins\flatness.exp
e:\qmacvisual(cv3)\qsoftexe\debug\plugins\flatness.ilk
e:\qmacvisual(cv3)\qsoftexe\debug\plugins\flatness.dll
e:\qmacvisual(cv3)\qsoftexe\debug\plugins\flatness.pdb
e:\qmacvisual(cv3)\qplugins\threedinspection\flatness\x64\debug\flatness.tlog\cl.command.1.tlog
e:\qmacvisual(cv3)\qplugins\threedinspection\flatness\x64\debug\flatness.tlog\cl.read.1.tlog
e:\qmacvisual(cv3)\qplugins\threedinspection\flatness\x64\debug\flatness.tlog\cl.write.1.tlog
e:\qmacvisual(cv3)\qplugins\threedinspection\flatness\x64\debug\flatness.tlog\flatness.write.1u.tlog
e:\qmacvisual(cv3)\qplugins\threedinspection\flatness\x64\debug\flatness.tlog\link.command.1.tlog
e:\qmacvisual(cv3)\qplugins\threedinspection\flatness\x64\debug\flatness.tlog\link.read.1.tlog
e:\qmacvisual(cv3)\qplugins\threedinspection\flatness\x64\debug\flatness.tlog\link.write.1.tlog
e:\qmacvisual(cv3)\qplugins\threedinspection\flatness\x64\debug\flatness.tlog\moc.read.1u.tlog
e:\qmacvisual(cv3)\qplugins\threedinspection\flatness\x64\debug\flatness.tlog\moc.write.1u.tlog
e:\qmacvisual(cv3)\qplugins\threedinspection\flatness\x64\debug\flatness.tlog\rcc.read.1u.tlog
e:\qmacvisual(cv3)\qplugins\threedinspection\flatness\x64\debug\flatness.tlog\rcc.write.1u.tlog
e:\qmacvisual(cv3)\qplugins\threedinspection\flatness\x64\debug\flatness.tlog\uic.read.1u.tlog
e:\qmacvisual(cv3)\qplugins\threedinspection\flatness\x64\debug\flatness.tlog\uic.write.1u.tlog
