  Reading Qt configuration (C:/Qt/Qt5.12.12/5.12.12/msvc2017_64/bin/qmake)
  uic frmLogicJudge.ui
  rcc sub_res.qrc
  moc QToolBase.h
  moc Toolnterface.h
  moc frmLogicJudge.h
  moc mytitlebar.h
  moc LogicJudge.h
  frmLogicJudge.cpp
  mytitlebar.cpp
  Toolnterface.cpp
  LogicJudge.cpp
  qrc_sub_res.cpp
  moc_QToolBase.cpp
  moc_Toolnterface.cpp
  moc_frmLogicJudge.cpp
  moc_mytitlebar.cpp
  moc_LogicJudge.cpp
    正在创建库 ../../../QSoftExe/Release/Plugins/LogicJudge.lib 和对象 ../../../QSoftExe/Release/Plugins/LogicJudge.exp
  LogicJudge.vcxproj -> E:\QMacVisual(CV3)\QSoftExe\Release\Plugins\LogicJudge.dll
