e:\qmacvisual(cv3)\qplugins\logicaltools\logicjudge\x64\release\qrc_sub_res.obj
e:\qmacvisual(cv3)\qplugins\logicaltools\logicjudge\x64\release\toolnterface.obj
e:\qmacvisual(cv3)\qplugins\logicaltools\logicjudge\x64\release\frmlogicjudge.obj
e:\qmacvisual(cv3)\qplugins\logicaltools\logicjudge\x64\release\mytitlebar.obj
e:\qmacvisual(cv3)\qplugins\logicaltools\logicjudge\x64\release\logicjudge.obj
e:\qmacvisual(cv3)\qplugins\logicaltools\logicjudge\x64\release\moc_frmlogicjudge.obj
e:\qmacvisual(cv3)\qplugins\logicaltools\logicjudge\x64\release\moc_mytitlebar.obj
e:\qmacvisual(cv3)\qplugins\logicaltools\logicjudge\x64\release\moc_qtoolbase.obj
e:\qmacvisual(cv3)\qplugins\logicaltools\logicjudge\x64\release\moc_logicjudge.obj
e:\qmacvisual(cv3)\qplugins\logicaltools\logicjudge\x64\release\moc_toolnterface.obj
e:\qmacvisual(cv3)\qsoftexe\release\plugins\logicjudge.dll
e:\qmacvisual(cv3)\qplugins\logicaltools\logicjudge\x64\release\uic\ui_frmlogicjudge.h
e:\qmacvisual(cv3)\qplugins\logicaltools\logicjudge\x64\release\rcc\qrc_sub_res.cpp
e:\qmacvisual(cv3)\qplugins\logicaltools\logicjudge\x64\release\moc\moc_qtoolbase.cpp
e:\qmacvisual(cv3)\qplugins\logicaltools\logicjudge\x64\release\moc\moc_toolnterface.cpp
e:\qmacvisual(cv3)\qplugins\logicaltools\logicjudge\x64\release\moc\moc_frmlogicjudge.cpp
e:\qmacvisual(cv3)\qplugins\logicaltools\logicjudge\x64\release\moc\moc_mytitlebar.cpp
e:\qmacvisual(cv3)\qplugins\logicaltools\logicjudge\x64\release\moc\moc_logicjudge.cpp
e:\qmacvisual(cv3)\qsoftexe\release\plugins\logicjudge.lib
e:\qmacvisual(cv3)\qsoftexe\release\plugins\logicjudge.exp
e:\qmacvisual(cv3)\qplugins\logicaltools\logicjudge\x64\release\logicjudge.tlog\cl.command.1.tlog
e:\qmacvisual(cv3)\qplugins\logicaltools\logicjudge\x64\release\logicjudge.tlog\cl.read.1.tlog
e:\qmacvisual(cv3)\qplugins\logicaltools\logicjudge\x64\release\logicjudge.tlog\cl.write.1.tlog
e:\qmacvisual(cv3)\qplugins\logicaltools\logicjudge\x64\release\logicjudge.tlog\link.command.1.tlog
e:\qmacvisual(cv3)\qplugins\logicaltools\logicjudge\x64\release\logicjudge.tlog\link.read.1.tlog
e:\qmacvisual(cv3)\qplugins\logicaltools\logicjudge\x64\release\logicjudge.tlog\link.write.1.tlog
e:\qmacvisual(cv3)\qplugins\logicaltools\logicjudge\x64\release\logicjudge.tlog\logicjudge.write.1u.tlog
e:\qmacvisual(cv3)\qplugins\logicaltools\logicjudge\x64\release\logicjudge.tlog\moc.read.1u.tlog
e:\qmacvisual(cv3)\qplugins\logicaltools\logicjudge\x64\release\logicjudge.tlog\moc.write.1u.tlog
e:\qmacvisual(cv3)\qplugins\logicaltools\logicjudge\x64\release\logicjudge.tlog\rcc.read.1u.tlog
e:\qmacvisual(cv3)\qplugins\logicaltools\logicjudge\x64\release\logicjudge.tlog\rcc.write.1u.tlog
e:\qmacvisual(cv3)\qplugins\logicaltools\logicjudge\x64\release\logicjudge.tlog\uic.read.1u.tlog
e:\qmacvisual(cv3)\qplugins\logicaltools\logicjudge\x64\release\logicjudge.tlog\uic.write.1u.tlog
