e:\qmacvisual(cv3)\qplugins\threedinspection\flatness\x64\release\qrc_sub_res.obj
e:\qmacvisual(cv3)\qplugins\threedinspection\flatness\x64\release\flatness.obj
e:\qmacvisual(cv3)\qplugins\threedinspection\flatness\x64\release\frmflatness.obj
e:\qmacvisual(cv3)\qplugins\threedinspection\flatness\x64\release\mytitlebar.obj
e:\qmacvisual(cv3)\qplugins\threedinspection\flatness\x64\release\toolnterface.obj
e:\qmacvisual(cv3)\qplugins\threedinspection\flatness\x64\release\moc_frmflatness.obj
e:\qmacvisual(cv3)\qplugins\threedinspection\flatness\x64\release\moc_toolnterface.obj
e:\qmacvisual(cv3)\qplugins\threedinspection\flatness\x64\release\moc_flatness.obj
e:\qmacvisual(cv3)\qplugins\threedinspection\flatness\x64\release\moc_qtoolbase.obj
e:\qmacvisual(cv3)\qplugins\threedinspection\flatness\x64\release\moc_mytitlebar.obj
e:\qmacvisual(cv3)\qplugins\threedinspection\flatness\x64\release\uic\ui_frmflatness.h
e:\qmacvisual(cv3)\qplugins\threedinspection\flatness\x64\release\rcc\qrc_sub_res.cpp
e:\qmacvisual(cv3)\qplugins\threedinspection\flatness\x64\release\moc\moc_toolnterface.cpp
e:\qmacvisual(cv3)\qplugins\threedinspection\flatness\x64\release\moc\moc_qtoolbase.cpp
e:\qmacvisual(cv3)\qplugins\threedinspection\flatness\x64\release\moc\moc_frmflatness.cpp
e:\qmacvisual(cv3)\qplugins\threedinspection\flatness\x64\release\moc\moc_mytitlebar.cpp
e:\qmacvisual(cv3)\qplugins\threedinspection\flatness\x64\release\moc\moc_flatness.cpp
e:\qmacvisual(cv3)\qsoftexe\release\plugins\flatness.lib
e:\qmacvisual(cv3)\qsoftexe\release\plugins\flatness.exp
e:\qmacvisual(cv3)\qsoftexe\release\plugins\flatness.dll
e:\qmacvisual(cv3)\qplugins\threedinspection\flatness\x64\release\flatness.tlog\cl.command.1.tlog
e:\qmacvisual(cv3)\qplugins\threedinspection\flatness\x64\release\flatness.tlog\cl.read.1.tlog
e:\qmacvisual(cv3)\qplugins\threedinspection\flatness\x64\release\flatness.tlog\cl.write.1.tlog
e:\qmacvisual(cv3)\qplugins\threedinspection\flatness\x64\release\flatness.tlog\flatness.write.1u.tlog
e:\qmacvisual(cv3)\qplugins\threedinspection\flatness\x64\release\flatness.tlog\link.command.1.tlog
e:\qmacvisual(cv3)\qplugins\threedinspection\flatness\x64\release\flatness.tlog\link.read.1.tlog
e:\qmacvisual(cv3)\qplugins\threedinspection\flatness\x64\release\flatness.tlog\link.write.1.tlog
e:\qmacvisual(cv3)\qplugins\threedinspection\flatness\x64\release\flatness.tlog\moc.read.1u.tlog
e:\qmacvisual(cv3)\qplugins\threedinspection\flatness\x64\release\flatness.tlog\moc.write.1u.tlog
e:\qmacvisual(cv3)\qplugins\threedinspection\flatness\x64\release\flatness.tlog\rcc.read.1u.tlog
e:\qmacvisual(cv3)\qplugins\threedinspection\flatness\x64\release\flatness.tlog\rcc.write.1u.tlog
e:\qmacvisual(cv3)\qplugins\threedinspection\flatness\x64\release\flatness.tlog\uic.read.1u.tlog
e:\qmacvisual(cv3)\qplugins\threedinspection\flatness\x64\release\flatness.tlog\uic.write.1u.tlog
