e:\qmacvisual(cv3)\qplugins\geometrytools\fitellipse\x64\release\qrc_sub_res.obj
e:\qmacvisual(cv3)\qplugins\geometrytools\fitellipse\x64\release\mytitlebar.obj
e:\qmacvisual(cv3)\qplugins\geometrytools\fitellipse\x64\release\frmfitellipse.obj
e:\qmacvisual(cv3)\qplugins\geometrytools\fitellipse\x64\release\qgraphicsviews.obj
e:\qmacvisual(cv3)\qplugins\geometrytools\fitellipse\x64\release\imageitem.obj
e:\qmacvisual(cv3)\qplugins\geometrytools\fitellipse\x64\release\toolnterface.obj
e:\qmacvisual(cv3)\qplugins\geometrytools\fitellipse\x64\release\controlitem.obj
e:\qmacvisual(cv3)\qplugins\geometrytools\fitellipse\x64\release\baseitem.obj
e:\qmacvisual(cv3)\qplugins\geometrytools\fitellipse\x64\release\qgraphicsscenes.obj
e:\qmacvisual(cv3)\qplugins\geometrytools\fitellipse\x64\release\fitellipse.obj
e:\qmacvisual(cv3)\qplugins\geometrytools\fitellipse\x64\release\moc_frmfitellipse.obj
e:\qmacvisual(cv3)\qplugins\geometrytools\fitellipse\x64\release\moc_mytitlebar.obj
e:\qmacvisual(cv3)\qplugins\geometrytools\fitellipse\x64\release\moc_fitellipse.obj
e:\qmacvisual(cv3)\qplugins\geometrytools\fitellipse\x64\release\moc_toolnterface.obj
e:\qmacvisual(cv3)\qplugins\geometrytools\fitellipse\x64\release\moc_qgraphicsviews.obj
e:\qmacvisual(cv3)\qplugins\geometrytools\fitellipse\x64\release\moc_controlitem.obj
e:\qmacvisual(cv3)\qplugins\geometrytools\fitellipse\x64\release\moc_qtoolbase.obj
e:\qmacvisual(cv3)\qplugins\geometrytools\fitellipse\x64\release\moc_qgraphicsscenes.obj
e:\qmacvisual(cv3)\qplugins\geometrytools\fitellipse\x64\release\moc_baseitem.obj
e:\qmacvisual(cv3)\qplugins\geometrytools\fitellipse\x64\release\moc_imageitem.obj
e:\qmacvisual(cv3)\qplugins\geometrytools\fitellipse\x64\release\uic\ui_frmfitellipse.h
e:\qmacvisual(cv3)\qplugins\geometrytools\fitellipse\x64\release\rcc\qrc_sub_res.cpp
e:\qmacvisual(cv3)\qplugins\geometrytools\fitellipse\x64\release\moc\moc_toolnterface.cpp
e:\qmacvisual(cv3)\qplugins\geometrytools\fitellipse\x64\release\moc\moc_qtoolbase.cpp
e:\qmacvisual(cv3)\qplugins\geometrytools\fitellipse\x64\release\moc\moc_mytitlebar.cpp
e:\qmacvisual(cv3)\qplugins\geometrytools\fitellipse\x64\release\moc\moc_frmfitellipse.cpp
e:\qmacvisual(cv3)\qplugins\geometrytools\fitellipse\x64\release\moc\moc_qgraphicsviews.cpp
e:\qmacvisual(cv3)\qplugins\geometrytools\fitellipse\x64\release\moc\moc_qgraphicsscenes.cpp
e:\qmacvisual(cv3)\qplugins\geometrytools\fitellipse\x64\release\moc\moc_imageitem.cpp
e:\qmacvisual(cv3)\qplugins\geometrytools\fitellipse\x64\release\moc\moc_baseitem.cpp
e:\qmacvisual(cv3)\qplugins\geometrytools\fitellipse\x64\release\moc\moc_controlitem.cpp
e:\qmacvisual(cv3)\qplugins\geometrytools\fitellipse\x64\release\moc\moc_fitellipse.cpp
e:\qmacvisual(cv3)\qsoftexe\release\plugins\fitellipse.lib
e:\qmacvisual(cv3)\qsoftexe\release\plugins\fitellipse.exp
e:\qmacvisual(cv3)\qsoftexe\release\plugins\fitellipse.dll
e:\qmacvisual(cv3)\qplugins\geometrytools\fitellipse\x64\release\fitellipse.tlog\cl.command.1.tlog
e:\qmacvisual(cv3)\qplugins\geometrytools\fitellipse\x64\release\fitellipse.tlog\cl.read.1.tlog
e:\qmacvisual(cv3)\qplugins\geometrytools\fitellipse\x64\release\fitellipse.tlog\cl.write.1.tlog
e:\qmacvisual(cv3)\qplugins\geometrytools\fitellipse\x64\release\fitellipse.tlog\fitellipse.write.1u.tlog
e:\qmacvisual(cv3)\qplugins\geometrytools\fitellipse\x64\release\fitellipse.tlog\link.command.1.tlog
e:\qmacvisual(cv3)\qplugins\geometrytools\fitellipse\x64\release\fitellipse.tlog\link.read.1.tlog
e:\qmacvisual(cv3)\qplugins\geometrytools\fitellipse\x64\release\fitellipse.tlog\link.write.1.tlog
e:\qmacvisual(cv3)\qplugins\geometrytools\fitellipse\x64\release\fitellipse.tlog\moc.read.1u.tlog
e:\qmacvisual(cv3)\qplugins\geometrytools\fitellipse\x64\release\fitellipse.tlog\moc.write.1u.tlog
e:\qmacvisual(cv3)\qplugins\geometrytools\fitellipse\x64\release\fitellipse.tlog\rcc.read.1u.tlog
e:\qmacvisual(cv3)\qplugins\geometrytools\fitellipse\x64\release\fitellipse.tlog\rcc.write.1u.tlog
e:\qmacvisual(cv3)\qplugins\geometrytools\fitellipse\x64\release\fitellipse.tlog\uic.read.1u.tlog
e:\qmacvisual(cv3)\qplugins\geometrytools\fitellipse\x64\release\fitellipse.tlog\uic.write.1u.tlog
