e:\qmacvisual(cv3)\qplugins\geometrymeasure\pointpoint\x64\debug\vc142.pdb
e:\qmacvisual(cv3)\qplugins\geometrymeasure\pointpoint\x64\debug\qrc_sub_res.obj
e:\qmacvisual(cv3)\qplugins\geometrymeasure\pointpoint\x64\debug\qgraphicsviews.obj
e:\qmacvisual(cv3)\qplugins\geometrymeasure\pointpoint\x64\debug\frmpointpoint.obj
e:\qmacvisual(cv3)\qplugins\geometrymeasure\pointpoint\x64\debug\mytitlebar.obj
e:\qmacvisual(cv3)\qplugins\geometrymeasure\pointpoint\x64\debug\controlitem.obj
e:\qmacvisual(cv3)\qplugins\geometrymeasure\pointpoint\x64\debug\baseitem.obj
e:\qmacvisual(cv3)\qplugins\geometrymeasure\pointpoint\x64\debug\toolnterface.obj
e:\qmacvisual(cv3)\qplugins\geometrymeasure\pointpoint\x64\debug\qgraphicsscenes.obj
e:\qmacvisual(cv3)\qplugins\geometrymeasure\pointpoint\x64\debug\pointpoint.obj
e:\qmacvisual(cv3)\qplugins\geometrymeasure\pointpoint\x64\debug\imageitem.obj
e:\qmacvisual(cv3)\qplugins\geometrymeasure\pointpoint\x64\debug\moc_baseitem.obj
e:\qmacvisual(cv3)\qplugins\geometrymeasure\pointpoint\x64\debug\moc_imageitem.obj
e:\qmacvisual(cv3)\qplugins\geometrymeasure\pointpoint\x64\debug\moc_qgraphicsviews.obj
e:\qmacvisual(cv3)\qplugins\geometrymeasure\pointpoint\x64\debug\moc_mytitlebar.obj
e:\qmacvisual(cv3)\qplugins\geometrymeasure\pointpoint\x64\debug\moc_pointpoint.obj
e:\qmacvisual(cv3)\qplugins\geometrymeasure\pointpoint\x64\debug\moc_frmpointpoint.obj
e:\qmacvisual(cv3)\qplugins\geometrymeasure\pointpoint\x64\debug\moc_toolnterface.obj
e:\qmacvisual(cv3)\qplugins\geometrymeasure\pointpoint\x64\debug\moc_qgraphicsscenes.obj
e:\qmacvisual(cv3)\qplugins\geometrymeasure\pointpoint\x64\debug\moc_controlitem.obj
e:\qmacvisual(cv3)\qplugins\geometrymeasure\pointpoint\x64\debug\moc_qtoolbase.obj
e:\qmacvisual(cv3)\qsoftexe\debug\plugins\pointpoint.ilk
e:\qmacvisual(cv3)\qsoftexe\debug\plugins\pointpoint.dll
e:\qmacvisual(cv3)\qsoftexe\debug\plugins\pointpoint.pdb
e:\qmacvisual(cv3)\qplugins\geometrymeasure\pointpoint\x64\debug\moc\moc_qtoolbase.cpp
e:\qmacvisual(cv3)\qplugins\geometrymeasure\pointpoint\x64\debug\moc\moc_toolnterface.cpp
e:\qmacvisual(cv3)\qplugins\geometrymeasure\pointpoint\x64\debug\moc\moc_frmpointpoint.cpp
e:\qmacvisual(cv3)\qplugins\geometrymeasure\pointpoint\x64\debug\moc\moc_imageitem.cpp
e:\qmacvisual(cv3)\qplugins\geometrymeasure\pointpoint\x64\debug\moc\moc_mytitlebar.cpp
e:\qmacvisual(cv3)\qplugins\geometrymeasure\pointpoint\x64\debug\moc\moc_qgraphicsviews.cpp
e:\qmacvisual(cv3)\qplugins\geometrymeasure\pointpoint\x64\debug\moc\moc_qgraphicsscenes.cpp
e:\qmacvisual(cv3)\qplugins\geometrymeasure\pointpoint\x64\debug\moc\moc_baseitem.cpp
e:\qmacvisual(cv3)\qplugins\geometrymeasure\pointpoint\x64\debug\moc\moc_controlitem.cpp
e:\qmacvisual(cv3)\qplugins\geometrymeasure\pointpoint\x64\debug\moc\moc_pointpoint.cpp
e:\qmacvisual(cv3)\qplugins\geometrymeasure\pointpoint\x64\debug\uic\ui_frmpointpoint.h
e:\qmacvisual(cv3)\qplugins\geometrymeasure\pointpoint\x64\debug\rcc\qrc_sub_res.cpp
e:\qmacvisual(cv3)\qsoftexe\debug\plugins\pointpoint.lib
e:\qmacvisual(cv3)\qsoftexe\debug\plugins\pointpoint.exp
e:\qmacvisual(cv3)\qplugins\geometrymeasure\pointpoint\x64\debug\pointpoint.tlog\cl.command.1.tlog
e:\qmacvisual(cv3)\qplugins\geometrymeasure\pointpoint\x64\debug\pointpoint.tlog\cl.read.1.tlog
e:\qmacvisual(cv3)\qplugins\geometrymeasure\pointpoint\x64\debug\pointpoint.tlog\cl.write.1.tlog
e:\qmacvisual(cv3)\qplugins\geometrymeasure\pointpoint\x64\debug\pointpoint.tlog\link.command.1.tlog
e:\qmacvisual(cv3)\qplugins\geometrymeasure\pointpoint\x64\debug\pointpoint.tlog\link.read.1.tlog
e:\qmacvisual(cv3)\qplugins\geometrymeasure\pointpoint\x64\debug\pointpoint.tlog\link.write.1.tlog
e:\qmacvisual(cv3)\qplugins\geometrymeasure\pointpoint\x64\debug\pointpoint.tlog\moc.read.1u.tlog
e:\qmacvisual(cv3)\qplugins\geometrymeasure\pointpoint\x64\debug\pointpoint.tlog\moc.write.1u.tlog
e:\qmacvisual(cv3)\qplugins\geometrymeasure\pointpoint\x64\debug\pointpoint.tlog\pointpoint.write.1u.tlog
e:\qmacvisual(cv3)\qplugins\geometrymeasure\pointpoint\x64\debug\pointpoint.tlog\rcc.read.1u.tlog
e:\qmacvisual(cv3)\qplugins\geometrymeasure\pointpoint\x64\debug\pointpoint.tlog\rcc.write.1u.tlog
e:\qmacvisual(cv3)\qplugins\geometrymeasure\pointpoint\x64\debug\pointpoint.tlog\uic.read.1u.tlog
e:\qmacvisual(cv3)\qplugins\geometrymeasure\pointpoint\x64\debug\pointpoint.tlog\uic.write.1u.tlog
