e:\qmacvisual(cv3)\qplugins\imageprocess\imagemorphology\x64\release\qrc_sub_res.obj
e:\qmacvisual(cv3)\qplugins\imageprocess\imagemorphology\x64\release\controlitem.obj
e:\qmacvisual(cv3)\qplugins\imageprocess\imagemorphology\x64\release\baseitem.obj
e:\qmacvisual(cv3)\qplugins\imageprocess\imagemorphology\x64\release\frmimagemorphology.obj
e:\qmacvisual(cv3)\qplugins\imageprocess\imagemorphology\x64\release\qgraphicsscenes.obj
e:\qmacvisual(cv3)\qplugins\imageprocess\imagemorphology\x64\release\imagemorphology.obj
e:\qmacvisual(cv3)\qplugins\imageprocess\imagemorphology\x64\release\imageitem.obj
e:\qmacvisual(cv3)\qplugins\imageprocess\imagemorphology\x64\release\qgraphicsviews.obj
e:\qmacvisual(cv3)\qplugins\imageprocess\imagemorphology\x64\release\toolnterface.obj
e:\qmacvisual(cv3)\qplugins\imageprocess\imagemorphology\x64\release\mytitlebar.obj
e:\qmacvisual(cv3)\qplugins\imageprocess\imagemorphology\x64\release\moc_toolnterface.obj
e:\qmacvisual(cv3)\qplugins\imageprocess\imagemorphology\x64\release\moc_mytitlebar.obj
e:\qmacvisual(cv3)\qplugins\imageprocess\imagemorphology\x64\release\moc_imagemorphology.obj
e:\qmacvisual(cv3)\qplugins\imageprocess\imagemorphology\x64\release\moc_frmimagemorphology.obj
e:\qmacvisual(cv3)\qplugins\imageprocess\imagemorphology\x64\release\moc_qgraphicsviews.obj
e:\qmacvisual(cv3)\qplugins\imageprocess\imagemorphology\x64\release\moc_baseitem.obj
e:\qmacvisual(cv3)\qplugins\imageprocess\imagemorphology\x64\release\moc_imageitem.obj
e:\qmacvisual(cv3)\qplugins\imageprocess\imagemorphology\x64\release\moc_qgraphicsscenes.obj
e:\qmacvisual(cv3)\qplugins\imageprocess\imagemorphology\x64\release\moc_controlitem.obj
e:\qmacvisual(cv3)\qplugins\imageprocess\imagemorphology\x64\release\moc_qtoolbase.obj
e:\qmacvisual(cv3)\qplugins\imageprocess\imagemorphology\x64\release\uic\ui_frmimagemorphology.h
e:\qmacvisual(cv3)\qplugins\imageprocess\imagemorphology\x64\release\rcc\qrc_sub_res.cpp
e:\qmacvisual(cv3)\qplugins\imageprocess\imagemorphology\x64\release\moc\moc_qtoolbase.cpp
e:\qmacvisual(cv3)\qplugins\imageprocess\imagemorphology\x64\release\moc\moc_toolnterface.cpp
e:\qmacvisual(cv3)\qplugins\imageprocess\imagemorphology\x64\release\moc\moc_frmimagemorphology.cpp
e:\qmacvisual(cv3)\qplugins\imageprocess\imagemorphology\x64\release\moc\moc_imageitem.cpp
e:\qmacvisual(cv3)\qplugins\imageprocess\imagemorphology\x64\release\moc\moc_mytitlebar.cpp
e:\qmacvisual(cv3)\qplugins\imageprocess\imagemorphology\x64\release\moc\moc_qgraphicsviews.cpp
e:\qmacvisual(cv3)\qplugins\imageprocess\imagemorphology\x64\release\moc\moc_qgraphicsscenes.cpp
e:\qmacvisual(cv3)\qplugins\imageprocess\imagemorphology\x64\release\moc\moc_baseitem.cpp
e:\qmacvisual(cv3)\qplugins\imageprocess\imagemorphology\x64\release\moc\moc_controlitem.cpp
e:\qmacvisual(cv3)\qplugins\imageprocess\imagemorphology\x64\release\moc\moc_imagemorphology.cpp
e:\qmacvisual(cv3)\qsoftexe\release\plugins\imagemorphology.lib
e:\qmacvisual(cv3)\qsoftexe\release\plugins\imagemorphology.exp
e:\qmacvisual(cv3)\qsoftexe\release\plugins\imagemorphology.dll
e:\qmacvisual(cv3)\qplugins\imageprocess\imagemorphology\x64\release\imagemorphology.tlog\cl.command.1.tlog
e:\qmacvisual(cv3)\qplugins\imageprocess\imagemorphology\x64\release\imagemorphology.tlog\cl.read.1.tlog
e:\qmacvisual(cv3)\qplugins\imageprocess\imagemorphology\x64\release\imagemorphology.tlog\cl.write.1.tlog
e:\qmacvisual(cv3)\qplugins\imageprocess\imagemorphology\x64\release\imagemorphology.tlog\imagemorphology.write.1u.tlog
e:\qmacvisual(cv3)\qplugins\imageprocess\imagemorphology\x64\release\imagemorphology.tlog\link.command.1.tlog
e:\qmacvisual(cv3)\qplugins\imageprocess\imagemorphology\x64\release\imagemorphology.tlog\link.read.1.tlog
e:\qmacvisual(cv3)\qplugins\imageprocess\imagemorphology\x64\release\imagemorphology.tlog\link.write.1.tlog
e:\qmacvisual(cv3)\qplugins\imageprocess\imagemorphology\x64\release\imagemorphology.tlog\moc.read.1u.tlog
e:\qmacvisual(cv3)\qplugins\imageprocess\imagemorphology\x64\release\imagemorphology.tlog\moc.write.1u.tlog
e:\qmacvisual(cv3)\qplugins\imageprocess\imagemorphology\x64\release\imagemorphology.tlog\rcc.read.1u.tlog
e:\qmacvisual(cv3)\qplugins\imageprocess\imagemorphology\x64\release\imagemorphology.tlog\rcc.write.1u.tlog
e:\qmacvisual(cv3)\qplugins\imageprocess\imagemorphology\x64\release\imagemorphology.tlog\uic.read.1u.tlog
e:\qmacvisual(cv3)\qplugins\imageprocess\imagemorphology\x64\release\imagemorphology.tlog\uic.write.1u.tlog
