e:\qmacvisual(cv3)\qplugins\geometrytools\getcontourpoints\x64\debug\vc142.pdb
e:\qmacvisual(cv3)\qplugins\geometrytools\getcontourpoints\x64\debug\qrc_sub_res.obj
e:\qmacvisual(cv3)\qplugins\geometrytools\getcontourpoints\x64\debug\controlitem.obj
e:\qmacvisual(cv3)\qplugins\geometrytools\getcontourpoints\x64\debug\getcontourpoints.obj
e:\qmacvisual(cv3)\qplugins\geometrytools\getcontourpoints\x64\debug\toolnterface.obj
e:\qmacvisual(cv3)\qplugins\geometrytools\getcontourpoints\x64\debug\frmgetcontourpoints.obj
e:\qmacvisual(cv3)\qplugins\geometrytools\getcontourpoints\x64\debug\imageitem.obj
e:\qmacvisual(cv3)\qplugins\geometrytools\getcontourpoints\x64\debug\qgraphicsviews.obj
e:\qmacvisual(cv3)\qplugins\geometrytools\getcontourpoints\x64\debug\qgraphicsscenes.obj
e:\qmacvisual(cv3)\qplugins\geometrytools\getcontourpoints\x64\debug\mytitlebar.obj
e:\qmacvisual(cv3)\qplugins\geometrytools\getcontourpoints\x64\debug\baseitem.obj
e:\qmacvisual(cv3)\qplugins\geometrytools\getcontourpoints\x64\debug\moc_mytitlebar.obj
e:\qmacvisual(cv3)\qplugins\geometrytools\getcontourpoints\x64\debug\moc_frmgetcontourpoints.obj
e:\qmacvisual(cv3)\qplugins\geometrytools\getcontourpoints\x64\debug\moc_imageitem.obj
e:\qmacvisual(cv3)\qplugins\geometrytools\getcontourpoints\x64\debug\moc_qgraphicsviews.obj
e:\qmacvisual(cv3)\qplugins\geometrytools\getcontourpoints\x64\debug\moc_qtoolbase.obj
e:\qmacvisual(cv3)\qplugins\geometrytools\getcontourpoints\x64\debug\moc_baseitem.obj
e:\qmacvisual(cv3)\qplugins\geometrytools\getcontourpoints\x64\debug\moc_controlitem.obj
e:\qmacvisual(cv3)\qplugins\geometrytools\getcontourpoints\x64\debug\moc_getcontourpoints.obj
e:\qmacvisual(cv3)\qplugins\geometrytools\getcontourpoints\x64\debug\moc_qgraphicsscenes.obj
e:\qmacvisual(cv3)\qplugins\geometrytools\getcontourpoints\x64\debug\moc_toolnterface.obj
e:\qmacvisual(cv3)\qplugins\geometrytools\getcontourpoints\x64\debug\uic\ui_frmgetcontourpoints.h
e:\qmacvisual(cv3)\qplugins\geometrytools\getcontourpoints\x64\debug\rcc\qrc_sub_res.cpp
e:\qmacvisual(cv3)\qplugins\geometrytools\getcontourpoints\x64\debug\moc\moc_toolnterface.cpp
e:\qmacvisual(cv3)\qplugins\geometrytools\getcontourpoints\x64\debug\moc\moc_qtoolbase.cpp
e:\qmacvisual(cv3)\qplugins\geometrytools\getcontourpoints\x64\debug\moc\moc_mytitlebar.cpp
e:\qmacvisual(cv3)\qplugins\geometrytools\getcontourpoints\x64\debug\moc\moc_qgraphicsviews.cpp
e:\qmacvisual(cv3)\qplugins\geometrytools\getcontourpoints\x64\debug\moc\moc_qgraphicsscenes.cpp
e:\qmacvisual(cv3)\qplugins\geometrytools\getcontourpoints\x64\debug\moc\moc_imageitem.cpp
e:\qmacvisual(cv3)\qplugins\geometrytools\getcontourpoints\x64\debug\moc\moc_baseitem.cpp
e:\qmacvisual(cv3)\qplugins\geometrytools\getcontourpoints\x64\debug\moc\moc_controlitem.cpp
e:\qmacvisual(cv3)\qplugins\geometrytools\getcontourpoints\x64\debug\moc\moc_frmgetcontourpoints.cpp
e:\qmacvisual(cv3)\qplugins\geometrytools\getcontourpoints\x64\debug\moc\moc_getcontourpoints.cpp
e:\qmacvisual(cv3)\qsoftexe\debug\plugins\getcontourpoints.lib
e:\qmacvisual(cv3)\qsoftexe\debug\plugins\getcontourpoints.exp
e:\qmacvisual(cv3)\qsoftexe\debug\plugins\getcontourpoints.ilk
e:\qmacvisual(cv3)\qsoftexe\debug\plugins\getcontourpoints.dll
e:\qmacvisual(cv3)\qsoftexe\debug\plugins\getcontourpoints.pdb
e:\qmacvisual(cv3)\qplugins\geometrytools\getcontourpoints\x64\debug\getcontourpoints.tlog\cl.command.1.tlog
e:\qmacvisual(cv3)\qplugins\geometrytools\getcontourpoints\x64\debug\getcontourpoints.tlog\cl.read.1.tlog
e:\qmacvisual(cv3)\qplugins\geometrytools\getcontourpoints\x64\debug\getcontourpoints.tlog\cl.write.1.tlog
e:\qmacvisual(cv3)\qplugins\geometrytools\getcontourpoints\x64\debug\getcontourpoints.tlog\getcontourpoints.write.1u.tlog
e:\qmacvisual(cv3)\qplugins\geometrytools\getcontourpoints\x64\debug\getcontourpoints.tlog\link.command.1.tlog
e:\qmacvisual(cv3)\qplugins\geometrytools\getcontourpoints\x64\debug\getcontourpoints.tlog\link.read.1.tlog
e:\qmacvisual(cv3)\qplugins\geometrytools\getcontourpoints\x64\debug\getcontourpoints.tlog\link.write.1.tlog
e:\qmacvisual(cv3)\qplugins\geometrytools\getcontourpoints\x64\debug\getcontourpoints.tlog\moc.read.1u.tlog
e:\qmacvisual(cv3)\qplugins\geometrytools\getcontourpoints\x64\debug\getcontourpoints.tlog\moc.write.1u.tlog
e:\qmacvisual(cv3)\qplugins\geometrytools\getcontourpoints\x64\debug\getcontourpoints.tlog\rcc.read.1u.tlog
e:\qmacvisual(cv3)\qplugins\geometrytools\getcontourpoints\x64\debug\getcontourpoints.tlog\rcc.write.1u.tlog
e:\qmacvisual(cv3)\qplugins\geometrytools\getcontourpoints\x64\debug\getcontourpoints.tlog\uic.read.1u.tlog
e:\qmacvisual(cv3)\qplugins\geometrytools\getcontourpoints\x64\debug\getcontourpoints.tlog\uic.write.1u.tlog
