e:\qmacvisual(cv3)\qplugins\logicaltools\logicjudge\x64\debug\vc142.pdb
e:\qmacvisual(cv3)\qplugins\logicaltools\logicjudge\x64\debug\qrc_sub_res.obj
e:\qmacvisual(cv3)\qplugins\logicaltools\logicjudge\x64\debug\frmlogicjudge.obj
e:\qmacvisual(cv3)\qplugins\logicaltools\logicjudge\x64\debug\toolnterface.obj
e:\qmacvisual(cv3)\qplugins\logicaltools\logicjudge\x64\debug\logicjudge.obj
e:\qmacvisual(cv3)\qplugins\logicaltools\logicjudge\x64\debug\mytitlebar.obj
e:\qmacvisual(cv3)\qplugins\logicaltools\logicjudge\x64\debug\moc_qtoolbase.obj
e:\qmacvisual(cv3)\qplugins\logicaltools\logicjudge\x64\debug\moc_mytitlebar.obj
e:\qmacvisual(cv3)\qplugins\logicaltools\logicjudge\x64\debug\moc_toolnterface.obj
e:\qmacvisual(cv3)\qplugins\logicaltools\logicjudge\x64\debug\moc_frmlogicjudge.obj
e:\qmacvisual(cv3)\qplugins\logicaltools\logicjudge\x64\debug\moc_logicjudge.obj
e:\qmacvisual(cv3)\qsoftexe\debug\plugins\logicjudge.ilk
e:\qmacvisual(cv3)\qsoftexe\debug\plugins\logicjudge.dll
e:\qmacvisual(cv3)\qsoftexe\debug\plugins\logicjudge.pdb
e:\qmacvisual(cv3)\qplugins\logicaltools\logicjudge\x64\debug\uic\ui_frmlogicjudge.h
e:\qmacvisual(cv3)\qplugins\logicaltools\logicjudge\x64\debug\rcc\qrc_sub_res.cpp
e:\qmacvisual(cv3)\qplugins\logicaltools\logicjudge\x64\debug\moc\moc_qtoolbase.cpp
e:\qmacvisual(cv3)\qplugins\logicaltools\logicjudge\x64\debug\moc\moc_toolnterface.cpp
e:\qmacvisual(cv3)\qplugins\logicaltools\logicjudge\x64\debug\moc\moc_frmlogicjudge.cpp
e:\qmacvisual(cv3)\qplugins\logicaltools\logicjudge\x64\debug\moc\moc_mytitlebar.cpp
e:\qmacvisual(cv3)\qplugins\logicaltools\logicjudge\x64\debug\moc\moc_logicjudge.cpp
e:\qmacvisual(cv3)\qsoftexe\debug\plugins\logicjudge.lib
e:\qmacvisual(cv3)\qsoftexe\debug\plugins\logicjudge.exp
e:\qmacvisual(cv3)\qplugins\logicaltools\logicjudge\x64\debug\logicjudge.tlog\cl.command.1.tlog
e:\qmacvisual(cv3)\qplugins\logicaltools\logicjudge\x64\debug\logicjudge.tlog\cl.read.1.tlog
e:\qmacvisual(cv3)\qplugins\logicaltools\logicjudge\x64\debug\logicjudge.tlog\cl.write.1.tlog
e:\qmacvisual(cv3)\qplugins\logicaltools\logicjudge\x64\debug\logicjudge.tlog\link.command.1.tlog
e:\qmacvisual(cv3)\qplugins\logicaltools\logicjudge\x64\debug\logicjudge.tlog\link.read.1.tlog
e:\qmacvisual(cv3)\qplugins\logicaltools\logicjudge\x64\debug\logicjudge.tlog\link.write.1.tlog
e:\qmacvisual(cv3)\qplugins\logicaltools\logicjudge\x64\debug\logicjudge.tlog\logicjudge.write.1u.tlog
e:\qmacvisual(cv3)\qplugins\logicaltools\logicjudge\x64\debug\logicjudge.tlog\moc.read.1u.tlog
e:\qmacvisual(cv3)\qplugins\logicaltools\logicjudge\x64\debug\logicjudge.tlog\moc.write.1u.tlog
e:\qmacvisual(cv3)\qplugins\logicaltools\logicjudge\x64\debug\logicjudge.tlog\rcc.read.1u.tlog
e:\qmacvisual(cv3)\qplugins\logicaltools\logicjudge\x64\debug\logicjudge.tlog\rcc.write.1u.tlog
e:\qmacvisual(cv3)\qplugins\logicaltools\logicjudge\x64\debug\logicjudge.tlog\uic.read.1u.tlog
e:\qmacvisual(cv3)\qplugins\logicaltools\logicjudge\x64\debug\logicjudge.tlog\uic.write.1u.tlog
