e:\qmacvisual(cv3)\qplugins\geometrymeasure\pointline\x64\debug\vc142.pdb
e:\qmacvisual(cv3)\qplugins\geometrymeasure\pointline\x64\debug\qrc_sub_res.obj
e:\qmacvisual(cv3)\qplugins\geometrymeasure\pointline\x64\debug\toolnterface.obj
e:\qmacvisual(cv3)\qplugins\geometrymeasure\pointline\x64\debug\qgraphicsviews.obj
e:\qmacvisual(cv3)\qplugins\geometrymeasure\pointline\x64\debug\qgraphicsscenes.obj
e:\qmacvisual(cv3)\qplugins\geometrymeasure\pointline\x64\debug\imageitem.obj
e:\qmacvisual(cv3)\qplugins\geometrymeasure\pointline\x64\debug\pointline.obj
e:\qmacvisual(cv3)\qplugins\geometrymeasure\pointline\x64\debug\mytitlebar.obj
e:\qmacvisual(cv3)\qplugins\geometrymeasure\pointline\x64\debug\baseitem.obj
e:\qmacvisual(cv3)\qplugins\geometrymeasure\pointline\x64\debug\controlitem.obj
e:\qmacvisual(cv3)\qplugins\geometrymeasure\pointline\x64\debug\frmpointline.obj
e:\qmacvisual(cv3)\qplugins\geometrymeasure\pointline\x64\debug\moc_imageitem.obj
e:\qmacvisual(cv3)\qplugins\geometrymeasure\pointline\x64\debug\moc_qgraphicsviews.obj
e:\qmacvisual(cv3)\qplugins\geometrymeasure\pointline\x64\debug\moc_mytitlebar.obj
e:\qmacvisual(cv3)\qplugins\geometrymeasure\pointline\x64\debug\moc_controlitem.obj
e:\qmacvisual(cv3)\qplugins\geometrymeasure\pointline\x64\debug\moc_frmpointline.obj
e:\qmacvisual(cv3)\qplugins\geometrymeasure\pointline\x64\debug\moc_toolnterface.obj
e:\qmacvisual(cv3)\qplugins\geometrymeasure\pointline\x64\debug\moc_qtoolbase.obj
e:\qmacvisual(cv3)\qplugins\geometrymeasure\pointline\x64\debug\moc_baseitem.obj
e:\qmacvisual(cv3)\qplugins\geometrymeasure\pointline\x64\debug\moc_qgraphicsscenes.obj
e:\qmacvisual(cv3)\qplugins\geometrymeasure\pointline\x64\debug\moc_pointline.obj
e:\qmacvisual(cv3)\qsoftexe\debug\plugins\pointline.ilk
e:\qmacvisual(cv3)\qsoftexe\debug\plugins\pointline.dll
e:\qmacvisual(cv3)\qsoftexe\debug\plugins\pointline.pdb
e:\qmacvisual(cv3)\qplugins\geometrymeasure\pointline\x64\debug\moc\moc_toolnterface.cpp
e:\qmacvisual(cv3)\qplugins\geometrymeasure\pointline\x64\debug\moc\moc_qtoolbase.cpp
e:\qmacvisual(cv3)\qplugins\geometrymeasure\pointline\x64\debug\moc\moc_qgraphicsviews.cpp
e:\qmacvisual(cv3)\qplugins\geometrymeasure\pointline\x64\debug\moc\moc_qgraphicsscenes.cpp
e:\qmacvisual(cv3)\qplugins\geometrymeasure\pointline\x64\debug\moc\moc_baseitem.cpp
e:\qmacvisual(cv3)\qplugins\geometrymeasure\pointline\x64\debug\moc\moc_controlitem.cpp
e:\qmacvisual(cv3)\qplugins\geometrymeasure\pointline\x64\debug\moc\moc_imageitem.cpp
e:\qmacvisual(cv3)\qplugins\geometrymeasure\pointline\x64\debug\moc\moc_frmpointline.cpp
e:\qmacvisual(cv3)\qplugins\geometrymeasure\pointline\x64\debug\moc\moc_mytitlebar.cpp
e:\qmacvisual(cv3)\qplugins\geometrymeasure\pointline\x64\debug\moc\moc_pointline.cpp
e:\qmacvisual(cv3)\qplugins\geometrymeasure\pointline\x64\debug\uic\ui_frmpointline.h
e:\qmacvisual(cv3)\qplugins\geometrymeasure\pointline\x64\debug\rcc\qrc_sub_res.cpp
e:\qmacvisual(cv3)\qsoftexe\debug\plugins\pointline.lib
e:\qmacvisual(cv3)\qsoftexe\debug\plugins\pointline.exp
e:\qmacvisual(cv3)\qplugins\geometrymeasure\pointline\x64\debug\pointline.tlog\cl.command.1.tlog
e:\qmacvisual(cv3)\qplugins\geometrymeasure\pointline\x64\debug\pointline.tlog\cl.read.1.tlog
e:\qmacvisual(cv3)\qplugins\geometrymeasure\pointline\x64\debug\pointline.tlog\cl.write.1.tlog
e:\qmacvisual(cv3)\qplugins\geometrymeasure\pointline\x64\debug\pointline.tlog\link.command.1.tlog
e:\qmacvisual(cv3)\qplugins\geometrymeasure\pointline\x64\debug\pointline.tlog\link.read.1.tlog
e:\qmacvisual(cv3)\qplugins\geometrymeasure\pointline\x64\debug\pointline.tlog\link.write.1.tlog
e:\qmacvisual(cv3)\qplugins\geometrymeasure\pointline\x64\debug\pointline.tlog\moc.read.1u.tlog
e:\qmacvisual(cv3)\qplugins\geometrymeasure\pointline\x64\debug\pointline.tlog\moc.write.1u.tlog
e:\qmacvisual(cv3)\qplugins\geometrymeasure\pointline\x64\debug\pointline.tlog\pointline.write.1u.tlog
e:\qmacvisual(cv3)\qplugins\geometrymeasure\pointline\x64\debug\pointline.tlog\rcc.read.1u.tlog
e:\qmacvisual(cv3)\qplugins\geometrymeasure\pointline\x64\debug\pointline.tlog\rcc.write.1u.tlog
e:\qmacvisual(cv3)\qplugins\geometrymeasure\pointline\x64\debug\pointline.tlog\uic.read.1u.tlog
e:\qmacvisual(cv3)\qplugins\geometrymeasure\pointline\x64\debug\pointline.tlog\uic.write.1u.tlog
