  Reading Qt configuration (C:/Qt/Qt5.12.12/5.12.12/msvc2017_64/bin/qmake)
  uic frmPointLine.ui
  rcc sub_res.qrc
  moc Toolnterface.h
  moc QToolBase.h
  moc QGraphicsViews.h
  moc QGraphicsScenes.h
  moc BaseItem.h
  moc ControlItem.h
  moc ImageItem.h
  moc frmPointLine.h
  moc mytitlebar.h
  moc PointLine.h
  frmPointLine.cpp
  mytitlebar.cpp
  QGraphicsScenes.cpp
  QGraphicsViews.cpp
  Toolnterface.cpp
  BaseItem.cpp
  ControlItem.cpp
  ImageItem.cpp
  PointLine.cpp
  qrc_sub_res.cpp
  moc_Toolnterface.cpp
  moc_QToolBase.cpp
  moc_QGraphicsViews.cpp
  moc_QGraphicsScenes.cpp
  moc_BaseItem.cpp
  moc_ControlItem.cpp
  moc_ImageItem.cpp
  moc_frmPointLine.cpp
  moc_mytitlebar.cpp
  moc_PointLine.cpp
    正在创建库 ../../../QSoftExe/Debug/Plugins/PointLine.lib 和对象 ../../../QSoftExe/Debug/Plugins/PointLine.exp
  PointLine.vcxproj -> E:\QMacVisual(CV3)\QSoftExe\Debug\Plugins\PointLine.dll
