e:\qmacvisual(cv3)\qplugins\geometrymeasure\linelinei\x64\debug\vc142.pdb
e:\qmacvisual(cv3)\qplugins\geometrymeasure\linelinei\x64\debug\qrc_sub_res.obj
e:\qmacvisual(cv3)\qplugins\geometrymeasure\linelinei\x64\debug\qgraphicsscenes.obj
e:\qmacvisual(cv3)\qplugins\geometrymeasure\linelinei\x64\debug\controlitem.obj
e:\qmacvisual(cv3)\qplugins\geometrymeasure\linelinei\x64\debug\mytitlebar.obj
e:\qmacvisual(cv3)\qplugins\geometrymeasure\linelinei\x64\debug\baseitem.obj
e:\qmacvisual(cv3)\qplugins\geometrymeasure\linelinei\x64\debug\imageitem.obj
e:\qmacvisual(cv3)\qplugins\geometrymeasure\linelinei\x64\debug\linelinei.obj
e:\qmacvisual(cv3)\qplugins\geometrymeasure\linelinei\x64\debug\toolnterface.obj
e:\qmacvisual(cv3)\qplugins\geometrymeasure\linelinei\x64\debug\frmlinelinei.obj
e:\qmacvisual(cv3)\qplugins\geometrymeasure\linelinei\x64\debug\qgraphicsviews.obj
e:\qmacvisual(cv3)\qplugins\geometrymeasure\linelinei\x64\debug\moc_baseitem.obj
e:\qmacvisual(cv3)\qplugins\geometrymeasure\linelinei\x64\debug\moc_qtoolbase.obj
e:\qmacvisual(cv3)\qplugins\geometrymeasure\linelinei\x64\debug\moc_qgraphicsviews.obj
e:\qmacvisual(cv3)\qplugins\geometrymeasure\linelinei\x64\debug\moc_toolnterface.obj
e:\qmacvisual(cv3)\qplugins\geometrymeasure\linelinei\x64\debug\moc_imageitem.obj
e:\qmacvisual(cv3)\qplugins\geometrymeasure\linelinei\x64\debug\moc_qgraphicsscenes.obj
e:\qmacvisual(cv3)\qplugins\geometrymeasure\linelinei\x64\debug\moc_linelinei.obj
e:\qmacvisual(cv3)\qplugins\geometrymeasure\linelinei\x64\debug\moc_mytitlebar.obj
e:\qmacvisual(cv3)\qplugins\geometrymeasure\linelinei\x64\debug\moc_frmlinelinei.obj
e:\qmacvisual(cv3)\qplugins\geometrymeasure\linelinei\x64\debug\moc_controlitem.obj
e:\qmacvisual(cv3)\qplugins\geometrymeasure\linelinei\x64\debug\uic\ui_frmlinelinei.h
e:\qmacvisual(cv3)\qplugins\geometrymeasure\linelinei\x64\debug\rcc\qrc_sub_res.cpp
e:\qmacvisual(cv3)\qplugins\geometrymeasure\linelinei\x64\debug\moc\moc_toolnterface.cpp
e:\qmacvisual(cv3)\qplugins\geometrymeasure\linelinei\x64\debug\moc\moc_qtoolbase.cpp
e:\qmacvisual(cv3)\qplugins\geometrymeasure\linelinei\x64\debug\moc\moc_mytitlebar.cpp
e:\qmacvisual(cv3)\qplugins\geometrymeasure\linelinei\x64\debug\moc\moc_qgraphicsviews.cpp
e:\qmacvisual(cv3)\qplugins\geometrymeasure\linelinei\x64\debug\moc\moc_qgraphicsscenes.cpp
e:\qmacvisual(cv3)\qplugins\geometrymeasure\linelinei\x64\debug\moc\moc_baseitem.cpp
e:\qmacvisual(cv3)\qplugins\geometrymeasure\linelinei\x64\debug\moc\moc_controlitem.cpp
e:\qmacvisual(cv3)\qplugins\geometrymeasure\linelinei\x64\debug\moc\moc_imageitem.cpp
e:\qmacvisual(cv3)\qplugins\geometrymeasure\linelinei\x64\debug\moc\moc_frmlinelinei.cpp
e:\qmacvisual(cv3)\qplugins\geometrymeasure\linelinei\x64\debug\moc\moc_linelinei.cpp
e:\qmacvisual(cv3)\qsoftexe\debug\plugins\linelinei.lib
e:\qmacvisual(cv3)\qsoftexe\debug\plugins\linelinei.exp
e:\qmacvisual(cv3)\qsoftexe\debug\plugins\linelinei.ilk
e:\qmacvisual(cv3)\qsoftexe\debug\plugins\linelinei.dll
e:\qmacvisual(cv3)\qsoftexe\debug\plugins\linelinei.pdb
e:\qmacvisual(cv3)\qplugins\geometrymeasure\linelinei\x64\debug\linelinei.tlog\cl.command.1.tlog
e:\qmacvisual(cv3)\qplugins\geometrymeasure\linelinei\x64\debug\linelinei.tlog\cl.read.1.tlog
e:\qmacvisual(cv3)\qplugins\geometrymeasure\linelinei\x64\debug\linelinei.tlog\cl.write.1.tlog
e:\qmacvisual(cv3)\qplugins\geometrymeasure\linelinei\x64\debug\linelinei.tlog\linelinei.write.1u.tlog
e:\qmacvisual(cv3)\qplugins\geometrymeasure\linelinei\x64\debug\linelinei.tlog\link.command.1.tlog
e:\qmacvisual(cv3)\qplugins\geometrymeasure\linelinei\x64\debug\linelinei.tlog\link.read.1.tlog
e:\qmacvisual(cv3)\qplugins\geometrymeasure\linelinei\x64\debug\linelinei.tlog\link.write.1.tlog
e:\qmacvisual(cv3)\qplugins\geometrymeasure\linelinei\x64\debug\linelinei.tlog\moc.read.1u.tlog
e:\qmacvisual(cv3)\qplugins\geometrymeasure\linelinei\x64\debug\linelinei.tlog\moc.write.1u.tlog
e:\qmacvisual(cv3)\qplugins\geometrymeasure\linelinei\x64\debug\linelinei.tlog\rcc.read.1u.tlog
e:\qmacvisual(cv3)\qplugins\geometrymeasure\linelinei\x64\debug\linelinei.tlog\rcc.write.1u.tlog
e:\qmacvisual(cv3)\qplugins\geometrymeasure\linelinei\x64\debug\linelinei.tlog\uic.read.1u.tlog
e:\qmacvisual(cv3)\qplugins\geometrymeasure\linelinei\x64\debug\linelinei.tlog\uic.write.1u.tlog
