e:\qmacvisual(cv3)\qplugins\imageprocess\perspectivetransform\x64\debug\vc142.pdb
e:\qmacvisual(cv3)\qplugins\imageprocess\perspectivetransform\x64\debug\qrc_sub_res.obj
e:\qmacvisual(cv3)\qplugins\imageprocess\perspectivetransform\x64\debug\qgraphicsscenes.obj
e:\qmacvisual(cv3)\qplugins\imageprocess\perspectivetransform\x64\debug\perspectivetransform.obj
e:\qmacvisual(cv3)\qplugins\imageprocess\perspectivetransform\x64\debug\imageitem.obj
e:\qmacvisual(cv3)\qplugins\imageprocess\perspectivetransform\x64\debug\frmperspectivetransform.obj
e:\qmacvisual(cv3)\qplugins\imageprocess\perspectivetransform\x64\debug\mytitlebar.obj
e:\qmacvisual(cv3)\qplugins\imageprocess\perspectivetransform\x64\debug\toolnterface.obj
e:\qmacvisual(cv3)\qplugins\imageprocess\perspectivetransform\x64\debug\baseitem.obj
e:\qmacvisual(cv3)\qplugins\imageprocess\perspectivetransform\x64\debug\controlitem.obj
e:\qmacvisual(cv3)\qplugins\imageprocess\perspectivetransform\x64\debug\qgraphicsviews.obj
e:\qmacvisual(cv3)\qplugins\imageprocess\perspectivetransform\x64\debug\moc_baseitem.obj
e:\qmacvisual(cv3)\qplugins\imageprocess\perspectivetransform\x64\debug\moc_mytitlebar.obj
e:\qmacvisual(cv3)\qplugins\imageprocess\perspectivetransform\x64\debug\moc_qgraphicsviews.obj
e:\qmacvisual(cv3)\qplugins\imageprocess\perspectivetransform\x64\debug\moc_perspectivetransform.obj
e:\qmacvisual(cv3)\qplugins\imageprocess\perspectivetransform\x64\debug\moc_controlitem.obj
e:\qmacvisual(cv3)\qplugins\imageprocess\perspectivetransform\x64\debug\moc_qtoolbase.obj
e:\qmacvisual(cv3)\qplugins\imageprocess\perspectivetransform\x64\debug\moc_qgraphicsscenes.obj
e:\qmacvisual(cv3)\qplugins\imageprocess\perspectivetransform\x64\debug\moc_toolnterface.obj
e:\qmacvisual(cv3)\qplugins\imageprocess\perspectivetransform\x64\debug\moc_frmperspectivetransform.obj
e:\qmacvisual(cv3)\qplugins\imageprocess\perspectivetransform\x64\debug\moc_imageitem.obj
e:\qmacvisual(cv3)\qsoftexe\debug\plugins\perspectivetransform.ilk
e:\qmacvisual(cv3)\qsoftexe\debug\plugins\perspectivetransform.dll
e:\qmacvisual(cv3)\qsoftexe\debug\plugins\perspectivetransform.pdb
e:\qmacvisual(cv3)\qplugins\imageprocess\perspectivetransform\x64\debug\moc\moc_toolnterface.cpp
e:\qmacvisual(cv3)\qplugins\imageprocess\perspectivetransform\x64\debug\moc\moc_qtoolbase.cpp
e:\qmacvisual(cv3)\qplugins\imageprocess\perspectivetransform\x64\debug\moc\moc_qgraphicsviews.cpp
e:\qmacvisual(cv3)\qplugins\imageprocess\perspectivetransform\x64\debug\moc\moc_qgraphicsscenes.cpp
e:\qmacvisual(cv3)\qplugins\imageprocess\perspectivetransform\x64\debug\moc\moc_baseitem.cpp
e:\qmacvisual(cv3)\qplugins\imageprocess\perspectivetransform\x64\debug\moc\moc_controlitem.cpp
e:\qmacvisual(cv3)\qplugins\imageprocess\perspectivetransform\x64\debug\moc\moc_imageitem.cpp
e:\qmacvisual(cv3)\qplugins\imageprocess\perspectivetransform\x64\debug\moc\moc_frmperspectivetransform.cpp
e:\qmacvisual(cv3)\qplugins\imageprocess\perspectivetransform\x64\debug\moc\moc_mytitlebar.cpp
e:\qmacvisual(cv3)\qplugins\imageprocess\perspectivetransform\x64\debug\moc\moc_perspectivetransform.cpp
e:\qmacvisual(cv3)\qplugins\imageprocess\perspectivetransform\x64\debug\uic\ui_frmperspectivetransform.h
e:\qmacvisual(cv3)\qplugins\imageprocess\perspectivetransform\x64\debug\rcc\qrc_sub_res.cpp
e:\qmacvisual(cv3)\qsoftexe\debug\plugins\perspectivetransform.lib
e:\qmacvisual(cv3)\qsoftexe\debug\plugins\perspectivetransform.exp
e:\qmacvisual(cv3)\qplugins\imageprocess\perspectivetransform\x64\debug\perspect.7b6d99d2.tlog\cl.command.1.tlog
e:\qmacvisual(cv3)\qplugins\imageprocess\perspectivetransform\x64\debug\perspect.7b6d99d2.tlog\cl.read.1.tlog
e:\qmacvisual(cv3)\qplugins\imageprocess\perspectivetransform\x64\debug\perspect.7b6d99d2.tlog\cl.write.1.tlog
e:\qmacvisual(cv3)\qplugins\imageprocess\perspectivetransform\x64\debug\perspect.7b6d99d2.tlog\link.command.1.tlog
e:\qmacvisual(cv3)\qplugins\imageprocess\perspectivetransform\x64\debug\perspect.7b6d99d2.tlog\link.read.1.tlog
e:\qmacvisual(cv3)\qplugins\imageprocess\perspectivetransform\x64\debug\perspect.7b6d99d2.tlog\link.write.1.tlog
e:\qmacvisual(cv3)\qplugins\imageprocess\perspectivetransform\x64\debug\perspect.7b6d99d2.tlog\moc.read.1u.tlog
e:\qmacvisual(cv3)\qplugins\imageprocess\perspectivetransform\x64\debug\perspect.7b6d99d2.tlog\moc.write.1u.tlog
e:\qmacvisual(cv3)\qplugins\imageprocess\perspectivetransform\x64\debug\perspect.7b6d99d2.tlog\perspectivetransform.write.1u.tlog
e:\qmacvisual(cv3)\qplugins\imageprocess\perspectivetransform\x64\debug\perspect.7b6d99d2.tlog\rcc.read.1u.tlog
e:\qmacvisual(cv3)\qplugins\imageprocess\perspectivetransform\x64\debug\perspect.7b6d99d2.tlog\rcc.write.1u.tlog
e:\qmacvisual(cv3)\qplugins\imageprocess\perspectivetransform\x64\debug\perspect.7b6d99d2.tlog\uic.read.1u.tlog
e:\qmacvisual(cv3)\qplugins\imageprocess\perspectivetransform\x64\debug\perspect.7b6d99d2.tlog\uic.write.1u.tlog
