e:\qmacvisual(cv3)\qplugins\geometrymeasure\edgewidthmeasure\x64\release\qrc_sub_res.obj
e:\qmacvisual(cv3)\qplugins\geometrymeasure\edgewidthmeasure\x64\release\mytitlebar.obj
e:\qmacvisual(cv3)\qplugins\geometrymeasure\edgewidthmeasure\x64\release\controlitem.obj
e:\qmacvisual(cv3)\qplugins\geometrymeasure\edgewidthmeasure\x64\release\qgraphicsviews.obj
e:\qmacvisual(cv3)\qplugins\geometrymeasure\edgewidthmeasure\x64\release\frmedgewidthmeasure.obj
e:\qmacvisual(cv3)\qplugins\geometrymeasure\edgewidthmeasure\x64\release\toolnterface.obj
e:\qmacvisual(cv3)\qplugins\geometrymeasure\edgewidthmeasure\x64\release\baseitem.obj
e:\qmacvisual(cv3)\qplugins\geometrymeasure\edgewidthmeasure\x64\release\imageitem.obj
e:\qmacvisual(cv3)\qplugins\geometrymeasure\edgewidthmeasure\x64\release\edgewidthmeasure.obj
e:\qmacvisual(cv3)\qplugins\geometrymeasure\edgewidthmeasure\x64\release\qgraphicsscenes.obj
e:\qmacvisual(cv3)\qplugins\geometrymeasure\edgewidthmeasure\x64\release\moc_toolnterface.obj
e:\qmacvisual(cv3)\qplugins\geometrymeasure\edgewidthmeasure\x64\release\moc_baseitem.obj
e:\qmacvisual(cv3)\qplugins\geometrymeasure\edgewidthmeasure\x64\release\moc_mytitlebar.obj
e:\qmacvisual(cv3)\qplugins\geometrymeasure\edgewidthmeasure\x64\release\moc_controlitem.obj
e:\qmacvisual(cv3)\qplugins\geometrymeasure\edgewidthmeasure\x64\release\moc_qgraphicsscenes.obj
e:\qmacvisual(cv3)\qplugins\geometrymeasure\edgewidthmeasure\x64\release\moc_qtoolbase.obj
e:\qmacvisual(cv3)\qplugins\geometrymeasure\edgewidthmeasure\x64\release\moc_imageitem.obj
e:\qmacvisual(cv3)\qplugins\geometrymeasure\edgewidthmeasure\x64\release\moc_edgewidthmeasure.obj
e:\qmacvisual(cv3)\qplugins\geometrymeasure\edgewidthmeasure\x64\release\moc_qgraphicsviews.obj
e:\qmacvisual(cv3)\qplugins\geometrymeasure\edgewidthmeasure\x64\release\moc_frmedgewidthmeasure.obj
e:\qmacvisual(cv3)\qsoftexe\release\plugins\z_edgewidthmeasure.dll
e:\qmacvisual(cv3)\qplugins\geometrymeasure\edgewidthmeasure\x64\release\moc\moc_toolnterface.cpp
e:\qmacvisual(cv3)\qplugins\geometrymeasure\edgewidthmeasure\x64\release\moc\moc_qtoolbase.cpp
e:\qmacvisual(cv3)\qplugins\geometrymeasure\edgewidthmeasure\x64\release\moc\moc_mytitlebar.cpp
e:\qmacvisual(cv3)\qplugins\geometrymeasure\edgewidthmeasure\x64\release\moc\moc_frmedgewidthmeasure.cpp
e:\qmacvisual(cv3)\qplugins\geometrymeasure\edgewidthmeasure\x64\release\moc\moc_qgraphicsviews.cpp
e:\qmacvisual(cv3)\qplugins\geometrymeasure\edgewidthmeasure\x64\release\moc\moc_qgraphicsscenes.cpp
e:\qmacvisual(cv3)\qplugins\geometrymeasure\edgewidthmeasure\x64\release\moc\moc_imageitem.cpp
e:\qmacvisual(cv3)\qplugins\geometrymeasure\edgewidthmeasure\x64\release\moc\moc_baseitem.cpp
e:\qmacvisual(cv3)\qplugins\geometrymeasure\edgewidthmeasure\x64\release\moc\moc_controlitem.cpp
e:\qmacvisual(cv3)\qplugins\geometrymeasure\edgewidthmeasure\x64\release\moc\moc_edgewidthmeasure.cpp
e:\qmacvisual(cv3)\qplugins\geometrymeasure\edgewidthmeasure\x64\release\rcc\qrc_sub_res.cpp
e:\qmacvisual(cv3)\qplugins\geometrymeasure\edgewidthmeasure\x64\release\uic\ui_frmedgewidthmeasure.h
e:\qmacvisual(cv3)\qsoftexe\release\plugins\z_edgewidthmeasure.lib
e:\qmacvisual(cv3)\qsoftexe\release\plugins\z_edgewidthmeasure.exp
e:\qmacvisual(cv3)\qplugins\geometrymeasure\edgewidthmeasure\x64\release\z_edgewi.98b6fd31.tlog\cl.command.1.tlog
e:\qmacvisual(cv3)\qplugins\geometrymeasure\edgewidthmeasure\x64\release\z_edgewi.98b6fd31.tlog\cl.read.1.tlog
e:\qmacvisual(cv3)\qplugins\geometrymeasure\edgewidthmeasure\x64\release\z_edgewi.98b6fd31.tlog\cl.write.1.tlog
e:\qmacvisual(cv3)\qplugins\geometrymeasure\edgewidthmeasure\x64\release\z_edgewi.98b6fd31.tlog\link.command.1.tlog
e:\qmacvisual(cv3)\qplugins\geometrymeasure\edgewidthmeasure\x64\release\z_edgewi.98b6fd31.tlog\link.read.1.tlog
e:\qmacvisual(cv3)\qplugins\geometrymeasure\edgewidthmeasure\x64\release\z_edgewi.98b6fd31.tlog\link.write.1.tlog
e:\qmacvisual(cv3)\qplugins\geometrymeasure\edgewidthmeasure\x64\release\z_edgewi.98b6fd31.tlog\moc.read.1u.tlog
e:\qmacvisual(cv3)\qplugins\geometrymeasure\edgewidthmeasure\x64\release\z_edgewi.98b6fd31.tlog\moc.write.1u.tlog
e:\qmacvisual(cv3)\qplugins\geometrymeasure\edgewidthmeasure\x64\release\z_edgewi.98b6fd31.tlog\rcc.read.1u.tlog
e:\qmacvisual(cv3)\qplugins\geometrymeasure\edgewidthmeasure\x64\release\z_edgewi.98b6fd31.tlog\rcc.write.1u.tlog
e:\qmacvisual(cv3)\qplugins\geometrymeasure\edgewidthmeasure\x64\release\z_edgewi.98b6fd31.tlog\uic.read.1u.tlog
e:\qmacvisual(cv3)\qplugins\geometrymeasure\edgewidthmeasure\x64\release\z_edgewi.98b6fd31.tlog\uic.write.1u.tlog
e:\qmacvisual(cv3)\qplugins\geometrymeasure\edgewidthmeasure\x64\release\z_edgewi.98b6fd31.tlog\z_edgewidthmeasure.write.1u.tlog
