  Reading Qt configuration (C:/Qt/Qt5.12.12/5.12.12/msvc2017_64/bin/qmake)
  uic frmEdgeWidthMeasure.ui
  rcc sub_res.qrc
  moc Toolnterface.h
  moc QToolBase.h
  moc mytitlebar.h
  moc frmEdgeWidthMeasure.h
  moc QGraphicsViews.h
  moc QGraphicsScenes.h
  moc ImageItem.h
  moc BaseItem.h
  moc ControlItem.h
  moc EdgeWidthMeasure.h
  frmEdgeWidthMeasure.cpp
  ImageItem.cpp
  mytitlebar.cpp
  QGraphicsScenes.cpp
  QGraphicsViews.cpp
  Toolnterface.cpp
  BaseItem.cpp
  ControlItem.cpp
  EdgeWidthMeasure.cpp
  qrc_sub_res.cpp
  moc_Toolnterface.cpp
  moc_QToolBase.cpp
  moc_mytitlebar.cpp
  moc_frmEdgeWidthMeasure.cpp
  moc_QGraphicsViews.cpp
  moc_QGraphicsScenes.cpp
  moc_ImageItem.cpp
  moc_BaseItem.cpp
  moc_ControlItem.cpp
  moc_EdgeWidthMeasure.cpp
    正在创建库 ../../../QSoftExe/Debug/Plugins/Z_EdgeWidthMeasure.lib 和对象 ../../../QSoftExe/Debug/Plugins/Z_EdgeWidthMeasure.exp
  Z_EdgeWidthMeasure.vcxproj -> E:\QMacVisual(CV3)\QSoftExe\Debug\Plugins\Z_EdgeWidthMeasure.dll
