e:\qmacvisual(cv3)\qplugins\geometrymeasure\edgewidthmeasure\x64\debug\vc142.pdb
e:\qmacvisual(cv3)\qplugins\geometrymeasure\edgewidthmeasure\x64\debug\qrc_sub_res.obj
e:\qmacvisual(cv3)\qplugins\geometrymeasure\edgewidthmeasure\x64\debug\qgraphicsviews.obj
e:\qmacvisual(cv3)\qplugins\geometrymeasure\edgewidthmeasure\x64\debug\controlitem.obj
e:\qmacvisual(cv3)\qplugins\geometrymeasure\edgewidthmeasure\x64\debug\imageitem.obj
e:\qmacvisual(cv3)\qplugins\geometrymeasure\edgewidthmeasure\x64\debug\edgewidthmeasure.obj
e:\qmacvisual(cv3)\qplugins\geometrymeasure\edgewidthmeasure\x64\debug\mytitlebar.obj
e:\qmacvisual(cv3)\qplugins\geometrymeasure\edgewidthmeasure\x64\debug\toolnterface.obj
e:\qmacvisual(cv3)\qplugins\geometrymeasure\edgewidthmeasure\x64\debug\frmedgewidthmeasure.obj
e:\qmacvisual(cv3)\qplugins\geometrymeasure\edgewidthmeasure\x64\debug\qgraphicsscenes.obj
e:\qmacvisual(cv3)\qplugins\geometrymeasure\edgewidthmeasure\x64\debug\baseitem.obj
e:\qmacvisual(cv3)\qplugins\geometrymeasure\edgewidthmeasure\x64\debug\moc_qgraphicsscenes.obj
e:\qmacvisual(cv3)\qplugins\geometrymeasure\edgewidthmeasure\x64\debug\moc_qtoolbase.obj
e:\qmacvisual(cv3)\qplugins\geometrymeasure\edgewidthmeasure\x64\debug\moc_toolnterface.obj
e:\qmacvisual(cv3)\qplugins\geometrymeasure\edgewidthmeasure\x64\debug\moc_frmedgewidthmeasure.obj
e:\qmacvisual(cv3)\qplugins\geometrymeasure\edgewidthmeasure\x64\debug\moc_baseitem.obj
e:\qmacvisual(cv3)\qplugins\geometrymeasure\edgewidthmeasure\x64\debug\moc_qgraphicsviews.obj
e:\qmacvisual(cv3)\qplugins\geometrymeasure\edgewidthmeasure\x64\debug\moc_edgewidthmeasure.obj
e:\qmacvisual(cv3)\qplugins\geometrymeasure\edgewidthmeasure\x64\debug\moc_imageitem.obj
e:\qmacvisual(cv3)\qplugins\geometrymeasure\edgewidthmeasure\x64\debug\moc_mytitlebar.obj
e:\qmacvisual(cv3)\qplugins\geometrymeasure\edgewidthmeasure\x64\debug\moc_controlitem.obj
e:\qmacvisual(cv3)\qsoftexe\debug\plugins\z_edgewidthmeasure.ilk
e:\qmacvisual(cv3)\qsoftexe\debug\plugins\z_edgewidthmeasure.dll
e:\qmacvisual(cv3)\qsoftexe\debug\plugins\z_edgewidthmeasure.pdb
e:\qmacvisual(cv3)\qplugins\geometrymeasure\edgewidthmeasure\x64\debug\moc\moc_toolnterface.cpp
e:\qmacvisual(cv3)\qplugins\geometrymeasure\edgewidthmeasure\x64\debug\moc\moc_qtoolbase.cpp
e:\qmacvisual(cv3)\qplugins\geometrymeasure\edgewidthmeasure\x64\debug\moc\moc_mytitlebar.cpp
e:\qmacvisual(cv3)\qplugins\geometrymeasure\edgewidthmeasure\x64\debug\moc\moc_frmedgewidthmeasure.cpp
e:\qmacvisual(cv3)\qplugins\geometrymeasure\edgewidthmeasure\x64\debug\moc\moc_qgraphicsviews.cpp
e:\qmacvisual(cv3)\qplugins\geometrymeasure\edgewidthmeasure\x64\debug\moc\moc_qgraphicsscenes.cpp
e:\qmacvisual(cv3)\qplugins\geometrymeasure\edgewidthmeasure\x64\debug\moc\moc_imageitem.cpp
e:\qmacvisual(cv3)\qplugins\geometrymeasure\edgewidthmeasure\x64\debug\moc\moc_baseitem.cpp
e:\qmacvisual(cv3)\qplugins\geometrymeasure\edgewidthmeasure\x64\debug\moc\moc_controlitem.cpp
e:\qmacvisual(cv3)\qplugins\geometrymeasure\edgewidthmeasure\x64\debug\moc\moc_edgewidthmeasure.cpp
e:\qmacvisual(cv3)\qplugins\geometrymeasure\edgewidthmeasure\x64\debug\rcc\qrc_sub_res.cpp
e:\qmacvisual(cv3)\qplugins\geometrymeasure\edgewidthmeasure\x64\debug\uic\ui_frmedgewidthmeasure.h
e:\qmacvisual(cv3)\qsoftexe\debug\plugins\z_edgewidthmeasure.lib
e:\qmacvisual(cv3)\qsoftexe\debug\plugins\z_edgewidthmeasure.exp
e:\qmacvisual(cv3)\qplugins\geometrymeasure\edgewidthmeasure\x64\debug\z_edgewi.98b6fd31.tlog\cl.command.1.tlog
e:\qmacvisual(cv3)\qplugins\geometrymeasure\edgewidthmeasure\x64\debug\z_edgewi.98b6fd31.tlog\cl.read.1.tlog
e:\qmacvisual(cv3)\qplugins\geometrymeasure\edgewidthmeasure\x64\debug\z_edgewi.98b6fd31.tlog\cl.write.1.tlog
e:\qmacvisual(cv3)\qplugins\geometrymeasure\edgewidthmeasure\x64\debug\z_edgewi.98b6fd31.tlog\link.command.1.tlog
e:\qmacvisual(cv3)\qplugins\geometrymeasure\edgewidthmeasure\x64\debug\z_edgewi.98b6fd31.tlog\link.read.1.tlog
e:\qmacvisual(cv3)\qplugins\geometrymeasure\edgewidthmeasure\x64\debug\z_edgewi.98b6fd31.tlog\link.write.1.tlog
e:\qmacvisual(cv3)\qplugins\geometrymeasure\edgewidthmeasure\x64\debug\z_edgewi.98b6fd31.tlog\moc.read.1u.tlog
e:\qmacvisual(cv3)\qplugins\geometrymeasure\edgewidthmeasure\x64\debug\z_edgewi.98b6fd31.tlog\moc.write.1u.tlog
e:\qmacvisual(cv3)\qplugins\geometrymeasure\edgewidthmeasure\x64\debug\z_edgewi.98b6fd31.tlog\rcc.read.1u.tlog
e:\qmacvisual(cv3)\qplugins\geometrymeasure\edgewidthmeasure\x64\debug\z_edgewi.98b6fd31.tlog\rcc.write.1u.tlog
e:\qmacvisual(cv3)\qplugins\geometrymeasure\edgewidthmeasure\x64\debug\z_edgewi.98b6fd31.tlog\uic.read.1u.tlog
e:\qmacvisual(cv3)\qplugins\geometrymeasure\edgewidthmeasure\x64\debug\z_edgewi.98b6fd31.tlog\uic.write.1u.tlog
e:\qmacvisual(cv3)\qplugins\geometrymeasure\edgewidthmeasure\x64\debug\z_edgewi.98b6fd31.tlog\z_edgewidthmeasure.write.1u.tlog
